------Start of DE processing------ = [2/28/24, 14:25:15:397 UTC ]
Exception = java.lang.Error
Source = com.ibm.ws.webcontainer.servlet.ServletWrapper.init
probeid = 181
Stack Dump = java.lang.Error: Unresolved compilation problem: 
	The declared package "io.microprofile.tutorial.store.product" does not match the expected package "io.microprofile.tutorial.store"

	at io.microprofile.tutorial.store.ProductRestApplication.<init>(ProductRestApplication.java:1)
	at io.microprofile.tutorial.store.ProductRestApplication$Proxy$_$$_WeldClientProxy.<init>(Unknown Source)
	at java.base/jdk.internal.reflect.DirectConstructorHandleAccessor.newInstance(DirectConstructorHandleAccessor.java:62)
	at java.base/java.lang.reflect.Constructor.newInstanceWithCaller(Constructor.java:502)
	at java.base/java.lang.reflect.ReflectAccess.newInstance(ReflectAccess.java:128)
	at java.base/jdk.internal.reflect.ReflectionFactory.newInstance(ReflectionFactory.java:304)
	at java.base/java.lang.Class.newInstance(Class.java:725)
	at org.jboss.weld.bean.proxy.DefaultProxyInstantiator.newInstance(DefaultProxyInstantiator.java:43)
	at org.jboss.weld.bean.proxy.ProxyFactory.run(ProxyFactory.java:368)
	at org.jboss.weld.bean.proxy.ProxyFactory.create(ProxyFactory.java:352)
	at org.jboss.weld.bean.proxy.ClientProxyFactory.create(ClientProxyFactory.java:83)
	at org.jboss.weld.bean.proxy.ClientProxyProvider.createClientProxy(ClientProxyProvider.java:205)
	at org.jboss.weld.bean.proxy.ClientProxyProvider.createClientProxy(ClientProxyProvider.java:195)
	at org.jboss.weld.bean.proxy.ClientProxyProvider$CreateClientProxy.apply(ClientProxyProvider.java:52)
	at org.jboss.weld.bean.proxy.ClientProxyProvider$CreateClientProxy.apply(ClientProxyProvider.java:48)
	at org.jboss.weld.util.cache.ReentrantMapBackedComputingCache.lambda$new$0(ReentrantMapBackedComputingCache.java:55)
	at org.jboss.weld.util.LazyValueHolder$1.computeValue(LazyValueHolder.java:32)
	at org.jboss.weld.util.LazyValueHolder.get(LazyValueHolder.java:46)
	at org.jboss.weld.util.cache.ReentrantMapBackedComputingCache.getValue(ReentrantMapBackedComputingCache.java:72)
	at org.jboss.weld.util.cache.ReentrantMapBackedComputingCache.getCastValue(ReentrantMapBackedComputingCache.java:78)
	at org.jboss.weld.bean.proxy.ClientProxyProvider.getClientProxy(ClientProxyProvider.java:229)
	at org.jboss.weld.manager.BeanManagerImpl.getReference(BeanManagerImpl.java:674)
	at org.jboss.weld.manager.BeanManagerImpl.getReference(BeanManagerImpl.java:703)
	at org.jboss.resteasy.cdi.CdiConstructorInjector.construct(CdiConstructorInjector.java:60)
	at org.jboss.resteasy.core.providerfactory.Utils.createProviderInstance(Utils.java:102)
	at org.jboss.resteasy.core.providerfactory.ResteasyProviderFactoryImpl.createProviderInstance(ResteasyProviderFactoryImpl.java:1408)
	at org.jboss.resteasy.core.ResteasyDeploymentImpl.createApplication(ResteasyDeploymentImpl.java:424)
	at org.jboss.resteasy.core.ResteasyDeploymentImpl.initializeObjects(ResteasyDeploymentImpl.java:271)
	at org.jboss.resteasy.core.ResteasyDeploymentImpl.startInternal(ResteasyDeploymentImpl.java:143)
	at org.jboss.resteasy.core.ResteasyDeploymentImpl.start(ResteasyDeploymentImpl.java:127)
	at org.jboss.resteasy.plugins.server.servlet.ServletContainerDispatcher.init(ServletContainerDispatcher.java:140)
	at org.jboss.resteasy.plugins.server.servlet.HttpServletDispatcher.init(HttpServletDispatcher.java:42)
	at com.ibm.ws.webcontainer.servlet.ServletWrapper.init(ServletWrapper.java:301)
	at com.ibm.ws.webcontainer.servlet.ServletWrapper.loadOnStartupCheck(ServletWrapper.java:1403)
	at com.ibm.ws.webcontainer.webapp.WebApp.doLoadOnStartupActions(WebApp.java:1229)
	at com.ibm.ws.webcontainer.webapp.WebApp.commonInitializationFinally(WebApp.java:1197)
	at com.ibm.ws.webcontainer.webapp.WebApp.initialize(WebApp.java:1095)
	at com.ibm.ws.webcontainer.webapp.WebApp.initialize(WebApp.java:6702)
	at com.ibm.ws.webcontainer.osgi.DynamicVirtualHost.startWebApp(DynamicVirtualHost.java:484)
	at com.ibm.ws.webcontainer.osgi.DynamicVirtualHost.startWebApplication(DynamicVirtualHost.java:479)
	at com.ibm.ws.webcontainer.osgi.WebContainer.startWebApplication(WebContainer.java:1208)
	at com.ibm.ws.webcontainer.osgi.WebContainer.access$100(WebContainer.java:113)
	at com.ibm.ws.webcontainer.osgi.WebContainer$3.run(WebContainer.java:996)
	at com.ibm.ws.threading.internal.ExecutorServiceImpl$RunnableWrapper.run(ExecutorServiceImpl.java:280)
	at java.base/java.util.concurrent.Executors$RunnableAdapter.call(Executors.java:572)
	at java.base/java.util.concurrent.FutureTask.run(FutureTask.java:317)
	at java.base/java.util.concurrent.ThreadPoolExecutor.runWorker(ThreadPoolExecutor.java:1144)
	at java.base/java.util.concurrent.ThreadPoolExecutor$Worker.run(ThreadPoolExecutor.java:642)
	at java.base/java.lang.Thread.run(Thread.java:1583)

Dump of callerThis
Object type = com.ibm.ws.webcontainer.osgi.servlet.ServletWrapper
  serialVersionUID = 1
  _mo = class com.ibm.ws.cdi.impl.managedobject.CDIManagedObject@40dca6d3
    tc = class com.ibm.websphere.ras.TraceComponent@3f68110c
      strings[0] = "TraceComponent[com.ibm.ws.cdi.impl.managedobject.CDIManagedObject,class com.ibm.ws.cdi.impl.managedobject.CDIManagedObject,[JCDI],com.ibm.ws.cdi.internal.resources.CDI,null]"
    managedObject = class com.ibm.websphere.jaxrs.server.IBMRestServlet@65fc6b69
    creationalContext = class org.jboss.weld.contexts.CreationalContextImpl@79e3a34a
      serialVersionUID = 7375854583908262422
      SERIALIZATION_PROXY = class org.jboss.weld.contexts.CreationalContextImpl$SerializationProxy@429b952d
      incompleteInstances = null
      contextual = null
      dependentInstances = class java.util.Collections$SynchronizedRandomAccessList@3d2548ab
      parentDependentInstances = class java.util.Collections$SynchronizedRandomAccessList@c99460d
      parentCreationalContext = null
      destroyed = null
      resourceReferences = null
      constructorInterceptionSuppressed = false
      aroundConstructCallbacks = null
      aroundConstructInterceptionContext = null
    injectionTarget = class org.jboss.weld.injection.producer.BeanInjectionTarget@ecc6601
      bean = null
      beanManager = class org.jboss.weld.manager.BeanManagerImpl@32d31143
      type = class org.jboss.weld.annotated.slim.backed.BackedAnnotatedType@3f5972ed
      injectionPoints = class java.util.Collections$EmptySet@fe656bd
      instantiator = class org.jboss.weld.injection.producer.DefaultInstantiator@714fd63b
      injector = class org.jboss.weld.injection.producer.ResourceInjector@2e241e1f
      invoker = class org.jboss.weld.injection.producer.DefaultLifecycleCallbackInvoker@4575b91
    lifecycleManaged = true
    beanScope = null
    identity = "com.ibm.websphere.jaxrs.server.IBMRestServlet@65fc6b69"
    websphereInjectionServices = class com.ibm.ws.cdi.impl.weld.injection.WebSphereInjectionServicesImpl@5382171e
      tc = class com.ibm.websphere.ras.TraceComponent@49b42054
      ANNOTATIONS_KNOWN_TO_WELD = class java.util.HashSet@766c102a
      referenceContextMap = class java.util.concurrent.ConcurrentHashMap@10ab5cc3
      referenceContexts = class java.util.Collections$SetFromMap@58ad3406
      injectionTargetListeners = class java.util.concurrent.ConcurrentHashMap@3e8199b0
      deployment = class com.ibm.ws.cdi.impl.weld.WebSphereCDIDeploymentImpl@77a25fd8
      serialVersionUID = 2515575801175940133
    currentInjectionTargets = null
    currentInjectionContext = null
    serialVersionUID = 642874158156701263
  serialVersionUID = -4479626085298397598
  notifyInvocationListeners = false
  UNINITIALIZED_STATE = -1
  AVAILABLE_STATE = 0
  UNAVAILABLE_STATE = 1
  UNAVAILABLE_PERMANENTLY_STATE = 2
  collabHelper = class com.ibm.ws.webcontainer.osgi.collaborator.CollaboratorHelperImpl@5dcadba3
    webAppInvCollabs = class java.util.Collections$UnmodifiableSet@52e1d6e3
      serialVersionUID = "/* Could not access serialVersionUID */"
      serialVersionUID = "/* Could not access serialVersionUID */"
      c = "/* Could not access c */"
    securityDomainForApp = null
    logger = class com.ibm.ws.logging.internal.WsLogger@1940fc78
      ivCachedResourceBundleName = null
      ivCachedResourceBundle = null
      ivComponent = null
      ivOrganization = null
      ivProduct = null
      ivMinimumLocalizationLevelIntValue = 625
      ivTC = class com.ibm.websphere.ras.TraceComponent@602fb125
      loggerRegistrationComponent = class java.lang.ThreadLocal@3d0e787
      emptyHandlers = "/* Could not access emptyHandlers */"
      offValue = "/* Could not access offValue */"
      SYSTEM_LOGGER_RB_NAME = "/* Could not access SYSTEM_LOGGER_RB_NAME */"
      SYSTEM_BUNDLE = "/* Could not access SYSTEM_BUNDLE */"
      NO_RESOURCE_BUNDLE = "/* Could not access NO_RESOURCE_BUNDLE */"
      config = "/* Could not access config */"
      manager = "/* Could not access manager */"
      name = "/* Could not access name */"
      loggerBundle = "/* Could not access loggerBundle */"
      anonymous = "/* Could not access anonymous */"
      catalogRef = "/* Could not access catalogRef */"
      catalogName = "/* Could not access catalogName */"
      catalogLocale = "/* Could not access catalogLocale */"
      treeLock = "/* Could not access treeLock */"
      parent = "/* Could not access parent */"
      kids = "/* Could not access kids */"
      callerModuleRef = "/* Could not access callerModuleRef */"
      isSystemLogger = "/* Could not access isSystemLogger */"
      GLOBAL_LOGGER_NAME = "global"
      global = class java.util.logging.Logger@3ef44878
    staticDefaultSecurityCollaborator = class com.ibm.ws.webcontainer.collaborator.WebAppSecurityCollaborator@1da8dc08
    staticDefaultWebAppTransactionCollaborator = class com.ibm.ws.webcontainer.collaborator.WebAppTransactionCollaborator@103f04d
      logger = class com.ibm.ws.logging.internal.WsLogger@1940fc78
      CLASS_NAME = "com.ibm.ws.webcontainer.collaborator.WebAppTransactionCollaborator"
    logger = class com.ibm.ws.logging.internal.WsLogger@6be0a661
      ivCachedResourceBundleName = null
      ivCachedResourceBundle = null
      ivComponent = null
      ivOrganization = null
      ivProduct = null
      ivMinimumLocalizationLevelIntValue = 625
      ivTC = class com.ibm.websphere.ras.TraceComponent@101e6674
      loggerRegistrationComponent = class java.lang.ThreadLocal@3d0e787
      emptyHandlers = "/* Could not access emptyHandlers */"
      offValue = "/* Could not access offValue */"
      SYSTEM_LOGGER_RB_NAME = "/* Could not access SYSTEM_LOGGER_RB_NAME */"
      SYSTEM_BUNDLE = "/* Could not access SYSTEM_BUNDLE */"
      NO_RESOURCE_BUNDLE = "/* Could not access NO_RESOURCE_BUNDLE */"
      config = "/* Could not access config */"
      manager = "/* Could not access manager */"
      name = "/* Could not access name */"
      loggerBundle = "/* Could not access loggerBundle */"
      anonymous = "/* Could not access anonymous */"
      catalogRef = "/* Could not access catalogRef */"
      catalogName = "/* Could not access catalogName */"
      catalogLocale = "/* Could not access catalogLocale */"
      treeLock = "/* Could not access treeLock */"
      parent = "/* Could not access parent */"
      kids = "/* Could not access kids */"
      callerModuleRef = "/* Could not access callerModuleRef */"
      isSystemLogger = "/* Could not access isSystemLogger */"
      GLOBAL_LOGGER_NAME = "global"
      global = class java.util.logging.Logger@3ef44878
    CLASS_NAME = "com.ibm.wsspi.webcontainer.collaborator.CollaboratorHelper"
    webApp = class com.ibm.ws.webcontainer40.osgi.webapp.WebApp40@2b50d40a
    securityCollaborator = class com.ibm.ws.webcontainer.collaborator.WebAppSecurityCollaborator@1da8dc08
    nameSpaceCollaborator = class com.ibm.ws.webcontainer.osgi.collaborator.WebAppNameSpaceCollaboratorImpl@29595da0
    transactionCollaborator = class com.ibm.ws.transaction.services.WebAppTransactionCollaboratorImpl@43be3e30
    connectionCollaborator = class com.ibm.ws.webcontainer.collaborator.ConnectionHandleCollaborator@10e425
    allCollabEnum = class java.util.RegularEnumSet@75dd3459
      serialVersionUID = "/* Could not access serialVersionUID */"
      elements = "/* Could not access elements */"
      serialVersionUID = "/* Could not access serialVersionUID */"
      elementType = "/* Could not access elementType */"
      universe = "/* Could not access universe */"
    servlet_23_or_greater = true
    DEFER_SERVLET_REQUEST_LISTENER_DESTROY_ON_ERROR = true
  nServicing = class java.util.concurrent.atomic.AtomicInteger@6e6843d5
    serialVersionUID = "/* Could not access serialVersionUID */"
    U = "/* Could not access U */"
    VALUE = "/* Could not access VALUE */"
    value = "/* Could not access value */"
    serialVersionUID = "/* Could not access serialVersionUID */"
  lastAccessTime = 1709130315371
  state = -1
  logger = class com.ibm.ws.logging.internal.WsLogger@4951ce9e
    ivCachedResourceBundleName = "com.ibm.ws.webcontainer.resources.Messages"
    ivCachedResourceBundle = class com.ibm.ws.webcontainer.resources.Messages@5b82a164
      resources = class [Ljava.lang.Object;[347]
      lookup = "/* Could not access lookup */"
      INITIAL_CACHE_SIZE = "/* Could not access INITIAL_CACHE_SIZE */"
      NONEXISTENT_BUNDLE = "/* Could not access NONEXISTENT_BUNDLE */"
      cacheList = "/* Could not access cacheList */"
      referenceQueue = "/* Could not access referenceQueue */"
      parent = "/* Could not access parent */"
      locale = "/* Could not access locale */"
      name = "/* Could not access name */"
      expired = "/* Could not access expired */"
      cacheKey = "/* Could not access cacheKey */"
      keySet = "/* Could not access keySet */"
      UNKNOWN_FORMAT = "/* Could not access UNKNOWN_FORMAT */"
      TRACE_ON = "/* Could not access TRACE_ON */"
      $assertionsDisabled = "/* Could not access $assertionsDisabled */"
    ivComponent = null
    ivOrganization = null
    ivProduct = null
    ivMinimumLocalizationLevelIntValue = 625
    ivTC = class com.ibm.websphere.ras.TraceComponent@6c4c45b3
      strings[0] = "TraceComponent[com.ibm.ws.webcontainer.servlet,class com.ibm.wsspi.webcontainer.logging.LoggerFactory$1,[com.ibm.ws.webcontainer.servlet],null,null]"
    loggerRegistrationComponent = class java.lang.ThreadLocal@3d0e787
      TRACE_VTHREAD_LOCALS = "/* Could not access TRACE_VTHREAD_LOCALS */"
      threadLocalHashCode = "/* Could not access threadLocalHashCode */"
      nextHashCode = "/* Could not access nextHashCode */"
      HASH_INCREMENT = "/* Could not access HASH_INCREMENT */"
      $assertionsDisabled = "/* Could not access $assertionsDisabled */"
    emptyHandlers = "/* Could not access emptyHandlers */"
    offValue = "/* Could not access offValue */"
    SYSTEM_LOGGER_RB_NAME = "/* Could not access SYSTEM_LOGGER_RB_NAME */"
    SYSTEM_BUNDLE = "/* Could not access SYSTEM_BUNDLE */"
    NO_RESOURCE_BUNDLE = "/* Could not access NO_RESOURCE_BUNDLE */"
    config = "/* Could not access config */"
    manager = "/* Could not access manager */"
    name = "/* Could not access name */"
    loggerBundle = "/* Could not access loggerBundle */"
    anonymous = "/* Could not access anonymous */"
    catalogRef = "/* Could not access catalogRef */"
    catalogName = "/* Could not access catalogName */"
    catalogLocale = "/* Could not access catalogLocale */"
    treeLock = "/* Could not access treeLock */"
    parent = "/* Could not access parent */"
    kids = "/* Could not access kids */"
    callerModuleRef = "/* Could not access callerModuleRef */"
    isSystemLogger = "/* Could not access isSystemLogger */"
    GLOBAL_LOGGER_NAME = "global"
    global = class java.util.logging.Logger@3ef44878
      emptyHandlers = "/* Could not access emptyHandlers */"
      offValue = "/* Could not access offValue */"
      SYSTEM_LOGGER_RB_NAME = "/* Could not access SYSTEM_LOGGER_RB_NAME */"
      SYSTEM_BUNDLE = "/* Could not access SYSTEM_BUNDLE */"
      NO_RESOURCE_BUNDLE = "/* Could not access NO_RESOURCE_BUNDLE */"
      config = "/* Could not access config */"
      manager = "/* Could not access manager */"
      name = "/* Could not access name */"
      loggerBundle = "/* Could not access loggerBundle */"
      anonymous = "/* Could not access anonymous */"
      catalogRef = "/* Could not access catalogRef */"
      catalogName = "/* Could not access catalogName */"
      catalogLocale = "/* Could not access catalogLocale */"
      treeLock = "/* Could not access treeLock */"
      parent = "/* Could not access parent */"
      kids = "/* Could not access kids */"
      callerModuleRef = "/* Could not access callerModuleRef */"
      isSystemLogger = "/* Could not access isSystemLogger */"
      GLOBAL_LOGGER_NAME = "global"
      global = class java.util.logging.Logger@3ef44878
  CLASS_NAME = "com.ibm.ws.webcontainer.servlet.ServletWrapper"
  nls = class com.ibm.ejs.ras.TraceNLS@123ebf58
    resolver = class com.ibm.ws.logging.internal.TraceNLSResolver@135b5bd0
      tc = class com.ibm.websphere.ras.TraceComponent@6767c1fc
      DEBUG_TRACE_NLS_PROPERTY = "com.ibm.ejs.ras.debugTraceNLSResolver"
      debugTraceNLSResolver = false
      makeNoise = false
      nullKey = "null"
      svNullBundleName = "Resource Bundle name is null, key = {0}"
      svBundleNotLoaded = "Unable to load ResourceBundle {0}"
      svNullKeyMessage = "Null key passed while using ResourceBundle {0}"
      svMalformedMessage = "No message text associated with key {0} in bundle {1}"
    finder = null
    ivBundleName = "com.ibm.ws.webcontainer.resources.Messages"
    caller = class java.lang.Class@484ed236
      ANNOTATION = "/* Could not access ANNOTATION */"
      ENUM = "/* Could not access ENUM */"
      SYNTHETIC = "/* Could not access SYNTHETIC */"
      cachedConstructor = "/* Could not access cachedConstructor */"
      name = "/* Could not access name */"
      module = "/* Could not access module */"
      packageName = "/* Could not access packageName */"
      componentType = "/* Could not access componentType */"
      allPermDomain = "/* Could not access allPermDomain */"
      reflectionData = "/* Could not access reflectionData */"
      classRedefinedCount = "/* Could not access classRedefinedCount */"
      genericInfo = "/* Could not access genericInfo */"
      EMPTY_CLASS_ARRAY = "/* Could not access EMPTY_CLASS_ARRAY */"
      serialVersionUID = "/* Could not access serialVersionUID */"
      serialPersistentFields = "/* Could not access serialPersistentFields */"
      reflectionFactory = "/* Could not access reflectionFactory */"
      enumConstants = "/* Could not access enumConstants */"
      enumConstantDirectory = "/* Could not access enumConstantDirectory */"
      annotationData = "/* Could not access annotationData */"
      annotationType = "/* Could not access annotationType */"
      classValueMap = "/* Could not access classValueMap */"
  servletConfig = class com.ibm.ws.webcontainer.servlet.ServletConfig@110fd30c
    logger = class com.ibm.ws.logging.internal.WsLogger@4951ce9e
    CLASS_NAME = "com.ibm.ws.webcontainer.servlet.ServletConfig"
    nls = class com.ibm.ejs.ras.TraceNLS@3a335d54
      resolver = class com.ibm.ws.logging.internal.TraceNLSResolver@135b5bd0
      finder = null
      ivBundleName = "com.ibm.ws.webcontainer.resources.Messages"
      caller = class java.lang.Class@67bd8f1e
    liberty_nls = class com.ibm.ejs.ras.TraceNLS@219fc623
      resolver = class com.ibm.ws.logging.internal.TraceNLSResolver@135b5bd0
      finder = null
      ivBundleName = "com.ibm.ws.webcontainer.resources.LShimMessages"
      caller = class java.lang.Class@67bd8f1e
    enabled = true
    servletName = "io.microprofile.tutorial.store.ProductRestApplication"
    className = null
    mappings = class java.util.ArrayList@4043c05
      serialVersionUID = "/* Could not access serialVersionUID */"
      DEFAULT_CAPACITY = "/* Could not access DEFAULT_CAPACITY */"
      EMPTY_ELEMENTDATA = "/* Could not access EMPTY_ELEMENTDATA */"
      DEFAULTCAPACITY_EMPTY_ELEMENTDATA = "/* Could not access DEFAULTCAPACITY_EMPTY_ELEMENTDATA */"
      elementData = "/* Could not access elementData */"
      size = "/* Could not access size */"
      modCount = "/* Could not access modCount */"
    startUpWeight = 1
    DEFAULT_STARTUP = -1
    isCachingEnabled = true
    isStatisticsEnabled = true
    isInternal = false
    metaData = class com.ibm.ws.webcontainer.osgi.metadata.WebComponentMetaDataImpl@244b6eae
      j2eeName = class com.ibm.ws.container.service.metadata.internal.J2EENameImpl@c10222f
      webModuleMetaData = class com.ibm.ws.webcontainer.osgi.metadata.WebModuleMetaDataImpl@1057e8fd
      mBeanServiceReg = null
      tc = class com.ibm.websphere.ras.TraceComponent@76e88495
      NUM_STATIC_SLOTS = 4
      ID_UNINITIALIZED = -1
      id = 2
      metaDataInterface = class java.lang.Class@4c85ef1e
      staticSlots = class java.lang.Object[4]
      dynamicSlots = null
    singleThreadModelServlet = false
    isJsp = false
    webAppConfig = class com.ibm.ws.webcontainer.osgi.webapp.WebAppConfiguration@7241e265
      webModuleMetaData = class com.ibm.ws.webcontainer.osgi.metadata.WebModuleMetaDataImpl@1057e8fd
      webComponentMetaData = class com.ibm.ws.webcontainer.osgi.metadata.WebComponentMetaDataImpl@3fe7302f
      dVirtualHost = class com.ibm.ws.webcontainer.osgi.DynamicVirtualHost@3cf0a591
      orderedLibPaths = class java.util.Collections$UnmodifiableRandomAccessList@124b2151
      bundleHeaders = null
      cdiEnabled = true
      CLASS_NAME = "com.ibm.ws.webcontainer.webapp.WebAppConfiguration"
      logger = class com.ibm.ws.logging.internal.WsLogger@34fe074e
      tc = class com.ibm.websphere.ras.TraceComponent@648f6814
      nls = class com.ibm.ejs.ras.TraceNLS@624b3310
      version = 30
      contextRoot = "/mp-ecomm-store"
      isDefaultContextRootUsed = false
      sessionTimeout = 0
      moduleSessionTimeoutSet = false
      moduleSessionTrackingModeSet = false
      sessionCookieConfig = class io.openliberty.session.impl.SessionCookieConfigImpl60@50aa3bde
      hasProgrammaticCookieConfig = false
      sessionDefaultTrackingModeSet = class java.util.RegularEnumSet@7674c059
      sessionManagerConfig = class com.ibm.ws.session.SessionManagerConfig@59cbde6a
      displayName = "mp-ecomm-store"
      description = null
      reloadInterval = 0
      distributable = false
      denyUncoveredHttpMethods = false
      reloadingEnabled = false
      serveServletsByClassnameEnabled = null
      defaultErrorPage = null
      additionalClassPath = null
      fileServingEnabled = null
      directoryBrowsingEnabled = null
      autoRequestEncoding = false
      autoResponseEncoding = false
      autoLoadFilters = false
      requestListeners = null
      requestAttributeListeners = null
      sessionListeners = null
      localeMap = null
      moduleName = "mp-ecomm-store"
      j2eeModuleName = "mp-ecomm-store.war"
      moduleId = null
      isSyncToThreadEnabled = false
      encodeDispatchedRequestURI = false
      isSystemApp = false
      ardEnabled = false
      ardDispatchType = null
      listeners = class java.util.ArrayList@5fabeb34
      welcomeFileList = class java.util.ArrayList@5e5e4fd4
      servletMappings = class java.util.HashMap@ef83a4e
      lastIndexBeforeDeclaredFilters = 0
      filterMappings = class java.util.ArrayList@9479d75
      servletInfo = class java.util.concurrent.ConcurrentHashMap@9352522
      filterInfo = class java.util.HashMap@25b9fb3f
      mimeMappings = class java.util.HashMap@6adc9f8c
      mimeFilters = null
      isMimeFilteringEnabled = false
      theWebGroup = null
      jspAttributes = class java.util.HashMap@5f450b97
      fileServingAttributes = class java.util.HashMap@7f792968
      invokerAttributes = class java.util.HashMap@15f345bb
      contextParams = class java.util.HashMap@1b5d8876
      virtualHost = "default_host"
      exceptionErrorPages = class java.util.HashMap@6c332139
      codeErrorPages = class java.util.HashMap@5ab777be
      tagLibList = null
      precompileJsps = false
      webApp = class com.ibm.ws.webcontainer40.osgi.webapp.WebApp40@2b50d40a
      virtualHostList = class java.util.Collections$EmptyList@7ee0f6e6
      appStartupWeight = 0
      moduleStartupWeight = 0
      metaDataComplete = false
      classesToScan = class java.util.ArrayList@55662fce
      uriFilterMappingInfos = null
      servletFilterMappingInfos = null
      dynamicServletRegistrationMap = class java.util.HashMap@228f132c
      applicationName = "mp-ecomm-store"
      libBinPathList = null
      webXmlDefinedListeners = class java.util.HashSet@5740c4ad
      allRefs = class java.util.EnumMap@362b537c
      allRefBindings = class java.util.EnumMap@52d70228
      envEntryValues = class java.util.HashMap@89b6d2d
      resourceRefConfigList = null
      disallowAllFileServingProp = "false"
      disallowServeServletsByClassnameProp = "true"
      disableStaticMappingCache = false
      jspCachedLocations = null
      primedSTSHeader = "NoValue"
      enablemultireadofpostdata = false
      requestEncoding = null
      responseEncoding = null
      NULLSERVLETNAME = "com.ibm.ws.webcontainer.NullServletName"
      skipEncodedCharVerification = false
      _id = "WebAppGeneratedId8"
      _attributes = null
      serialVersionUID = 7511545662945734886
      $$$tc$$$ = class com.ibm.websphere.ras.TraceComponent@4541ed37
    servletWrapper = class com.ibm.ws.webcontainer.osgi.servlet.ServletWrapper@57024ff5
    servletClass = class java.lang.Class@6c77d726
      ANNOTATION = "/* Could not access ANNOTATION */"
      ENUM = "/* Could not access ENUM */"
      SYNTHETIC = "/* Could not access SYNTHETIC */"
      cachedConstructor = "/* Could not access cachedConstructor */"
      name = "/* Could not access name */"
      module = "/* Could not access module */"
      packageName = "/* Could not access packageName */"
      componentType = "/* Could not access componentType */"
      allPermDomain = "/* Could not access allPermDomain */"
      reflectionData = "/* Could not access reflectionData */"
      classRedefinedCount = "/* Could not access classRedefinedCount */"
      genericInfo = "/* Could not access genericInfo */"
      EMPTY_CLASS_ARRAY = "/* Could not access EMPTY_CLASS_ARRAY */"
      serialVersionUID = "/* Could not access serialVersionUID */"
      serialPersistentFields = "/* Could not access serialPersistentFields */"
      reflectionFactory = "/* Could not access reflectionFactory */"
      enumConstants = "/* Could not access enumConstants */"
      enumConstantDirectory = "/* Could not access enumConstantDirectory */"
      annotationData = "/* Could not access annotationData */"
      annotationType = "/* Could not access annotationType */"
      classValueMap = "/* Could not access classValueMap */"
    servlet = null
    addedToLoadOnStartup = true
    previousWeight = null
    multipartConfig = class jakarta.servlet.MultipartConfigElement@69585e33
      location = ""
      maxFileSize = -1
      maxRequestSize = -1
      fileSizeThreshold = 0
    multipartConfigBaseLocation = null
    runAsRole = null
    servletSecurityElement = null
    declareRolesAnnotation = null
    logger = class com.ibm.ws.logging.internal.WsLogger@4951ce9e
    CLASS_NAME = "com.ibm.ws.webcontainer.servlet.TargetConfig"
    initParams = class java.util.HashMap@a8fbae5
      serialVersionUID = "/* Could not access serialVersionUID */"
      DEFAULT_INITIAL_CAPACITY = "/* Could not access DEFAULT_INITIAL_CAPACITY */"
      MAXIMUM_CAPACITY = "/* Could not access MAXIMUM_CAPACITY */"
      DEFAULT_LOAD_FACTOR = "/* Could not access DEFAULT_LOAD_FACTOR */"
      TREEIFY_THRESHOLD = "/* Could not access TREEIFY_THRESHOLD */"
      UNTREEIFY_THRESHOLD = "/* Could not access UNTREEIFY_THRESHOLD */"
      MIN_TREEIFY_CAPACITY = "/* Could not access MIN_TREEIFY_CAPACITY */"
      table = "/* Could not access table */"
      entrySet = "/* Could not access entrySet */"
      size = "/* Could not access size */"
      modCount = "/* Could not access modCount */"
      threshold = "/* Could not access threshold */"
      loadFactor = "/* Could not access loadFactor */"
      keySet = "/* Could not access keySet */"
      values = "/* Could not access values */"
    fileName = null
    displayName = null
    name = "io.microprofile.tutorial.store.ProductRestApplication"
    description = null
    smallIcon = null
    largeIcon = null
    context = class com.ibm.ws.webcontainer40.facade.ServletContextFacade40@2f4e4ba5
      context = class com.ibm.ws.webcontainer40.osgi.webapp.WebApp40@2b50d40a
    className = null
    asyncSupported = true
    _id = "DYN_io.microprofile.tutorial.store.ProductRestApplication_1709130315371"
    _attributes = null
    serialVersionUID = 7511545662945734886
    $$$tc$$$ = class com.ibm.websphere.ras.TraceComponent@4541ed37
      strings[0] = "TraceComponent[com.ibm.ws.container.BaseConfiguration,class com.ibm.ws.container.BaseConfiguration,[],null,null]"
  context = class com.ibm.ws.webcontainer40.osgi.webapp.WebApp40@2b50d40a
    tc = class com.ibm.websphere.ras.TraceComponent@34478603
      strings[0] = "TraceComponent[com.ibm.ws.webcontainer40.osgi.webapp.WebApp40,class com.ibm.ws.webcontainer40.osgi.webapp.WebApp40,[webcontainer],com.ibm.ws.webcontainer31.resources.Messages,null]"
    servlet40NLS = class com.ibm.ejs.ras.TraceNLS@24b6f668
      resolver = class com.ibm.ws.logging.internal.TraceNLSResolver@135b5bd0
      finder = null
      ivBundleName = "com.ibm.ws.webcontainer40.resources.Messages"
      caller = class java.lang.Class@28a4de6e
    CLASS_NAME = "com.ibm.ws.webcontainer40.osgi.webapp.WebApp40"
    defaultSessionTimeout = 30
    tc = class com.ibm.websphere.ras.TraceComponent@7defb597
      strings[0] = "TraceComponent[com.ibm.ws.webcontainer31.osgi.webapp.WebApp31,class com.ibm.ws.webcontainer31.osgi.webapp.WebApp31,[webcontainer],com.ibm.ws.webcontainer31.resources.Messages,null]"
    CLASS_NAME = "com.ibm.ws.webcontainer31.osgi.webapp.WebApp31"
    servlet31NLS = class com.ibm.ejs.ras.TraceNLS@91cdab
      resolver = class com.ibm.ws.logging.internal.TraceNLSResolver@135b5bd0
      finder = null
      ivBundleName = "com.ibm.ws.webcontainer31.resources.Messages"
      caller = class java.lang.Class@1afc859f
    validListenerClasses = class java.lang.Class[7]
      Class[0] = class java.lang.Class@4baecb19
      Class[1] = class java.lang.Class@5784a2c2
      Class[2] = class java.lang.Class@3d7fcbec
      Class[3] = class java.lang.Class@54edb95e
      Class[4] = class java.lang.Class@1ce7150
      Class[5] = class java.lang.Class@6a536b16
      Class[6] = class java.lang.Class@1f9e792d
    wsocServHandler = null
    tc = class com.ibm.websphere.ras.TraceComponent@697f2a12
      strings[0] = "TraceComponent[com.ibm.ws.webcontainer.osgi.webapp.WebApp,class com.ibm.ws.webcontainer.osgi.webapp.WebApp,[webcontainer],com.ibm.ws.webcontainer.resources.LShimMessages,null]"
    CLASS_NAME = "com.ibm.ws.webcontainer.osgi.webapp.WebApp"
    metaDataService = class com.ibm.ws.container.service.metadata.internal.MetaDataServiceImpl@53972570
      applicationMetaDataManager = class com.ibm.ws.container.service.metadata.internal.ApplicationMetaDataManager@49258de7
      moduleMetaDataManager = class com.ibm.ws.container.service.metadata.internal.ModuleMetaDataManager@23a7add6
      componentMetaDataManager = class com.ibm.ws.container.service.metadata.internal.ComponentMetaDataManager@4a46b431
      methodMetaDataManager = class com.ibm.ws.container.service.metadata.internal.MethodMetaDataManager@71acc1a9
      appModuleNameToModuleContainer = class java.util.concurrent.ConcurrentHashMap@148330ce
      jeeNameToComponentMetaData = class java.util.concurrent.ConcurrentHashMap@a54e695
      deferredMetaDataFactories = class com.ibm.wsspi.kernel.service.utils.ConcurrentServiceReferenceSet@754c3cd2
      deferredMetaDataInitializers = class com.ibm.wsspi.kernel.service.utils.ConcurrentServiceReferenceMap@62fa0a5b
      serialVersionUID = -2494605732980966097
      $$$tc$$$ = class com.ibm.websphere.ras.TraceComponent@6532d261
    namespacePopulated = false
    referenceContext = class com.ibm.ws.injectionengine.osgi.internal.OSGiReferenceContextImpl@5bc6750e
      scopeData = class com.ibm.ws.injectionengine.osgi.internal.OSGiInjectionScopeData@551b32f1
      serialVersionUID = 521511923892134915
      $$$tc$$$ = class com.ibm.websphere.ras.TraceComponent@74c58b18
      CLASS_NAME = "com.ibm.ws.injectionengine.ReferenceContextImpl"
      tc = class com.ibm.websphere.ras.TraceComponent@655a4e1
      ivInjectionEngine = class com.ibm.ws.injectionengine.osgi.internal.OSGiInjectionEngineImpl@64dfb1f3
      ivProviders = class java.util.ArrayList@46d777
      ivComponentJavaContext = null
      ivComponentNameSpace = null
      ivJavaColonCompEnvMap = class java.util.LinkedHashMap@60c0b852
      ivEjbContext10 = class java.util.Properties@68b069d3
      ivResourceRefConfigList = class com.ibm.ws.resource.internal.ResourceRefConfigListImpl@603b7cbd
      isAlreadyProcessed = true
      ivProcessFailure = null
      ivInjectionTargetMap = class java.util.concurrent.ConcurrentHashMap@56f0f2a2
      svInjTarMapCacheSize = 256
      ivDeclaredInjectionTargets = class java.util.HashMap@3397c206
      ivProcessedInjectionClasses = class java.util.HashSet@5802db56
      svInjClassMapCacheSize = 512
      ivProcessedInjectionBindings = class java.util.LinkedHashSet@63e78a7f
      ivAnyProcessDynamic = true
      ivCheckAppConfig = false
    j2eeNameFactory = class com.ibm.ws.container.service.metadata.internal.J2EENameFactoryImpl@3ca97491
      serialVersionUID = 3486344295038028821
      $$$tc$$$ = class com.ibm.websphere.ras.TraceComponent@45266b0b
    moduleLoader = class com.ibm.ws.classloading.internal.AppClassLoader@6e7b7482
      tc = class com.ibm.websphere.ras.TraceComponent@78ac80f5
      forbiddenClassNames = class java.util.Collections$UnmodifiableSet@41705eba
      FORBIDDEN_PROPERTIES = "forbidden.properties"
      NOTHING_FORBIDDEN_PROPERTY = "io.openliberty.classloading.nothing.forbidden"
      disableSharedClassesCache = false
      PARENT_FIRST_SEARCH_ORDER = class java.util.Collections$UnmodifiableRandomAccessList@6bced3d1
      packagesDefined = class java.util.Collections$SetFromMap@67521da0
      CLASS_LOADING_TRACE_PREFIX = "com.ibm.ws.class.load."
      DEFAULT_PACKAGE = "default.package"
      perPackageClassLoadingTraceComponents = class java.util.concurrent.ConcurrentHashMap@314a70c6
      config = class com.ibm.ws.classloading.internal.ClassLoaderConfigurationImpl@3c462d9a
      privateLibraries = null
      delegateLoaders = class com.ibm.ws.classloading.internal.util.CompositeIterable@6e881106
      nativeLibraryFiles = class java.util.ArrayList@19c0be6a
      transformers = class java.util.ArrayList@7b6e21d4
      systemTransformers = class java.util.concurrent.CopyOnWriteArrayList@bcba710
      apiAccess = class com.ibm.ws.classloading.internal.GatewayClassLoader@7f75799c
      generator = class com.ibm.ws.classloading.internal.ClassGeneratorManager@53da97aa
      protectionDomains = class java.util.concurrent.ConcurrentHashMap@7649e9de
      hook = null
      serialVersionUID = 5906478461061001036
      checkpointPhase = class io.openliberty.checkpoint.spi.CheckpointPhase@a2da24a
      tc = class com.ibm.websphere.ras.TraceComponent@76872743
      smartClassPath = class com.ibm.ws.classloading.internal.ContainerClassLoader$SmartClassPathImpl@5867d630
      nativeLibraryContainers = class java.util.ArrayList@44c810b8
      redefiner = class com.ibm.ws.classloading.internal.util.ClassRedefiner@6e05a3f3
      jarProtocol = "wsjar:"
      mapCreationQueue = class java.util.concurrent.Executors$AutoShutdownDelegatedExecutorService@1fe301c7
      serialVersionUID = 251246017270836472
      parent = class com.ibm.ws.classloading.internal.GatewayClassLoader@7f75799c
      classNameLockStore = class com.ibm.ws.kernel.boot.utils.KeyBasedLockStore@4e22f974
      serialVersionUID = -3020377578845918238
      $$$tc$$$ = class com.ibm.websphere.ras.TraceComponent@69bfb84f
      pdcache = "/* Could not access pdcache */"
    webAppConfig = class com.ibm.ws.webcontainer.osgi.webapp.WebAppConfiguration@7241e265
    extensionProcessingDisabled = false
    managedObjectService = class com.ibm.ws.cdi.impl.managedobject.CDIManagedObjectService@56ff6ad1
      defaultMOS = class com.ibm.ws.managedobject.internal.ManagedObjectServiceImpl@572fded
      cdiRuntime = class com.ibm.ws.cdi.liberty.CDIRuntimeImpl@42d71e89
      isActive = class java.util.concurrent.atomic.AtomicBoolean@57f85703
      serialVersionUID = 5211943849551391960
      $$$tc$$$ = class com.ibm.websphere.ras.TraceComponent@339a974
    internalServletMetaData = interface com.ibm.wsspi.webcontainer.metadata.WebComponentMetaData[2]
      WebComponentMetaData[0] = null
      WebComponentMetaData[1] = null
    loginProcessor = null
    logoutProcessor = null
    collabHelper = class com.ibm.ws.webcontainer.osgi.collaborator.CollaboratorHelperImpl@5dcadba3
    envObject = class com.ibm.ws.util.WSThreadLocal@249f2222
      tc = class com.ibm.ejs.ras.TraceComponent@2f3d1d5e
      count = 8
      index = 3
      SUSPECTED_MISUSAGE_THRESHOLD = 200
      TRACE_VTHREAD_LOCALS = "/* Could not access TRACE_VTHREAD_LOCALS */"
      threadLocalHashCode = "/* Could not access threadLocalHashCode */"
      nextHashCode = "/* Could not access nextHashCode */"
      HASH_INCREMENT = "/* Could not access HASH_INCREMENT */"
      $assertionsDisabled = "/* Could not access $assertionsDisabled */"
    orderedLibPaths = class java.util.Collections$UnmodifiableRandomAccessList@124b2151
      serialVersionUID = "/* Could not access serialVersionUID */"
      serialVersionUID = "/* Could not access serialVersionUID */"
      list = "/* Could not access list */"
      serialVersionUID = "/* Could not access serialVersionUID */"
      c = "/* Could not access c */"
    perm = class com.ibm.websphere.security.WebSphereRuntimePermission@2e08251f
      serialVersionUID = -3306242789188168337
      $$$tc$$$ = class com.ibm.websphere.ras.TraceComponent@3ca82a53
      serialVersionUID = "/* Could not access serialVersionUID */"
      wildcard = "/* Could not access wildcard */"
      path = "/* Could not access path */"
      exitVM = "/* Could not access exitVM */"
      serialVersionUID = "/* Could not access serialVersionUID */"
      name = "/* Could not access name */"
    WELCOME_FILE_LIST = "com.ibm.ws.webcontainer.config.WelcomeFileList"
    DIR_BROWSING_MAPPING = "__dirBrowsing__1709129678713"
    FILTER_PROXY_MAPPING = "/__filterProxy__1709129678713"
    logger = class com.ibm.ws.logging.internal.WsLogger@34fe074e
      ivCachedResourceBundleName = "com.ibm.ws.webcontainer.resources.Messages"
      ivCachedResourceBundle = class com.ibm.ws.webcontainer.resources.Messages@5b82a164
      ivComponent = null
      ivOrganization = null
      ivProduct = null
      ivMinimumLocalizationLevelIntValue = 625
      ivTC = class com.ibm.websphere.ras.TraceComponent@8e579a1
      loggerRegistrationComponent = class java.lang.ThreadLocal@3d0e787
      emptyHandlers = "/* Could not access emptyHandlers */"
      offValue = "/* Could not access offValue */"
      SYSTEM_LOGGER_RB_NAME = "/* Could not access SYSTEM_LOGGER_RB_NAME */"
      SYSTEM_BUNDLE = "/* Could not access SYSTEM_BUNDLE */"
      NO_RESOURCE_BUNDLE = "/* Could not access NO_RESOURCE_BUNDLE */"
      config = "/* Could not access config */"
      manager = "/* Could not access manager */"
      name = "/* Could not access name */"
      loggerBundle = "/* Could not access loggerBundle */"
      anonymous = "/* Could not access anonymous */"
      catalogRef = "/* Could not access catalogRef */"
      catalogName = "/* Could not access catalogName */"
      catalogLocale = "/* Could not access catalogLocale */"
      treeLock = "/* Could not access treeLock */"
      parent = "/* Could not access parent */"
      kids = "/* Could not access kids */"
      callerModuleRef = "/* Could not access callerModuleRef */"
      isSystemLogger = "/* Could not access isSystemLogger */"
      GLOBAL_LOGGER_NAME = "global"
      global = class java.util.logging.Logger@3ef44878
    CLASS_NAME = "com.ibm.ws.webcontainer.webapp.WebApp"
    loader = class com.ibm.ws.classloading.internal.ThreadContextClassLoader@29f9b925
    facade = class com.ibm.ws.webcontainer40.facade.ServletContextFacade40@2f4e4ba5
    features = class java.util.ArrayList@1a313cb5
      serialVersionUID = "/* Could not access serialVersionUID */"
      DEFAULT_CAPACITY = "/* Could not access DEFAULT_CAPACITY */"
      EMPTY_ELEMENTDATA = "/* Could not access EMPTY_ELEMENTDATA */"
      DEFAULTCAPACITY_EMPTY_ELEMENTDATA = "/* Could not access DEFAULTCAPACITY_EMPTY_ELEMENTDATA */"
      elementData = "/* Could not access elementData */"
      size = "/* Could not access size */"
      modCount = "/* Could not access modCount */"
    applicationName = "mp-ecomm-store"
    config = class com.ibm.ws.webcontainer.osgi.webapp.WebAppConfiguration@7241e265
    securityEnabledForApp = null
    webExtensionProcessor = class com.ibm.ws.webcontainer.osgi.extension.WebExtensionProcessor@4455d53
      webApp = class com.ibm.ws.webcontainer40.osgi.webapp.WebApp40@2b50d40a
      extensionContext = class com.ibm.ws.webcontainer40.osgi.webapp.WebApp40@2b50d40a
    production = true
    isServlet23 = true
    contextPath = "/mp-ecomm-store"
    internalServletList = class [Ljava.lang.String;[2]
      String[][0] = class java.lang.String[2]
      String[][1] = class java.lang.String[2]
    BY_NAME_ONLY = "/_1709130315278_/"
    filterManager = null
    documentRoot = null
    SERVLET_API_VERSION = "Servlet 2.5"
    disableServletAuditLogging = -1
    serverInfo = "IBM WebSphere Liberty/24.0.0.2"
    sessionCtx = class io.openliberty.webcontainer60.session.impl.HttpSessionContextImpl60@660192af
      methodClassName = "HttpSessionContextImpl60"
      methodClassName = "HttpSessionContextImpl"
      _smc = class com.ibm.ws.session.SessionManagerConfig@59cbde6a
      sessionStoreService = null
      _sap = class com.ibm.ws.session.SessionApplicationParameters@3e670237
      _coreHttpSessionManager = class com.ibm.ws.session.SessionManager@5bdec6bc
      _coreHttpAppSessionManager = null
      _sam = class com.ibm.ws.webcontainer.session.impl.SessionAffinityManagerImpl@4ca9ad7c
      isSIPApplication = false
      sessionAttributeListener = false
      sessionListener = true
      mHttpSessionAttributeListeners = class java.util.ArrayList@a4633ca
      mHttpSessionListeners = class java.util.ArrayList@c36ee0f
      mHttpSessionIdListeners = class java.util.ArrayList@21f03213
      mHttpSessionAttributeListenersJ2eeNames = class java.util.ArrayList@20b3a91c
      mHttpSessionListenersJ2eeNames = class java.util.ArrayList@1bd016a3
      mHttpSessionIdListenersJ2eeNames = class java.util.ArrayList@20add540
      mLocalHost = null
      _refCount = 1
      currentThreadSacHashtable = null
      methodClassName = "SessionContext"
      ANONYMOUS_USER = "anonymous"
      wasHttpSessionObserver = class com.ibm.ws.session.WasHttpSessionObserver@ed0bec
      wasHttpSessionAttributeObserver = null
      _invalidator = class com.ibm.ws.session.SessionInvalidatorWithThreadPool@3daba9a4
      _storer = class com.ibm.ws.session.EOSSessionStorer@26d5c5bc
      wasHttpAppSessionObserver = null
      mHttpAppSessionListeners = null
      cmvcInfo = "CMVC Version 1.9 6/24/07 11:12:24"
      _loggedVersion = true
      CREATE_CORE_SESSION_MANAGER = 0
      GET_REQUESTED_SESSION_ID = 1
      GET_IHTTP_SESSION = 2
      SESSION_PRE_INVOKE = 3
      SESSION_POST_INVOKE = 4
      STOP = 5
      STOP_LISTENERS = 6
      IS_VALID = 7
      ENCODE_URL = 8
      SHOULD_ENCODE_URL = 9
      IS_PROTOCOL_SWITCH = 10
      GET_LOCAL_HOST = 11
      ADD_HTTP_SESSION_ATTRIBUTE_LISTENER = 12
      ADD_HTTP_SESSION_LISTENER = 13
      GET_SESSION_AFFINITY_CONTEXT = 14
      CHECK_SECURITY = 15
      INVALIDATE = 16
      CHECK_SESSSIONID_IS_RIGHT_LENGTH = 17
      LOCK_SESSION = 18
      UNLOCK_SESSION = 19
      ADD_HTTP_SESSION_ID_LISTENER = 20
      methodNames = class java.lang.String[21]
    eventSource = class com.ibm.ws.webcontainer.webapp.WebAppEventSource@e9f058d
    nls = class com.ibm.ejs.ras.TraceNLS@6b607416
      resolver = class com.ibm.ws.logging.internal.TraceNLSResolver@135b5bd0
      finder = null
      ivBundleName = "com.ibm.ws.webcontainer.resources.Messages"
      caller = class java.lang.Class@56bde975
    liberty_nls = class com.ibm.ejs.ras.TraceNLS@12bcf408
      resolver = class com.ibm.ws.logging.internal.TraceNLSResolver@135b5bd0
      finder = null
      ivBundleName = "com.ibm.ws.webcontainer.resources.LShimMessages"
      caller = class java.lang.Class@56bde975
    error_nls = class com.ibm.ejs.ras.TraceNLS@2a7ab3db
      resolver = class com.ibm.ws.logging.internal.TraceNLSResolver@135b5bd0
      finder = null
      ivBundleName = "com.ibm.ws.webcontainer.resources.ErrorPage"
      caller = class java.lang.Class@56bde975
    sessionListeners = class java.util.ArrayList@75c6ce4e
      serialVersionUID = "/* Could not access serialVersionUID */"
      DEFAULT_CAPACITY = "/* Could not access DEFAULT_CAPACITY */"
      EMPTY_ELEMENTDATA = "/* Could not access EMPTY_ELEMENTDATA */"
      DEFAULTCAPACITY_EMPTY_ELEMENTDATA = "/* Could not access DEFAULTCAPACITY_EMPTY_ELEMENTDATA */"
      elementData = "/* Could not access elementData */"
      size = "/* Could not access size */"
      modCount = "/* Could not access modCount */"
    sessionIdListeners = class java.util.ArrayList@5b47ba60
      serialVersionUID = "/* Could not access serialVersionUID */"
      DEFAULT_CAPACITY = "/* Could not access DEFAULT_CAPACITY */"
      EMPTY_ELEMENTDATA = "/* Could not access EMPTY_ELEMENTDATA */"
      DEFAULTCAPACITY_EMPTY_ELEMENTDATA = "/* Could not access DEFAULTCAPACITY_EMPTY_ELEMENTDATA */"
      elementData = "/* Could not access elementData */"
      size = "/* Could not access size */"
      modCount = "/* Could not access modCount */"
    sessionAttrListeners = class java.util.ArrayList@2d459aa1
      serialVersionUID = "/* Could not access serialVersionUID */"
      DEFAULT_CAPACITY = "/* Could not access DEFAULT_CAPACITY */"
      EMPTY_ELEMENTDATA = "/* Could not access EMPTY_ELEMENTDATA */"
      DEFAULTCAPACITY_EMPTY_ELEMENTDATA = "/* Could not access DEFAULTCAPACITY_EMPTY_ELEMENTDATA */"
      elementData = "/* Could not access elementData */"
      size = "/* Could not access size */"
      modCount = "/* Could not access modCount */"
    addedSessionListeners = class java.util.ArrayList@473bf14c
      serialVersionUID = "/* Could not access serialVersionUID */"
      DEFAULT_CAPACITY = "/* Could not access DEFAULT_CAPACITY */"
      EMPTY_ELEMENTDATA = "/* Could not access EMPTY_ELEMENTDATA */"
      DEFAULTCAPACITY_EMPTY_ELEMENTDATA = "/* Could not access DEFAULTCAPACITY_EMPTY_ELEMENTDATA */"
      elementData = "/* Could not access elementData */"
      size = "/* Could not access size */"
      modCount = "/* Could not access modCount */"
    addedSessionAttrListeners = class java.util.ArrayList@44cf35b
      serialVersionUID = "/* Could not access serialVersionUID */"
      DEFAULT_CAPACITY = "/* Could not access DEFAULT_CAPACITY */"
      EMPTY_ELEMENTDATA = "/* Could not access EMPTY_ELEMENTDATA */"
      DEFAULTCAPACITY_EMPTY_ELEMENTDATA = "/* Could not access DEFAULTCAPACITY_EMPTY_ELEMENTDATA */"
      elementData = "/* Could not access elementData */"
      size = "/* Could not access size */"
      modCount = "/* Could not access modCount */"
    servletContextListeners = class java.util.ArrayList@623ecd08
      serialVersionUID = "/* Could not access serialVersionUID */"
      DEFAULT_CAPACITY = "/* Could not access DEFAULT_CAPACITY */"
      EMPTY_ELEMENTDATA = "/* Could not access EMPTY_ELEMENTDATA */"
      DEFAULTCAPACITY_EMPTY_ELEMENTDATA = "/* Could not access DEFAULTCAPACITY_EMPTY_ELEMENTDATA */"
      elementData = "/* Could not access elementData */"
      size = "/* Could not access size */"
      modCount = "/* Could not access modCount */"
    servletContextLAttrListeners = class java.util.ArrayList@632fc37c
      serialVersionUID = "/* Could not access serialVersionUID */"
      DEFAULT_CAPACITY = "/* Could not access DEFAULT_CAPACITY */"
      EMPTY_ELEMENTDATA = "/* Could not access EMPTY_ELEMENTDATA */"
      DEFAULTCAPACITY_EMPTY_ELEMENTDATA = "/* Could not access DEFAULTCAPACITY_EMPTY_ELEMENTDATA */"
      elementData = "/* Could not access elementData */"
      size = "/* Could not access size */"
      modCount = "/* Could not access modCount */"
    servletRequestListeners = class java.util.ArrayList@7b06ffc4
      serialVersionUID = "/* Could not access serialVersionUID */"
      DEFAULT_CAPACITY = "/* Could not access DEFAULT_CAPACITY */"
      EMPTY_ELEMENTDATA = "/* Could not access EMPTY_ELEMENTDATA */"
      DEFAULTCAPACITY_EMPTY_ELEMENTDATA = "/* Could not access DEFAULTCAPACITY_EMPTY_ELEMENTDATA */"
      elementData = "/* Could not access elementData */"
      size = "/* Could not access size */"
      modCount = "/* Could not access modCount */"
    servletRequestLAttrListeners = class java.util.ArrayList@18330dd4
      serialVersionUID = "/* Could not access serialVersionUID */"
      DEFAULT_CAPACITY = "/* Could not access DEFAULT_CAPACITY */"
      EMPTY_ELEMENTDATA = "/* Could not access EMPTY_ELEMENTDATA */"
      DEFAULTCAPACITY_EMPTY_ELEMENTDATA = "/* Could not access DEFAULTCAPACITY_EMPTY_ELEMENTDATA */"
      elementData = "/* Could not access elementData */"
      size = "/* Could not access size */"
      modCount = "/* Could not access modCount */"
    prependSlashToResource = false
    destroyed = false
    webAppNameSpaceCollab = class com.ibm.ws.webcontainer.osgi.collaborator.WebAppNameSpaceCollaboratorImpl@29595da0
    txCollab = class com.ibm.ws.transaction.services.WebAppTransactionCollaboratorImpl@43be3e30
    sessionActivationListeners = class java.util.ArrayList@cf1c557
      serialVersionUID = "/* Could not access serialVersionUID */"
      DEFAULT_CAPACITY = "/* Could not access DEFAULT_CAPACITY */"
      EMPTY_ELEMENTDATA = "/* Could not access EMPTY_ELEMENTDATA */"
      DEFAULTCAPACITY_EMPTY_ELEMENTDATA = "/* Could not access DEFAULTCAPACITY_EMPTY_ELEMENTDATA */"
      elementData = "/* Could not access elementData */"
      size = "/* Could not access size */"
      modCount = "/* Could not access modCount */"
    sessionBindingListeners = class java.util.ArrayList@1158d396
      serialVersionUID = "/* Could not access serialVersionUID */"
      DEFAULT_CAPACITY = "/* Could not access DEFAULT_CAPACITY */"
      EMPTY_ELEMENTDATA = "/* Could not access EMPTY_ELEMENTDATA */"
      DEFAULTCAPACITY_EMPTY_ELEMENTDATA = "/* Could not access DEFAULTCAPACITY_EMPTY_ELEMENTDATA */"
      elementData = "/* Could not access elementData */"
      size = "/* Could not access size */"
      modCount = "/* Could not access modCount */"
    scratchdir = null
    jspClassLoaderLimit = 0
    jspClassLoaderExclusionList = null
    jspClassLoadersMap = null
    jspClassLoaderLimitTrackIF = false
    defaultExtProc = null
    directoryBrowsingServlet = null
    cdiContexts = class java.util.concurrent.ConcurrentHashMap@5dece6a6
      serialVersionUID = "/* Could not access serialVersionUID */"
      MAXIMUM_CAPACITY = "/* Could not access MAXIMUM_CAPACITY */"
      DEFAULT_CAPACITY = "/* Could not access DEFAULT_CAPACITY */"
      MAX_ARRAY_SIZE = "/* Could not access MAX_ARRAY_SIZE */"
      DEFAULT_CONCURRENCY_LEVEL = "/* Could not access DEFAULT_CONCURRENCY_LEVEL */"
      LOAD_FACTOR = "/* Could not access LOAD_FACTOR */"
      TREEIFY_THRESHOLD = "/* Could not access TREEIFY_THRESHOLD */"
      UNTREEIFY_THRESHOLD = "/* Could not access UNTREEIFY_THRESHOLD */"
      MIN_TREEIFY_CAPACITY = "/* Could not access MIN_TREEIFY_CAPACITY */"
      MIN_TRANSFER_STRIDE = "/* Could not access MIN_TRANSFER_STRIDE */"
      RESIZE_STAMP_BITS = "/* Could not access RESIZE_STAMP_BITS */"
      MAX_RESIZERS = "/* Could not access MAX_RESIZERS */"
      RESIZE_STAMP_SHIFT = "/* Could not access RESIZE_STAMP_SHIFT */"
      MOVED = "/* Could not access MOVED */"
      TREEBIN = "/* Could not access TREEBIN */"
      RESERVED = "/* Could not access RESERVED */"
      HASH_BITS = "/* Could not access HASH_BITS */"
      NCPU = "/* Could not access NCPU */"
      serialPersistentFields = "/* Could not access serialPersistentFields */"
      table = "/* Could not access table */"
      nextTable = "/* Could not access nextTable */"
      baseCount = "/* Could not access baseCount */"
      sizeCtl = "/* Could not access sizeCtl */"
      transferIndex = "/* Could not access transferIndex */"
      cellsBusy = "/* Could not access cellsBusy */"
      counterCells = "/* Could not access counterCells */"
      keySet = "/* Could not access keySet */"
      values = "/* Could not access values */"
      entrySet = "/* Could not access entrySet */"
      U = "/* Could not access U */"
      SIZECTL = "/* Could not access SIZECTL */"
      TRANSFERINDEX = "/* Could not access TRANSFERINDEX */"
      BASECOUNT = "/* Could not access BASECOUNT */"
      CELLSBUSY = "/* Could not access CELLSBUSY */"
      CELLVALUE = "/* Could not access CELLVALUE */"
      ABASE = "/* Could not access ABASE */"
      ASHIFT = "/* Could not access ASHIFT */"
      keySet = "/* Could not access keySet */"
      values = "/* Could not access values */"
    moduleConfig = class com.ibm.ws.webcontainer.osgi.container.DeployedModule@5db10d62
      tc = class com.ibm.websphere.ras.TraceComponent@33490dc3
      loader = class com.ibm.ws.classloading.internal.ThreadContextClassLoader@29f9b925
      webApp = class com.ibm.ws.webcontainer40.osgi.webapp.WebApp40@2b50d40a
      webAppConfig = class com.ibm.ws.webcontainer.osgi.webapp.WebAppConfiguration@7241e265
      contextRootAdded = class com.ibm.ws.threading.internal.NonCancelableResultFuture@71465cde
      properContextRoot = "/mp-ecomm-store"
      mappingContextRoot = "/mp-ecomm-store/*"
      initTaskCount = class java.util.concurrent.atomic.AtomicInteger@4ff30ab4
      initTasksDoneListener = class com.ibm.ws.webcontainer.osgi.WebContainer$2@537dee59
      serialVersionUID = -2104814060051592457
      $$$tc$$$ = class com.ibm.websphere.ras.TraceComponent@e17bed6
    extensionFactories = class java.util.ArrayList@7ffb9579
      serialVersionUID = "/* Could not access serialVersionUID */"
      DEFAULT_CAPACITY = "/* Could not access DEFAULT_CAPACITY */"
      EMPTY_ELEMENTDATA = "/* Could not access EMPTY_ELEMENTDATA */"
      DEFAULTCAPACITY_EMPTY_ELEMENTDATA = "/* Could not access DEFAULTCAPACITY_EMPTY_ELEMENTDATA */"
      elementData = "/* Could not access elementData */"
      size = "/* Could not access size */"
      modCount = "/* Could not access modCount */"
    initialized = false
    lock = class com.ibm.ws.webcontainer.webapp.WebApp$1@5fe8b0fe
      this$0 = class com.ibm.ws.webcontainer40.osgi.webapp.WebApp40@2b50d40a
    afterServletContextCreated = false
    redirectContextRoot = false
    errorExceptionTypeFirst = false
    initFilterBeforeServletInit = false
    SET_400_SC_ON_TOO_MANY_PARENT_DIRS = false
    sortedServletConfigs = class java.util.ArrayList@87b1cf6
      serialVersionUID = "/* Could not access serialVersionUID */"
      DEFAULT_CAPACITY = "/* Could not access DEFAULT_CAPACITY */"
      EMPTY_ELEMENTDATA = "/* Could not access EMPTY_ELEMENTDATA */"
      DEFAULTCAPACITY_EMPTY_ELEMENTDATA = "/* Could not access DEFAULTCAPACITY_EMPTY_ELEMENTDATA */"
      elementData = "/* Could not access elementData */"
      size = "/* Could not access size */"
      modCount = "/* Could not access modCount */"
    effectiveMajorVersion = 3
    effectiveMinorVersion = 0
    canAddServletContextListener = true
    withinContextInitOfProgAddListener = false
    lastProgAddListenerInitialized = "com.ibm.ws.cdi.web.factories.Weld50InitialListener"
    webInfLibClassloader = null
    metaInfCache = class com.ibm.ws.webcontainer.webapp.WebApp$2@32181289
      this$0 = class com.ibm.ws.webcontainer40.osgi.webapp.WebApp40@2b50d40a
      serialVersionUID = "/* Could not access serialVersionUID */"
      head = "/* Could not access head */"
      tail = "/* Could not access tail */"
      accessOrder = "/* Could not access accessOrder */"
      PUT_NORM = "/* Could not access PUT_NORM */"
      PUT_FIRST = "/* Could not access PUT_FIRST */"
      PUT_LAST = "/* Could not access PUT_LAST */"
      putMode = "/* Could not access putMode */"
      serialVersionUID = "/* Could not access serialVersionUID */"
      DEFAULT_INITIAL_CAPACITY = "/* Could not access DEFAULT_INITIAL_CAPACITY */"
      MAXIMUM_CAPACITY = "/* Could not access MAXIMUM_CAPACITY */"
      DEFAULT_LOAD_FACTOR = "/* Could not access DEFAULT_LOAD_FACTOR */"
      TREEIFY_THRESHOLD = "/* Could not access TREEIFY_THRESHOLD */"
      UNTREEIFY_THRESHOLD = "/* Could not access UNTREEIFY_THRESHOLD */"
      MIN_TREEIFY_CAPACITY = "/* Could not access MIN_TREEIFY_CAPACITY */"
      table = "/* Could not access table */"
      entrySet = "/* Could not access entrySet */"
      size = "/* Could not access size */"
      modCount = "/* Could not access modCount */"
      threshold = "/* Could not access threshold */"
      loadFactor = "/* Could not access loadFactor */"
      keySet = "/* Could not access keySet */"
      values = "/* Could not access values */"
    hasSlashStarMapping = false
    useMetaInfCache = true
    SUN_CONFIGURE_LISTENER_CLASSNAME = "com.sun.faces.config.ConfigureListener"
    MYFACES_LIFECYCLE_LISTENER_CLASSNAME = "org.apache.myfaces.webapp.StartupServletContextListener"
    JSF_IMPL_ENABLED_PARAM = "com.ibm.ws.jsf.JSF_IMPL_ENABLED"
    JSF_IMPL_ENABLED_CUSTOM = "Custom"
    JSF_IMPL_ENABLED_NONE = "None"
    staticDocRoot = class com.ibm.ws.webcontainer.util.DocumentRootUtils@6797c3b5
      logger = class com.ibm.ws.logging.internal.WsLogger@7c9e51d9
      CLASS_NAME = "com.ibm.ws.webcontainer.util.DocumentRootUtils"
      useContentLength = false
      matchedFile = null
      matchedZipFile = null
      matchedEntry = null
      matchedURL = null
      edrRoot = null
      pfedrRoot = null
      ctxt = class com.ibm.ws.webcontainer40.osgi.webapp.WebApp40@2b50d40a
      baseDir = null
      edr = null
      pfedr = null
      metaInfRes = null
      searchpfEDR = true
      searchEDR = true
      searchMetaInfRes = true
      matchFromEDR = false
      matchFromMetaInfRes = false
      matchIsADirectory = false
      appConfig = class com.ibm.ws.webcontainer.osgi.webapp.WebAppConfiguration@7241e265
      attributeType = "staticFile"
      STATIC_FILE = "staticFile"
      JSP = "jsp"
      PFEDR = "preFragmentExtendedDocumentRoot"
      EDR = "extendedDocumentRoot"
    jspDocRoot = class com.ibm.ws.webcontainer.util.DocumentRootUtils@7de2f0f9
      logger = class com.ibm.ws.logging.internal.WsLogger@7c9e51d9
      CLASS_NAME = "com.ibm.ws.webcontainer.util.DocumentRootUtils"
      useContentLength = false
      matchedFile = null
      matchedZipFile = null
      matchedEntry = null
      matchedURL = null
      edrRoot = null
      pfedrRoot = null
      ctxt = class com.ibm.ws.webcontainer40.osgi.webapp.WebApp40@2b50d40a
      baseDir = null
      edr = null
      pfedr = null
      metaInfRes = null
      searchpfEDR = true
      searchEDR = true
      searchMetaInfRes = true
      matchFromEDR = false
      matchFromMetaInfRes = false
      matchIsADirectory = false
      appConfig = class com.ibm.ws.webcontainer.osgi.webapp.WebAppConfiguration@7241e265
      attributeType = "jsp"
      STATIC_FILE = "staticFile"
      JSP = "jsp"
      PFEDR = "preFragmentExtendedDocumentRoot"
      EDR = "extendedDocumentRoot"
    container = class com.ibm.ws.adaptable.module.internal.AdaptableContainerImpl@1e646e2f
      root = class com.ibm.ws.adaptable.module.internal.AdaptableContainerImpl@1e646e2f
      rootOverlay = class com.ibm.ws.artifact.overlay.internal.DirectoryBasedOverlayContainerImpl@7c4ea41c
      factoryHolder = class com.ibm.ws.adaptable.module.internal.AdaptableModuleFactoryImpl@2d2ba5f2
      delegate = class com.ibm.ws.artifact.overlay.internal.DirectoryBasedOverlayContainerImpl@7c4ea41c
      notifier = class com.ibm.ws.adaptable.module.internal.NotifierImpl@5f5f3f11
      serialVersionUID = -5950528200509051684
      $$$tc$$$ = class com.ibm.websphere.ras.TraceComponent@3f34e01
    metaInfResourceFinder = class com.ibm.ws.webcontainer.util.MetaInfResourceFinder@2daedf1f
      jarResourceContainers = class java.util.ArrayList@681c13f3
      container = class com.ibm.ws.adaptable.module.internal.AdaptableContainerImpl@1e646e2f
    postConstructMethods = class com.ibm.ws.webcontainer.webapp.WebApp$AnnotatedMethods@5f500c79
      annotationClass = class java.lang.Class@1a7f6425
      noOpClassNames = class java.util.HashSet@592fa53f
      annotatedMethodNames = class java.util.concurrent.ConcurrentHashMap@3573bdd5
      EMPTY_METHODS = class java.lang.reflect.Method[0]
    preDestroyMethods = class com.ibm.ws.webcontainer.webapp.WebApp$AnnotatedMethods@683e64d
      annotationClass = class java.lang.Class@2104ee96
      noOpClassNames = class java.util.HashSet@70ed9fec
      annotatedMethodNames = class java.util.concurrent.ConcurrentHashMap@7f1c71c4
      EMPTY_METHODS = class java.lang.reflect.Method[0]
    OBJ_EMPTY = class java.lang.Object[0]
    CLASS_EMPTY = class java.lang.Class[0]
    checkpointPhase = class io.openliberty.checkpoint.spi.CheckpointPhase@a2da24a
      AFTER_APP_START = class io.openliberty.checkpoint.spi.CheckpointPhase@1d8bc305
      BEFORE_APP_START = class io.openliberty.checkpoint.spi.CheckpointPhase@5ed2f17c
      INACTIVE = class io.openliberty.checkpoint.spi.CheckpointPhase@a2da24a
      CHECKPOINT_PROPERTY = "io.openliberty.checkpoint"
      CHECKPOINT_ACTIVE_FILTER = "(!(io.openliberty.checkpoint=INACTIVE))"
      CHECKPOINT_RESTORED_PROPERTY = "io.openliberty.checkpoint.restored"
      CONDITION_PROCESS_RUNNING_ID = "io.openliberty.process.running"
      restored = true
      noMoreAddHooks = true
      singleThreadedHooks = class java.util.ArrayList@59b83e58
      multiThreadedHooks = class java.util.ArrayList@7d376723
      THE_PHASE = class io.openliberty.checkpoint.spi.CheckpointPhase@a2da24a
      DEBUG = false
      $VALUES = class io.openliberty.checkpoint.spi.CheckpointPhase[3]
      name = "/* Could not access name */"
      ordinal = "/* Could not access ordinal */"
      hash = "/* Could not access hash */"
    DEFAULT_JSP_EXTENSIONS = class java.util.ArrayList@35c046c3
      serialVersionUID = "/* Could not access serialVersionUID */"
      DEFAULT_CAPACITY = "/* Could not access DEFAULT_CAPACITY */"
      EMPTY_ELEMENTDATA = "/* Could not access EMPTY_ELEMENTDATA */"
      DEFAULTCAPACITY_EMPTY_ELEMENTDATA = "/* Could not access DEFAULTCAPACITY_EMPTY_ELEMENTDATA */"
      elementData = "/* Could not access elementData */"
      size = "/* Could not access size */"
      modCount = "/* Could not access modCount */"
    DEFER_SERVLET_REQUEST_LISTENER_DESTROY_ON_ERROR = true
    DO_ACCEPT_PARTIAL = true
    DO_NOT_ACCEPT_PARTIAL = false
    DO_ACCEPT_EXCLUDED = true
    DO_NOT_ACCEPT_EXCLUDED = false
    commands = class java.util.ArrayList@6c0cbb5c
      serialVersionUID = "/* Could not access serialVersionUID */"
      DEFAULT_CAPACITY = "/* Could not access DEFAULT_CAPACITY */"
      EMPTY_ELEMENTDATA = "/* Could not access EMPTY_ELEMENTDATA */"
      DEFAULTCAPACITY_EMPTY_ELEMENTDATA = "/* Could not access DEFAULTCAPACITY_EMPTY_ELEMENTDATA */"
      elementData = "/* Could not access elementData */"
      size = "/* Could not access size */"
      modCount = "/* Could not access modCount */"
    requestMapper = class com.ibm.wsspi.webcontainer.util.URIMapper@3701d7e5
      matcher = class com.ibm.wsspi.webcontainer40.util.URIMatcher40@4ff337a3
    parent = class com.ibm.ws.webcontainer.osgi.webapp.WebGroup@68ed36b8
      tc = class com.ibm.websphere.ras.TraceComponent@34bb0403
      logger = class com.ibm.ws.logging.internal.WsLogger@34fe074e
      CLASS_NAME = "com.ibm.ws.webcontainer.webapp.WebGroup"
      sessUrlRewritePrefix = ";jsessionid="
      qMark = "?"
      config = class com.ibm.ws.webcontainer.osgi.webapp.WebGroupConfiguration@c7ed3d2
      webApp = class com.ibm.ws.webcontainer40.osgi.webapp.WebApp40@2b50d40a
      commands = class java.util.ArrayList@28dc893f
      requestMapper = null
      parent = class com.ibm.ws.webcontainer.osgi.DynamicVirtualHost@3cf0a591
      name = "/mp-ecomm-store/*"
      isAlive = true
      subElements = class java.util.HashMap@e914e4
      attributes = null
      config = null
      serialVersionUID = -8271459000149267764
      $$$tc$$$ = class com.ibm.websphere.ras.TraceComponent@255a1dc7
    name = "mp-ecomm-store"
    isAlive = true
    subElements = null
    attributes = class java.util.concurrent.ConcurrentHashMap@71450466
      serialVersionUID = "/* Could not access serialVersionUID */"
      MAXIMUM_CAPACITY = "/* Could not access MAXIMUM_CAPACITY */"
      DEFAULT_CAPACITY = "/* Could not access DEFAULT_CAPACITY */"
      MAX_ARRAY_SIZE = "/* Could not access MAX_ARRAY_SIZE */"
      DEFAULT_CONCURRENCY_LEVEL = "/* Could not access DEFAULT_CONCURRENCY_LEVEL */"
      LOAD_FACTOR = "/* Could not access LOAD_FACTOR */"
      TREEIFY_THRESHOLD = "/* Could not access TREEIFY_THRESHOLD */"
      UNTREEIFY_THRESHOLD = "/* Could not access UNTREEIFY_THRESHOLD */"
      MIN_TREEIFY_CAPACITY = "/* Could not access MIN_TREEIFY_CAPACITY */"
      MIN_TRANSFER_STRIDE = "/* Could not access MIN_TRANSFER_STRIDE */"
      RESIZE_STAMP_BITS = "/* Could not access RESIZE_STAMP_BITS */"
      MAX_RESIZERS = "/* Could not access MAX_RESIZERS */"
      RESIZE_STAMP_SHIFT = "/* Could not access RESIZE_STAMP_SHIFT */"
      MOVED = "/* Could not access MOVED */"
      TREEBIN = "/* Could not access TREEBIN */"
      RESERVED = "/* Could not access RESERVED */"
      HASH_BITS = "/* Could not access HASH_BITS */"
      NCPU = "/* Could not access NCPU */"
      serialPersistentFields = "/* Could not access serialPersistentFields */"
      table = "/* Could not access table */"
      nextTable = "/* Could not access nextTable */"
      baseCount = "/* Could not access baseCount */"
      sizeCtl = "/* Could not access sizeCtl */"
      transferIndex = "/* Could not access transferIndex */"
      cellsBusy = "/* Could not access cellsBusy */"
      counterCells = "/* Could not access counterCells */"
      keySet = "/* Could not access keySet */"
      values = "/* Could not access values */"
      entrySet = "/* Could not access entrySet */"
      U = "/* Could not access U */"
      SIZECTL = "/* Could not access SIZECTL */"
      TRANSFERINDEX = "/* Could not access TRANSFERINDEX */"
      BASECOUNT = "/* Could not access BASECOUNT */"
      CELLSBUSY = "/* Could not access CELLSBUSY */"
      CELLVALUE = "/* Could not access CELLVALUE */"
      ABASE = "/* Could not access ABASE */"
      ASHIFT = "/* Could not access ASHIFT */"
      keySet = "/* Could not access keySet */"
      values = "/* Could not access values */"
    config = null
    serialVersionUID = -8271459000149267764
    $$$tc$$$ = class com.ibm.websphere.ras.TraceComponent@255a1dc7
      strings[0] = "TraceComponent[com.ibm.ws.container.AbstractContainer,class com.ibm.ws.container.AbstractContainer,[],null,null]"
  target = class com.ibm.websphere.jaxrs.server.IBMRestServlet@65fc6b69
    serialVersionUID = -7916305366621576524
    asyncCancelScheduler = class java.util.concurrent.ScheduledThreadPoolExecutor@cc726cd
      continueExistingPeriodicTasksAfterShutdown = "/* Could not access continueExistingPeriodicTasksAfterShutdown */"
      executeExistingDelayedTasksAfterShutdown = "/* Could not access executeExistingDelayedTasksAfterShutdown */"
      removeOnCancel = "/* Could not access removeOnCancel */"
      sequencer = "/* Could not access sequencer */"
      DEFAULT_KEEPALIVE_MILLIS = "/* Could not access DEFAULT_KEEPALIVE_MILLIS */"
      ctl = "/* Could not access ctl */"
      COUNT_BITS = "/* Could not access COUNT_BITS */"
      COUNT_MASK = "/* Could not access COUNT_MASK */"
      RUNNING = "/* Could not access RUNNING */"
      SHUTDOWN = "/* Could not access SHUTDOWN */"
      STOP = "/* Could not access STOP */"
      TIDYING = "/* Could not access TIDYING */"
      TERMINATED = "/* Could not access TERMINATED */"
      workQueue = "/* Could not access workQueue */"
      mainLock = "/* Could not access mainLock */"
      workers = "/* Could not access workers */"
      termination = "/* Could not access termination */"
      container = "/* Could not access container */"
      largestPoolSize = "/* Could not access largestPoolSize */"
      completedTaskCount = "/* Could not access completedTaskCount */"
      threadFactory = "/* Could not access threadFactory */"
      handler = "/* Could not access handler */"
      keepAliveTime = "/* Could not access keepAliveTime */"
      allowCoreThreadTimeOut = "/* Could not access allowCoreThreadTimeOut */"
      corePoolSize = "/* Could not access corePoolSize */"
      maximumPoolSize = "/* Could not access maximumPoolSize */"
      defaultHandler = "/* Could not access defaultHandler */"
      shutdownPerm = "/* Could not access shutdownPerm */"
      ONLY_ONE = "/* Could not access ONLY_ONE */"
      $assertionsDisabled = "/* Could not access $assertionsDisabled */"
    serialVersionUID = 6655984720159438370
    $$$tc$$$ = class com.ibm.websphere.ras.TraceComponent@3c8b1ffd
      strings[0] = "TraceComponent[org.jboss.resteasy.plugins.server.servlet.HttpServlet30Dispatcher,class org.jboss.resteasy.plugins.server.servlet.HttpServlet30Dispatcher,[],null,null]"
    servletContainerDispatcher = class org.jboss.resteasy.plugins.server.servlet.ServletContainerDispatcher@442b5838
      dispatcher = null
      providerFactory = null
      servletMappingPrefix = "/api"
      deployment = class org.jboss.resteasy.core.ResteasyDeploymentImpl@32f3ad9d
      requestFactory = class com.ibm.websphere.jaxrs.server.IBMRestServlet@65fc6b69
      responseFactory = class com.ibm.websphere.jaxrs.server.IBMRestServlet@65fc6b69
      servletConfig = class com.ibm.ws.webcontainer.servlet.ServletConfig@110fd30c
      serialVersionUID = 4272780606645704855
      $$$tc$$$ = class com.ibm.websphere.ras.TraceComponent@6b7c92a0
    serialVersionUID = -1908385981247679754
    $$$tc$$$ = class com.ibm.websphere.ras.TraceComponent@1b94809e
      strings[0] = "TraceComponent[org.jboss.resteasy.plugins.server.servlet.HttpServletDispatcher,class org.jboss.resteasy.plugins.server.servlet.HttpServletDispatcher,[],null,null]"
    serialVersionUID = 8466325577512134784
    METHOD_DELETE = "DELETE"
    METHOD_HEAD = "HEAD"
    METHOD_GET = "GET"
    METHOD_OPTIONS = "OPTIONS"
    METHOD_POST = "POST"
    METHOD_PUT = "PUT"
    METHOD_TRACE = "TRACE"
    HEADER_IFMODSINCE = "If-Modified-Since"
    HEADER_LASTMOD = "Last-Modified"
    LEGACY_DO_HEAD = "jakarta.servlet.http.legacyDoHead"
    LSTRING_FILE = "jakarta.servlet.http.LocalStrings"
    lStrings = class java.util.PropertyResourceBundle@3051e26a
      encoding = "/* Could not access encoding */"
      lookup = "/* Could not access lookup */"
      INITIAL_CACHE_SIZE = "/* Could not access INITIAL_CACHE_SIZE */"
      NONEXISTENT_BUNDLE = "/* Could not access NONEXISTENT_BUNDLE */"
      cacheList = "/* Could not access cacheList */"
      referenceQueue = "/* Could not access referenceQueue */"
      parent = "/* Could not access parent */"
      locale = "/* Could not access locale */"
      name = "/* Could not access name */"
      expired = "/* Could not access expired */"
      cacheKey = "/* Could not access cacheKey */"
      keySet = "/* Could not access keySet */"
      UNKNOWN_FORMAT = "/* Could not access UNKNOWN_FORMAT */"
      TRACE_ON = "/* Could not access TRACE_ON */"
      $assertionsDisabled = "/* Could not access $assertionsDisabled */"
    legacyHeadHandling = false
    serialVersionUID = -8592279577370996712
    LSTRING_FILE = "jakarta.servlet.LocalStrings"
    lStrings = class java.util.PropertyResourceBundle@56ae33da
    config = class com.ibm.ws.webcontainer.servlet.ServletConfig@110fd30c
  cacheWrappers = null
  targetLoader = class com.ibm.ws.classloading.internal.ThreadContextClassLoader@29f9b925
    tc = class com.ibm.websphere.ras.TraceComponent@789dbbce
      strings[0] = "TraceComponent[com.ibm.ws.classloading.internal.ThreadContextClassLoader,class com.ibm.ws.classloading.internal.ThreadContextClassLoader,[ClassLoadingService],com.ibm.ws.classloading.internal.resources.ClassLoadingServiceMessages,null]"
    bundle = class java.util.concurrent.atomic.AtomicReference@781a8749
      serialVersionUID = "/* Could not access serialVersionUID */"
      VALUE = "/* Could not access VALUE */"
      value = "/* Could not access value */"
    key = "WebModule:mp-ecomm-store#mp-ecomm-store.war"
    refCount = class java.util.concurrent.atomic.AtomicInteger@411dd950
      serialVersionUID = "/* Could not access serialVersionUID */"
      U = "/* Could not access U */"
      VALUE = "/* Could not access VALUE */"
      value = "/* Could not access value */"
      serialVersionUID = "/* Could not access serialVersionUID */"
    appLoader = class com.ibm.ws.classloading.internal.AppClassLoader@6e7b7482
    clSvc = class com.ibm.ws.classloading.internal.ClassLoadingServiceImpl@7800b9db
      tc = class com.ibm.websphere.ras.TraceComponent@54b32a33
      leakDetectionMap = class java.util.concurrent.ConcurrentHashMap@392970ce
      appClassLoaders = class java.util.Collections$SetFromMap@767aa1a8
      TCCL_LOCK_WAIT = 15000
      REFERENCE_GENERATORS = "generators"
      tcclLockStore = class com.ibm.ws.kernel.boot.utils.KeyBasedLockStore@68a27b1b
      bundleContext = class org.eclipse.osgi.internal.framework.BundleContextImpl@68247838
      aclStore = class com.ibm.ws.classloading.internal.util.CanonicalStore@3d903888
      tcclStore = class com.ibm.ws.classloading.internal.util.CanonicalStore@4fcd90f4
      digraph = class org.eclipse.equinox.internal.region.StandardRegionDigraph@6c991f44
      redefiner = class com.ibm.ws.classloading.internal.util.ClassRedefiner@6e05a3f3
      listener = class com.ibm.ws.classloading.internal.ClassLoadingServiceImpl$2@1718db6f
      classloaders = class java.util.Collections$SynchronizedMap@2bf0f57c
      resourceProviders = class com.ibm.ws.classloading.internal.CompositeResourceProvider@506d199f
      rememberedBundles = class java.util.concurrent.ConcurrentHashMap@8199ac6
      collectedBundles = class java.lang.ref.ReferenceQueue@2c5ec7be
      generatorRefs = class com.ibm.wsspi.kernel.service.utils.ConcurrentServiceReferenceSet@7d4ca2f9
      generatorManager = class com.ibm.ws.classloading.internal.ClassGeneratorManager@53da97aa
      appExtLibs = class java.util.concurrent.CopyOnWriteArrayList@513bf339
      globalConfig = class com.ibm.ws.classloading.configuration.GlobalClassloadingConfiguration@15308c72
      systemTransformers = class java.util.concurrent.CopyOnWriteArrayList@bcba710
      metaInfServicesProviders = class java.util.concurrent.ConcurrentHashMap@4f89da5d
      metaInfServicesRefs = class com.ibm.wsspi.kernel.service.utils.ConcurrentServiceReferenceMap@574af23f
      protectionDomainMap = class java.util.HashMap@59e661d4
      metadataIdentifierService = class com.ibm.ws.container.service.metadata.internal.MetaDataServiceImpl@53972570
      globalSharedLibrary = class java.util.concurrent.atomic.AtomicReference@48242586
      serialVersionUID = 4413923811772628187
    serialVersionUID = 7417331337980111787
    tc = class com.ibm.websphere.ras.TraceComponent@673cf573
      strings[0] = "TraceComponent[com.ibm.ws.classloading.internal.UnifiedClassLoader,class com.ibm.ws.classloading.internal.UnifiedClassLoader,[ClassLoadingService],com.ibm.ws.classloading.internal.resources.ClassLoadingServiceMessages,null]"
    followOnClassLoaders = class java.util.ArrayList@40447f3d
      serialVersionUID = "/* Could not access serialVersionUID */"
      DEFAULT_CAPACITY = "/* Could not access DEFAULT_CAPACITY */"
      EMPTY_ELEMENTDATA = "/* Could not access EMPTY_ELEMENTDATA */"
      DEFAULTCAPACITY_EMPTY_ELEMENTDATA = "/* Could not access DEFAULTCAPACITY_EMPTY_ELEMENTDATA */"
      elementData = "/* Could not access elementData */"
      size = "/* Could not access size */"
      modCount = "/* Could not access modCount */"
    serialVersionUID = 4255658571728280816
    parent = class com.ibm.ws.classloading.internal.GatewayClassLoader@6dfe34ff
      config = class com.ibm.ws.classloading.internal.GatewayConfigurationImpl@3577c9ce
      wiringMonitor = class com.ibm.ws.classloading.internal.GatewayClassLoader$1@1a0f4169
      bundle = class org.eclipse.osgi.internal.framework.EquinoxBundle@7c16d0ad
      wiring = class org.eclipse.osgi.container.ModuleWiring@79d17882
      cl = null
      bLoader = class org.eclipse.osgi.internal.loader.BundleLoader@39412ac2
      resourceProviders = class com.ibm.ws.classloading.internal.CompositeResourceProvider@506d199f
      serialVersionUID = -5503641212193211983
      $$$tc$$$ = class com.ibm.websphere.ras.TraceComponent@38435494
    classNameLockStore = class com.ibm.ws.kernel.boot.utils.KeyBasedLockStore@197b2567
      refQueue = class java.lang.ref.ReferenceQueue@5217b6a3
      lockMap = class java.util.concurrent.ConcurrentHashMap@2070c10b
      lockCreator = class com.ibm.ws.kernel.boot.classloader.NameBasedClassLoaderLock$1@5449023b
    serialVersionUID = -3020377578845918238
    $$$tc$$$ = class com.ibm.websphere.ras.TraceComponent@69bfb84f
      strings[0] = "TraceComponent[com.ibm.ws.classloading.internal.LibertyLoader,class com.ibm.ws.classloading.internal.LibertyLoader,[ClassLoadingService],com.ibm.ws.classloading.internal.resources.ClassLoadingServiceMessages,null]"
    pdcache = "/* Could not access pdcache */"
  evtSource = class com.ibm.ws.webcontainer.webapp.WebAppEventSource@e9f058d
    _invocationListeners = class com.ibm.ws.webcontainer.util.EventListeners@f088543
      EMPTY_LISTENERS = interface java.util.EventListener[0]
      logger = class com.ibm.ws.logging.internal.WsLogger@7c9e51d9
      CLASS_NAME = "com.ibm.ws.webcontainer.util.EventListeners"
      listeners = interface java.util.EventListener[0]
    _servletListeners = class com.ibm.ws.webcontainer.util.EventListeners@6b959e1b
      EMPTY_LISTENERS = interface java.util.EventListener[0]
      logger = class com.ibm.ws.logging.internal.WsLogger@7c9e51d9
      CLASS_NAME = "com.ibm.ws.webcontainer.util.EventListeners"
      listeners = interface java.util.EventListener[0]
    _errorListeners = class com.ibm.ws.webcontainer.util.EventListeners@6041106
      EMPTY_LISTENERS = interface java.util.EventListener[0]
      logger = class com.ibm.ws.logging.internal.WsLogger@7c9e51d9
      CLASS_NAME = "com.ibm.ws.webcontainer.util.EventListeners"
      listeners = interface java.util.EventListener[0]
    _applicationListeners = class com.ibm.ws.webcontainer.util.EventListeners@457ddc3f
      EMPTY_LISTENERS = interface java.util.EventListener[0]
      logger = class com.ibm.ws.logging.internal.WsLogger@7c9e51d9
      CLASS_NAME = "com.ibm.ws.webcontainer.util.EventListeners"
      listeners = interface java.util.EventListener[0]
    _filterInvocationListeners = class com.ibm.ws.webcontainer.util.EventListeners@e947b4e
      EMPTY_LISTENERS = interface java.util.EventListener[0]
      logger = class com.ibm.ws.logging.internal.WsLogger@7c9e51d9
      CLASS_NAME = "com.ibm.ws.webcontainer.util.EventListeners"
      listeners = interface java.util.EventListener[0]
    _filterListeners = class com.ibm.ws.webcontainer.util.EventListeners@49b659c1
      EMPTY_LISTENERS = interface java.util.EventListener[0]
      logger = class com.ibm.ws.logging.internal.WsLogger@7c9e51d9
      CLASS_NAME = "com.ibm.ws.webcontainer.util.EventListeners"
      listeners = interface java.util.EventListener[0]
    _filterErrorListeners = class com.ibm.ws.webcontainer.util.EventListeners@6f9cfdd0
      EMPTY_LISTENERS = interface java.util.EventListener[0]
      logger = class com.ibm.ws.logging.internal.WsLogger@7c9e51d9
      CLASS_NAME = "com.ibm.ws.webcontainer.util.EventListeners"
      listeners = interface java.util.EventListener[0]
  event = class com.ibm.websphere.servlet.event.ServletEvent@503d03e
    serialVersionUID = 3906650803920713522
    _servletName = "io.microprofile.tutorial.store.ProductRestApplication"
    _servletClassName = "com.ibm.websphere.jaxrs.server.IBMRestServlet"
    $$$tc$$$ = class com.ibm.websphere.ras.TraceComponent@1e106519
      strings[0] = "TraceComponent[com.ibm.websphere.servlet.event.ServletEvent,class com.ibm.websphere.servlet.event.ServletEvent,[],null,null]"
    serialVersionUID = 3546927969739289392
    _context = class com.ibm.ws.webcontainer40.facade.ServletContextFacade40@2f4e4ba5
    _servletNames = class com.ibm.ws.webcontainer.util.EmptyEnumeration@5eec89af
      serialVersionUID = 3546642126931963953
      _instance = class com.ibm.ws.webcontainer.util.EmptyEnumeration@5eec89af
    $$$tc$$$ = class com.ibm.websphere.ras.TraceComponent@1cb8d745
      strings[0] = "TraceComponent[com.ibm.websphere.servlet.event.ApplicationEvent,class com.ibm.websphere.servlet.event.ApplicationEvent,[],null,null]"
    serialVersionUID = "/* Could not access serialVersionUID */"
    source = "/* Could not access source */"
  unavailableMessage = null
  unavailableUntil = -1
  isSTM = false
  internalServlet = false
  webAppInvocationCollaborators = null
  platformHelper = class com.ibm.ws.webcontainer.PlatformHelper@142be576
  webAppNameSpaceCollab = class com.ibm.ws.webcontainer.osgi.collaborator.WebAppNameSpaceCollaboratorImpl@29595da0
    cmdai = class com.ibm.ws.threadContext.ComponentMetaDataAccessorImpl@40eb7b9a
      tc = class com.ibm.websphere.ras.TraceComponent@611a1183
      cmdai = class com.ibm.ws.threadContext.ComponentMetaDataAccessorImpl@40eb7b9a
      threadContext = class com.ibm.ws.threadContext.ThreadContextImpl@6fa5e582
      defaultCMD = null
  txCollab = class com.ibm.ws.transaction.services.WebAppTransactionCollaboratorImpl@43be3e30
    tc = class com.ibm.websphere.ras.TraceComponent@63728542
      strings[0] = "TraceComponent[com.ibm.ws.transaction.services.WebAppTransactionCollaboratorImpl,class com.ibm.ws.transaction.services.WebAppTransactionCollaboratorImpl,[transaction],com.ibm.ws.transaction.services.TransactionMessages,null]"
    ltCurrentRef = class com.ibm.wsspi.kernel.service.utils.AtomicServiceReference@dc5c183
      referenceName = "ltCurrent"
      tuple = class java.util.concurrent.atomic.AtomicReference@61846edf
      serialVersionUID = 2226592364007985000
      $$$tc$$$ = class com.ibm.websphere.ras.TraceComponent@4d20f812
    tranMgrRef = class com.ibm.wsspi.kernel.service.utils.AtomicServiceReference@570d2f4
      referenceName = "tranMgr"
      tuple = class java.util.concurrent.atomic.AtomicReference@643d4850
      serialVersionUID = 2226592364007985000
      $$$tc$$$ = class com.ibm.websphere.ras.TraceComponent@4d20f812
    userTranRef = class com.ibm.wsspi.kernel.service.utils.AtomicServiceReference@3bdc0627
      referenceName = "userTran"
      tuple = class java.util.concurrent.atomic.AtomicReference@56016e96
      serialVersionUID = 2226592364007985000
      $$$tc$$$ = class com.ibm.websphere.ras.TraceComponent@4d20f812
    uowCallbackRef = class com.ibm.wsspi.kernel.service.utils.AtomicServiceReference@78e8be23
      referenceName = "uowCallback"
      tuple = class java.util.concurrent.atomic.AtomicReference@59ef630a
      serialVersionUID = 2226592364007985000
      $$$tc$$$ = class com.ibm.websphere.ras.TraceComponent@4d20f812
    serialVersionUID = -8319003162899973281
  connCollab = class com.ibm.ws.webcontainer.collaborator.ConnectionHandleCollaborator@10e425
    tc = class com.ibm.websphere.ras.TraceComponent@794192cf
      strings[0] = "TraceComponent[com.ibm.ws.webcontainer.collaborator.ConnectionHandleCollaborator,class com.ibm.ws.webcontainer.collaborator.ConnectionHandleCollaborator,[webcontainer],com.ibm.ws.webcontainer.resources.LShimMessages,null]"
    threadContext = class com.ibm.ws.threadContext.ThreadContextImpl@428f11d7
      ivInitialStackEntry = null
      tc = class com.ibm.ejs.ras.TraceComponent@2f3d1d5e
      count = 8
      index = 1
      SUSPECTED_MISUSAGE_THRESHOLD = 200
      TRACE_VTHREAD_LOCALS = "/* Could not access TRACE_VTHREAD_LOCALS */"
      threadLocalHashCode = "/* Could not access threadLocalHashCode */"
      nextHashCode = "/* Could not access nextHashCode */"
      HASH_INCREMENT = "/* Could not access HASH_INCREMENT */"
      $assertionsDisabled = "/* Could not access $assertionsDisabled */"
  suppressServletExceptionLogging = false
  throwExceptionEnum = class java.util.RegularEnumSet@636539f2
    serialVersionUID = "/* Could not access serialVersionUID */"
    elements = "/* Could not access elements */"
    serialVersionUID = "/* Could not access serialVersionUID */"
    elementType = "/* Could not access elementType */"
    universe = "/* Could not access universe */"
  discernUnavailableServlet = false
  reInitServletonInitUnavailableException = true
  destroyServletonServiceUnavailableException = false
  servlet23 = true
  PARAMS_HEAD_TRACE = class java.lang.Class[2]
    Class[0] = class java.lang.Class@689b9bf2
      ANNOTATION = "/* Could not access ANNOTATION */"
      ENUM = "/* Could not access ENUM */"
      SYNTHETIC = "/* Could not access SYNTHETIC */"
      cachedConstructor = "/* Could not access cachedConstructor */"
      name = "/* Could not access name */"
      module = "/* Could not access module */"
      packageName = "/* Could not access packageName */"
      componentType = "/* Could not access componentType */"
      allPermDomain = "/* Could not access allPermDomain */"
      reflectionData = "/* Could not access reflectionData */"
      classRedefinedCount = "/* Could not access classRedefinedCount */"
      genericInfo = "/* Could not access genericInfo */"
      EMPTY_CLASS_ARRAY = "/* Could not access EMPTY_CLASS_ARRAY */"
      serialVersionUID = "/* Could not access serialVersionUID */"
      serialPersistentFields = "/* Could not access serialPersistentFields */"
      reflectionFactory = "/* Could not access reflectionFactory */"
      enumConstants = "/* Could not access enumConstants */"
      enumConstantDirectory = "/* Could not access enumConstantDirectory */"
      annotationData = "/* Could not access annotationData */"
      annotationType = "/* Could not access annotationType */"
      classValueMap = "/* Could not access classValueMap */"
    Class[1] = class java.lang.Class@4bb8bbb4
      ANNOTATION = "/* Could not access ANNOTATION */"
      ENUM = "/* Could not access ENUM */"
      SYNTHETIC = "/* Could not access SYNTHETIC */"
      cachedConstructor = "/* Could not access cachedConstructor */"
      name = "/* Could not access name */"
      module = "/* Could not access module */"
      packageName = "/* Could not access packageName */"
      componentType = "/* Could not access componentType */"
      allPermDomain = "/* Could not access allPermDomain */"
      reflectionData = "/* Could not access reflectionData */"
      classRedefinedCount = "/* Could not access classRedefinedCount */"
      genericInfo = "/* Could not access genericInfo */"
      EMPTY_CLASS_ARRAY = "/* Could not access EMPTY_CLASS_ARRAY */"
      serialVersionUID = "/* Could not access serialVersionUID */"
      serialPersistentFields = "/* Could not access serialPersistentFields */"
      reflectionFactory = "/* Could not access reflectionFactory */"
      enumConstants = "/* Could not access enumConstants */"
      enumConstantDirectory = "/* Could not access enumConstantDirectory */"
      annotationData = "/* Could not access annotationData */"
      annotationType = "/* Could not access annotationType */"
      classValueMap = "/* Could not access classValueMap */"
  defaultHeadMethodInUse = false
  defaultTraceMethodInUse = false
  checkedForDefaultMethods = null
  defaultTraceRequestBehavior = false
  defaultHeadRequestBehavior = false
  useOriginalRequestState = false
  warningStatusSet = false
  serialVersionUID = -8592279577370996712
  LSTRING_FILE = "jakarta.servlet.LocalStrings"
  lStrings = class java.util.PropertyResourceBundle@56ae33da
    encoding = "/* Could not access encoding */"
    lookup = "/* Could not access lookup */"
    INITIAL_CACHE_SIZE = "/* Could not access INITIAL_CACHE_SIZE */"
    NONEXISTENT_BUNDLE = "/* Could not access NONEXISTENT_BUNDLE */"
    cacheList = "/* Could not access cacheList */"
    referenceQueue = "/* Could not access referenceQueue */"
    parent = "/* Could not access parent */"
    locale = "/* Could not access locale */"
    name = "/* Could not access name */"
    expired = "/* Could not access expired */"
    cacheKey = "/* Could not access cacheKey */"
    keySet = "/* Could not access keySet */"
    UNKNOWN_FORMAT = "/* Could not access UNKNOWN_FORMAT */"
    TRACE_ON = "/* Could not access TRACE_ON */"
    $assertionsDisabled = "/* Could not access $assertionsDisabled */"
  config = null

