
 Index  Count  Time of first Occurrence    Time of last Occurrence     Exception SourceId ProbeId
------+------+---------------------------+---------------------------+---------------------------
     0    103     3/3/24, 7:21:03:134 UTC     3/3/24, 7:26:12:882 UTC java.lang.UnsupportedClassVersionError com.ibm.ws.jdbc.DataSourceService 591
                                                                            - /workspaces/codespaces-blank/mp-ecomm-store/target/liberty/wlp/usr/servers/defaultServer/logs/ffdc/ffdc_24.03.03_07.21.03.0.log
     1      1     3/3/24, 7:21:44:670 UTC     3/3/24, 7:21:44:670 UTC jakarta.persistence.PersistenceException com.ibm.ws.jpa.management.JPAPUnitInfo.createEMFactory 759
                                                                            - /workspaces/codespaces-blank/mp-ecomm-store/target/liberty/wlp/usr/servers/defaultServer/logs/ffdc/ffdc_24.03.03_07.21.44.0.log
     2      1     3/3/24, 7:21:44:688 UTC     3/3/24, 7:21:44:688 UTC jakarta.persistence.PersistenceException com.ibm.wsspi.injectionengine.InjectionBinding.getInjectionObject 408
                                                                            - /workspaces/codespaces-blank/mp-ecomm-store/target/liberty/wlp/usr/servers/defaultServer/logs/ffdc/ffdc_24.03.03_07.21.44.1.log
     3      1     3/3/24, 7:21:44:698 UTC     3/3/24, 7:21:44:698 UTC com.ibm.wsspi.injectionengine.InjectionException com.ibm.ws.cdi.impl.weld.injection.WebSphereInjectionServicesImpl 201
                                                                            - /workspaces/codespaces-blank/mp-ecomm-store/target/liberty/wlp/usr/servers/defaultServer/logs/ffdc/ffdc_24.03.03_07.21.44.2.log
     4      1     3/3/24, 7:21:44:870 UTC     3/3/24, 7:21:44:870 UTC com.ibm.wsspi.injectionengine.InjectionException com.ibm.ws.cdi.impl.weld.injection.WebSphereInjectionServicesImpl.inject 248
                                                                            - /workspaces/codespaces-blank/mp-ecomm-store/target/liberty/wlp/usr/servers/defaultServer/logs/ffdc/ffdc_24.03.03_07.21.44.3.log
     5      1     3/3/24, 7:21:44:957 UTC     3/3/24, 7:21:44:957 UTC java.security.PrivilegedActionException com.ibm.ws.cdi.impl.weld.injection.WebSphereInjectionServicesImpl 118
                                                                            - /workspaces/codespaces-blank/mp-ecomm-store/target/liberty/wlp/usr/servers/defaultServer/logs/ffdc/ffdc_24.03.03_07.21.44.4.log
     6      1     3/3/24, 7:21:45:127 UTC     3/3/24, 7:21:45:127 UTC java.lang.NullPointerException com.ibm.ws.uow.UOWManagerImpl.runUnderCurrentUOW 1130
                                                                            - /workspaces/codespaces-blank/mp-ecomm-store/target/liberty/wlp/usr/servers/defaultServer/logs/ffdc/ffdc_24.03.03_07.21.45.0.log
     7      3     3/3/24, 7:23:31:517 UTC     3/3/24, 7:25:13:288 UTC org.jboss.weld.exceptions.DeploymentException com.ibm.ws.cdi.liberty.CDIRuntimeImpl 478
                                                                            - /workspaces/codespaces-blank/mp-ecomm-store/target/liberty/wlp/usr/servers/defaultServer/logs/ffdc/ffdc_24.03.03_07.23.31.0.log
                                                                            - /workspaces/codespaces-blank/mp-ecomm-store/target/liberty/wlp/usr/servers/defaultServer/logs/ffdc/ffdc_24.03.03_07.25.08.0.log
     8      3     3/3/24, 7:23:31:613 UTC     3/3/24, 7:25:13:288 UTC org.jboss.weld.exceptions.DeploymentException com.ibm.ws.container.service.state.internal.ApplicationStateManager 56
                                                                            - /workspaces/codespaces-blank/mp-ecomm-store/target/liberty/wlp/usr/servers/defaultServer/logs/ffdc/ffdc_24.03.03_07.23.31.1.log
                                                                            - /workspaces/codespaces-blank/mp-ecomm-store/target/liberty/wlp/usr/servers/defaultServer/logs/ffdc/ffdc_24.03.03_07.25.08.1.log
     9      3     3/3/24, 7:23:31:648 UTC     3/3/24, 7:25:13:288 UTC com.ibm.ws.container.service.state.StateChangeException com.ibm.ws.app.manager.module.internal.SimpleDeployedAppInfoBase 551
                                                                            - /workspaces/codespaces-blank/mp-ecomm-store/target/liberty/wlp/usr/servers/defaultServer/logs/ffdc/ffdc_24.03.03_07.23.31.2.log
                                                                            - /workspaces/codespaces-blank/mp-ecomm-store/target/liberty/wlp/usr/servers/defaultServer/logs/ffdc/ffdc_24.03.03_07.25.08.2.log
------+------+---------------------------+---------------------------+---------------------------
