------Start of DE processing------ = [3/3/24, 7:13:42:104 UTC]
Exception = java.security.PrivilegedActionException
Source = com.ibm.ws.cdi.impl.weld.injection.WebSphereInjectionServicesImpl
probeid = 118
Stack Dump = java.security.PrivilegedActionException: com.ibm.wsspi.injectionengine.InjectionException: CWNEN0030E: The server was unable to obtain an object instance for the java:comp/env/io.microprofile.tutorial.store.product.repository.ProductRepository/em reference.  The exception message was: Exception [EclipseLink-28018] (Eclipse Persistence Services - 4.0.2.v202306161219): org.eclipse.persistence.exceptions.EntityManagerSetupException
Exception Description: Predeployment of PersistenceUnit [product-unit] failed.
Internal Exception: jakarta.persistence.PersistenceException: CWWJP0013E: The server cannot locate the jdbc/productjpadatasource data source for the product-unit persistence unit because it has encountered the following exception: javax.naming.NamingException: CWWKN0008E: An object could not be obtained for name jdbc/productjpadatasource..
	at java.base/java.security.AccessController.doPrivileged(AccessController.java:573)
	at com.ibm.ws.cdi.impl.weld.injection.WebSphereInjectionServicesImpl.callInject(WebSphereInjectionServicesImpl.java:132)
	at com.ibm.ws.cdi.impl.weld.injection.WebSphereInjectionServicesImpl.injectJavaEEResources(WebSphereInjectionServicesImpl.java:114)
	at com.ibm.ws.cdi.impl.weld.injection.WebSphereInjectionServicesImpl.aroundInject(WebSphereInjectionServicesImpl.java:319)
	at org.jboss.weld.injection.InjectionContextImpl.run(InjectionContextImpl.java:46)
	at org.jboss.weld.injection.producer.ResourceInjector.inject(ResourceInjector.java:71)
	at org.jboss.weld.injection.producer.BasicInjectionTarget.inject(BasicInjectionTarget.java:117)
	at org.jboss.weld.bean.ManagedBean.create(ManagedBean.java:161)
	at org.jboss.weld.contexts.AbstractContext.get(AbstractContext.java:96)
	at org.jboss.weld.bean.ContextualInstanceStrategy$DefaultContextualInstanceStrategy.get(ContextualInstanceStrategy.java:100)
	at org.jboss.weld.bean.ContextualInstanceStrategy$CachingContextualInstanceStrategy.get(ContextualInstanceStrategy.java:177)
	at org.jboss.weld.bean.ContextualInstance.get(ContextualInstance.java:50)
	at org.jboss.weld.bean.proxy.ContextBeanInstance.getInstance(ContextBeanInstance.java:102)
	at org.jboss.weld.bean.proxy.ProxyMethodHandler.getInstance(ProxyMethodHandler.java:131)
	at io.microprofile.tutorial.store.product.repository.ProductRepository$Proxy$_$$_WeldClientProxy.findAllProducts(Unknown Source)
	at io.microprofile.tutorial.store.product.resource.ProductResource.getProducts(ProductResource.java:44)
	at io.microprofile.tutorial.store.product.resource.ProductResource$Proxy$_$$_WeldSubclass.getProducts$$super(Unknown Source)
	at jdk.internal.reflect.GeneratedMethodAccessor508.invoke(Unknown Source)
	at java.base/java.lang.reflect.Method.invoke(Method.java:568)
	at org.jboss.weld.interceptor.proxy.TerminalAroundInvokeInvocationContext.proceedInternal(TerminalAroundInvokeInvocationContext.java:51)
	at org.jboss.weld.interceptor.proxy.AroundInvokeInvocationContext.proceed(AroundInvokeInvocationContext.java:78)
	at com.ibm.tx.jta.cdi.interceptors.TransactionalInterceptor$2.run(TransactionalInterceptor.java:176)
	at com.ibm.ws.uow.embeddable.EmbeddableUOWManagerImpl.runUnderCurrentUOW(EmbeddableUOWManagerImpl.java:1079)
	at com.ibm.ws.uow.embeddable.EmbeddableUOWManagerImpl.runUnderNewUOW(EmbeddableUOWManagerImpl.java:1042)
	at com.ibm.ws.uow.embeddable.EmbeddableUOWManagerImpl.runUnderUOW(EmbeddableUOWManagerImpl.java:1015)
	at com.ibm.tx.jta.cdi.interceptors.TransactionalInterceptor.runUnderUOWManagingEnablement(TransactionalInterceptor.java:190)
	at com.ibm.tx.jta.cdi.interceptors.Required.required(Required.java:49)
	at jdk.internal.reflect.GeneratedMethodAccessor507.invoke(Unknown Source)
	at java.base/java.lang.reflect.Method.invoke(Method.java:568)
	at org.jboss.weld.interceptor.reader.SimpleInterceptorInvocation$SimpleMethodInvocation.invoke(SimpleInterceptorInvocation.java:73)
	at org.jboss.weld.interceptor.proxy.InterceptorMethodHandler.executeAroundInvoke(InterceptorMethodHandler.java:84)
	at org.jboss.weld.interceptor.proxy.InterceptorMethodHandler.executeInterception(InterceptorMethodHandler.java:72)
	at org.jboss.weld.interceptor.proxy.InterceptorMethodHandler.invoke(InterceptorMethodHandler.java:56)
	at org.jboss.weld.bean.proxy.CombinedInterceptorAndDecoratorStackMethodHandler.invoke(CombinedInterceptorAndDecoratorStackMethodHandler.java:79)
	at org.jboss.weld.bean.proxy.CombinedInterceptorAndDecoratorStackMethodHandler.invoke(CombinedInterceptorAndDecoratorStackMethodHandler.java:68)
	at io.microprofile.tutorial.store.product.resource.ProductResource$Proxy$_$$_WeldSubclass.getProducts(Unknown Source)
	at io.microprofile.tutorial.store.product.resource.ProductResource$Proxy$_$$_WeldClientProxy.getProducts(Unknown Source)
	at jdk.internal.reflect.GeneratedMethodAccessor506.invoke(Unknown Source)
	at java.base/java.lang.reflect.Method.invoke(Method.java:568)
	at org.jboss.resteasy.core.MethodInjectorImpl.invoke(MethodInjectorImpl.java:170)
	at org.jboss.resteasy.core.MethodInjectorImpl.invoke(MethodInjectorImpl.java:130)
	at org.jboss.resteasy.core.ResourceMethodInvoker.internalInvokeOnTarget(ResourceMethodInvoker.java:660)
	at org.jboss.resteasy.core.ResourceMethodInvoker.invokeOnTargetAfterFilter(ResourceMethodInvoker.java:524)
	at org.jboss.resteasy.core.ResourceMethodInvoker.lambda$invokeOnTarget$2(ResourceMethodInvoker.java:474)
	at org.jboss.resteasy.core.interception.jaxrs.PreMatchContainerRequestContext.filter(PreMatchContainerRequestContext.java:434)
	at org.jboss.resteasy.core.ResourceMethodInvoker.invokeOnTarget(ResourceMethodInvoker.java:476)
	at org.jboss.resteasy.core.ResourceMethodInvoker.invoke(ResourceMethodInvoker.java:434)
	at org.jboss.resteasy.core.ResourceMethodInvoker.invoke(ResourceMethodInvoker.java:408)
	at org.jboss.resteasy.core.ResourceMethodInvoker.invoke(ResourceMethodInvoker.java:69)
	at org.jboss.resteasy.core.SynchronousDispatcher.invoke(SynchronousDispatcher.java:492)
	at org.jboss.resteasy.core.SynchronousDispatcher.lambda$invoke$4(SynchronousDispatcher.java:261)
	at org.jboss.resteasy.core.SynchronousDispatcher.lambda$preprocess$0(SynchronousDispatcher.java:161)
	at org.jboss.resteasy.core.interception.jaxrs.PreMatchContainerRequestContext.filter(PreMatchContainerRequestContext.java:434)
	at org.jboss.resteasy.core.SynchronousDispatcher.preprocess(SynchronousDispatcher.java:164)
	at org.jboss.resteasy.core.SynchronousDispatcher.invoke(SynchronousDispatcher.java:247)
	at org.jboss.resteasy.plugins.server.servlet.ServletContainerDispatcher.service(ServletContainerDispatcher.java:255)
	at org.jboss.resteasy.plugins.server.servlet.HttpServletDispatcher.service(HttpServletDispatcher.java:60)
	at org.jboss.resteasy.plugins.server.servlet.HttpServletDispatcher.service(HttpServletDispatcher.java:55)
	at jakarta.servlet.http.HttpServlet.service(HttpServlet.java:614)
	at com.ibm.ws.webcontainer.servlet.ServletWrapper.service(ServletWrapper.java:1260)
	at com.ibm.ws.webcontainer.servlet.ServletWrapper.handleRequest(ServletWrapper.java:748)
	at com.ibm.ws.webcontainer.servlet.ServletWrapper.handleRequest(ServletWrapper.java:445)
	at com.ibm.ws.webcontainer.filter.WebAppFilterManager.invokeFilters(WebAppFilterManager.java:1361)
	at com.ibm.ws.webcontainer.webapp.WebApp.handleRequest(WebApp.java:5076)
	at com.ibm.ws.webcontainer.osgi.DynamicVirtualHost$2.handleRequest(DynamicVirtualHost.java:328)
	at com.ibm.ws.webcontainer.WebContainer.handleRequest(WebContainer.java:1038)
	at com.ibm.ws.webcontainer.osgi.DynamicVirtualHost$2.run(DynamicVirtualHost.java:293)
	at com.ibm.ws.http.dispatcher.internal.channel.HttpDispatcherLink$TaskWrapper.run(HttpDispatcherLink.java:1260)
	at com.ibm.ws.http.dispatcher.internal.channel.HttpDispatcherLink.wrapHandlerAndExecute(HttpDispatcherLink.java:476)
	at com.ibm.ws.http.dispatcher.internal.channel.HttpDispatcherLink.ready(HttpDispatcherLink.java:435)
	at com.ibm.ws.http.channel.internal.inbound.HttpInboundLink.handleDiscrimination(HttpInboundLink.java:569)
	at com.ibm.ws.http.channel.internal.inbound.HttpInboundLink.handleNewRequest(HttpInboundLink.java:503)
	at com.ibm.ws.http.channel.internal.inbound.HttpInboundLink.processRequest(HttpInboundLink.java:363)
	at com.ibm.ws.http.channel.internal.inbound.HttpInboundLink.ready(HttpInboundLink.java:330)
	at com.ibm.ws.tcpchannel.internal.NewConnectionInitialReadCallback.sendToDiscriminators(NewConnectionInitialReadCallback.java:169)
	at com.ibm.ws.tcpchannel.internal.NewConnectionInitialReadCallback.complete(NewConnectionInitialReadCallback.java:77)
	at com.ibm.ws.tcpchannel.internal.WorkQueueManager.requestComplete(WorkQueueManager.java:516)
	at com.ibm.ws.tcpchannel.internal.WorkQueueManager.attemptIO(WorkQueueManager.java:586)
	at com.ibm.ws.tcpchannel.internal.WorkQueueManager.workerRun(WorkQueueManager.java:970)
	at com.ibm.ws.tcpchannel.internal.WorkQueueManager$Worker.run(WorkQueueManager.java:1059)
	at com.ibm.ws.threading.internal.ExecutorServiceImpl$RunnableWrapper.run(ExecutorServiceImpl.java:280)
	at java.base/java.util.concurrent.ThreadPoolExecutor.runWorker(ThreadPoolExecutor.java:1136)
	at java.base/java.util.concurrent.ThreadPoolExecutor$Worker.run(ThreadPoolExecutor.java:635)
	at java.base/java.lang.Thread.run(Thread.java:840)
Caused by: com.ibm.wsspi.injectionengine.InjectionException: CWNEN0030E: The server was unable to obtain an object instance for the java:comp/env/io.microprofile.tutorial.store.product.repository.ProductRepository/em reference.  The exception message was: Exception [EclipseLink-28018] (Eclipse Persistence Services - 4.0.2.v202306161219): org.eclipse.persistence.exceptions.EntityManagerSetupException
Exception Description: Predeployment of PersistenceUnit [product-unit] failed.
Internal Exception: jakarta.persistence.PersistenceException: CWWJP0013E: The server cannot locate the jdbc/productjpadatasource data source for the product-unit persistence unit because it has encountered the following exception: javax.naming.NamingException: CWWKN0008E: An object could not be obtained for name jdbc/productjpadatasource..
	at com.ibm.wsspi.injectionengine.InjectionBinding.getInjectionObject(InjectionBinding.java:1462)
	at com.ibm.wsspi.injectionengine.InjectionBinding.getInjectableObject(InjectionBinding.java:1376)
	at com.ibm.wsspi.injectionengine.InjectionTarget.inject(InjectionTarget.java:106)
	at com.ibm.ws.cdi.impl.weld.injection.WebSphereInjectionServicesImpl.inject(WebSphereInjectionServicesImpl.java:200)
	at com.ibm.ws.cdi.impl.weld.injection.WebSphereInjectionServicesImpl.inject(WebSphereInjectionServicesImpl.java:152)
	at com.ibm.ws.cdi.impl.weld.injection.WebSphereInjectionServicesImpl.access$000(WebSphereInjectionServicesImpl.java:76)
	at com.ibm.ws.cdi.impl.weld.injection.WebSphereInjectionServicesImpl$1.run(WebSphereInjectionServicesImpl.java:136)
	at com.ibm.ws.cdi.impl.weld.injection.WebSphereInjectionServicesImpl$1.run(WebSphereInjectionServicesImpl.java:132)
	at java.base/java.security.AccessController.doPrivileged(AccessController.java:569)
	... 83 more
Caused by: jakarta.persistence.PersistenceException: Exception [EclipseLink-28018] (Eclipse Persistence Services - 4.0.2.v202306161219): org.eclipse.persistence.exceptions.EntityManagerSetupException
Exception Description: Predeployment of PersistenceUnit [product-unit] failed.
Internal Exception: jakarta.persistence.PersistenceException: CWWJP0013E: The server cannot locate the jdbc/productjpadatasource data source for the product-unit persistence unit because it has encountered the following exception: javax.naming.NamingException: CWWKN0008E: An object could not be obtained for name jdbc/productjpadatasource..
	at org.eclipse.persistence.internal.jpa.EntityManagerSetupImpl.createPredeployFailedPersistenceException(EntityManagerSetupImpl.java:2150)
	at org.eclipse.persistence.internal.jpa.EntityManagerSetupImpl.predeploy(EntityManagerSetupImpl.java:2126)
	at org.eclipse.persistence.jpa.PersistenceProvider.createContainerEntityManagerFactoryImpl(PersistenceProvider.java:347)
	at org.eclipse.persistence.jpa.PersistenceProvider.createContainerEntityManagerFactory(PersistenceProvider.java:313)
	at com.ibm.ws.jpa.management.JPAPUnitInfo.createEMFactory(JPAPUnitInfo.java:936)
	at com.ibm.ws.jpa.management.JPAPUnitInfo.getEntityManagerFactory(JPAPUnitInfo.java:839)
	at com.ibm.ws.jpa.management.JPAPUnitInfo.getEntityManagerPool(JPAPUnitInfo.java:1023)
	at com.ibm.ws.jpa.management.JPATxEntityManager.<init>(JPATxEntityManager.java:149)
	at com.ibm.ws.jpa.container.v31.JPATxEntityManagerV31.<init>(JPATxEntityManagerV31.java:47)
	at com.ibm.ws.jpa.container.v31.internal.JPA31Runtime.createJPATxEntityManager(JPA31Runtime.java:73)
	at com.ibm.ws.jpa.management.AbstractJPAComponent.getEntityManager(AbstractJPAComponent.java:278)
	at com.ibm.ws.jpa.container.osgi.jndi.JPAJndiLookupObjectFactory.getObjectInstance(JPAJndiLookupObjectFactory.java:151)
	at com.ibm.wsspi.injectionengine.InjectionBinding.getInjectionObjectInstance(InjectionBinding.java:1560)
	at com.ibm.wsspi.injectionengine.InjectionBinding.getInjectionObject(InjectionBinding.java:1436)
	... 91 more
Caused by: Exception [EclipseLink-28018] (Eclipse Persistence Services - 4.0.2.v202306161219): org.eclipse.persistence.exceptions.EntityManagerSetupException
Exception Description: Predeployment of PersistenceUnit [product-unit] failed.
Internal Exception: jakarta.persistence.PersistenceException: CWWJP0013E: The server cannot locate the jdbc/productjpadatasource data source for the product-unit persistence unit because it has encountered the following exception: javax.naming.NamingException: CWWKN0008E: An object could not be obtained for name jdbc/productjpadatasource..
	at org.eclipse.persistence.exceptions.EntityManagerSetupException.predeployFailed(EntityManagerSetupException.java:233)
	... 105 more
Caused by: jakarta.persistence.PersistenceException: CWWJP0013E: The server cannot locate the jdbc/productjpadatasource data source for the product-unit persistence unit because it has encountered the following exception: javax.naming.NamingException: CWWKN0008E: An object could not be obtained for name jdbc/productjpadatasource..
	at com.ibm.ws.jpa.management.JPAPUnitInfo.getJPADataSource(JPAPUnitInfo.java:362)
	at com.ibm.ws.jpa.management.JPAPUnitInfo.lookupJtaDataSource(JPAPUnitInfo.java:430)
	at com.ibm.ws.jpa.management.JPACompPUnitInfo.getJtaDataSource(JPACompPUnitInfo.java:139)
	at org.eclipse.persistence.internal.jpa.EntityManagerSetupImpl.predeploy(EntityManagerSetupImpl.java:1930)
	... 103 more
Caused by: javax.naming.NamingException: CWWKN0008E: An object could not be obtained for name jdbc/productjpadatasource.
	at com.ibm.ws.jndi.internal.WSContext.resolveObject(WSContext.java:143)
	at com.ibm.ws.jndi.internal.WSContext.lookup(WSContext.java:311)
	at com.ibm.ws.jndi.WSContextBase.lookup(WSContextBase.java:63)
	at org.apache.aries.jndi.DelegateContext.lookup(DelegateContext.java:149)
	at java.naming/javax.naming.InitialContext.lookup(InitialContext.java:409)
	at com.ibm.ws.jpa.container.osgi.internal.OSGiJPAPUnitInfo.lookupDataSource(OSGiJPAPUnitInfo.java:319)
	at com.ibm.ws.jpa.management.JPAPUnitInfo.getJPADataSource(JPAPUnitInfo.java:343)
	... 106 more

Dump of callerThis
Object type = com.ibm.ws.cdi.impl.weld.injection.WebSphereInjectionServicesImpl
  tc = class com.ibm.websphere.ras.TraceComponent@29c6d1a1
    strings[0] = "TraceComponent[com.ibm.ws.cdi.impl.weld.injection.WebSphereInjectionServicesImpl,class com.ibm.ws.cdi.impl.weld.injection.WebSphereInjectionServicesImpl,[JCDI],com.ibm.ws.cdi.internal.resources.CDI,null]"
  ANNOTATIONS_KNOWN_TO_WELD = class java.util.HashSet@440026a5
    serialVersionUID = "/* Could not access serialVersionUID */"
    map = "/* Could not access map */"
    PRESENT = "/* Could not access PRESENT */"
  referenceContextMap = class java.util.concurrent.ConcurrentHashMap@577e145b
    serialVersionUID = "/* Could not access serialVersionUID */"
    MAXIMUM_CAPACITY = "/* Could not access MAXIMUM_CAPACITY */"
    DEFAULT_CAPACITY = "/* Could not access DEFAULT_CAPACITY */"
    MAX_ARRAY_SIZE = "/* Could not access MAX_ARRAY_SIZE */"
    DEFAULT_CONCURRENCY_LEVEL = "/* Could not access DEFAULT_CONCURRENCY_LEVEL */"
    LOAD_FACTOR = "/* Could not access LOAD_FACTOR */"
    TREEIFY_THRESHOLD = "/* Could not access TREEIFY_THRESHOLD */"
    UNTREEIFY_THRESHOLD = "/* Could not access UNTREEIFY_THRESHOLD */"
    MIN_TREEIFY_CAPACITY = "/* Could not access MIN_TREEIFY_CAPACITY */"
    MIN_TRANSFER_STRIDE = "/* Could not access MIN_TRANSFER_STRIDE */"
    RESIZE_STAMP_BITS = "/* Could not access RESIZE_STAMP_BITS */"
    MAX_RESIZERS = "/* Could not access MAX_RESIZERS */"
    RESIZE_STAMP_SHIFT = "/* Could not access RESIZE_STAMP_SHIFT */"
    MOVED = "/* Could not access MOVED */"
    TREEBIN = "/* Could not access TREEBIN */"
    RESERVED = "/* Could not access RESERVED */"
    HASH_BITS = "/* Could not access HASH_BITS */"
    NCPU = "/* Could not access NCPU */"
    serialPersistentFields = "/* Could not access serialPersistentFields */"
    table = "/* Could not access table */"
    nextTable = "/* Could not access nextTable */"
    baseCount = "/* Could not access baseCount */"
    sizeCtl = "/* Could not access sizeCtl */"
    transferIndex = "/* Could not access transferIndex */"
    cellsBusy = "/* Could not access cellsBusy */"
    counterCells = "/* Could not access counterCells */"
    keySet = "/* Could not access keySet */"
    values = "/* Could not access values */"
    entrySet = "/* Could not access entrySet */"
    U = "/* Could not access U */"
    SIZECTL = "/* Could not access SIZECTL */"
    TRANSFERINDEX = "/* Could not access TRANSFERINDEX */"
    BASECOUNT = "/* Could not access BASECOUNT */"
    CELLSBUSY = "/* Could not access CELLSBUSY */"
    CELLVALUE = "/* Could not access CELLVALUE */"
    ABASE = "/* Could not access ABASE */"
    ASHIFT = "/* Could not access ASHIFT */"
    keySet = "/* Could not access keySet */"
    values = "/* Could not access values */"
  referenceContexts = class java.util.Collections$SetFromMap@642f9387
    m = "/* Could not access m */"
    s = "/* Could not access s */"
    serialVersionUID = "/* Could not access serialVersionUID */"
  injectionTargetListeners = class java.util.concurrent.ConcurrentHashMap@5c913323
    serialVersionUID = "/* Could not access serialVersionUID */"
    MAXIMUM_CAPACITY = "/* Could not access MAXIMUM_CAPACITY */"
    DEFAULT_CAPACITY = "/* Could not access DEFAULT_CAPACITY */"
    MAX_ARRAY_SIZE = "/* Could not access MAX_ARRAY_SIZE */"
    DEFAULT_CONCURRENCY_LEVEL = "/* Could not access DEFAULT_CONCURRENCY_LEVEL */"
    LOAD_FACTOR = "/* Could not access LOAD_FACTOR */"
    TREEIFY_THRESHOLD = "/* Could not access TREEIFY_THRESHOLD */"
    UNTREEIFY_THRESHOLD = "/* Could not access UNTREEIFY_THRESHOLD */"
    MIN_TREEIFY_CAPACITY = "/* Could not access MIN_TREEIFY_CAPACITY */"
    MIN_TRANSFER_STRIDE = "/* Could not access MIN_TRANSFER_STRIDE */"
    RESIZE_STAMP_BITS = "/* Could not access RESIZE_STAMP_BITS */"
    MAX_RESIZERS = "/* Could not access MAX_RESIZERS */"
    RESIZE_STAMP_SHIFT = "/* Could not access RESIZE_STAMP_SHIFT */"
    MOVED = "/* Could not access MOVED */"
    TREEBIN = "/* Could not access TREEBIN */"
    RESERVED = "/* Could not access RESERVED */"
    HASH_BITS = "/* Could not access HASH_BITS */"
    NCPU = "/* Could not access NCPU */"
    serialPersistentFields = "/* Could not access serialPersistentFields */"
    table = "/* Could not access table */"
    nextTable = "/* Could not access nextTable */"
    baseCount = "/* Could not access baseCount */"
    sizeCtl = "/* Could not access sizeCtl */"
    transferIndex = "/* Could not access transferIndex */"
    cellsBusy = "/* Could not access cellsBusy */"
    counterCells = "/* Could not access counterCells */"
    keySet = "/* Could not access keySet */"
    values = "/* Could not access values */"
    entrySet = "/* Could not access entrySet */"
    U = "/* Could not access U */"
    SIZECTL = "/* Could not access SIZECTL */"
    TRANSFERINDEX = "/* Could not access TRANSFERINDEX */"
    BASECOUNT = "/* Could not access BASECOUNT */"
    CELLSBUSY = "/* Could not access CELLSBUSY */"
    CELLVALUE = "/* Could not access CELLVALUE */"
    ABASE = "/* Could not access ABASE */"
    ASHIFT = "/* Could not access ASHIFT */"
    keySet = "/* Could not access keySet */"
    values = "/* Could not access values */"
  deployment = class com.ibm.ws.cdi.impl.weld.WebSphereCDIDeploymentImpl@1961031a
    tc = class com.ibm.websphere.ras.TraceComponent@780b1691
      strings[0] = "TraceComponent[com.ibm.ws.cdi.impl.weld.WebSphereCDIDeploymentImpl,class com.ibm.ws.cdi.impl.weld.WebSphereCDIDeploymentImpl,[JCDI],com.ibm.ws.cdi.internal.resources.CDI,null]"
    id = "mp-ecomm-store"
    deploymentDBAs = class java.util.HashMap@3e9a00a1
      serialVersionUID = "/* Could not access serialVersionUID */"
      DEFAULT_INITIAL_CAPACITY = "/* Could not access DEFAULT_INITIAL_CAPACITY */"
      MAXIMUM_CAPACITY = "/* Could not access MAXIMUM_CAPACITY */"
      DEFAULT_LOAD_FACTOR = "/* Could not access DEFAULT_LOAD_FACTOR */"
      TREEIFY_THRESHOLD = "/* Could not access TREEIFY_THRESHOLD */"
      UNTREEIFY_THRESHOLD = "/* Could not access UNTREEIFY_THRESHOLD */"
      MIN_TREEIFY_CAPACITY = "/* Could not access MIN_TREEIFY_CAPACITY */"
      table = "/* Could not access table */"
      entrySet = "/* Could not access entrySet */"
      size = "/* Could not access size */"
      modCount = "/* Could not access modCount */"
      threshold = "/* Could not access threshold */"
      loadFactor = "/* Could not access loadFactor */"
      keySet = "/* Could not access keySet */"
      values = "/* Could not access values */"
    applicationBDAs = class java.util.HashSet@26b10f5e
      serialVersionUID = "/* Could not access serialVersionUID */"
      map = "/* Could not access map */"
      PRESENT = "/* Could not access PRESENT */"
    extensionBDAs = class java.util.HashMap@736c2880
      serialVersionUID = "/* Could not access serialVersionUID */"
      DEFAULT_INITIAL_CAPACITY = "/* Could not access DEFAULT_INITIAL_CAPACITY */"
      MAXIMUM_CAPACITY = "/* Could not access MAXIMUM_CAPACITY */"
      DEFAULT_LOAD_FACTOR = "/* Could not access DEFAULT_LOAD_FACTOR */"
      TREEIFY_THRESHOLD = "/* Could not access TREEIFY_THRESHOLD */"
      UNTREEIFY_THRESHOLD = "/* Could not access UNTREEIFY_THRESHOLD */"
      MIN_TREEIFY_CAPACITY = "/* Could not access MIN_TREEIFY_CAPACITY */"
      table = "/* Could not access table */"
      entrySet = "/* Could not access entrySet */"
      size = "/* Could not access size */"
      modCount = "/* Could not access modCount */"
      threshold = "/* Could not access threshold */"
      loadFactor = "/* Could not access loadFactor */"
      keySet = "/* Could not access keySet */"
      values = "/* Could not access values */"
    orderedBDAs = class java.util.ArrayList@62849c24
      serialVersionUID = "/* Could not access serialVersionUID */"
      DEFAULT_CAPACITY = "/* Could not access DEFAULT_CAPACITY */"
      EMPTY_ELEMENTDATA = "/* Could not access EMPTY_ELEMENTDATA */"
      DEFAULTCAPACITY_EMPTY_ELEMENTDATA = "/* Could not access DEFAULTCAPACITY_EMPTY_ELEMENTDATA */"
      elementData = "/* Could not access elementData */"
      size = "/* Could not access size */"
      modCount = "/* Could not access modCount */"
    bootstrap = class org.jboss.weld.bootstrap.WeldBootstrap@c7507dd
      weldStartup = null
      weldRuntime = class org.jboss.weld.bootstrap.WeldRuntime@28cf4d6e
      beansXmlValidator = null
    classloader = class com.ibm.ws.classloading.internal.AppClassLoader@9246005
      tc = class com.ibm.websphere.ras.TraceComponent@d55d08f
      forbiddenClassNames = class java.util.Collections$UnmodifiableSet@4cdcf3
      FORBIDDEN_PROPERTIES = "forbidden.properties"
      NOTHING_FORBIDDEN_PROPERTY = "io.openliberty.classloading.nothing.forbidden"
      disableSharedClassesCache = false
      PARENT_FIRST_SEARCH_ORDER = class java.util.Collections$UnmodifiableRandomAccessList@1740f55c
      packagesDefined = class java.util.Collections$SetFromMap@2b1b97af
      CLASS_LOADING_TRACE_PREFIX = "com.ibm.ws.class.load."
      DEFAULT_PACKAGE = "default.package"
      perPackageClassLoadingTraceComponents = class java.util.concurrent.ConcurrentHashMap@730fa00e
      config = class com.ibm.ws.classloading.internal.ClassLoaderConfigurationImpl@7288c870
      privateLibraries = null
      delegateLoaders = class com.ibm.ws.classloading.internal.util.CompositeIterable@7b471360
      nativeLibraryFiles = class java.util.ArrayList@c964548
      transformers = class java.util.ArrayList@2178b04
      systemTransformers = class java.util.concurrent.CopyOnWriteArrayList@1c90323d
      apiAccess = class com.ibm.ws.classloading.internal.GatewayClassLoader@723a2eb0
      generator = class com.ibm.ws.classloading.internal.ClassGeneratorManager@50352ebe
      protectionDomains = class java.util.concurrent.ConcurrentHashMap@36e8087e
      hook = null
      serialVersionUID = 5906478461061001036
      checkpointPhase = class io.openliberty.checkpoint.spi.CheckpointPhase@360e63af
      tc = class com.ibm.websphere.ras.TraceComponent@612a3dc6
      smartClassPath = class com.ibm.ws.classloading.internal.ContainerClassLoader$SmartClassPathImpl@75f7c1d0
      nativeLibraryContainers = class java.util.ArrayList@4b756623
      redefiner = class com.ibm.ws.classloading.internal.util.ClassRedefiner@666161f1
      jarProtocol = "wsjar:"
      mapCreationQueue = class java.util.concurrent.Executors$FinalizableDelegatedExecutorService@23b77589
      serialVersionUID = 251246017270836472
      parent = class com.ibm.ws.classloading.internal.GatewayClassLoader@723a2eb0
      classNameLockStore = class com.ibm.ws.kernel.boot.utils.KeyBasedLockStore@75849be2
      serialVersionUID = -3020377578845918238
      $$$tc$$$ = class com.ibm.websphere.ras.TraceComponent@61fa5f43
      pdcache = "/* Could not access pdcache */"
    extensionClassLoaders = class java.util.HashSet@221032f2
      serialVersionUID = "/* Could not access serialVersionUID */"
      map = "/* Could not access map */"
      PRESENT = "/* Could not access PRESENT */"
    cdiEnabled = true
    cdiStatusMap = class java.util.HashMap@30aa2618
      serialVersionUID = "/* Could not access serialVersionUID */"
      DEFAULT_INITIAL_CAPACITY = "/* Could not access DEFAULT_INITIAL_CAPACITY */"
      MAXIMUM_CAPACITY = "/* Could not access MAXIMUM_CAPACITY */"
      DEFAULT_LOAD_FACTOR = "/* Could not access DEFAULT_LOAD_FACTOR */"
      TREEIFY_THRESHOLD = "/* Could not access TREEIFY_THRESHOLD */"
      UNTREEIFY_THRESHOLD = "/* Could not access UNTREEIFY_THRESHOLD */"
      MIN_TREEIFY_CAPACITY = "/* Could not access MIN_TREEIFY_CAPACITY */"
      table = "/* Could not access table */"
      entrySet = "/* Could not access entrySet */"
      size = "/* Could not access size */"
      modCount = "/* Could not access modCount */"
      threshold = "/* Could not access threshold */"
      loadFactor = "/* Could not access loadFactor */"
      keySet = "/* Could not access keySet */"
      values = "/* Could not access values */"
    classBDAMap = class java.util.concurrent.ConcurrentHashMap@7689f995
      serialVersionUID = "/* Could not access serialVersionUID */"
      MAXIMUM_CAPACITY = "/* Could not access MAXIMUM_CAPACITY */"
      DEFAULT_CAPACITY = "/* Could not access DEFAULT_CAPACITY */"
      MAX_ARRAY_SIZE = "/* Could not access MAX_ARRAY_SIZE */"
      DEFAULT_CONCURRENCY_LEVEL = "/* Could not access DEFAULT_CONCURRENCY_LEVEL */"
      LOAD_FACTOR = "/* Could not access LOAD_FACTOR */"
      TREEIFY_THRESHOLD = "/* Could not access TREEIFY_THRESHOLD */"
      UNTREEIFY_THRESHOLD = "/* Could not access UNTREEIFY_THRESHOLD */"
      MIN_TREEIFY_CAPACITY = "/* Could not access MIN_TREEIFY_CAPACITY */"
      MIN_TRANSFER_STRIDE = "/* Could not access MIN_TRANSFER_STRIDE */"
      RESIZE_STAMP_BITS = "/* Could not access RESIZE_STAMP_BITS */"
      MAX_RESIZERS = "/* Could not access MAX_RESIZERS */"
      RESIZE_STAMP_SHIFT = "/* Could not access RESIZE_STAMP_SHIFT */"
      MOVED = "/* Could not access MOVED */"
      TREEBIN = "/* Could not access TREEBIN */"
      RESERVED = "/* Could not access RESERVED */"
      HASH_BITS = "/* Could not access HASH_BITS */"
      NCPU = "/* Could not access NCPU */"
      serialPersistentFields = "/* Could not access serialPersistentFields */"
      table = "/* Could not access table */"
      nextTable = "/* Could not access nextTable */"
      baseCount = "/* Could not access baseCount */"
      sizeCtl = "/* Could not access sizeCtl */"
      transferIndex = "/* Could not access transferIndex */"
      cellsBusy = "/* Could not access cellsBusy */"
      counterCells = "/* Could not access counterCells */"
      keySet = "/* Could not access keySet */"
      values = "/* Could not access values */"
      entrySet = "/* Could not access entrySet */"
      U = "/* Could not access U */"
      SIZECTL = "/* Could not access SIZECTL */"
      TRANSFERINDEX = "/* Could not access TRANSFERINDEX */"
      BASECOUNT = "/* Could not access BASECOUNT */"
      CELLSBUSY = "/* Could not access CELLSBUSY */"
      CELLVALUE = "/* Could not access CELLVALUE */"
      ABASE = "/* Could not access ABASE */"
      ASHIFT = "/* Could not access ASHIFT */"
      keySet = "/* Could not access keySet */"
      values = "/* Could not access values */"
    application = class com.ibm.ws.cdi.internal.archive.liberty.ApplicationImpl@52665376
      tc = class com.ibm.websphere.ras.TraceComponent@613f2253
      applicationInfo = class com.ibm.ws.container.service.app.deploy.internal.ApplicationInfoImpl@11a9f98b
      earApplicationInfo = null
      factory = class com.ibm.ws.cdi.internal.archive.liberty.RuntimeFactory@4cc23e48
      type = class com.ibm.ws.cdi.internal.interfaces.ApplicationType@3c714467
      moduleArchives = class java.util.HashMap$Values@c686a9c
      libraryArchives = class java.util.HashMap$Values@3a8eae56
      tccl = class com.ibm.ws.classloading.internal.ThreadContextClassLoader@3aab216b
      serialVersionUID = -1774035872069118191
    serviceRegistry = class org.jboss.weld.bootstrap.api.helpers.SimpleServiceRegistry@71c26c6a
      services = class java.util.HashMap@79c5981e
    extensions = class java.util.HashSet@10390eac
      serialVersionUID = "/* Could not access serialVersionUID */"
      map = "/* Could not access map */"
      PRESENT = "/* Could not access PRESENT */"
    injectionServices = class com.ibm.ws.cdi.impl.weld.injection.WebSphereInjectionServicesImpl@2b12629b
    cdiRuntime = class com.ibm.ws.cdi.liberty.CDIRuntimeImpl@2945086f
      tc = class com.ibm.websphere.ras.TraceComponent@75256b4b
      metaDataSlotServiceSR = class com.ibm.wsspi.kernel.service.utils.AtomicServiceReference@34679e94
      ejbEndpointServiceSR = class com.ibm.wsspi.kernel.service.utils.AtomicServiceReference@276e9c38
      classLoadingSRRef = class com.ibm.wsspi.kernel.service.utils.AtomicServiceReference@75981186
      ejbServices = class com.ibm.wsspi.kernel.service.utils.AtomicServiceReference@20c86243
      transactionService = class com.ibm.wsspi.kernel.service.utils.AtomicServiceReference@28d3dbf0
      securityServices = class com.ibm.wsspi.kernel.service.utils.AtomicServiceReference@7b8f0d8e
      extensionsSR = class com.ibm.wsspi.kernel.service.utils.ConcurrentServiceReferenceSet@4eae2758
      spiExtensionsSR = class com.ibm.wsspi.kernel.service.utils.ConcurrentServiceReferenceSet@2d979eb4
      containerFactorySRRef = class com.ibm.wsspi.kernel.service.utils.AtomicServiceReference@1b2dccad
      adaptableModuleFactorySRRef = class com.ibm.wsspi.kernel.service.utils.AtomicServiceReference@184d413b
      injectionEngineServiceRef = class com.ibm.wsspi.kernel.service.utils.AtomicServiceReference@2766318d
      scheduledExecutorServiceRef = class com.ibm.wsspi.kernel.service.utils.AtomicServiceReference@369579eb
      executorServiceRef = class com.ibm.wsspi.kernel.service.utils.AtomicServiceReference@43289330
      managedExecutorServiceRef = class com.ibm.wsspi.kernel.service.utils.AtomicServiceReference@311e56f7
      resourceRefConfigFactoryRef = class com.ibm.wsspi.kernel.service.utils.AtomicServiceReference@2762f300
      deferredMetaDataFactoryRef = class com.ibm.wsspi.kernel.service.utils.AtomicServiceReference@3aa58c26
      beansXmlParser = class io.openliberty.cdi40.internal.weld.CDI40BeansXmlParserImpl@3d933951
      bceFinder = class io.openliberty.cdi40.internal.weld.CDI40BceFinder@7e7979fa
      cdiContainerEventManager = class io.openliberty.cdi40.internal.weld.CDI40ContainerEventManagerImpl@4eb37fc6
      weldDevelopmentMode = null
      cdiContainerConfig = class io.openliberty.cdi40.internal.weld.CDI40AggregatedConfigurationImpl@58e10e8a
      extensionArchiveProviders = class java.util.ArrayList@7c1cfd76
      extensionArchiveFactories = class java.util.ArrayList@491feda6
      applicationSlot = class com.ibm.ws.runtime.metadata.MetaDataSlotImpl@1c87f60c
      isClientProcess = false
      runtimeFactory = class com.ibm.ws.cdi.internal.archive.liberty.RuntimeFactory@4cc23e48
      proxyServices = class com.ibm.ws.cdi.proxy.ProxyServicesImpl@57ae9deb
      serialVersionUID = 7930911400118500928
      cdiContainer = class com.ibm.ws.cdi.impl.CDIContainerImpl@2ca108cc
      serialVersionUID = 7975911090376029176
      $$$tc$$$ = class com.ibm.websphere.ras.TraceComponent@19041fe6
    cdi = class com.ibm.ws.cdi.impl.CDIImpl@495803d2
      cdiService = class com.ibm.ws.cdi.liberty.CDIRuntimeImpl@2945086f
      serialVersionUID = -7939958868102936626
      $$$tc$$$ = class com.ibm.websphere.ras.TraceComponent@7d894cda
      knownClassNames = class org.jboss.weld.util.collections.ImmutableTinySet$Tripleton@61ea3865
      instanceCache = class org.jboss.weld.util.cache.ReentrantMapBackedComputingCache@42fe95c2
      lock = class java.lang.Object@1f13d3ab
      providerSetManually = true
      discoveredProviders = null
      configuredProvider = class com.ibm.ws.cdi.liberty.CDIRuntimeImpl@2945086f
    serialVersionUID = 4603914438338371166
  serialVersionUID = 2515575801175940133

Dump of objectArray[0]
Object type = org.jboss.weld.injection.producer.ResourceInjector$1
  val$instance = class io.microprofile.tutorial.store.product.repository.ProductRepository@5a6622de
    em = null
  val$ctx = class org.jboss.weld.contexts.CreationalContextImpl@65c8bcfd
    serialVersionUID = 7375854583908262422
    SERIALIZATION_PROXY = class org.jboss.weld.contexts.CreationalContextImpl$SerializationProxy@4e569b84
      serialVersionUID = 5261112077771498097
    incompleteInstances = class java.util.HashMap@76a78170
      serialVersionUID = "/* Could not access serialVersionUID */"
      DEFAULT_INITIAL_CAPACITY = "/* Could not access DEFAULT_INITIAL_CAPACITY */"
      MAXIMUM_CAPACITY = "/* Could not access MAXIMUM_CAPACITY */"
      DEFAULT_LOAD_FACTOR = "/* Could not access DEFAULT_LOAD_FACTOR */"
      TREEIFY_THRESHOLD = "/* Could not access TREEIFY_THRESHOLD */"
      UNTREEIFY_THRESHOLD = "/* Could not access UNTREEIFY_THRESHOLD */"
      MIN_TREEIFY_CAPACITY = "/* Could not access MIN_TREEIFY_CAPACITY */"
      table = "/* Could not access table */"
      entrySet = "/* Could not access entrySet */"
      size = "/* Could not access size */"
      modCount = "/* Could not access modCount */"
      threshold = "/* Could not access threshold */"
      loadFactor = "/* Could not access loadFactor */"
      keySet = "/* Could not access keySet */"
      values = "/* Could not access values */"
    contextual = class org.jboss.weld.bean.ManagedBean@7dd06669
    dependentInstances = class java.util.Collections$SynchronizedRandomAccessList@7d6bff72
      serialVersionUID = "/* Could not access serialVersionUID */"
      serialVersionUID = "/* Could not access serialVersionUID */"
      list = "/* Could not access list */"
      serialVersionUID = "/* Could not access serialVersionUID */"
      c = "/* Could not access c */"
      mutex = "/* Could not access mutex */"
    parentDependentInstances = class java.util.Collections$SynchronizedRandomAccessList@17ccbd05
      serialVersionUID = "/* Could not access serialVersionUID */"
      serialVersionUID = "/* Could not access serialVersionUID */"
      list = "/* Could not access list */"
      serialVersionUID = "/* Could not access serialVersionUID */"
      c = "/* Could not access c */"
      mutex = "/* Could not access mutex */"
    parentCreationalContext = null
    destroyed = null
    resourceReferences = null
    constructorInterceptionSuppressed = false
    aroundConstructCallbacks = null
    aroundConstructInterceptionContext = null
  val$manager = class org.jboss.weld.manager.BeanManagerImpl@67fc47b7
    serialVersionUID = 3021562879133838561
    CREATIONAL_CONTEXT = "creationalContext"
    services = class org.jboss.weld.bootstrap.api.helpers.SimpleServiceRegistry@4f398b34
      services = class java.util.HashMap@6b333d59
    contexts = class java.util.concurrent.ConcurrentHashMap@58609af9
      serialVersionUID = "/* Could not access serialVersionUID */"
      MAXIMUM_CAPACITY = "/* Could not access MAXIMUM_CAPACITY */"
      DEFAULT_CAPACITY = "/* Could not access DEFAULT_CAPACITY */"
      MAX_ARRAY_SIZE = "/* Could not access MAX_ARRAY_SIZE */"
      DEFAULT_CONCURRENCY_LEVEL = "/* Could not access DEFAULT_CONCURRENCY_LEVEL */"
      LOAD_FACTOR = "/* Could not access LOAD_FACTOR */"
      TREEIFY_THRESHOLD = "/* Could not access TREEIFY_THRESHOLD */"
      UNTREEIFY_THRESHOLD = "/* Could not access UNTREEIFY_THRESHOLD */"
      MIN_TREEIFY_CAPACITY = "/* Could not access MIN_TREEIFY_CAPACITY */"
      MIN_TRANSFER_STRIDE = "/* Could not access MIN_TRANSFER_STRIDE */"
      RESIZE_STAMP_BITS = "/* Could not access RESIZE_STAMP_BITS */"
      MAX_RESIZERS = "/* Could not access MAX_RESIZERS */"
      RESIZE_STAMP_SHIFT = "/* Could not access RESIZE_STAMP_SHIFT */"
      MOVED = "/* Could not access MOVED */"
      TREEBIN = "/* Could not access TREEBIN */"
      RESERVED = "/* Could not access RESERVED */"
      HASH_BITS = "/* Could not access HASH_BITS */"
      NCPU = "/* Could not access NCPU */"
      serialPersistentFields = "/* Could not access serialPersistentFields */"
      table = "/* Could not access table */"
      nextTable = "/* Could not access nextTable */"
      baseCount = "/* Could not access baseCount */"
      sizeCtl = "/* Could not access sizeCtl */"
      transferIndex = "/* Could not access transferIndex */"
      cellsBusy = "/* Could not access cellsBusy */"
      counterCells = "/* Could not access counterCells */"
      keySet = "/* Could not access keySet */"
      values = "/* Could not access values */"
      entrySet = "/* Could not access entrySet */"
      U = "/* Could not access U */"
      SIZECTL = "/* Could not access SIZECTL */"
      TRANSFERINDEX = "/* Could not access TRANSFERINDEX */"
      BASECOUNT = "/* Could not access BASECOUNT */"
      CELLSBUSY = "/* Could not access CELLSBUSY */"
      CELLVALUE = "/* Could not access CELLVALUE */"
      ABASE = "/* Could not access ABASE */"
      ASHIFT = "/* Could not access ASHIFT */"
      keySet = "/* Could not access keySet */"
      values = "/* Could not access values */"
    clientProxyProvider = class org.jboss.weld.bean.proxy.ClientProxyProvider@58ec88c0
      BEAN_NOT_PROXYABLE_MARKER = class java.lang.Object@7c9243a4
      beanTypeClosureProxyPool = class org.jboss.weld.util.cache.ReentrantMapBackedComputingCache@4fa1721f
      requestedTypeClosureProxyPool = class org.jboss.weld.util.cache.ReentrantMapBackedComputingCache@2cf206d1
      contextId = "mp-ecomm-store"
      services = class org.jboss.weld.bootstrap.api.helpers.ServiceRegistries$1@6c889311
    enterpriseBeans = class java.util.concurrent.ConcurrentHashMap@3b5e0c89
      serialVersionUID = "/* Could not access serialVersionUID */"
      MAXIMUM_CAPACITY = "/* Could not access MAXIMUM_CAPACITY */"
      DEFAULT_CAPACITY = "/* Could not access DEFAULT_CAPACITY */"
      MAX_ARRAY_SIZE = "/* Could not access MAX_ARRAY_SIZE */"
      DEFAULT_CONCURRENCY_LEVEL = "/* Could not access DEFAULT_CONCURRENCY_LEVEL */"
      LOAD_FACTOR = "/* Could not access LOAD_FACTOR */"
      TREEIFY_THRESHOLD = "/* Could not access TREEIFY_THRESHOLD */"
      UNTREEIFY_THRESHOLD = "/* Could not access UNTREEIFY_THRESHOLD */"
      MIN_TREEIFY_CAPACITY = "/* Could not access MIN_TREEIFY_CAPACITY */"
      MIN_TRANSFER_STRIDE = "/* Could not access MIN_TRANSFER_STRIDE */"
      RESIZE_STAMP_BITS = "/* Could not access RESIZE_STAMP_BITS */"
      MAX_RESIZERS = "/* Could not access MAX_RESIZERS */"
      RESIZE_STAMP_SHIFT = "/* Could not access RESIZE_STAMP_SHIFT */"
      MOVED = "/* Could not access MOVED */"
      TREEBIN = "/* Could not access TREEBIN */"
      RESERVED = "/* Could not access RESERVED */"
      HASH_BITS = "/* Could not access HASH_BITS */"
      NCPU = "/* Could not access NCPU */"
      serialPersistentFields = "/* Could not access serialPersistentFields */"
      table = "/* Could not access table */"
      nextTable = "/* Could not access nextTable */"
      baseCount = "/* Could not access baseCount */"
      sizeCtl = "/* Could not access sizeCtl */"
      transferIndex = "/* Could not access transferIndex */"
      cellsBusy = "/* Could not access cellsBusy */"
      counterCells = "/* Could not access counterCells */"
      keySet = "/* Could not access keySet */"
      values = "/* Could not access values */"
      entrySet = "/* Could not access entrySet */"
      U = "/* Could not access U */"
      SIZECTL = "/* Could not access SIZECTL */"
      TRANSFERINDEX = "/* Could not access TRANSFERINDEX */"
      BASECOUNT = "/* Could not access BASECOUNT */"
      CELLSBUSY = "/* Could not access CELLSBUSY */"
      CELLVALUE = "/* Could not access CELLVALUE */"
      ABASE = "/* Could not access ABASE */"
      ASHIFT = "/* Could not access ASHIFT */"
      keySet = "/* Could not access keySet */"
      values = "/* Could not access values */"
    enabled = class org.jboss.weld.bootstrap.enablement.ModuleEnablement@383d40fd
      EMPTY_ENABLEMENT = class org.jboss.weld.bootstrap.enablement.ModuleEnablement@3d4c8bbc
      interceptors = class org.jboss.weld.util.collections.ImmutableArrayList@702d7683
      decorators = class java.util.Collections$EmptyList@1226bd4b
      interceptorMap = class java.util.Collections$UnmodifiableMap@76a613c3
      decoratorMap = class java.util.Collections$EmptyMap@46e57dfa
      globalAlternatives = class java.util.Collections$EmptyMap@46e57dfa
      localAlternativeClasses = class java.util.Collections$EmptySet@6b9a7a64
      localAlternativeStereotypes = class java.util.Collections$EmptySet@6b9a7a64
      decoratorComparator = class org.jboss.weld.bootstrap.enablement.ModuleEnablement$EnablementComparator@1fad1ff1
      interceptorComparator = class org.jboss.weld.bootstrap.enablement.ModuleEnablement$EnablementComparator@42ffbe9
    beanResolver = class org.jboss.weld.resolution.TypeSafeBeanResolver@6456a251
      beanManager = class org.jboss.weld.manager.BeanManagerImpl@67fc47b7
      disambiguatedBeans = class org.jboss.weld.util.cache.ReentrantMapBackedComputingCache@7c2aab65
      store = class org.jboss.weld.metadata.cache.MetaAnnotationStore@5175127
      beansByType = class org.jboss.weld.resolution.AbstractTypeSafeBeanResolver$1@2907193a
      resolved = class org.jboss.weld.util.cache.ReentrantMapBackedComputingCache@6c152574
      allBeans = class org.jboss.weld.util.collections.Iterables$$Lambda$287/0x00007fb61474be10@454dca10
      resolverFunction = class org.jboss.weld.resolution.TypeSafeResolver$ResolvableToBeanCollection@7aec25f7
    decoratorResolver = class org.jboss.weld.resolution.TypeSafeDecoratorResolver@58409c93
      rules = class org.jboss.weld.resolution.DelegateInjectionPointAssignabilityRules@2f3677a9
      beanManager = class org.jboss.weld.manager.BeanManagerImpl@67fc47b7
      disambiguatedBeans = class org.jboss.weld.util.cache.ReentrantMapBackedComputingCache@5893a729
      store = class org.jboss.weld.metadata.cache.MetaAnnotationStore@5175127
      beansByType = class org.jboss.weld.resolution.AbstractTypeSafeBeanResolver$1@2398ef61
      resolved = class org.jboss.weld.util.cache.ReentrantMapBackedComputingCache@6f40174e
      allBeans = class org.jboss.weld.util.collections.Iterables$$Lambda$287/0x00007fb61474be10@73d7ae30
      resolverFunction = class org.jboss.weld.resolution.TypeSafeResolver$ResolvableToBeanCollection@36b8e58c
    interceptorResolver = class org.jboss.weld.resolution.TypeSafeInterceptorResolver@13b1e956
      manager = class org.jboss.weld.manager.BeanManagerImpl@67fc47b7
      resolved = class org.jboss.weld.util.cache.ReentrantMapBackedComputingCache@78396191
      allBeans = class org.jboss.weld.util.collections.Iterables$$Lambda$287/0x00007fb61474be10@7ca30934
      resolverFunction = class org.jboss.weld.resolution.TypeSafeResolver$ResolvableToBeanCollection@d16ab71
    nameBasedResolver = class org.jboss.weld.resolution.NameBasedResolver@41596975
      resolvedNames = class org.jboss.weld.util.cache.ReentrantMapBackedComputingCache@2e97247
    weldELResolver = class org.jboss.weld.module.web.el.WeldELResolver@104c0f25
      beanManager = class org.jboss.weld.manager.BeanManagerImpl@67fc47b7
      rootNamespace = class org.jboss.weld.util.LazyValueHolder$1@4fd769c3
      TYPE = "type"
      RESOLVABLE_AT_DESIGN_TIME = "resolvableAtDesignTime"
    accessibleLenientObserverNotifier = class org.jboss.weld.module.jta.TransactionalObserverNotifier@4cb4adbb
      FACTORY = class org.jboss.weld.module.jta.TransactionalObserverNotifier$1@2e489bce
      transactionServices = class com.ibm.ws.cdi.impl.weld.TransactionServicesImpl@5fed95d
      contextId = "mp-ecomm-store"
      NO_EXCEPTION_MARKER = class java.lang.RuntimeException@1ea68788
      resolver = class org.jboss.weld.resolution.TypeSafeObserverResolver@6c0db8f0
      sharedObjectCache = class org.jboss.weld.resources.SharedObjectCache@77be64ce
      strict = false
      currentEventMetadata = class org.jboss.weld.event.CurrentEventMetadata@671d854
      eventTypeCheckCache = null
      asyncEventExecutor = class com.ibm.ws.threading.internal.ExecutorServiceImpl@5b5e5972
      timerExecutor = class com.ibm.ws.threading.internal.ScheduledExecutorImpl@75b6ddf6
      securityServices = class io.openliberty.cdi40.internal.weld.DefaultCDI40SecurityService@5f869e0f
      requestContextHolder = class org.jboss.weld.util.LazyValueHolder$1@5ecd6737
    globalLenientObserverNotifier = class org.jboss.weld.module.jta.TransactionalObserverNotifier@50530622
      FACTORY = class org.jboss.weld.module.jta.TransactionalObserverNotifier$1@2e489bce
      transactionServices = class com.ibm.ws.cdi.impl.weld.TransactionServicesImpl@5fed95d
      contextId = "mp-ecomm-store"
      NO_EXCEPTION_MARKER = class java.lang.RuntimeException@1ea68788
      resolver = class org.jboss.weld.resolution.TypeSafeObserverResolver@523ff7dd
      sharedObjectCache = class org.jboss.weld.resources.SharedObjectCache@77be64ce
      strict = false
      currentEventMetadata = class org.jboss.weld.event.CurrentEventMetadata@671d854
      eventTypeCheckCache = null
      asyncEventExecutor = class com.ibm.ws.threading.internal.ExecutorServiceImpl@5b5e5972
      timerExecutor = class com.ibm.ws.threading.internal.ScheduledExecutorImpl@75b6ddf6
      securityServices = class io.openliberty.cdi40.internal.weld.DefaultCDI40SecurityService@5f869e0f
      requestContextHolder = class org.jboss.weld.util.LazyValueHolder$1@54c761b8
    globalStrictObserverNotifier = class org.jboss.weld.module.jta.TransactionalObserverNotifier@5acbdf9c
      FACTORY = class org.jboss.weld.module.jta.TransactionalObserverNotifier$1@2e489bce
      transactionServices = class com.ibm.ws.cdi.impl.weld.TransactionServicesImpl@5fed95d
      contextId = "mp-ecomm-store"
      NO_EXCEPTION_MARKER = class java.lang.RuntimeException@1ea68788
      resolver = class org.jboss.weld.resolution.TypeSafeObserverResolver@523ff7dd
      sharedObjectCache = class org.jboss.weld.resources.SharedObjectCache@77be64ce
      strict = true
      currentEventMetadata = class org.jboss.weld.event.CurrentEventMetadata@671d854
      eventTypeCheckCache = class org.jboss.weld.util.cache.ReentrantMapBackedComputingCache@3daa70b3
      asyncEventExecutor = class com.ibm.ws.threading.internal.ExecutorServiceImpl@5b5e5972
      timerExecutor = class com.ibm.ws.threading.internal.ScheduledExecutorImpl@75b6ddf6
      securityServices = class io.openliberty.cdi40.internal.weld.DefaultCDI40SecurityService@5f869e0f
      requestContextHolder = class org.jboss.weld.util.LazyValueHolder$1@73c2ef18
    enabledBeans = class java.util.concurrent.CopyOnWriteArrayList@2a8ed6c7
      serialVersionUID = "/* Could not access serialVersionUID */"
      lock = "/* Could not access lock */"
      array = "/* Could not access array */"
    sharedBeans = class java.util.concurrent.CopyOnWriteArrayList@43be6f58
      serialVersionUID = "/* Could not access serialVersionUID */"
      lock = "/* Could not access lock */"
      array = "/* Could not access array */"
    specializedBeans = class java.util.concurrent.CopyOnWriteArrayList@b14131b
      serialVersionUID = "/* Could not access serialVersionUID */"
      lock = "/* Could not access lock */"
      array = "/* Could not access array */"
    decorators = class java.util.concurrent.CopyOnWriteArrayList@fa70ada
      serialVersionUID = "/* Could not access serialVersionUID */"
      lock = "/* Could not access lock */"
      array = "/* Could not access array */"
    interceptors = class java.util.concurrent.CopyOnWriteArrayList@5343dd07
      serialVersionUID = "/* Could not access serialVersionUID */"
      lock = "/* Could not access lock */"
      array = "/* Could not access array */"
    namespaces = class java.util.concurrent.CopyOnWriteArrayList@6337ac98
      serialVersionUID = "/* Could not access serialVersionUID */"
      lock = "/* Could not access lock */"
      array = "/* Could not access array */"
    observers = class java.util.concurrent.CopyOnWriteArrayList@4890e72e
      serialVersionUID = "/* Could not access serialVersionUID */"
      lock = "/* Could not access lock */"
      array = "/* Could not access array */"
    beanSet = null
    managers = class java.util.HashSet@7f56c53c
      serialVersionUID = "/* Could not access serialVersionUID */"
      map = "/* Could not access map */"
      PRESENT = "/* Could not access PRESENT */"
    accessibleManagers = class java.util.HashSet@32308434
      serialVersionUID = "/* Could not access serialVersionUID */"
      map = "/* Could not access map */"
      PRESENT = "/* Could not access PRESENT */"
    id = "mp-ecomm-store#mp-ecomm-store.war"
    contextId = "mp-ecomm-store"
    interceptorModelRegistry = class java.util.concurrent.ConcurrentHashMap@6cbdad86
      serialVersionUID = "/* Could not access serialVersionUID */"
      MAXIMUM_CAPACITY = "/* Could not access MAXIMUM_CAPACITY */"
      DEFAULT_CAPACITY = "/* Could not access DEFAULT_CAPACITY */"
      MAX_ARRAY_SIZE = "/* Could not access MAX_ARRAY_SIZE */"
      DEFAULT_CONCURRENCY_LEVEL = "/* Could not access DEFAULT_CONCURRENCY_LEVEL */"
      LOAD_FACTOR = "/* Could not access LOAD_FACTOR */"
      TREEIFY_THRESHOLD = "/* Could not access TREEIFY_THRESHOLD */"
      UNTREEIFY_THRESHOLD = "/* Could not access UNTREEIFY_THRESHOLD */"
      MIN_TREEIFY_CAPACITY = "/* Could not access MIN_TREEIFY_CAPACITY */"
      MIN_TRANSFER_STRIDE = "/* Could not access MIN_TRANSFER_STRIDE */"
      RESIZE_STAMP_BITS = "/* Could not access RESIZE_STAMP_BITS */"
      MAX_RESIZERS = "/* Could not access MAX_RESIZERS */"
      RESIZE_STAMP_SHIFT = "/* Could not access RESIZE_STAMP_SHIFT */"
      MOVED = "/* Could not access MOVED */"
      TREEBIN = "/* Could not access TREEBIN */"
      RESERVED = "/* Could not access RESERVED */"
      HASH_BITS = "/* Could not access HASH_BITS */"
      NCPU = "/* Could not access NCPU */"
      serialPersistentFields = "/* Could not access serialPersistentFields */"
      table = "/* Could not access table */"
      nextTable = "/* Could not access nextTable */"
      baseCount = "/* Could not access baseCount */"
      sizeCtl = "/* Could not access sizeCtl */"
      transferIndex = "/* Could not access transferIndex */"
      cellsBusy = "/* Could not access cellsBusy */"
      counterCells = "/* Could not access counterCells */"
      keySet = "/* Could not access keySet */"
      values = "/* Could not access values */"
      entrySet = "/* Could not access entrySet */"
      U = "/* Could not access U */"
      SIZECTL = "/* Could not access SIZECTL */"
      TRANSFERINDEX = "/* Could not access TRANSFERINDEX */"
      BASECOUNT = "/* Could not access BASECOUNT */"
      CELLSBUSY = "/* Could not access CELLSBUSY */"
      CELLVALUE = "/* Could not access CELLVALUE */"
      ABASE = "/* Could not access ABASE */"
      ASHIFT = "/* Could not access ASHIFT */"
      keySet = "/* Could not access keySet */"
      values = "/* Could not access values */"
    interceptorMetadataReader = class org.jboss.weld.interceptor.reader.InterceptorMetadataReader@23db9ea8
      manager = class org.jboss.weld.manager.BeanManagerImpl@67fc47b7
      plainInterceptorMetadataCache = class org.jboss.weld.util.cache.ReentrantMapBackedComputingCache@25056cd5
      cdiInterceptorMetadataCache = class org.jboss.weld.util.cache.ReentrantMapBackedComputingCache@42bfe573
      interceptorToInterceptorMetadataFunction = class org.jboss.weld.interceptor.reader.InterceptorMetadataReader$$Lambda$288/0x00007fb61474db40@3609ca5e
    containerLifecycleEvents = class org.jboss.weld.bootstrap.events.ContainerLifecycleEvents@6a6dd0ca
      everythingObserved = false
      processAnnotatedTypeObserved = true
      processBeanObserved = true
      processBeanAttributesObserved = false
      processInjectionPointObserved = false
      processInjectionTargetObserved = true
      processProducerObserved = false
      processObserverMethodObserved = false
      discovery = class org.jboss.weld.bootstrap.events.RequiredAnnotationDiscovery@1c9fe5e7
      preloader = class org.jboss.weld.bootstrap.events.ContainerLifecycleEventPreloader@286d0af4
    registry = class org.jboss.weld.bootstrap.SpecializationAndEnablementRegistry@5c4ae897
      specializedBeanResolvers = class org.jboss.weld.util.cache.ReentrantMapBackedComputingCache@227f069
      environmentByManager = class java.util.concurrent.ConcurrentHashMap@2f8b6eef
      specializedBeans = class org.jboss.weld.util.cache.ReentrantMapBackedComputingCache@414aac45
      specializedBeansMap = class java.util.concurrent.ConcurrentHashMap@2594215b
    currentInjectionPoint = class org.jboss.weld.injection.CurrentInjectionPoint@5d1aaf05
      threadLocalStack = class org.jboss.weld.injection.ThreadLocalStack$1@651637ba
      NULL_REFERENCE = class org.jboss.weld.injection.ThreadLocalStack$2@13b40697
    clientProxyOptimization = false
    validationFailureCallbacks = class java.util.concurrent.CopyOnWriteArrayList@224b44d0
      serialVersionUID = "/* Could not access serialVersionUID */"
      lock = "/* Could not access lock */"
      array = "/* Could not access array */"
    requestInitializedEvent = class org.jboss.weld.util.LazyValueHolder$1@26a43bd3
      val$supplier = class org.jboss.weld.manager.BeanManagerImpl$$Lambda$294/0x00007fb614750f80@59acb786
      value = class org.jboss.weld.event.FastEvent@57c10ba2
    requestBeforeDestroyedEvent = class org.jboss.weld.util.LazyValueHolder$1@2da171c0
      val$supplier = class org.jboss.weld.manager.BeanManagerImpl$$Lambda$295/0x00007fb6147511a8@180d2938
      value = class org.jboss.weld.event.FastEvent@6c85d0c0
    requestDestroyedEvent = class org.jboss.weld.util.LazyValueHolder$1@25cb81f6
      val$supplier = class org.jboss.weld.manager.BeanManagerImpl$$Lambda$296/0x00007fb6147513d0@3b9ed640
      value = class org.jboss.weld.event.FastEvent@65fc7e23
  this$0 = class org.jboss.weld.injection.producer.ResourceInjector@a238ff8
    resourceInjectionsHierarchy = class java.util.Collections$EmptyList@1226bd4b
      serialVersionUID = "/* Could not access serialVersionUID */"
      modCount = "/* Could not access modCount */"
    injectableFields = class org.jboss.weld.util.collections.ImmutableTinyList$Singleton@5d5e3c5b
      serialVersionUID = 1
      element = class java.util.Collections$EmptySet@6b9a7a64
      modCount = "/* Could not access modCount */"
    initializerMethods = class org.jboss.weld.util.collections.ImmutableTinyList$Singleton@5aa3ee80
      serialVersionUID = 1
      element = class java.util.Collections$EmptySet@6b9a7a64
      modCount = "/* Could not access modCount */"
  beanManager = class org.jboss.weld.manager.BeanManagerImpl@67fc47b7
  injectionTarget = class org.jboss.weld.injection.producer.BeanInjectionTarget@581b3799
    bean = class org.jboss.weld.bean.ManagedBean@7dd06669
      proxiable = true
      passivationCapableBean = false
      passivationCapableDependency = true
      hasPostConstructCallback = false
      annotatedType = class org.jboss.weld.annotated.slim.backed.BackedAnnotatedType@78944733
      enhancedAnnotatedItem = null
      producer = class org.jboss.weld.injection.producer.BeanInjectionTarget@581b3799
      type = class java.lang.Class@2e3635c2
      preInitialized = false
      proxyRequired = true
      producer = null
      ignoreFinalMethods = false
      beanManager = class org.jboss.weld.manager.BeanManagerImpl@67fc47b7
      initialized = true
      qualifiers = class org.jboss.weld.util.collections.ImmutableTinySet$Doubleton@461cd98f
      contextualInstanceStrategy = class org.jboss.weld.bean.ContextualInstanceStrategy$CachingContextualInstanceStrategy@7a649b13
      attributes = class org.jboss.weld.bean.attributes.ImmutableBeanAttributes@525c8f55
      identifier = class org.jboss.weld.bean.StringBeanIdentifier@1beea413
    beanManager = class org.jboss.weld.manager.BeanManagerImpl@67fc47b7
    type = class org.jboss.weld.annotated.slim.backed.BackedAnnotatedType@78944733
    injectionPoints = class java.util.Collections$EmptySet@6b9a7a64
      serialVersionUID = "/* Could not access serialVersionUID */"
    instantiator = class org.jboss.weld.injection.producer.DefaultInstantiator@6abc2f71
      constructor = class org.jboss.weld.injection.ConstructorInjectionPoint@42d1d8a4
    injector = class org.jboss.weld.injection.producer.ResourceInjector@a238ff8
    invoker = class org.jboss.weld.injection.producer.DefaultLifecycleCallbackInvoker@304b40ca
      accessiblePostConstructMethods = class java.util.Collections$EmptyList@1226bd4b
      accessiblePreDestroyMethods = class java.util.Collections$EmptyList@1226bd4b
  annotatedType = class org.jboss.weld.annotated.slim.backed.BackedAnnotatedType@78944733
    javaClass = class java.lang.Class@2e3635c2
      ANNOTATION = "/* Could not access ANNOTATION */"
      ENUM = "/* Could not access ENUM */"
      SYNTHETIC = "/* Could not access SYNTHETIC */"
      cachedConstructor = "/* Could not access cachedConstructor */"
      name = "/* Could not access name */"
      module = "/* Could not access module */"
      packageName = "/* Could not access packageName */"
      componentType = "/* Could not access componentType */"
      allPermDomain = "/* Could not access allPermDomain */"
      reflectionData = "/* Could not access reflectionData */"
      classRedefinedCount = "/* Could not access classRedefinedCount */"
      genericInfo = "/* Could not access genericInfo */"
      EMPTY_CLASS_ARRAY = "/* Could not access EMPTY_CLASS_ARRAY */"
      serialVersionUID = "/* Could not access serialVersionUID */"
      serialPersistentFields = "/* Could not access serialPersistentFields */"
      reflectionFactory = "/* Could not access reflectionFactory */"
      enumConstants = "/* Could not access enumConstants */"
      enumConstantDirectory = "/* Could not access enumConstantDirectory */"
      annotationData = "/* Could not access annotationData */"
      annotationType = "/* Could not access annotationType */"
      classValueMap = "/* Could not access classValueMap */"
    constructors = class org.jboss.weld.annotated.slim.backed.BackedAnnotatedType$BackedAnnotatedConstructors@6dbc8ec3
      this$0 = class org.jboss.weld.annotated.slim.backed.BackedAnnotatedType@78944733
      this$0 = class org.jboss.weld.annotated.slim.backed.BackedAnnotatedType@78944733
      value = null
    methods = class org.jboss.weld.annotated.slim.backed.BackedAnnotatedType$BackedAnnotatedMethods@27da3e05
      this$0 = class org.jboss.weld.annotated.slim.backed.BackedAnnotatedType@78944733
      this$0 = class org.jboss.weld.annotated.slim.backed.BackedAnnotatedType@78944733
      value = null
    fields = class org.jboss.weld.annotated.slim.backed.BackedAnnotatedType$BackedAnnotatedFields@5e8c5e3
      this$0 = class org.jboss.weld.annotated.slim.backed.BackedAnnotatedType@78944733
      this$0 = class org.jboss.weld.annotated.slim.backed.BackedAnnotatedType@78944733
      value = null
    sharedObjectCache = class org.jboss.weld.resources.SharedObjectCache@77be64ce
      sharedSets = class org.jboss.weld.util.cache.ReentrantMapBackedComputingCache@7c51bc41
      sharedMaps = class org.jboss.weld.util.cache.ReentrantMapBackedComputingCache@18dfe056
      typeClosureHolders = class org.jboss.weld.util.cache.ReentrantMapBackedComputingCache@20aa9d1f
    reflectionCache = class org.jboss.weld.resources.HotspotReflectionCache@7e7d266c
      annotationTypeLock = class java.lang.Class@6e6c3152
      store = class org.jboss.weld.metadata.TypeStore@56f6b7c2
      ANNOTATIONS_FUNCTION = class org.jboss.weld.resources.DefaultReflectionCache$$Lambda$270/0x00007fb614729518@15ec8987
      DECLARED_ANNOTATIONS_FUNCTION = class org.jboss.weld.resources.DefaultReflectionCache$$Lambda$271/0x00007fb614729760@7ef11bd3
      annotations = class org.jboss.weld.util.cache.ReentrantMapBackedComputingCache@4bb03fe5
      declaredAnnotations = class org.jboss.weld.util.cache.ReentrantMapBackedComputingCache@281bc9f6
      backedAnnotatedTypeAnnotations = class org.jboss.weld.util.cache.ReentrantMapBackedComputingCache@59caddc3
      annotationClasses = class org.jboss.weld.util.cache.ReentrantMapBackedComputingCache@2f137aaa
    identifier = class org.jboss.weld.annotated.slim.AnnotatedTypeIdentifier@8a105b0
      NULL_BDA_ID = "org.jboss.weld.annotated.slim.AnnotatedTypeIdentifier.null"
      SYNTHETIC_ANNOTATION_SUFFIX = "syntheticAnnotation"
      serialVersionUID = -264184070652700144
      contextId = "mp-ecomm-store"
      bdaId = "mp-ecomm-store#mp-ecomm-store.war"
      className = "io.microprofile.tutorial.store.product.repository.ProductRepository"
      suffix = null
      modified = false
      hashCode = -1208226974
    typeClosure = class org.jboss.weld.annotated.enhanced.TypeClosureLazyValueHolder@4ba51e9a
      type = class java.lang.Class@2e3635c2
      value = class org.jboss.weld.util.collections.ImmutableTinySet$Doubleton@53ec73ee
    baseType = class java.lang.Class@2e3635c2
  target = class io.microprofile.tutorial.store.product.repository.ProductRepository@5a6622de

