------Start of DE processing------ = [3/3/24, 7:04:42:831 UTC]
Exception = java.lang.UnsupportedClassVersionError
Source = com.ibm.ws.jdbc.DataSourceService
probeid = 591
Stack Dump = java.lang.UnsupportedClassVersionError: org/apache/derby/jdbc/EmbeddedConnectionPoolDataSource40 has been compiled by a more recent version of the Java Runtime (class file version 63.0), this version of the Java Runtime only recognizes class file versions up to 61.0
	at java.base/java.lang.ClassLoader.defineClass1(Native Method)
	at java.base/java.lang.ClassLoader.defineClass(ClassLoader.java:1017)
	at com.ibm.ws.classloading.internal.AppClassLoader.definePackageAndClass(AppClassLoader.java:435)
	at com.ibm.ws.classloading.internal.AppClassLoader.findClass(AppClassLoader.java:333)
	at com.ibm.ws.classloading.internal.AppClassLoader.findOrDelegateLoadClass(AppClassLoader.java:714)
	at com.ibm.ws.classloading.internal.AppClassLoader.loadClass(AppClassLoader.java:586)
	at com.ibm.ws.classloading.internal.AppClassLoader.loadClass(AppClassLoader.java:553)
	at java.base/java.lang.ClassLoader.loadClass(ClassLoader.java:525)
	at com.ibm.ws.jdbc.internal.JDBCDriverService$1.run(JDBCDriverService.java:315)
	at com.ibm.ws.jdbc.internal.JDBCDriverService$1.run(JDBCDriverService.java:305)
	at java.base/java.security.AccessController.doPrivileged(AccessController.java:569)
	at com.ibm.ws.jdbc.internal.JDBCDriverService.create(JDBCDriverService.java:305)
	at com.ibm.ws.jdbc.internal.JDBCDriverService.createAnyPreferLegacyOrder(JDBCDriverService.java:448)
	at com.ibm.ws.jdbc.DataSourceService.init(DataSourceService.java:610)
	at com.ibm.ws.jca.cm.AbstractConnectionFactoryService$2.run(AbstractConnectionFactoryService.java:524)
	at com.ibm.ws.jca.cm.AbstractConnectionFactoryService$2.run(AbstractConnectionFactoryService.java:521)
	at java.base/java.security.AccessController.doPrivileged(AccessController.java:569)
	at com.ibm.ws.jca.cm.AbstractConnectionFactoryService.initPrivileged(AbstractConnectionFactoryService.java:521)
	at com.ibm.ws.jca.cm.AbstractConnectionFactoryService.createResource(AbstractConnectionFactoryService.java:151)
	at com.ibm.ws.resource.internal.ResourceFactoryTrackerData$1.getService(ResourceFactoryTrackerData.java:122)
	at org.eclipse.osgi.internal.serviceregistry.ServiceFactoryUse$1.run(ServiceFactoryUse.java:218)
	at java.base/java.security.AccessController.doPrivileged(AccessController.java:318)
	at org.eclipse.osgi.internal.serviceregistry.ServiceFactoryUse.factoryGetService(ServiceFactoryUse.java:215)
	at org.eclipse.osgi.internal.serviceregistry.ServiceFactoryUse.getService(ServiceFactoryUse.java:114)
	at org.eclipse.osgi.internal.serviceregistry.ServiceConsumer$2.getService(ServiceConsumer.java:48)
	at org.eclipse.osgi.internal.serviceregistry.ServiceRegistrationImpl.getService(ServiceRegistrationImpl.java:568)
	at org.eclipse.osgi.internal.serviceregistry.ServiceRegistry.getService(ServiceRegistry.java:542)
	at org.eclipse.osgi.internal.framework.BundleContextImpl.getService(BundleContextImpl.java:660)
	at com.ibm.ws.jndi.internal.WSContextFactory.lambda$getService$0(WSContextFactory.java:83)
	at java.base/java.security.AccessController.doPrivileged(AccessController.java:318)
	at com.ibm.ws.jndi.internal.WSContextFactory.lambda$getService$1(WSContextFactory.java:83)
	at java.base/java.util.concurrent.ConcurrentHashMap.computeIfAbsent(ConcurrentHashMap.java:1708)
	at com.ibm.ws.jndi.internal.WSContextFactory.getService(WSContextFactory.java:83)
	at com.ibm.ws.jndi.internal.WSContext.getReference(WSContext.java:522)
	at com.ibm.ws.jndi.internal.WSContext.resolveObject(WSContext.java:141)
	at com.ibm.ws.jndi.internal.WSContext.lookup(WSContext.java:311)
	at com.ibm.ws.jndi.WSContextBase.lookup(WSContextBase.java:63)
	at org.apache.aries.jndi.DelegateContext.lookup(DelegateContext.java:149)
	at java.naming/javax.naming.InitialContext.lookup(InitialContext.java:409)
	at com.ibm.ws.jpa.container.osgi.internal.OSGiJPAPUnitInfo.lookupDataSource(OSGiJPAPUnitInfo.java:319)
	at com.ibm.ws.jpa.management.JPAPUnitInfo.getJPADataSource(JPAPUnitInfo.java:343)
	at com.ibm.ws.jpa.management.JPAPUnitInfo.getJtaDataSource(JPAPUnitInfo.java:386)
	at com.ibm.ws.jpa.management.JPAPUnitInfo.initialize(JPAPUnitInfo.java:756)
	at com.ibm.ws.jpa.management.JPAPxmlInfo.extractPersistenceUnits(JPAPxmlInfo.java:184)
	at com.ibm.ws.jpa.management.JPAScopeInfo.processPersistenceUnit(JPAScopeInfo.java:90)
	at com.ibm.ws.jpa.management.JPAApplInfo.addPersistenceUnits(JPAApplInfo.java:121)
	at com.ibm.ws.jpa.container.osgi.internal.JPAComponentImpl.processWebModulePersistenceXml(JPAComponentImpl.java:595)
	at com.ibm.ws.jpa.container.osgi.internal.JPAComponentImpl.applicationStarting(JPAComponentImpl.java:378)
	at com.ibm.ws.container.service.state.internal.ApplicationStateManager.fireStarting(ApplicationStateManager.java:53)
	at com.ibm.ws.container.service.state.internal.StateChangeServiceImpl.fireApplicationStarting(StateChangeServiceImpl.java:52)
	at com.ibm.ws.app.manager.module.internal.SimpleDeployedAppInfoBase.preDeployApp(SimpleDeployedAppInfoBase.java:550)
	at com.ibm.ws.app.manager.module.internal.SimpleDeployedAppInfoBase.installApp(SimpleDeployedAppInfoBase.java:511)
	at com.ibm.ws.app.manager.module.internal.DeployedAppInfoBase.deployApp(DeployedAppInfoBase.java:351)
	at com.ibm.ws.app.manager.war.internal.WARApplicationHandlerImpl.install(WARApplicationHandlerImpl.java:67)
	at com.ibm.ws.app.manager.internal.statemachine.StartAction.execute(StartAction.java:184)
	at com.ibm.ws.app.manager.internal.statemachine.ApplicationStateMachineImpl.enterState(ApplicationStateMachineImpl.java:1369)
	at com.ibm.ws.app.manager.internal.statemachine.ApplicationStateMachineImpl.run(ApplicationStateMachineImpl.java:912)
	at com.ibm.ws.threading.internal.ExecutorServiceImpl$RunnableWrapper.run(ExecutorServiceImpl.java:280)
	at java.base/java.util.concurrent.ThreadPoolExecutor.runWorker(ThreadPoolExecutor.java:1136)
	at java.base/java.util.concurrent.ThreadPoolExecutor$Worker.run(ThreadPoolExecutor.java:635)
	at java.base/java.lang.Thread.run(Thread.java:840)

Dump of callerThis
Object type = com.ibm.ws.jdbc.DataSourceService
  tc = class com.ibm.websphere.ras.TraceComponent@4bf4b273
    strings[0] = "TraceComponent[com.ibm.ws.jdbc.DataSourceService,class com.ibm.ws.jdbc.DataSourceService,[RRA],com.ibm.ws.rsadapter.resources.IBMDataStoreAdapterNLS,null]"
  priv = class com.ibm.ws.kernel.service.util.SecureAction@6f82071a
    controlContext = class java.security.AccessControlContext@78bc4591
      context = "/* Could not access context */"
      isPrivileged = "/* Could not access isPrivileged */"
      isAuthorized = "/* Could not access isAuthorized */"
      privilegedContext = "/* Could not access privilegedContext */"
      combiner = "/* Could not access combiner */"
      permissions = "/* Could not access permissions */"
      parent = "/* Could not access parent */"
      isWrapped = "/* Could not access isWrapped */"
      isLimited = "/* Could not access isLimited */"
      limitedContext = "/* Could not access limitedContext */"
      debugInit = "/* Could not access debugInit */"
      debug = "/* Could not access debug */"
    bootClassLoader = class com.ibm.ws.kernel.service.util.SecureAction$1$1@116944df
      this$0 = class com.ibm.ws.kernel.service.util.SecureAction$1@1ddceeea
      serialVersionUID = -7098890353587179347
      $$$tc$$$ = class com.ibm.websphere.ras.TraceComponent@5f951d31
    getContextClassLoaderAction = class com.ibm.ws.kernel.service.util.SecureAction$29@5638c1f4
      serialVersionUID = 1004559485883092134
      $$$tc$$$ = class com.ibm.websphere.ras.TraceComponent@261c3d4
    getSystemClassLoaderAction = class com.ibm.ws.kernel.service.util.SecureAction$30@355e58e5
      serialVersionUID = -1280454777262235986
      $$$tc$$$ = class com.ibm.websphere.ras.TraceComponent@64ece07a
  CONNECTION_MANAGER = "connectionManager"
  DATASOURCE = "dataSource"
  FACTORY_PID = "com.ibm.ws.jdbc.dataSource"
  JDBC_DRIVER = "driver"
  SUPPORT_EXTENSIONS = "supportExtensions"
  TARGET_CONNECTION_MANAGER = "connectionManager.target"
  TARGET_CONTAINER_AUTH_DATA = "containerAuthData.target"
  TARGET_JDBC_DRIVER = "driver.target"
  TARGET_RECOVERY_AUTH_DATA = "recoveryAuthData.target"
  UNIQUE_JNDI_NAME = "jndiName.unique"
  DECLARING_APPLICATION = "declaringApplication"
  WPROPS_TO_SKIP = class java.util.HashSet@2061cc84
    serialVersionUID = "/* Could not access serialVersionUID */"
    map = "/* Could not access map */"
    PRESENT = "/* Could not access PRESENT */"
  componentContext = class org.apache.felix.scr.impl.manager.ComponentContextImpl@61e7c112
    m_componentManager = class org.apache.felix.scr.impl.manager.SingleComponentManager@56e22eb
      m_useCount = class java.util.concurrent.atomic.AtomicInteger@ade52c8
      m_componentContext = class org.apache.felix.scr.impl.manager.ComponentContextImpl@61e7c112
      m_configurationProperties = class java.util.HashMap@4d849320
      m_factoryProperties = null
      m_properties = class java.util.HashMap@5a6b93f
      m_serviceProperties = null
      REASONS = class java.lang.String[7]
      m_container = class org.apache.felix.scr.impl.ComponentRegistry$DefaultConfigurableComponentHolder@5eef02ef
      m_factoryInstance = false
      m_componentId = 160
      m_componentMethods = class org.apache.felix.scr.impl.inject.internal.ComponentMethodsImpl@744af0c
      m_dependencyManagers = class java.util.ArrayList@5b203ba6
      m_dependencyManagersInitialized = true
      m_trackingCount = class java.util.concurrent.atomic.AtomicInteger@7dfea257
      m_stateLock = class java.util.concurrent.locks.ReentrantLock@16b295e6
      m_enabledLatchRef = class java.util.concurrent.atomic.AtomicReference@342c64f3
      state = class java.util.concurrent.atomic.AtomicReference@6e0b84db
      m_floor = 5
      m_ceiling = 5
      m_missingLock = class java.util.concurrent.locks.ReentrantLock@6470cbc9
      m_missingCondition = class java.util.concurrent.locks.AbstractQueuedSynchronizer$ConditionObject@33ac2048
      m_missing = class java.util.TreeSet@1b357ba
      m_activationLock = class java.util.concurrent.locks.ReentrantReadWriteLock@1cbb851c
      failureReason = null
      taskCounter = class java.util.concurrent.atomic.AtomicLong@7ef72bc1
      registrationManager = class org.apache.felix.scr.impl.manager.AbstractComponentManager$3@2c0bea37
    edgeInfos = class org.apache.felix.scr.impl.manager.EdgeInfo[9]
      EdgeInfo[0] = class org.apache.felix.scr.impl.manager.EdgeInfo@72d2b66c
      EdgeInfo[1] = class org.apache.felix.scr.impl.manager.EdgeInfo@68d8e56a
      EdgeInfo[2] = class org.apache.felix.scr.impl.manager.EdgeInfo@78ffaee4
      EdgeInfo[3] = class org.apache.felix.scr.impl.manager.EdgeInfo@3fa1586e
      EdgeInfo[4] = class org.apache.felix.scr.impl.manager.EdgeInfo@5827e820
      EdgeInfo[5] = class org.apache.felix.scr.impl.manager.EdgeInfo@77fbb5fb
      EdgeInfo[6] = class org.apache.felix.scr.impl.manager.EdgeInfo@7276ad6e
      EdgeInfo[7] = class org.apache.felix.scr.impl.manager.EdgeInfo@4721f966
      EdgeInfo[8] = class org.apache.felix.scr.impl.manager.EdgeInfo@20a06f4a
    m_componentInstance = class org.apache.felix.scr.impl.manager.ComponentContextImpl$ComponentInstanceImpl@1d33690
      m_componentContext = class org.apache.felix.scr.impl.manager.ComponentContextImpl@61e7c112
    m_usingBundle = class org.eclipse.osgi.internal.framework.EquinoxBundle@16e09d2f
      equinoxContainer = class org.eclipse.osgi.internal.framework.EquinoxContainer@51401490
      module = class org.eclipse.osgi.internal.framework.EquinoxBundle$EquinoxModule@2b59bd99
      monitor = class java.lang.Object@1e7b0bbd
      context = class org.eclipse.osgi.internal.framework.BundleContextImpl@5f227769
      signedContent = null
      $SWITCH_TABLE$org$eclipse$osgi$container$Module$State = {1,2,3,4,5,6,7} /* array length = 7 */
    m_serviceRegistration = class org.eclipse.osgi.internal.serviceregistry.ServiceRegistrationImpl@501234ab
      registry = class org.eclipse.osgi.internal.serviceregistry.ServiceRegistry@3310760f
      context = class org.eclipse.osgi.internal.framework.BundleContextImpl@5f227769
      bundle = class org.eclipse.osgi.internal.framework.EquinoxBundle@16e09d2f
      clazzes = class java.lang.String[4]
      service = class org.apache.felix.scr.impl.manager.SingleComponentManager@56e22eb
      reference = class org.eclipse.osgi.internal.serviceregistry.ServiceReferenceImpl@166ed736
      contextsUsing = class java.util.ArrayList@6c3fd0af
      properties = class java.util.Collections$UnmodifiableMap@5c2f7329
      serviceid = 420
      serviceranking = 0
      registrationLock = class java.lang.Object@78690eb7
      state = 0
      REGISTERED = 0
      UNREGISTERING = 1
      UNREGISTERED = 2
      FRAMEWORK_SET_SERVICE_PROPERTIES_COUNT = 4
      $assertionsDisabled = true
    m_implementationObject = class com.ibm.ws.jdbc.DataSourceService@491e2a3
    m_implementationAccessible = true
    accessibleLatch = class java.util.concurrent.CountDownLatch@47a371de
      sync = "/* Could not access sync */"
    serviceObjectsHelper = class org.apache.felix.scr.impl.helper.ComponentServiceObjectsHelper@6d585051
      bundleContext = class org.eclipse.osgi.internal.framework.BundleContextImpl@5f227769
      services = class java.util.concurrent.ConcurrentHashMap@797544e5
      closedServices = class java.util.ArrayList@6cc96643
      prototypeInstances = class java.util.concurrent.ConcurrentHashMap@11cd974c
    boundValues = null
  connectorSvc = class com.ibm.ejs.j2c.ConnectorServiceImpl@470c7222
    tc = class com.ibm.websphere.ras.TraceComponent@1b5bd45d
      strings[0] = "TraceComponent[com.ibm.ejs.j2c.ConnectorServiceImpl,class com.ibm.ejs.j2c.ConnectorServiceImpl,[WAS.j2c],com.ibm.ws.jca.cm.internal.resources.J2CAMessages,null]"
    authDataServiceRef = class com.ibm.wsspi.kernel.service.utils.AtomicServiceReference@2f25f5e2
      referenceName = "authDataService"
      tuple = class java.util.concurrent.atomic.AtomicReference@51159d93
      serialVersionUID = 2226592364007985000
      $$$tc$$$ = class com.ibm.websphere.ras.TraceComponent@5774386b
    classLoaderIdentifierService = class com.ibm.ws.classloading.internal.ClassLoadingServiceImpl@65e431cd
      tc = class com.ibm.websphere.ras.TraceComponent@3a14be40
      leakDetectionMap = class java.util.concurrent.ConcurrentHashMap@16e3885b
      appClassLoaders = class java.util.Collections$SetFromMap@7b601d9f
      TCCL_LOCK_WAIT = 15000
      REFERENCE_GENERATORS = "generators"
      tcclLockStore = class com.ibm.ws.kernel.boot.utils.KeyBasedLockStore@63e33447
      bundleContext = class org.eclipse.osgi.internal.framework.BundleContextImpl@74d5982b
      aclStore = class com.ibm.ws.classloading.internal.util.CanonicalStore@566ba5a
      tcclStore = class com.ibm.ws.classloading.internal.util.CanonicalStore@f4d4bfd
      digraph = class org.eclipse.equinox.internal.region.StandardRegionDigraph@74ba336e
      redefiner = class com.ibm.ws.classloading.internal.util.ClassRedefiner@666161f1
      listener = class com.ibm.ws.classloading.internal.ClassLoadingServiceImpl$2@e0160b2
      classloaders = class java.util.Collections$SynchronizedMap@3e85bf42
      resourceProviders = class com.ibm.ws.classloading.internal.CompositeResourceProvider@5b7209cc
      rememberedBundles = class java.util.concurrent.ConcurrentHashMap@7e76708f
      collectedBundles = class java.lang.ref.ReferenceQueue@7b779b03
      generatorRefs = class com.ibm.wsspi.kernel.service.utils.ConcurrentServiceReferenceSet@681b5480
      generatorManager = class com.ibm.ws.classloading.internal.ClassGeneratorManager@50352ebe
      appExtLibs = class java.util.concurrent.CopyOnWriteArrayList@236c1c26
      globalConfig = class com.ibm.ws.classloading.configuration.GlobalClassloadingConfiguration@6ed3f2cc
      systemTransformers = class java.util.concurrent.CopyOnWriteArrayList@1c90323d
      metaInfServicesProviders = class java.util.concurrent.ConcurrentHashMap@293bc396
      metaInfServicesRefs = class com.ibm.wsspi.kernel.service.utils.ConcurrentServiceReferenceMap@1bb63d65
      protectionDomainMap = class java.util.HashMap@58f88f19
      metadataIdentifierService = class com.ibm.ws.container.service.metadata.internal.MetaDataServiceImpl@29cc5358
      globalSharedLibrary = class java.util.concurrent.atomic.AtomicReference@5e9c0284
      serialVersionUID = 4413923811772628187
    deferrableSchedXSvcRef = class com.ibm.wsspi.kernel.service.utils.AtomicServiceReference@2d0e89a0
      referenceName = "deferrableScheduledExecutor"
      tuple = class java.util.concurrent.atomic.AtomicReference@68f788e4
      serialVersionUID = 2226592364007985000
      $$$tc$$$ = class com.ibm.websphere.ras.TraceComponent@5774386b
    execSvcRef = class com.ibm.wsspi.kernel.service.utils.AtomicServiceReference@d43c1d9
      referenceName = "executor"
      tuple = class java.util.concurrent.atomic.AtomicReference@4b38f78b
      serialVersionUID = 2226592364007985000
      $$$tc$$$ = class com.ibm.websphere.ras.TraceComponent@5774386b
    isHeritageEnabled = false
    nonDeferrableSchedXSvcRef = class com.ibm.wsspi.kernel.service.utils.AtomicServiceReference@d49af76
      referenceName = "nonDeferrableScheduledExecutor"
      tuple = class java.util.concurrent.atomic.AtomicReference@4d5083e7
      serialVersionUID = 2226592364007985000
      $$$tc$$$ = class com.ibm.websphere.ras.TraceComponent@5774386b
    rrsXAResFactorySvcRef = class com.ibm.wsspi.kernel.service.utils.AtomicServiceReference@49e78d4b
      referenceName = "rRSXAResourceFactory"
      tuple = class java.util.concurrent.atomic.AtomicReference@74eb4127
      serialVersionUID = 2226592364007985000
      $$$tc$$$ = class com.ibm.websphere.ras.TraceComponent@5774386b
    transactionManager = class com.ibm.ws.transaction.services.TransactionManagerService@10fd4e5e
      tc = class com.ibm.websphere.ras.TraceComponent@63930977
      isClient = false
      isStarted = class java.util.concurrent.atomic.AtomicBoolean@3a3e9780
      xaFlowCallbacksInitialised = true
      deferRecoveryAtRestore = class java.util.concurrent.atomic.AtomicBoolean@36b6abe3
      serialVersionUID = -9203448868715661657
    variableRegistrySvcRef = class com.ibm.wsspi.kernel.service.utils.AtomicServiceReference@3a30891
      referenceName = "variableRegistry"
      tuple = class java.util.concurrent.atomic.AtomicReference@23ea5031
      serialVersionUID = 2226592364007985000
      $$$tc$$$ = class com.ibm.websphere.ras.TraceComponent@5774386b
    tc = class com.ibm.websphere.ras.TraceComponent@1fd2f21c
      strings[0] = "TraceComponent[com.ibm.ws.jca.cm.ConnectorService,class com.ibm.ws.jca.cm.ConnectorService,[WAS.j2c],com.ibm.ws.jca.cm.internal.resources.J2CAMessages,null]"
    NLS = class com.ibm.ejs.ras.TraceNLS@4351258c
      resolver = class com.ibm.ws.logging.internal.TraceNLSResolver@7cde5d45
      finder = null
      ivBundleName = "com.ibm.ws.jca.cm.internal.resources.J2CAMessages"
      caller = class java.lang.Class@31541ae4
  dsConfigRef = class java.util.concurrent.atomic.AtomicReference@3849070e
    serialVersionUID = "/* Could not access serialVersionUID */"
    VALUE = "/* Could not access VALUE */"
    value = "/* Could not access value */"
  vendorImplClassName = null
  destroyWasDeferred = false
  embDerbyRefCount = class java.util.concurrent.ConcurrentLinkedQueue@495255e0
    serialVersionUID = "/* Could not access serialVersionUID */"
    head = "/* Could not access head */"
    tail = "/* Could not access tail */"
    MAX_HOPS = "/* Could not access MAX_HOPS */"
    HEAD = "/* Could not access HEAD */"
    TAIL = "/* Could not access TAIL */"
    ITEM = "/* Could not access ITEM */"
    NEXT = "/* Could not access NEXT */"
  id = "dataSource[productjpadatasource]"
  isDerbyEmbedded = false
  isUCP = false
  sentUCPConnMgrPropsIgnoredInfoMessage = false
  sentUCPDataSourcePropsIgnoredInfoMessage = false
  jdbcDriverSvc = class com.ibm.ws.jdbc.internal.JDBCDriverService@6d6bb38a
    tc = class com.ibm.websphere.ras.TraceComponent@66e1dbbe
      strings[0] = "TraceComponent[com.ibm.ws.jdbc.internal.JDBCDriverService,class com.ibm.ws.jdbc.internal.JDBCDriverService,[RRA],com.ibm.ws.rsadapter.resources.IBMDataStoreAdapterNLS,null]"
    FACTORY_PID = "com.ibm.ws.jdbc.jdbcDriver"
    ID = "id"
    LIBRARY_REF = "libraryRef"
    JDBC_DRIVER = "jdbcDriver"
    TARGET_LIBRARY = "sharedLib.target"
    PROPS_FOR_XA_ONLY = class java.util.Arrays$ArrayList@7d15f94f
      serialVersionUID = "/* Could not access serialVersionUID */"
      a = "/* Could not access a */"
      modCount = "/* Could not access modCount */"
    PROPS_NOT_SET_ON_DRIVER = class java.util.Arrays$ArrayList@7e8dcd2c
      serialVersionUID = "/* Could not access serialVersionUID */"
      a = "/* Could not access a */"
      modCount = "/* Could not access modCount */"
    FLAG_ORACLE_LOGGING_ACTIVE = class java.util.concurrent.atomic.AtomicBoolean@6af4fb6a
      serialVersionUID = "/* Could not access serialVersionUID */"
      VALUE = "/* Could not access VALUE */"
      value = "/* Could not access value */"
    FLAG_ORACLE_LOGGING_DEACTIVE = class java.util.concurrent.atomic.AtomicBoolean@5a18e603
      serialVersionUID = "/* Could not access serialVersionUID */"
      VALUE = "/* Could not access VALUE */"
      value = "/* Could not access value */"
    ORACLELOG_PARENT_PACKAGENAME = "oracle"
    classloader = class com.ibm.ws.classloading.internal.AppClassLoader@252f97c7
      tc = class com.ibm.websphere.ras.TraceComponent@d55d08f
      forbiddenClassNames = class java.util.Collections$UnmodifiableSet@4cdcf3
      FORBIDDEN_PROPERTIES = "forbidden.properties"
      NOTHING_FORBIDDEN_PROPERTY = "io.openliberty.classloading.nothing.forbidden"
      disableSharedClassesCache = false
      PARENT_FIRST_SEARCH_ORDER = class java.util.Collections$UnmodifiableRandomAccessList@1740f55c
      packagesDefined = class java.util.Collections$SetFromMap@5f8916e0
      CLASS_LOADING_TRACE_PREFIX = "com.ibm.ws.class.load."
      DEFAULT_PACKAGE = "default.package"
      perPackageClassLoadingTraceComponents = class java.util.concurrent.ConcurrentHashMap@3944f2a6
      config = class com.ibm.ws.classloading.internal.ClassLoaderConfigurationImpl@ee0b0f2
      privateLibraries = null
      delegateLoaders = class com.ibm.ws.classloading.internal.util.CompositeIterable@1e1a4e67
      nativeLibraryFiles = class java.util.ArrayList@9336552
      transformers = class java.util.ArrayList@17fc7710
      systemTransformers = class java.util.concurrent.CopyOnWriteArrayList@1c90323d
      apiAccess = class com.ibm.ws.classloading.internal.GatewayClassLoader@b9d6e70
      generator = class com.ibm.ws.classloading.internal.ClassGeneratorManager@50352ebe
      protectionDomains = class java.util.concurrent.ConcurrentHashMap@42bed81f
      hook = null
      serialVersionUID = 5906478461061001036
      checkpointPhase = class io.openliberty.checkpoint.spi.CheckpointPhase@360e63af
      tc = class com.ibm.websphere.ras.TraceComponent@612a3dc6
      smartClassPath = class com.ibm.ws.classloading.internal.ContainerClassLoader$SmartClassPathImpl@2b92ae89
      nativeLibraryContainers = class java.util.ArrayList@52ab359b
      redefiner = class com.ibm.ws.classloading.internal.util.ClassRedefiner@666161f1
      jarProtocol = "wsjar:"
      mapCreationQueue = class java.util.concurrent.Executors$FinalizableDelegatedExecutorService@23b77589
      serialVersionUID = 251246017270836472
      parent = class com.ibm.ws.classloading.internal.GatewayClassLoader@b9d6e70
      classNameLockStore = class com.ibm.ws.kernel.boot.utils.KeyBasedLockStore@1def7190
      serialVersionUID = -3020377578845918238
      $$$tc$$$ = class com.ibm.websphere.ras.TraceComponent@61fa5f43
      pdcache = "/* Could not access pdcache */"
    connectorSvc = class com.ibm.ejs.j2c.ConnectorServiceImpl@470c7222
    embDerbyRefCount = class java.util.concurrent.ConcurrentLinkedQueue@895b38e
      serialVersionUID = "/* Could not access serialVersionUID */"
      head = "/* Could not access head */"
      tail = "/* Could not access tail */"
      MAX_HOPS = "/* Could not access MAX_HOPS */"
      HEAD = "/* Could not access HEAD */"
      TAIL = "/* Could not access TAIL */"
      ITEM = "/* Could not access ITEM */"
      NEXT = "/* Could not access NEXT */"
    introspectedClasses = class java.util.HashSet@18e1fb1d
      serialVersionUID = "/* Could not access serialVersionUID */"
      map = "/* Could not access map */"
      PRESENT = "/* Could not access PRESENT */"
    isDerbyEmbedded = class java.util.concurrent.atomic.AtomicBoolean@55836cc0
      serialVersionUID = "/* Could not access serialVersionUID */"
      VALUE = "/* Could not access VALUE */"
      value = "/* Could not access value */"
    isInitialized = true
    lock = class java.util.concurrent.locks.ReentrantReadWriteLock@4836a08d
      serialVersionUID = "/* Could not access serialVersionUID */"
      readerLock = "/* Could not access readerLock */"
      writerLock = "/* Could not access writerLock */"
      sync = "/* Could not access sync */"
    name = "dataSource[productjpadatasource]/jdbcDriver[default-0]"
    properties = class org.apache.felix.scr.impl.helper.ReadOnlyDictionary@6d9a63c6
      m_delegate = class java.util.Hashtable@1a0d9ee8
      m_serviceReference = null
    sharedLib = class com.ibm.ws.library.internal.SharedLibraryImpl@7a34547b
      tc = class com.ibm.websphere.ras.TraceComponent@19dcc29a
      deleted = false
      libraryListenersTracker = class org.osgi.util.tracker.ServiceTracker@51f37d3b
      libraryReg = class org.eclipse.osgi.internal.serviceregistry.ServiceRegistrationImpl@3d1048d8
      ctx = class org.eclipse.osgi.internal.framework.BundleContextImpl@74d5982b
      classLoadingService = class com.ibm.ws.classloading.internal.ClassLoadingServiceImpl@65e431cd
      configAdmin = class com.ibm.ws.config.admin.internal.ConfigurationAdminImpl@2f2598c
      resolvedBasePath = "/workspaces/codespaces-blank/mp-ecomm-store/target/liberty/wlp/usr/servers/defaultServer/"
      generationLock = class com.ibm.ws.library.internal.SharedLibraryImpl$1@252eccef
      currentGeneration = class com.ibm.ws.library.internal.LibraryGeneration@58a458f1
      nextGeneration = class com.ibm.ws.library.internal.LibraryGeneration@58a458f1
      artifactContainerFactory = class com.ibm.ws.library.internal.SharedLibraryFactory$1@12f4ec7b
      packageExporter = class com.ibm.ws.library.internal.LibraryPackageExporter@2dae990
      serialVersionUID = 5714743499247904517
    changed = "/* Could not access changed */"
    obs = "/* Could not access obs */"
  jdbcRuntime = class com.ibm.ws.jdbc.osgi.v42.JDBC42Runtime@1d6ab85e
  mcf = null
  mcfPerClassLoader = null
  properties = class org.apache.felix.scr.impl.helper.ReadOnlyDictionary@1c42030d
    m_delegate = class java.util.Hashtable@36a96578
      table = "/* Could not access table */"
      count = "/* Could not access count */"
      threshold = "/* Could not access threshold */"
      loadFactor = "/* Could not access loadFactor */"
      modCount = "/* Could not access modCount */"
      serialVersionUID = "/* Could not access serialVersionUID */"
      MAX_ARRAY_SIZE = "/* Could not access MAX_ARRAY_SIZE */"
      keySet = "/* Could not access keySet */"
      entrySet = "/* Could not access entrySet */"
      values = "/* Could not access values */"
      KEYS = "/* Could not access KEYS */"
      VALUES = "/* Could not access VALUES */"
      ENTRIES = "/* Could not access ENTRIES */"
    m_serviceReference = null
  tc = class com.ibm.websphere.ras.TraceComponent@6cd3557e
    strings[0] = "TraceComponent[com.ibm.ws.jca.cm.AbstractConnectionFactoryService,class com.ibm.ws.jca.cm.AbstractConnectionFactoryService,[WAS.j2c],com.ibm.ws.jca.cm.internal.resources.J2CAMessages,null]"
  ID = "id"
  DEFAULT_NESTED_PATTERN = class java.util.regex.Pattern@47e4a830
    UNIX_LINES = 1
    CASE_INSENSITIVE = 2
    COMMENTS = 4
    MULTILINE = 8
    LITERAL = 16
    DOTALL = 32
    UNICODE_CASE = 64
    CANON_EQ = 128
    UNICODE_CHARACTER_CLASS = 256
    ALL_FLAGS = "/* Could not access ALL_FLAGS */"
    serialVersionUID = "/* Could not access serialVersionUID */"
    pattern = "/* Could not access pattern */"
    flags = "/* Could not access flags */"
    flags0 = "/* Could not access flags0 */"
    compiled = "/* Could not access compiled */"
    normalizedPattern = "/* Could not access normalizedPattern */"
    root = "/* Could not access root */"
    matchRoot = "/* Could not access matchRoot */"
    buffer = "/* Could not access buffer */"
    predicate = "/* Could not access predicate */"
    namedGroups = "/* Could not access namedGroups */"
    groupNodes = "/* Could not access groupNodes */"
    topClosureNodes = "/* Could not access topClosureNodes */"
    localTCNCount = "/* Could not access localTCNCount */"
    hasGroupRef = "/* Could not access hasGroupRef */"
    temp = "/* Could not access temp */"
    capturingGroupCount = "/* Could not access capturingGroupCount */"
    localCount = "/* Could not access localCount */"
    cursor = "/* Could not access cursor */"
    patternLength = "/* Could not access patternLength */"
    hasSupplementary = "/* Could not access hasSupplementary */"
    MAX_REPS = "/* Could not access MAX_REPS */"
    accept = "/* Could not access accept */"
    lastAccept = "/* Could not access lastAccept */"
    $assertionsDisabled = "/* Could not access $assertionsDisabled */"
  DEFAULT_PATTERN = class java.util.regex.Pattern@7723b4a5
    UNIX_LINES = 1
    CASE_INSENSITIVE = 2
    COMMENTS = 4
    MULTILINE = 8
    LITERAL = 16
    DOTALL = 32
    UNICODE_CASE = 64
    CANON_EQ = 128
    UNICODE_CHARACTER_CLASS = 256
    ALL_FLAGS = "/* Could not access ALL_FLAGS */"
    serialVersionUID = "/* Could not access serialVersionUID */"
    pattern = "/* Could not access pattern */"
    flags = "/* Could not access flags */"
    flags0 = "/* Could not access flags0 */"
    compiled = "/* Could not access compiled */"
    normalizedPattern = "/* Could not access normalizedPattern */"
    root = "/* Could not access root */"
    matchRoot = "/* Could not access matchRoot */"
    buffer = "/* Could not access buffer */"
    predicate = "/* Could not access predicate */"
    namedGroups = "/* Could not access namedGroups */"
    groupNodes = "/* Could not access groupNodes */"
    topClosureNodes = "/* Could not access topClosureNodes */"
    localTCNCount = "/* Could not access localTCNCount */"
    hasGroupRef = "/* Could not access hasGroupRef */"
    temp = "/* Could not access temp */"
    capturingGroupCount = "/* Could not access capturingGroupCount */"
    localCount = "/* Could not access localCount */"
    cursor = "/* Could not access cursor */"
    patternLength = "/* Could not access patternLength */"
    hasSupplementary = "/* Could not access hasSupplementary */"
    MAX_REPS = "/* Could not access MAX_REPS */"
    accept = "/* Could not access accept */"
    lastAccept = "/* Could not access lastAccept */"
    $assertionsDisabled = "/* Could not access $assertionsDisabled */"
  THREAD_IDENTITY_NOT_ALLOWED = 0
  THREAD_IDENTITY_ALLOWED = 1
  THREAD_IDENTITY_REQUIRED = 2
  appsToRecycle = class java.util.Collections$SetFromMap@33956cc9
    m = "/* Could not access m */"
    s = "/* Could not access s */"
    serialVersionUID = "/* Could not access serialVersionUID */"
  conMgrSvc = class com.ibm.ejs.j2c.ConnectionManagerServiceImpl@5152e7a3
    tc = class com.ibm.websphere.ras.TraceComponent@715e1bac
      strings[0] = "TraceComponent[com.ibm.ejs.j2c.ConnectionManagerServiceImpl,class com.ibm.ejs.j2c.ConnectionManagerServiceImpl,[WAS.j2c],com.ibm.ws.jca.cm.internal.resources.J2CAMessages,null]"
    priv = class com.ibm.ws.kernel.service.util.SecureAction@14572bab
      controlContext = class java.security.AccessControlContext@6a4103bd
      bootClassLoader = class com.ibm.ws.kernel.service.util.SecureAction$1$1@116944df
      getContextClassLoaderAction = class com.ibm.ws.kernel.service.util.SecureAction$29@5638c1f4
      getSystemClassLoaderAction = class com.ibm.ws.kernel.service.util.SecureAction$30@355e58e5
    cfKeyToCM = class java.util.concurrent.ConcurrentHashMap@485c0f3d
      serialVersionUID = "/* Could not access serialVersionUID */"
      MAXIMUM_CAPACITY = "/* Could not access MAXIMUM_CAPACITY */"
      DEFAULT_CAPACITY = "/* Could not access DEFAULT_CAPACITY */"
      MAX_ARRAY_SIZE = "/* Could not access MAX_ARRAY_SIZE */"
      DEFAULT_CONCURRENCY_LEVEL = "/* Could not access DEFAULT_CONCURRENCY_LEVEL */"
      LOAD_FACTOR = "/* Could not access LOAD_FACTOR */"
      TREEIFY_THRESHOLD = "/* Could not access TREEIFY_THRESHOLD */"
      UNTREEIFY_THRESHOLD = "/* Could not access UNTREEIFY_THRESHOLD */"
      MIN_TREEIFY_CAPACITY = "/* Could not access MIN_TREEIFY_CAPACITY */"
      MIN_TRANSFER_STRIDE = "/* Could not access MIN_TRANSFER_STRIDE */"
      RESIZE_STAMP_BITS = "/* Could not access RESIZE_STAMP_BITS */"
      MAX_RESIZERS = "/* Could not access MAX_RESIZERS */"
      RESIZE_STAMP_SHIFT = "/* Could not access RESIZE_STAMP_SHIFT */"
      MOVED = "/* Could not access MOVED */"
      TREEBIN = "/* Could not access TREEBIN */"
      RESERVED = "/* Could not access RESERVED */"
      HASH_BITS = "/* Could not access HASH_BITS */"
      NCPU = "/* Could not access NCPU */"
      serialPersistentFields = "/* Could not access serialPersistentFields */"
      table = "/* Could not access table */"
      nextTable = "/* Could not access nextTable */"
      baseCount = "/* Could not access baseCount */"
      sizeCtl = "/* Could not access sizeCtl */"
      transferIndex = "/* Could not access transferIndex */"
      cellsBusy = "/* Could not access cellsBusy */"
      counterCells = "/* Could not access counterCells */"
      keySet = "/* Could not access keySet */"
      values = "/* Could not access values */"
      entrySet = "/* Could not access entrySet */"
      U = "/* Could not access U */"
      SIZECTL = "/* Could not access SIZECTL */"
      TRANSFERINDEX = "/* Could not access TRANSFERINDEX */"
      BASECOUNT = "/* Could not access BASECOUNT */"
      CELLSBUSY = "/* Could not access CELLSBUSY */"
      CELLVALUE = "/* Could not access CELLVALUE */"
      ABASE = "/* Could not access ABASE */"
      ASHIFT = "/* Could not access ASHIFT */"
      keySet = "/* Could not access keySet */"
      values = "/* Could not access values */"
    connectorSvc = null
    lock = class java.util.concurrent.locks.ReentrantReadWriteLock@1cf78d18
      serialVersionUID = "/* Could not access serialVersionUID */"
      readerLock = "/* Could not access readerLock */"
      writerLock = "/* Could not access writerLock */"
      sync = "/* Could not access sync */"
    name = "dataSource[productjpadatasource]/connectionManager"
    pm = null
    pmMBean = null
    properties = null
    bndCtx = null
    raClassLoader = null
    disableLibertyConnectionPool = false
    AUTO_CLOSE_CONNECTIONS = "autoCloseConnections"
    CONNECTION_MANAGER = "connectionManager"
    FACTORY_PID = "com.ibm.ws.jca.connectionManager"
    ID = "id"
    MAX_CONNECTIONS_PER_THREAD = "maxConnectionsPerThread"
    MAX_IDLE_TIME = "maxIdleTime"
    MAX_POOL_SIZE = "maxPoolSize"
    MIN_POOL_SIZE = "minPoolSize"
    NUM_CONNECTIONS_PER_THREAD_LOCAL = "numConnectionsPerThreadLocal"
    TEMPORARILY_ASSOCIATE_IF_DISSOCIATE_UNAVAILABLE = "temporarilyAssociateIfDissociateUnavailable"
    ENABLE_CONTAINER_AUTH_FOR_DIRECT_LOOKUPS = "enableContainerAuthForDirectLookups"
    CONNECTION_MANAGER_PROPS = class java.util.Collections$UnmodifiableRandomAccessList@c48c5d
      serialVersionUID = "/* Could not access serialVersionUID */"
      serialVersionUID = "/* Could not access serialVersionUID */"
      list = "/* Could not access list */"
      serialVersionUID = "/* Could not access serialVersionUID */"
      c = "/* Could not access c */"
    CONNECTION_MANAGER_DSD_PROPS = class java.util.Collections$UnmodifiableRandomAccessList@2d63e59d
      serialVersionUID = "/* Could not access serialVersionUID */"
      serialVersionUID = "/* Could not access serialVersionUID */"
      list = "/* Could not access list */"
      serialVersionUID = "/* Could not access serialVersionUID */"
      c = "/* Could not access c */"
    changed = "/* Could not access changed */"
    obs = "/* Could not access obs */"
  containerAuthDataRef = null
  jaasLoginContextEntryRef = null
  isInitialized = class java.util.concurrent.atomic.AtomicBoolean@3bbef7b0
    serialVersionUID = "/* Could not access serialVersionUID */"
    VALUE = "/* Could not access VALUE */"
    value = "/* Could not access value */"
  isServerDefined = true
  lock = class java.util.concurrent.locks.ReentrantReadWriteLock@1e8a0372
    serialVersionUID = "/* Could not access serialVersionUID */"
    readerLock = "/* Could not access readerLock */"
    writerLock = "/* Could not access writerLock */"
    sync = "/* Could not access sync */"
  recoveryAuthDataRef = null

