------Start of DE processing------ = [3/3/24, 7:21:03:135 UTC]
Exception = java.lang.UnsupportedClassVersionError
Source = com.ibm.ws.jdbc.DataSourceService
probeid = 591
Stack Dump = java.lang.UnsupportedClassVersionError: org/apache/derby/jdbc/EmbeddedConnectionPoolDataSource40 has been compiled by a more recent version of the Java Runtime (class file version 63.0), this version of the Java Runtime only recognizes class file versions up to 61.0
	at java.base/java.lang.ClassLoader.defineClass1(Native Method)
	at java.base/java.lang.ClassLoader.defineClass(ClassLoader.java:1017)
	at com.ibm.ws.classloading.internal.AppClassLoader.definePackageAndClass(AppClassLoader.java:435)
	at com.ibm.ws.classloading.internal.AppClassLoader.findClass(AppClassLoader.java:333)
	at com.ibm.ws.classloading.internal.AppClassLoader.findOrDelegateLoadClass(AppClassLoader.java:714)
	at com.ibm.ws.classloading.internal.AppClassLoader.loadClass(AppClassLoader.java:586)
	at com.ibm.ws.classloading.internal.AppClassLoader.loadClass(AppClassLoader.java:553)
	at java.base/java.lang.ClassLoader.loadClass(ClassLoader.java:525)
	at com.ibm.ws.jdbc.internal.JDBCDriverService$1.run(JDBCDriverService.java:315)
	at com.ibm.ws.jdbc.internal.JDBCDriverService$1.run(JDBCDriverService.java:305)
	at java.base/java.security.AccessController.doPrivileged(AccessController.java:569)
	at com.ibm.ws.jdbc.internal.JDBCDriverService.create(JDBCDriverService.java:305)
	at com.ibm.ws.jdbc.internal.JDBCDriverService.createAnyPreferLegacyOrder(JDBCDriverService.java:448)
	at com.ibm.ws.jdbc.DataSourceService.init(DataSourceService.java:610)
	at com.ibm.ws.jca.cm.AbstractConnectionFactoryService$2.run(AbstractConnectionFactoryService.java:524)
	at com.ibm.ws.jca.cm.AbstractConnectionFactoryService$2.run(AbstractConnectionFactoryService.java:521)
	at java.base/java.security.AccessController.doPrivileged(AccessController.java:569)
	at com.ibm.ws.jca.cm.AbstractConnectionFactoryService.initPrivileged(AbstractConnectionFactoryService.java:521)
	at com.ibm.ws.jca.cm.AbstractConnectionFactoryService.createResource(AbstractConnectionFactoryService.java:151)
	at com.ibm.ws.resource.internal.ResourceFactoryTrackerData$1.getService(ResourceFactoryTrackerData.java:122)
	at org.eclipse.osgi.internal.serviceregistry.ServiceFactoryUse$1.run(ServiceFactoryUse.java:218)
	at java.base/java.security.AccessController.doPrivileged(AccessController.java:318)
	at org.eclipse.osgi.internal.serviceregistry.ServiceFactoryUse.factoryGetService(ServiceFactoryUse.java:215)
	at org.eclipse.osgi.internal.serviceregistry.ServiceFactoryUse.getService(ServiceFactoryUse.java:114)
	at org.eclipse.osgi.internal.serviceregistry.ServiceConsumer$2.getService(ServiceConsumer.java:48)
	at org.eclipse.osgi.internal.serviceregistry.ServiceRegistrationImpl.getService(ServiceRegistrationImpl.java:568)
	at org.eclipse.osgi.internal.serviceregistry.ServiceRegistry.getService(ServiceRegistry.java:542)
	at org.eclipse.osgi.internal.framework.BundleContextImpl.getService(BundleContextImpl.java:660)
	at com.ibm.ws.jndi.internal.WSContextFactory.lambda$getService$0(WSContextFactory.java:83)
	at java.base/java.security.AccessController.doPrivileged(AccessController.java:318)
	at com.ibm.ws.jndi.internal.WSContextFactory.lambda$getService$1(WSContextFactory.java:83)
	at java.base/java.util.concurrent.ConcurrentHashMap.computeIfAbsent(ConcurrentHashMap.java:1708)
	at com.ibm.ws.jndi.internal.WSContextFactory.getService(WSContextFactory.java:83)
	at com.ibm.ws.jndi.internal.WSContext.getReference(WSContext.java:522)
	at com.ibm.ws.jndi.internal.WSContext.resolveObject(WSContext.java:141)
	at com.ibm.ws.jndi.internal.WSContext.lookup(WSContext.java:311)
	at com.ibm.ws.jndi.WSContextBase.lookup(WSContextBase.java:63)
	at org.apache.aries.jndi.DelegateContext.lookup(DelegateContext.java:149)
	at java.naming/javax.naming.InitialContext.lookup(InitialContext.java:409)
	at com.ibm.ws.jpa.container.osgi.internal.OSGiJPAPUnitInfo.lookupDataSource(OSGiJPAPUnitInfo.java:319)
	at com.ibm.ws.jpa.management.JPAPUnitInfo.getJPADataSource(JPAPUnitInfo.java:343)
	at com.ibm.ws.jpa.management.JPAPUnitInfo.getJtaDataSource(JPAPUnitInfo.java:386)
	at com.ibm.ws.jpa.management.JPAPUnitInfo.initialize(JPAPUnitInfo.java:756)
	at com.ibm.ws.jpa.management.JPAPxmlInfo.extractPersistenceUnits(JPAPxmlInfo.java:184)
	at com.ibm.ws.jpa.management.JPAScopeInfo.processPersistenceUnit(JPAScopeInfo.java:90)
	at com.ibm.ws.jpa.management.JPAApplInfo.addPersistenceUnits(JPAApplInfo.java:121)
	at com.ibm.ws.jpa.container.osgi.internal.JPAComponentImpl.processWebModulePersistenceXml(JPAComponentImpl.java:595)
	at com.ibm.ws.jpa.container.osgi.internal.JPAComponentImpl.applicationStarting(JPAComponentImpl.java:378)
	at com.ibm.ws.container.service.state.internal.ApplicationStateManager.fireStarting(ApplicationStateManager.java:53)
	at com.ibm.ws.container.service.state.internal.StateChangeServiceImpl.fireApplicationStarting(StateChangeServiceImpl.java:52)
	at com.ibm.ws.app.manager.module.internal.SimpleDeployedAppInfoBase.preDeployApp(SimpleDeployedAppInfoBase.java:550)
	at com.ibm.ws.app.manager.module.internal.SimpleDeployedAppInfoBase.installApp(SimpleDeployedAppInfoBase.java:511)
	at com.ibm.ws.app.manager.module.internal.DeployedAppInfoBase.deployApp(DeployedAppInfoBase.java:351)
	at com.ibm.ws.app.manager.war.internal.WARApplicationHandlerImpl.install(WARApplicationHandlerImpl.java:67)
	at com.ibm.ws.app.manager.internal.statemachine.StartAction.execute(StartAction.java:184)
	at com.ibm.ws.app.manager.internal.statemachine.ApplicationStateMachineImpl.enterState(ApplicationStateMachineImpl.java:1369)
	at com.ibm.ws.app.manager.internal.statemachine.ApplicationStateMachineImpl.run(ApplicationStateMachineImpl.java:912)
	at com.ibm.ws.threading.internal.ExecutorServiceImpl$RunnableWrapper.run(ExecutorServiceImpl.java:280)
	at java.base/java.util.concurrent.ThreadPoolExecutor.runWorker(ThreadPoolExecutor.java:1136)
	at java.base/java.util.concurrent.ThreadPoolExecutor$Worker.run(ThreadPoolExecutor.java:635)
	at java.base/java.lang.Thread.run(Thread.java:840)

Dump of callerThis
Object type = com.ibm.ws.jdbc.DataSourceService
  tc = class com.ibm.websphere.ras.TraceComponent@669f1ec3
    strings[0] = "TraceComponent[com.ibm.ws.jdbc.DataSourceService,class com.ibm.ws.jdbc.DataSourceService,[RRA],com.ibm.ws.rsadapter.resources.IBMDataStoreAdapterNLS,null]"
  priv = class com.ibm.ws.kernel.service.util.SecureAction@51ebb990
    controlContext = class java.security.AccessControlContext@7b7af2f
      context = "/* Could not access context */"
      isPrivileged = "/* Could not access isPrivileged */"
      isAuthorized = "/* Could not access isAuthorized */"
      privilegedContext = "/* Could not access privilegedContext */"
      combiner = "/* Could not access combiner */"
      permissions = "/* Could not access permissions */"
      parent = "/* Could not access parent */"
      isWrapped = "/* Could not access isWrapped */"
      isLimited = "/* Could not access isLimited */"
      limitedContext = "/* Could not access limitedContext */"
      debugInit = "/* Could not access debugInit */"
      debug = "/* Could not access debug */"
    bootClassLoader = class com.ibm.ws.kernel.service.util.SecureAction$1$1@37e3327d
      this$0 = class com.ibm.ws.kernel.service.util.SecureAction$1@e80de5
      serialVersionUID = -7098890353587179347
      $$$tc$$$ = class com.ibm.websphere.ras.TraceComponent@112f2933
    getContextClassLoaderAction = class com.ibm.ws.kernel.service.util.SecureAction$29@aa92cc0
      serialVersionUID = 1004559485883092134
      $$$tc$$$ = class com.ibm.websphere.ras.TraceComponent@401940db
    getSystemClassLoaderAction = class com.ibm.ws.kernel.service.util.SecureAction$30@76593e8a
      serialVersionUID = -1280454777262235986
      $$$tc$$$ = class com.ibm.websphere.ras.TraceComponent@20e4fadc
  CONNECTION_MANAGER = "connectionManager"
  DATASOURCE = "dataSource"
  FACTORY_PID = "com.ibm.ws.jdbc.dataSource"
  JDBC_DRIVER = "driver"
  SUPPORT_EXTENSIONS = "supportExtensions"
  TARGET_CONNECTION_MANAGER = "connectionManager.target"
  TARGET_CONTAINER_AUTH_DATA = "containerAuthData.target"
  TARGET_JDBC_DRIVER = "driver.target"
  TARGET_RECOVERY_AUTH_DATA = "recoveryAuthData.target"
  UNIQUE_JNDI_NAME = "jndiName.unique"
  DECLARING_APPLICATION = "declaringApplication"
  WPROPS_TO_SKIP = class java.util.HashSet@2c1b0cc1
    serialVersionUID = "/* Could not access serialVersionUID */"
    map = "/* Could not access map */"
    PRESENT = "/* Could not access PRESENT */"
  componentContext = class org.apache.felix.scr.impl.manager.ComponentContextImpl@ef591d9
    m_componentManager = class org.apache.felix.scr.impl.manager.SingleComponentManager@4e12fad1
      m_useCount = class java.util.concurrent.atomic.AtomicInteger@6448711d
      m_componentContext = class org.apache.felix.scr.impl.manager.ComponentContextImpl@ef591d9
      m_configurationProperties = class java.util.HashMap@305b6eac
      m_factoryProperties = null
      m_properties = class java.util.HashMap@7fba75ba
      m_serviceProperties = null
      REASONS = class java.lang.String[7]
      m_container = class org.apache.felix.scr.impl.ComponentRegistry$DefaultConfigurableComponentHolder@7dc519e7
      m_factoryInstance = false
      m_componentId = 162
      m_componentMethods = class org.apache.felix.scr.impl.inject.internal.ComponentMethodsImpl@3a3b8632
      m_dependencyManagers = class java.util.ArrayList@72089921
      m_dependencyManagersInitialized = true
      m_trackingCount = class java.util.concurrent.atomic.AtomicInteger@2757aca6
      m_stateLock = class java.util.concurrent.locks.ReentrantLock@3077516f
      m_enabledLatchRef = class java.util.concurrent.atomic.AtomicReference@561b5b45
      state = class java.util.concurrent.atomic.AtomicReference@606c1136
      m_floor = 5
      m_ceiling = 5
      m_missingLock = class java.util.concurrent.locks.ReentrantLock@70b2690f
      m_missingCondition = class java.util.concurrent.locks.AbstractQueuedSynchronizer$ConditionObject@7c7fd52f
      m_missing = class java.util.TreeSet@7c9a9e37
      m_activationLock = class java.util.concurrent.locks.ReentrantReadWriteLock@2319f61e
      failureReason = null
      taskCounter = class java.util.concurrent.atomic.AtomicLong@40001963
      registrationManager = class org.apache.felix.scr.impl.manager.AbstractComponentManager$3@42547ae1
    edgeInfos = class org.apache.felix.scr.impl.manager.EdgeInfo[9]
      EdgeInfo[0] = class org.apache.felix.scr.impl.manager.EdgeInfo@6a426955
      EdgeInfo[1] = class org.apache.felix.scr.impl.manager.EdgeInfo@107311b3
      EdgeInfo[2] = class org.apache.felix.scr.impl.manager.EdgeInfo@75e9d320
      EdgeInfo[3] = class org.apache.felix.scr.impl.manager.EdgeInfo@7f4017bb
      EdgeInfo[4] = class org.apache.felix.scr.impl.manager.EdgeInfo@6b1c1c7
      EdgeInfo[5] = class org.apache.felix.scr.impl.manager.EdgeInfo@ec7b62b
      EdgeInfo[6] = class org.apache.felix.scr.impl.manager.EdgeInfo@358c0400
      EdgeInfo[7] = class org.apache.felix.scr.impl.manager.EdgeInfo@4a8e20c5
      EdgeInfo[8] = class org.apache.felix.scr.impl.manager.EdgeInfo@42b96faa
    m_componentInstance = class org.apache.felix.scr.impl.manager.ComponentContextImpl$ComponentInstanceImpl@1e31466b
      m_componentContext = class org.apache.felix.scr.impl.manager.ComponentContextImpl@ef591d9
    m_usingBundle = class org.eclipse.osgi.internal.framework.EquinoxBundle@3b47688e
      equinoxContainer = class org.eclipse.osgi.internal.framework.EquinoxContainer@46d94748
      module = class org.eclipse.osgi.internal.framework.EquinoxBundle$EquinoxModule@27bbae00
      monitor = class java.lang.Object@74822fa2
      context = class org.eclipse.osgi.internal.framework.BundleContextImpl@3434265f
      signedContent = null
      $SWITCH_TABLE$org$eclipse$osgi$container$Module$State = {1,2,3,4,5,6,7} /* array length = 7 */
    m_serviceRegistration = class org.eclipse.osgi.internal.serviceregistry.ServiceRegistrationImpl@77daeaa9
      registry = class org.eclipse.osgi.internal.serviceregistry.ServiceRegistry@53542fd6
      context = class org.eclipse.osgi.internal.framework.BundleContextImpl@3434265f
      bundle = class org.eclipse.osgi.internal.framework.EquinoxBundle@3b47688e
      clazzes = class java.lang.String[4]
      service = class org.apache.felix.scr.impl.manager.SingleComponentManager@4e12fad1
      reference = class org.eclipse.osgi.internal.serviceregistry.ServiceReferenceImpl@2dd86f2a
      contextsUsing = class java.util.ArrayList@2d84bcc4
      properties = class java.util.Collections$UnmodifiableMap@5fdc0c3d
      serviceid = 420
      serviceranking = 0
      registrationLock = class java.lang.Object@6382f83
      state = 0
      REGISTERED = 0
      UNREGISTERING = 1
      UNREGISTERED = 2
      FRAMEWORK_SET_SERVICE_PROPERTIES_COUNT = 4
      $assertionsDisabled = true
    m_implementationObject = class com.ibm.ws.jdbc.DataSourceService@55de2ed4
    m_implementationAccessible = true
    accessibleLatch = class java.util.concurrent.CountDownLatch@24942acc
      sync = "/* Could not access sync */"
    serviceObjectsHelper = class org.apache.felix.scr.impl.helper.ComponentServiceObjectsHelper@61d2f709
      bundleContext = class org.eclipse.osgi.internal.framework.BundleContextImpl@3434265f
      services = class java.util.concurrent.ConcurrentHashMap@24054913
      closedServices = class java.util.ArrayList@1fb6dd5e
      prototypeInstances = class java.util.concurrent.ConcurrentHashMap@167b353d
    boundValues = null
  connectorSvc = class com.ibm.ejs.j2c.ConnectorServiceImpl@5e855f30
    tc = class com.ibm.websphere.ras.TraceComponent@1b9f4244
      strings[0] = "TraceComponent[com.ibm.ejs.j2c.ConnectorServiceImpl,class com.ibm.ejs.j2c.ConnectorServiceImpl,[WAS.j2c],com.ibm.ws.jca.cm.internal.resources.J2CAMessages,null]"
    authDataServiceRef = class com.ibm.wsspi.kernel.service.utils.AtomicServiceReference@75c4e746
      referenceName = "authDataService"
      tuple = class java.util.concurrent.atomic.AtomicReference@705abce6
      serialVersionUID = 2226592364007985000
      $$$tc$$$ = class com.ibm.websphere.ras.TraceComponent@39b82247
    classLoaderIdentifierService = class com.ibm.ws.classloading.internal.ClassLoadingServiceImpl@44e20d53
      tc = class com.ibm.websphere.ras.TraceComponent@11721454
      leakDetectionMap = class java.util.concurrent.ConcurrentHashMap@2804555f
      appClassLoaders = class java.util.Collections$SetFromMap@7a74a324
      TCCL_LOCK_WAIT = 15000
      REFERENCE_GENERATORS = "generators"
      tcclLockStore = class com.ibm.ws.kernel.boot.utils.KeyBasedLockStore@2af6ef77
      bundleContext = class org.eclipse.osgi.internal.framework.BundleContextImpl@40354b6e
      aclStore = class com.ibm.ws.classloading.internal.util.CanonicalStore@5d96af7c
      tcclStore = class com.ibm.ws.classloading.internal.util.CanonicalStore@57b2b73c
      digraph = class org.eclipse.equinox.internal.region.StandardRegionDigraph@800536d
      redefiner = class com.ibm.ws.classloading.internal.util.ClassRedefiner@1510984d
      listener = class com.ibm.ws.classloading.internal.ClassLoadingServiceImpl$2@7d9538dc
      classloaders = class java.util.Collections$SynchronizedMap@3f5c6b05
      resourceProviders = class com.ibm.ws.classloading.internal.CompositeResourceProvider@354ddcb8
      rememberedBundles = class java.util.concurrent.ConcurrentHashMap@240ef8ac
      collectedBundles = class java.lang.ref.ReferenceQueue@70896729
      generatorRefs = class com.ibm.wsspi.kernel.service.utils.ConcurrentServiceReferenceSet@2cd12e7e
      generatorManager = class com.ibm.ws.classloading.internal.ClassGeneratorManager@77229f40
      appExtLibs = class java.util.concurrent.CopyOnWriteArrayList@243ac290
      globalConfig = class com.ibm.ws.classloading.configuration.GlobalClassloadingConfiguration@1fb14911
      systemTransformers = class java.util.concurrent.CopyOnWriteArrayList@3ab62647
      metaInfServicesProviders = class java.util.concurrent.ConcurrentHashMap@590d66ce
      metaInfServicesRefs = class com.ibm.wsspi.kernel.service.utils.ConcurrentServiceReferenceMap@2b51013d
      protectionDomainMap = class java.util.HashMap@3ebd3c87
      metadataIdentifierService = class com.ibm.ws.container.service.metadata.internal.MetaDataServiceImpl@35b2a109
      globalSharedLibrary = class java.util.concurrent.atomic.AtomicReference@7bb9a67
      serialVersionUID = 4413923811772628187
    deferrableSchedXSvcRef = class com.ibm.wsspi.kernel.service.utils.AtomicServiceReference@41a59d49
      referenceName = "deferrableScheduledExecutor"
      tuple = class java.util.concurrent.atomic.AtomicReference@68c3ea87
      serialVersionUID = 2226592364007985000
      $$$tc$$$ = class com.ibm.websphere.ras.TraceComponent@39b82247
    execSvcRef = class com.ibm.wsspi.kernel.service.utils.AtomicServiceReference@373940cb
      referenceName = "executor"
      tuple = class java.util.concurrent.atomic.AtomicReference@24403b44
      serialVersionUID = 2226592364007985000
      $$$tc$$$ = class com.ibm.websphere.ras.TraceComponent@39b82247
    isHeritageEnabled = false
    nonDeferrableSchedXSvcRef = class com.ibm.wsspi.kernel.service.utils.AtomicServiceReference@65957fbd
      referenceName = "nonDeferrableScheduledExecutor"
      tuple = class java.util.concurrent.atomic.AtomicReference@275ef18c
      serialVersionUID = 2226592364007985000
      $$$tc$$$ = class com.ibm.websphere.ras.TraceComponent@39b82247
    rrsXAResFactorySvcRef = class com.ibm.wsspi.kernel.service.utils.AtomicServiceReference@31c97ec9
      referenceName = "rRSXAResourceFactory"
      tuple = class java.util.concurrent.atomic.AtomicReference@5160b4ec
      serialVersionUID = 2226592364007985000
      $$$tc$$$ = class com.ibm.websphere.ras.TraceComponent@39b82247
    transactionManager = class com.ibm.ws.transaction.services.TransactionManagerService@5cebe26c
      tc = class com.ibm.websphere.ras.TraceComponent@430f8069
      isClient = false
      isStarted = class java.util.concurrent.atomic.AtomicBoolean@6a973fba
      xaFlowCallbacksInitialised = true
      deferRecoveryAtRestore = class java.util.concurrent.atomic.AtomicBoolean@6d28df0
      serialVersionUID = -9203448868715661657
    variableRegistrySvcRef = class com.ibm.wsspi.kernel.service.utils.AtomicServiceReference@21a9ce22
      referenceName = "variableRegistry"
      tuple = class java.util.concurrent.atomic.AtomicReference@66ad91cf
      serialVersionUID = 2226592364007985000
      $$$tc$$$ = class com.ibm.websphere.ras.TraceComponent@39b82247
    tc = class com.ibm.websphere.ras.TraceComponent@7c498bb3
      strings[0] = "TraceComponent[com.ibm.ws.jca.cm.ConnectorService,class com.ibm.ws.jca.cm.ConnectorService,[WAS.j2c],com.ibm.ws.jca.cm.internal.resources.J2CAMessages,null]"
    NLS = class com.ibm.ejs.ras.TraceNLS@6f8f353d
      resolver = class com.ibm.ws.logging.internal.TraceNLSResolver@73ce624f
      finder = null
      ivBundleName = "com.ibm.ws.jca.cm.internal.resources.J2CAMessages"
      caller = class java.lang.Class@1d1b9d7b
  dsConfigRef = class java.util.concurrent.atomic.AtomicReference@52ae5a49
    serialVersionUID = "/* Could not access serialVersionUID */"
    VALUE = "/* Could not access VALUE */"
    value = "/* Could not access value */"
  vendorImplClassName = null
  destroyWasDeferred = false
  embDerbyRefCount = class java.util.concurrent.ConcurrentLinkedQueue@4fe1f9d
    serialVersionUID = "/* Could not access serialVersionUID */"
    head = "/* Could not access head */"
    tail = "/* Could not access tail */"
    MAX_HOPS = "/* Could not access MAX_HOPS */"
    HEAD = "/* Could not access HEAD */"
    TAIL = "/* Could not access TAIL */"
    ITEM = "/* Could not access ITEM */"
    NEXT = "/* Could not access NEXT */"
  id = "dataSource[productjpadatasource]"
  isDerbyEmbedded = false
  isUCP = false
  sentUCPConnMgrPropsIgnoredInfoMessage = false
  sentUCPDataSourcePropsIgnoredInfoMessage = false
  jdbcDriverSvc = class com.ibm.ws.jdbc.internal.JDBCDriverService@7076aced
    tc = class com.ibm.websphere.ras.TraceComponent@50b5ed0b
      strings[0] = "TraceComponent[com.ibm.ws.jdbc.internal.JDBCDriverService,class com.ibm.ws.jdbc.internal.JDBCDriverService,[RRA],com.ibm.ws.rsadapter.resources.IBMDataStoreAdapterNLS,null]"
    FACTORY_PID = "com.ibm.ws.jdbc.jdbcDriver"
    ID = "id"
    LIBRARY_REF = "libraryRef"
    JDBC_DRIVER = "jdbcDriver"
    TARGET_LIBRARY = "sharedLib.target"
    PROPS_FOR_XA_ONLY = class java.util.Arrays$ArrayList@55b081e3
      serialVersionUID = "/* Could not access serialVersionUID */"
      a = "/* Could not access a */"
      modCount = "/* Could not access modCount */"
    PROPS_NOT_SET_ON_DRIVER = class java.util.Arrays$ArrayList@6f4492ad
      serialVersionUID = "/* Could not access serialVersionUID */"
      a = "/* Could not access a */"
      modCount = "/* Could not access modCount */"
    FLAG_ORACLE_LOGGING_ACTIVE = class java.util.concurrent.atomic.AtomicBoolean@2c487ca9
      serialVersionUID = "/* Could not access serialVersionUID */"
      VALUE = "/* Could not access VALUE */"
      value = "/* Could not access value */"
    FLAG_ORACLE_LOGGING_DEACTIVE = class java.util.concurrent.atomic.AtomicBoolean@13daaac4
      serialVersionUID = "/* Could not access serialVersionUID */"
      VALUE = "/* Could not access VALUE */"
      value = "/* Could not access value */"
    ORACLELOG_PARENT_PACKAGENAME = "oracle"
    classloader = class com.ibm.ws.classloading.internal.AppClassLoader@3510e866
      tc = class com.ibm.websphere.ras.TraceComponent@31d30219
      forbiddenClassNames = class java.util.Collections$UnmodifiableSet@23958f67
      FORBIDDEN_PROPERTIES = "forbidden.properties"
      NOTHING_FORBIDDEN_PROPERTY = "io.openliberty.classloading.nothing.forbidden"
      disableSharedClassesCache = false
      PARENT_FIRST_SEARCH_ORDER = class java.util.Collections$UnmodifiableRandomAccessList@3bd7f028
      packagesDefined = class java.util.Collections$SetFromMap@e7a1eac
      CLASS_LOADING_TRACE_PREFIX = "com.ibm.ws.class.load."
      DEFAULT_PACKAGE = "default.package"
      perPackageClassLoadingTraceComponents = class java.util.concurrent.ConcurrentHashMap@5dbde3da
      config = class com.ibm.ws.classloading.internal.ClassLoaderConfigurationImpl@52dcb1bd
      privateLibraries = null
      delegateLoaders = class com.ibm.ws.classloading.internal.util.CompositeIterable@560e4d7e
      nativeLibraryFiles = class java.util.ArrayList@8dfb66d
      transformers = class java.util.ArrayList@3ace279f
      systemTransformers = class java.util.concurrent.CopyOnWriteArrayList@3ab62647
      apiAccess = class com.ibm.ws.classloading.internal.GatewayClassLoader@630024c4
      generator = class com.ibm.ws.classloading.internal.ClassGeneratorManager@77229f40
      protectionDomains = class java.util.concurrent.ConcurrentHashMap@da83822
      hook = null
      serialVersionUID = 5906478461061001036
      checkpointPhase = class io.openliberty.checkpoint.spi.CheckpointPhase@29e9f154
      tc = class com.ibm.websphere.ras.TraceComponent@220fc6e2
      smartClassPath = class com.ibm.ws.classloading.internal.ContainerClassLoader$SmartClassPathImpl@5c7056da
      nativeLibraryContainers = class java.util.ArrayList@17497014
      redefiner = class com.ibm.ws.classloading.internal.util.ClassRedefiner@1510984d
      jarProtocol = "wsjar:"
      mapCreationQueue = class java.util.concurrent.Executors$FinalizableDelegatedExecutorService@5bec23f7
      serialVersionUID = 251246017270836472
      parent = class com.ibm.ws.classloading.internal.GatewayClassLoader@630024c4
      classNameLockStore = class com.ibm.ws.kernel.boot.utils.KeyBasedLockStore@3d691a8f
      serialVersionUID = -3020377578845918238
      $$$tc$$$ = class com.ibm.websphere.ras.TraceComponent@47d204fa
      pdcache = "/* Could not access pdcache */"
    connectorSvc = class com.ibm.ejs.j2c.ConnectorServiceImpl@5e855f30
    embDerbyRefCount = class java.util.concurrent.ConcurrentLinkedQueue@42b49ec5
      serialVersionUID = "/* Could not access serialVersionUID */"
      head = "/* Could not access head */"
      tail = "/* Could not access tail */"
      MAX_HOPS = "/* Could not access MAX_HOPS */"
      HEAD = "/* Could not access HEAD */"
      TAIL = "/* Could not access TAIL */"
      ITEM = "/* Could not access ITEM */"
      NEXT = "/* Could not access NEXT */"
    introspectedClasses = class java.util.HashSet@92ebdc4
      serialVersionUID = "/* Could not access serialVersionUID */"
      map = "/* Could not access map */"
      PRESENT = "/* Could not access PRESENT */"
    isDerbyEmbedded = class java.util.concurrent.atomic.AtomicBoolean@666c257c
      serialVersionUID = "/* Could not access serialVersionUID */"
      VALUE = "/* Could not access VALUE */"
      value = "/* Could not access value */"
    isInitialized = true
    lock = class java.util.concurrent.locks.ReentrantReadWriteLock@20a63fff
      serialVersionUID = "/* Could not access serialVersionUID */"
      readerLock = "/* Could not access readerLock */"
      writerLock = "/* Could not access writerLock */"
      sync = "/* Could not access sync */"
    name = "dataSource[productjpadatasource]/jdbcDriver[default-0]"
    properties = class org.apache.felix.scr.impl.helper.ReadOnlyDictionary@4602df98
      m_delegate = class java.util.Hashtable@717cef38
      m_serviceReference = null
    sharedLib = class com.ibm.ws.library.internal.SharedLibraryImpl@3abe8a01
      tc = class com.ibm.websphere.ras.TraceComponent@255f395e
      deleted = false
      libraryListenersTracker = class org.osgi.util.tracker.ServiceTracker@63714d7e
      libraryReg = class org.eclipse.osgi.internal.serviceregistry.ServiceRegistrationImpl@6a9b6d03
      ctx = class org.eclipse.osgi.internal.framework.BundleContextImpl@40354b6e
      classLoadingService = class com.ibm.ws.classloading.internal.ClassLoadingServiceImpl@44e20d53
      configAdmin = class com.ibm.ws.config.admin.internal.ConfigurationAdminImpl@3f6458d4
      resolvedBasePath = "/workspaces/codespaces-blank/mp-ecomm-store/target/liberty/wlp/usr/servers/defaultServer/"
      generationLock = class com.ibm.ws.library.internal.SharedLibraryImpl$1@5ad2754
      currentGeneration = class com.ibm.ws.library.internal.LibraryGeneration@70e5e80c
      nextGeneration = class com.ibm.ws.library.internal.LibraryGeneration@70e5e80c
      artifactContainerFactory = class com.ibm.ws.library.internal.SharedLibraryFactory$1@191641d3
      packageExporter = class com.ibm.ws.library.internal.LibraryPackageExporter@42908dd
      serialVersionUID = 5714743499247904517
    changed = "/* Could not access changed */"
    obs = "/* Could not access obs */"
  jdbcRuntime = class com.ibm.ws.jdbc.osgi.v42.JDBC42Runtime@50aaccb8
  mcf = null
  mcfPerClassLoader = null
  properties = class org.apache.felix.scr.impl.helper.ReadOnlyDictionary@4f5cce85
    m_delegate = class java.util.Hashtable@15ca3133
      table = "/* Could not access table */"
      count = "/* Could not access count */"
      threshold = "/* Could not access threshold */"
      loadFactor = "/* Could not access loadFactor */"
      modCount = "/* Could not access modCount */"
      serialVersionUID = "/* Could not access serialVersionUID */"
      MAX_ARRAY_SIZE = "/* Could not access MAX_ARRAY_SIZE */"
      keySet = "/* Could not access keySet */"
      entrySet = "/* Could not access entrySet */"
      values = "/* Could not access values */"
      KEYS = "/* Could not access KEYS */"
      VALUES = "/* Could not access VALUES */"
      ENTRIES = "/* Could not access ENTRIES */"
    m_serviceReference = null
  tc = class com.ibm.websphere.ras.TraceComponent@23e6bed6
    strings[0] = "TraceComponent[com.ibm.ws.jca.cm.AbstractConnectionFactoryService,class com.ibm.ws.jca.cm.AbstractConnectionFactoryService,[WAS.j2c],com.ibm.ws.jca.cm.internal.resources.J2CAMessages,null]"
  ID = "id"
  DEFAULT_NESTED_PATTERN = class java.util.regex.Pattern@3b2a2204
    UNIX_LINES = 1
    CASE_INSENSITIVE = 2
    COMMENTS = 4
    MULTILINE = 8
    LITERAL = 16
    DOTALL = 32
    UNICODE_CASE = 64
    CANON_EQ = 128
    UNICODE_CHARACTER_CLASS = 256
    ALL_FLAGS = "/* Could not access ALL_FLAGS */"
    serialVersionUID = "/* Could not access serialVersionUID */"
    pattern = "/* Could not access pattern */"
    flags = "/* Could not access flags */"
    flags0 = "/* Could not access flags0 */"
    compiled = "/* Could not access compiled */"
    normalizedPattern = "/* Could not access normalizedPattern */"
    root = "/* Could not access root */"
    matchRoot = "/* Could not access matchRoot */"
    buffer = "/* Could not access buffer */"
    predicate = "/* Could not access predicate */"
    namedGroups = "/* Could not access namedGroups */"
    groupNodes = "/* Could not access groupNodes */"
    topClosureNodes = "/* Could not access topClosureNodes */"
    localTCNCount = "/* Could not access localTCNCount */"
    hasGroupRef = "/* Could not access hasGroupRef */"
    temp = "/* Could not access temp */"
    capturingGroupCount = "/* Could not access capturingGroupCount */"
    localCount = "/* Could not access localCount */"
    cursor = "/* Could not access cursor */"
    patternLength = "/* Could not access patternLength */"
    hasSupplementary = "/* Could not access hasSupplementary */"
    MAX_REPS = "/* Could not access MAX_REPS */"
    accept = "/* Could not access accept */"
    lastAccept = "/* Could not access lastAccept */"
    $assertionsDisabled = "/* Could not access $assertionsDisabled */"
  DEFAULT_PATTERN = class java.util.regex.Pattern@7efee048
    UNIX_LINES = 1
    CASE_INSENSITIVE = 2
    COMMENTS = 4
    MULTILINE = 8
    LITERAL = 16
    DOTALL = 32
    UNICODE_CASE = 64
    CANON_EQ = 128
    UNICODE_CHARACTER_CLASS = 256
    ALL_FLAGS = "/* Could not access ALL_FLAGS */"
    serialVersionUID = "/* Could not access serialVersionUID */"
    pattern = "/* Could not access pattern */"
    flags = "/* Could not access flags */"
    flags0 = "/* Could not access flags0 */"
    compiled = "/* Could not access compiled */"
    normalizedPattern = "/* Could not access normalizedPattern */"
    root = "/* Could not access root */"
    matchRoot = "/* Could not access matchRoot */"
    buffer = "/* Could not access buffer */"
    predicate = "/* Could not access predicate */"
    namedGroups = "/* Could not access namedGroups */"
    groupNodes = "/* Could not access groupNodes */"
    topClosureNodes = "/* Could not access topClosureNodes */"
    localTCNCount = "/* Could not access localTCNCount */"
    hasGroupRef = "/* Could not access hasGroupRef */"
    temp = "/* Could not access temp */"
    capturingGroupCount = "/* Could not access capturingGroupCount */"
    localCount = "/* Could not access localCount */"
    cursor = "/* Could not access cursor */"
    patternLength = "/* Could not access patternLength */"
    hasSupplementary = "/* Could not access hasSupplementary */"
    MAX_REPS = "/* Could not access MAX_REPS */"
    accept = "/* Could not access accept */"
    lastAccept = "/* Could not access lastAccept */"
    $assertionsDisabled = "/* Could not access $assertionsDisabled */"
  THREAD_IDENTITY_NOT_ALLOWED = 0
  THREAD_IDENTITY_ALLOWED = 1
  THREAD_IDENTITY_REQUIRED = 2
  appsToRecycle = class java.util.Collections$SetFromMap@51b6fd56
    m = "/* Could not access m */"
    s = "/* Could not access s */"
    serialVersionUID = "/* Could not access serialVersionUID */"
  conMgrSvc = class com.ibm.ejs.j2c.ConnectionManagerServiceImpl@3b66df66
    tc = class com.ibm.websphere.ras.TraceComponent@22ccfd5d
      strings[0] = "TraceComponent[com.ibm.ejs.j2c.ConnectionManagerServiceImpl,class com.ibm.ejs.j2c.ConnectionManagerServiceImpl,[WAS.j2c],com.ibm.ws.jca.cm.internal.resources.J2CAMessages,null]"
    priv = class com.ibm.ws.kernel.service.util.SecureAction@62e468c
      controlContext = class java.security.AccessControlContext@e2b913a
      bootClassLoader = class com.ibm.ws.kernel.service.util.SecureAction$1$1@37e3327d
      getContextClassLoaderAction = class com.ibm.ws.kernel.service.util.SecureAction$29@aa92cc0
      getSystemClassLoaderAction = class com.ibm.ws.kernel.service.util.SecureAction$30@76593e8a
    cfKeyToCM = class java.util.concurrent.ConcurrentHashMap@9543ba
      serialVersionUID = "/* Could not access serialVersionUID */"
      MAXIMUM_CAPACITY = "/* Could not access MAXIMUM_CAPACITY */"
      DEFAULT_CAPACITY = "/* Could not access DEFAULT_CAPACITY */"
      MAX_ARRAY_SIZE = "/* Could not access MAX_ARRAY_SIZE */"
      DEFAULT_CONCURRENCY_LEVEL = "/* Could not access DEFAULT_CONCURRENCY_LEVEL */"
      LOAD_FACTOR = "/* Could not access LOAD_FACTOR */"
      TREEIFY_THRESHOLD = "/* Could not access TREEIFY_THRESHOLD */"
      UNTREEIFY_THRESHOLD = "/* Could not access UNTREEIFY_THRESHOLD */"
      MIN_TREEIFY_CAPACITY = "/* Could not access MIN_TREEIFY_CAPACITY */"
      MIN_TRANSFER_STRIDE = "/* Could not access MIN_TRANSFER_STRIDE */"
      RESIZE_STAMP_BITS = "/* Could not access RESIZE_STAMP_BITS */"
      MAX_RESIZERS = "/* Could not access MAX_RESIZERS */"
      RESIZE_STAMP_SHIFT = "/* Could not access RESIZE_STAMP_SHIFT */"
      MOVED = "/* Could not access MOVED */"
      TREEBIN = "/* Could not access TREEBIN */"
      RESERVED = "/* Could not access RESERVED */"
      HASH_BITS = "/* Could not access HASH_BITS */"
      NCPU = "/* Could not access NCPU */"
      serialPersistentFields = "/* Could not access serialPersistentFields */"
      table = "/* Could not access table */"
      nextTable = "/* Could not access nextTable */"
      baseCount = "/* Could not access baseCount */"
      sizeCtl = "/* Could not access sizeCtl */"
      transferIndex = "/* Could not access transferIndex */"
      cellsBusy = "/* Could not access cellsBusy */"
      counterCells = "/* Could not access counterCells */"
      keySet = "/* Could not access keySet */"
      values = "/* Could not access values */"
      entrySet = "/* Could not access entrySet */"
      U = "/* Could not access U */"
      SIZECTL = "/* Could not access SIZECTL */"
      TRANSFERINDEX = "/* Could not access TRANSFERINDEX */"
      BASECOUNT = "/* Could not access BASECOUNT */"
      CELLSBUSY = "/* Could not access CELLSBUSY */"
      CELLVALUE = "/* Could not access CELLVALUE */"
      ABASE = "/* Could not access ABASE */"
      ASHIFT = "/* Could not access ASHIFT */"
      keySet = "/* Could not access keySet */"
      values = "/* Could not access values */"
    connectorSvc = null
    lock = class java.util.concurrent.locks.ReentrantReadWriteLock@16a412ec
      serialVersionUID = "/* Could not access serialVersionUID */"
      readerLock = "/* Could not access readerLock */"
      writerLock = "/* Could not access writerLock */"
      sync = "/* Could not access sync */"
    name = "dataSource[productjpadatasource]/connectionManager"
    pm = null
    pmMBean = null
    properties = null
    bndCtx = null
    raClassLoader = null
    disableLibertyConnectionPool = false
    AUTO_CLOSE_CONNECTIONS = "autoCloseConnections"
    CONNECTION_MANAGER = "connectionManager"
    FACTORY_PID = "com.ibm.ws.jca.connectionManager"
    ID = "id"
    MAX_CONNECTIONS_PER_THREAD = "maxConnectionsPerThread"
    MAX_IDLE_TIME = "maxIdleTime"
    MAX_POOL_SIZE = "maxPoolSize"
    MIN_POOL_SIZE = "minPoolSize"
    NUM_CONNECTIONS_PER_THREAD_LOCAL = "numConnectionsPerThreadLocal"
    TEMPORARILY_ASSOCIATE_IF_DISSOCIATE_UNAVAILABLE = "temporarilyAssociateIfDissociateUnavailable"
    ENABLE_CONTAINER_AUTH_FOR_DIRECT_LOOKUPS = "enableContainerAuthForDirectLookups"
    CONNECTION_MANAGER_PROPS = class java.util.Collections$UnmodifiableRandomAccessList@105ed3df
      serialVersionUID = "/* Could not access serialVersionUID */"
      serialVersionUID = "/* Could not access serialVersionUID */"
      list = "/* Could not access list */"
      serialVersionUID = "/* Could not access serialVersionUID */"
      c = "/* Could not access c */"
    CONNECTION_MANAGER_DSD_PROPS = class java.util.Collections$UnmodifiableRandomAccessList@6430fd7e
      serialVersionUID = "/* Could not access serialVersionUID */"
      serialVersionUID = "/* Could not access serialVersionUID */"
      list = "/* Could not access list */"
      serialVersionUID = "/* Could not access serialVersionUID */"
      c = "/* Could not access c */"
    changed = "/* Could not access changed */"
    obs = "/* Could not access obs */"
  containerAuthDataRef = null
  jaasLoginContextEntryRef = null
  isInitialized = class java.util.concurrent.atomic.AtomicBoolean@321384e2
    serialVersionUID = "/* Could not access serialVersionUID */"
    VALUE = "/* Could not access VALUE */"
    value = "/* Could not access value */"
  isServerDefined = true
  lock = class java.util.concurrent.locks.ReentrantReadWriteLock@738470b7
    serialVersionUID = "/* Could not access serialVersionUID */"
    readerLock = "/* Could not access readerLock */"
    writerLock = "/* Could not access writerLock */"
    sync = "/* Could not access sync */"
  recoveryAuthDataRef = null

