------Start of DE processing------ = [3/3/24, 6:12:38:844 UTC]
Exception = org.jboss.weld.exceptions.DeploymentException
Source = com.ibm.ws.cdi.liberty.CDIRuntimeImpl
probeid = 478
Stack Dump = org.jboss.weld.exceptions.DeploymentException: WELD-001408: Unsatisfied dependencies for type ProductRepository with qualifiers @Default
  at injection point [BackedAnnotatedField] @Inject private io.microprofile.tutorial.store.product.resource.ProductResource.productRepository
  at io.microprofile.tutorial.store.product.resource.ProductResource.productRepository(ProductResource.java:0)
WELD-001474: Class io.microprofile.tutorial.store.product.repository.ProductRepository is on the classpath, but was ignored because a class it references was not found: jakarta.persistence.EntityManager.

	at org.jboss.weld.bootstrap.Validator.validateInjectionPointForDeploymentProblems(Validator.java:367)
	at org.jboss.weld.bootstrap.Validator.validateInjectionPoint(Validator.java:285)
	at org.jboss.weld.bootstrap.Validator.validateGeneralBean(Validator.java:141)
	at org.jboss.weld.bootstrap.Validator.validateRIBean(Validator.java:162)
	at org.jboss.weld.bootstrap.Validator.validateBean(Validator.java:515)
	at org.jboss.weld.bootstrap.ConcurrentValidator$1.doWork(ConcurrentValidator.java:64)
	at org.jboss.weld.bootstrap.ConcurrentValidator$1.doWork(ConcurrentValidator.java:62)
	at org.jboss.weld.executor.IterativeWorkerTaskFactory$1.call(IterativeWorkerTaskFactory.java:62)
	at org.jboss.weld.executor.IterativeWorkerTaskFactory$1.call(IterativeWorkerTaskFactory.java:55)
	at java.base/java.util.concurrent.FutureTask.run(FutureTask.java:264)
	at java.base/java.util.concurrent.ThreadPoolExecutor.runWorker(ThreadPoolExecutor.java:1136)
	at java.base/java.util.concurrent.ThreadPoolExecutor$Worker.run(ThreadPoolExecutor.java:635)
	at java.base/java.lang.Thread.run(Thread.java:840)

Dump of callerThis
Object type = com.ibm.ws.cdi.liberty.CDIRuntimeImpl
  tc = class com.ibm.websphere.ras.TraceComponent@411e10a9
    strings[0] = "TraceComponent[com.ibm.ws.cdi.liberty.CDIRuntimeImpl,class com.ibm.ws.cdi.liberty.CDIRuntimeImpl,[JCDI],com.ibm.ws.cdi.internal.resources.CDI,null]"
  metaDataSlotServiceSR = class com.ibm.wsspi.kernel.service.utils.AtomicServiceReference@495867a6
    referenceName = "metaDataSlotService"
    tuple = class java.util.concurrent.atomic.AtomicReference@2d80881d
      serialVersionUID = "/* Could not access serialVersionUID */"
      VALUE = "/* Could not access VALUE */"
      value = "/* Could not access value */"
    serialVersionUID = 2226592364007985000
    $$$tc$$$ = class com.ibm.websphere.ras.TraceComponent@60167bfa
  ejbEndpointServiceSR = class com.ibm.wsspi.kernel.service.utils.AtomicServiceReference@50c253da
    referenceName = "ejbEndpointService"
    tuple = class java.util.concurrent.atomic.AtomicReference@19065723
      serialVersionUID = "/* Could not access serialVersionUID */"
      VALUE = "/* Could not access VALUE */"
      value = "/* Could not access value */"
    serialVersionUID = 2226592364007985000
    $$$tc$$$ = class com.ibm.websphere.ras.TraceComponent@60167bfa
  classLoadingSRRef = class com.ibm.wsspi.kernel.service.utils.AtomicServiceReference@7553ba1
    referenceName = "classLoadingService"
    tuple = class java.util.concurrent.atomic.AtomicReference@2644089b
      serialVersionUID = "/* Could not access serialVersionUID */"
      VALUE = "/* Could not access VALUE */"
      value = "/* Could not access value */"
    serialVersionUID = 2226592364007985000
    $$$tc$$$ = class com.ibm.websphere.ras.TraceComponent@60167bfa
  ejbServices = class com.ibm.wsspi.kernel.service.utils.AtomicServiceReference@3a498e07
    referenceName = "ejbServices"
    tuple = class java.util.concurrent.atomic.AtomicReference@11a2b54
      serialVersionUID = "/* Could not access serialVersionUID */"
      VALUE = "/* Could not access VALUE */"
      value = "/* Could not access value */"
    serialVersionUID = 2226592364007985000
    $$$tc$$$ = class com.ibm.websphere.ras.TraceComponent@60167bfa
      strings[0] = "TraceComponent[com.ibm.wsspi.kernel.service.utils.AtomicServiceReference,class com.ibm.wsspi.kernel.service.utils.AtomicServiceReference,[kernelUtils],com.ibm.ws.kernel.service.utils.resources.ServiceMessages,null]"
  transactionService = class com.ibm.wsspi.kernel.service.utils.AtomicServiceReference@3026bbbf
    referenceName = "transactionService"
    tuple = class java.util.concurrent.atomic.AtomicReference@661917ba
      serialVersionUID = "/* Could not access serialVersionUID */"
      VALUE = "/* Could not access VALUE */"
      value = "/* Could not access value */"
    serialVersionUID = 2226592364007985000
    $$$tc$$$ = class com.ibm.websphere.ras.TraceComponent@60167bfa
  securityServices = class com.ibm.wsspi.kernel.service.utils.AtomicServiceReference@723862e2
    referenceName = "securityServices"
    tuple = class java.util.concurrent.atomic.AtomicReference@23632070
      serialVersionUID = "/* Could not access serialVersionUID */"
      VALUE = "/* Could not access VALUE */"
      value = "/* Could not access value */"
    serialVersionUID = 2226592364007985000
    $$$tc$$$ = class com.ibm.websphere.ras.TraceComponent@60167bfa
  extensionsSR = class com.ibm.wsspi.kernel.service.utils.ConcurrentServiceReferenceSet@5c1ed737
    referenceName = "extensionService"
    contextRef = class java.util.concurrent.atomic.AtomicReference@44b518b0
      serialVersionUID = "/* Could not access serialVersionUID */"
      VALUE = "/* Could not access VALUE */"
      value = "/* Could not access value */"
    elementMap = class java.util.LinkedHashMap@5d1e60c2
      serialVersionUID = "/* Could not access serialVersionUID */"
      head = "/* Could not access head */"
      tail = "/* Could not access tail */"
      accessOrder = "/* Could not access accessOrder */"
      serialVersionUID = "/* Could not access serialVersionUID */"
      DEFAULT_INITIAL_CAPACITY = "/* Could not access DEFAULT_INITIAL_CAPACITY */"
      MAXIMUM_CAPACITY = "/* Could not access MAXIMUM_CAPACITY */"
      DEFAULT_LOAD_FACTOR = "/* Could not access DEFAULT_LOAD_FACTOR */"
      TREEIFY_THRESHOLD = "/* Could not access TREEIFY_THRESHOLD */"
      UNTREEIFY_THRESHOLD = "/* Could not access UNTREEIFY_THRESHOLD */"
      MIN_TREEIFY_CAPACITY = "/* Could not access MIN_TREEIFY_CAPACITY */"
      table = "/* Could not access table */"
      entrySet = "/* Could not access entrySet */"
      size = "/* Could not access size */"
      modCount = "/* Could not access modCount */"
      threshold = "/* Could not access threshold */"
      loadFactor = "/* Could not access loadFactor */"
      keySet = "/* Could not access keySet */"
      values = "/* Could not access values */"
    elementSet = class java.util.concurrent.ConcurrentSkipListSet@3feb137
      serialVersionUID = "/* Could not access serialVersionUID */"
      m = "/* Could not access m */"
    elementSetUnsorted = false
    serialVersionUID = 756240983881166148
    $$$tc$$$ = class com.ibm.websphere.ras.TraceComponent@414f64c4
  spiExtensionsSR = class com.ibm.wsspi.kernel.service.utils.ConcurrentServiceReferenceSet@2a514305
    referenceName = "spiExtensionService"
    contextRef = class java.util.concurrent.atomic.AtomicReference@44c65f16
      serialVersionUID = "/* Could not access serialVersionUID */"
      VALUE = "/* Could not access VALUE */"
      value = "/* Could not access value */"
    elementMap = class java.util.LinkedHashMap@5f2b8675
      serialVersionUID = "/* Could not access serialVersionUID */"
      head = "/* Could not access head */"
      tail = "/* Could not access tail */"
      accessOrder = "/* Could not access accessOrder */"
      serialVersionUID = "/* Could not access serialVersionUID */"
      DEFAULT_INITIAL_CAPACITY = "/* Could not access DEFAULT_INITIAL_CAPACITY */"
      MAXIMUM_CAPACITY = "/* Could not access MAXIMUM_CAPACITY */"
      DEFAULT_LOAD_FACTOR = "/* Could not access DEFAULT_LOAD_FACTOR */"
      TREEIFY_THRESHOLD = "/* Could not access TREEIFY_THRESHOLD */"
      UNTREEIFY_THRESHOLD = "/* Could not access UNTREEIFY_THRESHOLD */"
      MIN_TREEIFY_CAPACITY = "/* Could not access MIN_TREEIFY_CAPACITY */"
      table = "/* Could not access table */"
      entrySet = "/* Could not access entrySet */"
      size = "/* Could not access size */"
      modCount = "/* Could not access modCount */"
      threshold = "/* Could not access threshold */"
      loadFactor = "/* Could not access loadFactor */"
      keySet = "/* Could not access keySet */"
      values = "/* Could not access values */"
    elementSet = class java.util.concurrent.ConcurrentSkipListSet@3c45720f
      serialVersionUID = "/* Could not access serialVersionUID */"
      m = "/* Could not access m */"
    elementSetUnsorted = false
    serialVersionUID = 756240983881166148
    $$$tc$$$ = class com.ibm.websphere.ras.TraceComponent@414f64c4
      strings[0] = "TraceComponent[com.ibm.wsspi.kernel.service.utils.ConcurrentServiceReferenceSet,class com.ibm.wsspi.kernel.service.utils.ConcurrentServiceReferenceSet,[kernelUtils],com.ibm.ws.kernel.service.utils.resources.ServiceMessages,null]"
  containerFactorySRRef = class com.ibm.wsspi.kernel.service.utils.AtomicServiceReference@2fafeeb3
    referenceName = "containerFactory"
    tuple = class java.util.concurrent.atomic.AtomicReference@16ec562b
      serialVersionUID = "/* Could not access serialVersionUID */"
      VALUE = "/* Could not access VALUE */"
      value = "/* Could not access value */"
    serialVersionUID = 2226592364007985000
    $$$tc$$$ = class com.ibm.websphere.ras.TraceComponent@60167bfa
  adaptableModuleFactorySRRef = class com.ibm.wsspi.kernel.service.utils.AtomicServiceReference@1e31a6d6
    referenceName = "adaptableModuleFactory"
    tuple = class java.util.concurrent.atomic.AtomicReference@388530ac
      serialVersionUID = "/* Could not access serialVersionUID */"
      VALUE = "/* Could not access VALUE */"
      value = "/* Could not access value */"
    serialVersionUID = 2226592364007985000
    $$$tc$$$ = class com.ibm.websphere.ras.TraceComponent@60167bfa
  injectionEngineServiceRef = class com.ibm.wsspi.kernel.service.utils.AtomicServiceReference@34bc6d48
    referenceName = "injectionEngine"
    tuple = class java.util.concurrent.atomic.AtomicReference@4bcbbfa6
      serialVersionUID = "/* Could not access serialVersionUID */"
      VALUE = "/* Could not access VALUE */"
      value = "/* Could not access value */"
    serialVersionUID = 2226592364007985000
    $$$tc$$$ = class com.ibm.websphere.ras.TraceComponent@60167bfa
  scheduledExecutorServiceRef = class com.ibm.wsspi.kernel.service.utils.AtomicServiceReference@14d549b1
    referenceName = "scheduledExecutorService"
    tuple = class java.util.concurrent.atomic.AtomicReference@211ff432
      serialVersionUID = "/* Could not access serialVersionUID */"
      VALUE = "/* Could not access VALUE */"
      value = "/* Could not access value */"
    serialVersionUID = 2226592364007985000
    $$$tc$$$ = class com.ibm.websphere.ras.TraceComponent@60167bfa
  executorServiceRef = class com.ibm.wsspi.kernel.service.utils.AtomicServiceReference@44dfe7ee
    referenceName = "executorService"
    tuple = class java.util.concurrent.atomic.AtomicReference@7e730bc1
      serialVersionUID = "/* Could not access serialVersionUID */"
      VALUE = "/* Could not access VALUE */"
      value = "/* Could not access value */"
    serialVersionUID = 2226592364007985000
    $$$tc$$$ = class com.ibm.websphere.ras.TraceComponent@60167bfa
  managedExecutorServiceRef = class com.ibm.wsspi.kernel.service.utils.AtomicServiceReference@574beeb5
    referenceName = "managedExecutorService"
    tuple = class java.util.concurrent.atomic.AtomicReference@56db2984
      serialVersionUID = "/* Could not access serialVersionUID */"
      VALUE = "/* Could not access VALUE */"
      value = "/* Could not access value */"
    serialVersionUID = 2226592364007985000
    $$$tc$$$ = class com.ibm.websphere.ras.TraceComponent@60167bfa
  resourceRefConfigFactoryRef = class com.ibm.wsspi.kernel.service.utils.AtomicServiceReference@4a1f39
    referenceName = "resourceRefConfigFactory"
    tuple = class java.util.concurrent.atomic.AtomicReference@50c57cbd
      serialVersionUID = "/* Could not access serialVersionUID */"
      VALUE = "/* Could not access VALUE */"
      value = "/* Could not access value */"
    serialVersionUID = 2226592364007985000
    $$$tc$$$ = class com.ibm.websphere.ras.TraceComponent@60167bfa
  deferredMetaDataFactoryRef = class com.ibm.wsspi.kernel.service.utils.AtomicServiceReference@3e6c5640
    referenceName = "cdiDeferredMetaDataFactoryImpl"
    tuple = class java.util.concurrent.atomic.AtomicReference@12efe1b4
      serialVersionUID = "/* Could not access serialVersionUID */"
      VALUE = "/* Could not access VALUE */"
      value = "/* Could not access value */"
    serialVersionUID = 2226592364007985000
    $$$tc$$$ = class com.ibm.websphere.ras.TraceComponent@60167bfa
  beansXmlParser = class io.openliberty.cdi40.internal.weld.CDI40BeansXmlParserImpl@5b726f4
    tc = class com.ibm.websphere.ras.TraceComponent@27478d21
      strings[0] = "TraceComponent[io.openliberty.cdi40.internal.weld.CDI40BeansXmlParserImpl,class io.openliberty.cdi40.internal.weld.CDI40BeansXmlParserImpl,[JCDI],com.ibm.ws.cdi.internal.resources.CDI,null]"
    cdiContainerConfig = class io.openliberty.cdi40.internal.weld.CDI40AggregatedConfigurationImpl@160a845
    serialVersionUID = 1591115226053693575
  bceFinder = class io.openliberty.cdi40.internal.weld.CDI40BceFinder@d815eb1
    BCE_EXTENSION = "jakarta.enterprise.inject.build.compatible.spi.BuildCompatibleExtension"
    META_INF_SERVICES_BCE_EXTENSION = "META-INF/services/jakarta.enterprise.inject.build.compatible.spi.BuildCompatibleExtension"
    WEB_INF_CLASSES_META_INF_SERVICES_BCE_EXTENSION = "WEB-INF/classes/META-INF/services/jakarta.enterprise.inject.build.compatible.spi.BuildCompatibleExtension"
    serialVersionUID = 8570119591201212767
    $$$tc$$$ = class com.ibm.websphere.ras.TraceComponent@388de84e
      strings[0] = "TraceComponent[io.openliberty.cdi40.internal.weld.CDI40BceFinder,class io.openliberty.cdi40.internal.weld.CDI40BceFinder,[JCDI],com.ibm.ws.cdi.internal.resources.CDI,null]"
  cdiContainerEventManager = class io.openliberty.cdi40.internal.weld.CDI40ContainerEventManagerImpl@5de23bef
    tc = class com.ibm.websphere.ras.TraceComponent@2e73c440
      strings[0] = "TraceComponent[io.openliberty.cdi40.internal.weld.CDI40ContainerEventManagerImpl,class io.openliberty.cdi40.internal.weld.CDI40ContainerEventManagerImpl,[JCDI],com.ibm.ws.cdi.internal.resources.CDI,null]"
    LIBERTY_EE_ENVIRONMENT = class io.openliberty.cdi40.internal.weld.CDI40ContainerEventManagerImpl$LibertyEEEnvironment@135e0a7d
      requiredBeanDeploymentArchiveServices = class java.util.HashSet@62d4ce9d
      requiredDeploymentServices = class java.util.HashSet@7e9a79f1
      serialVersionUID = -3640258028692295283
      $$$tc$$$ = class com.ibm.websphere.ras.TraceComponent@1b95bdc9
    serialVersionUID = -4728261810637111019
  weldDevelopmentMode = null
  cdiContainerConfig = class io.openliberty.cdi40.internal.weld.CDI40AggregatedConfigurationImpl@160a845
    serialVersionUID = 2467610951074149464
    $$$tc$$$ = class com.ibm.websphere.ras.TraceComponent@1b5da89d
      strings[0] = "TraceComponent[io.openliberty.cdi40.internal.weld.CDI40AggregatedConfigurationImpl,class io.openliberty.cdi40.internal.weld.CDI40AggregatedConfigurationImpl,[JCDI],com.ibm.ws.cdi.internal.resources.CDI,null]"
    tc = class com.ibm.websphere.ras.TraceComponent@71317152
      strings[0] = "TraceComponent[com.ibm.ws.cdi.internal.config.AggregatedConfiguration,class com.ibm.ws.cdi.internal.config.AggregatedConfiguration,[JCDI],com.ibm.ws.cdi.internal.resources.CDI,null]"
    ENABLE_IMPLICIT_BEAN_ARCHIVES = "enableImplicitBeanArchives"
    EMPTY_BEANS_XML_CDI3_COMPATIBILITY = "emptyBeansXmlCDI3Compatibility"
    ENABLE_IMPLICIT_BEAN_ARCHIVES_DEFAULT = true
    EMPTY_BEANS_XML_CDI3_COMPATIBILITY_DEFAULT = false
    cdi12EnableImplicitBeanArchives = null
    cdiEnableImplicitBeanArchives = null
    cdiEmptyBeansXmlCDI3Compatibility = null
    enableImplicitBeanArchives = true
    emptyBeansXmlCDI3Compatibility = false
    serialVersionUID = 2383387866469920840
  extensionArchiveProviders = class java.util.ArrayList@3d5cbe1b
    serialVersionUID = "/* Could not access serialVersionUID */"
    DEFAULT_CAPACITY = "/* Could not access DEFAULT_CAPACITY */"
    EMPTY_ELEMENTDATA = "/* Could not access EMPTY_ELEMENTDATA */"
    DEFAULTCAPACITY_EMPTY_ELEMENTDATA = "/* Could not access DEFAULTCAPACITY_EMPTY_ELEMENTDATA */"
    elementData = "/* Could not access elementData */"
    size = "/* Could not access size */"
    modCount = "/* Could not access modCount */"
  extensionArchiveFactories = class java.util.ArrayList@3a2f1bd7
    serialVersionUID = "/* Could not access serialVersionUID */"
    DEFAULT_CAPACITY = "/* Could not access DEFAULT_CAPACITY */"
    EMPTY_ELEMENTDATA = "/* Could not access EMPTY_ELEMENTDATA */"
    DEFAULTCAPACITY_EMPTY_ELEMENTDATA = "/* Could not access DEFAULTCAPACITY_EMPTY_ELEMENTDATA */"
    elementData = "/* Could not access elementData */"
    size = "/* Could not access size */"
    modCount = "/* Could not access modCount */"
  applicationSlot = class com.ibm.ws.runtime.metadata.MetaDataSlotImpl@76de623e
    id = 0
    destroyed = false
    metadataIntf = class java.lang.Class@510f6d1a
      ANNOTATION = "/* Could not access ANNOTATION */"
      ENUM = "/* Could not access ENUM */"
      SYNTHETIC = "/* Could not access SYNTHETIC */"
      cachedConstructor = "/* Could not access cachedConstructor */"
      name = "/* Could not access name */"
      module = "/* Could not access module */"
      packageName = "/* Could not access packageName */"
      componentType = "/* Could not access componentType */"
      allPermDomain = "/* Could not access allPermDomain */"
      reflectionData = "/* Could not access reflectionData */"
      classRedefinedCount = "/* Could not access classRedefinedCount */"
      genericInfo = "/* Could not access genericInfo */"
      EMPTY_CLASS_ARRAY = "/* Could not access EMPTY_CLASS_ARRAY */"
      serialVersionUID = "/* Could not access serialVersionUID */"
      serialPersistentFields = "/* Could not access serialPersistentFields */"
      reflectionFactory = "/* Could not access reflectionFactory */"
      enumConstants = "/* Could not access enumConstants */"
      enumConstantDirectory = "/* Could not access enumConstantDirectory */"
      annotationData = "/* Could not access annotationData */"
      annotationType = "/* Could not access annotationType */"
      classValueMap = "/* Could not access classValueMap */"
    manager = class com.ibm.ws.container.service.metadata.internal.ApplicationMetaDataManager@623f226
      serialVersionUID = 1843747281024490904
      $$$tc$$$ = class com.ibm.websphere.ras.TraceComponent@51e38be7
      listeners = class com.ibm.wsspi.kernel.service.utils.ConcurrentServiceReferenceSet@547962ab
      metaDataIDs = class com.ibm.ws.container.service.metadata.internal.IndexList@10af24ef
      metaDatas = class java.util.ArrayList@5858915f
      slotIDs = class com.ibm.ws.container.service.metadata.internal.IndexList@14465f41
      serialVersionUID = 5464421863354792977
      $$$tc$$$ = class com.ibm.websphere.ras.TraceComponent@745827b2
    bundle = class org.eclipse.osgi.internal.framework.EquinoxBundle@1072265b
      equinoxContainer = class org.eclipse.osgi.internal.framework.EquinoxContainer@58008d34
      module = class org.eclipse.osgi.internal.framework.EquinoxBundle$EquinoxModule@7bccb2a7
      monitor = class java.lang.Object@3fa82b65
      context = class org.eclipse.osgi.internal.framework.BundleContextImpl@25403841
      signedContent = null
      $SWITCH_TABLE$org$eclipse$osgi$container$Module$State = {1,2,3,4,5,6,7} /* array length = 7 */
  isClientProcess = false
  runtimeFactory = class com.ibm.ws.cdi.internal.archive.liberty.RuntimeFactory@2a0c1a12
    services = class com.ibm.ws.cdi.liberty.CDIRuntimeImpl@48f6a0a6
    applications = class java.util.concurrent.ConcurrentHashMap@2cb69426
      serialVersionUID = "/* Could not access serialVersionUID */"
      MAXIMUM_CAPACITY = "/* Could not access MAXIMUM_CAPACITY */"
      DEFAULT_CAPACITY = "/* Could not access DEFAULT_CAPACITY */"
      MAX_ARRAY_SIZE = "/* Could not access MAX_ARRAY_SIZE */"
      DEFAULT_CONCURRENCY_LEVEL = "/* Could not access DEFAULT_CONCURRENCY_LEVEL */"
      LOAD_FACTOR = "/* Could not access LOAD_FACTOR */"
      TREEIFY_THRESHOLD = "/* Could not access TREEIFY_THRESHOLD */"
      UNTREEIFY_THRESHOLD = "/* Could not access UNTREEIFY_THRESHOLD */"
      MIN_TREEIFY_CAPACITY = "/* Could not access MIN_TREEIFY_CAPACITY */"
      MIN_TRANSFER_STRIDE = "/* Could not access MIN_TRANSFER_STRIDE */"
      RESIZE_STAMP_BITS = "/* Could not access RESIZE_STAMP_BITS */"
      MAX_RESIZERS = "/* Could not access MAX_RESIZERS */"
      RESIZE_STAMP_SHIFT = "/* Could not access RESIZE_STAMP_SHIFT */"
      MOVED = "/* Could not access MOVED */"
      TREEBIN = "/* Could not access TREEBIN */"
      RESERVED = "/* Could not access RESERVED */"
      HASH_BITS = "/* Could not access HASH_BITS */"
      NCPU = "/* Could not access NCPU */"
      serialPersistentFields = "/* Could not access serialPersistentFields */"
      table = "/* Could not access table */"
      nextTable = "/* Could not access nextTable */"
      baseCount = "/* Could not access baseCount */"
      sizeCtl = "/* Could not access sizeCtl */"
      transferIndex = "/* Could not access transferIndex */"
      cellsBusy = "/* Could not access cellsBusy */"
      counterCells = "/* Could not access counterCells */"
      keySet = "/* Could not access keySet */"
      values = "/* Could not access values */"
      entrySet = "/* Could not access entrySet */"
      U = "/* Could not access U */"
      SIZECTL = "/* Could not access SIZECTL */"
      TRANSFERINDEX = "/* Could not access TRANSFERINDEX */"
      BASECOUNT = "/* Could not access BASECOUNT */"
      CELLSBUSY = "/* Could not access CELLSBUSY */"
      CELLVALUE = "/* Could not access CELLVALUE */"
      ABASE = "/* Could not access ABASE */"
      ASHIFT = "/* Could not access ASHIFT */"
      keySet = "/* Could not access keySet */"
      values = "/* Could not access values */"
    serialVersionUID = -4454616462077940377
    $$$tc$$$ = class com.ibm.websphere.ras.TraceComponent@701525d
      strings[0] = "TraceComponent[com.ibm.ws.cdi.internal.archive.liberty.RuntimeFactory,class com.ibm.ws.cdi.internal.archive.liberty.RuntimeFactory,[JCDI],com.ibm.ws.cdi.internal.resources.CDI,null]"
  proxyServices = class com.ibm.ws.cdi.proxy.ProxyServicesImpl@68bf5d27
    SUPPRESS_ACCESS_CHECKS_PERMISSION = class java.lang.reflect.ReflectPermission@e449b06
      serialVersionUID = "/* Could not access serialVersionUID */"
      serialVersionUID = "/* Could not access serialVersionUID */"
      wildcard = "/* Could not access wildcard */"
      path = "/* Could not access path */"
      exitVM = "/* Could not access exitVM */"
      serialVersionUID = "/* Could not access serialVersionUID */"
      name = "/* Could not access name */"
    DECLARED_MEMBERS_PERMISSION = class java.lang.RuntimePermission@4f22d3f8
      serialVersionUID = "/* Could not access serialVersionUID */"
      serialVersionUID = "/* Could not access serialVersionUID */"
      wildcard = "/* Could not access wildcard */"
      path = "/* Could not access path */"
      exitVM = "/* Could not access exitVM */"
      serialVersionUID = "/* Could not access serialVersionUID */"
      name = "/* Could not access name */"
    GET_CLASS_LOADER_PERMISSION = class java.lang.RuntimePermission@3e5f6c0d
      serialVersionUID = "/* Could not access serialVersionUID */"
      serialVersionUID = "/* Could not access serialVersionUID */"
      wildcard = "/* Could not access wildcard */"
      path = "/* Could not access path */"
      exitVM = "/* Could not access exitVM */"
      serialVersionUID = "/* Could not access serialVersionUID */"
      name = "/* Could not access name */"
    WELD_PACKAGES = class org.eclipse.osgi.util.ManifestElement[1]
      ManifestElement[0] = class org.eclipse.osgi.util.ManifestElement@bb50b58
    CLASS_LOADER_FOR_SYSTEM_CLASSES = class org.eclipse.osgi.internal.loader.EquinoxClassLoader@2ddfd91d
      EQUINOX_REGISTERED_AS_PARALLEL = true
      configuration = class org.eclipse.osgi.internal.framework.EquinoxConfiguration@46fd5036
      debug = class org.eclipse.osgi.internal.debug.Debug@6f94e894
      delegate = class org.eclipse.osgi.internal.loader.BundleLoader@600c7beb
      generation = class org.eclipse.osgi.storage.BundleInfo$Generation@2d127a61
      manager = class org.eclipse.osgi.internal.loader.classpath.ClasspathManager@5ff671bd
      isRegisteredAsParallel = true
      ALLPERMISSIONS = class java.security.AllPermissionCollection@73a6f695
      REGISTERED_AS_PARALLEL = true
      classNameLocks = class java.util.HashMap@3bbe703d
      pkgLock = class java.lang.Object@386e8782
    loaderMap = class com.ibm.ws.cdi.proxy.ProxyServicesImpl$1@3ffdbeae
      this$0 = class com.ibm.ws.cdi.proxy.ProxyServicesImpl@68bf5d27
      serialVersionUID = 7414824288598027114
      $$$tc$$$ = class com.ibm.websphere.ras.TraceComponent@2fb87f1f
      EMPTY_CACHE = "/* Could not access EMPTY_CACHE */"
      hashCodeForCache = "/* Could not access hashCodeForCache */"
      nextHashCode = "/* Could not access nextHashCode */"
      HASH_INCREMENT = "/* Could not access HASH_INCREMENT */"
      HASH_MASK = "/* Could not access HASH_MASK */"
      identity = "/* Could not access identity */"
      version = "/* Could not access version */"
      CRITICAL_SECTION = "/* Could not access CRITICAL_SECTION */"
      UNSAFE = "/* Could not access UNSAFE */"
    serialVersionUID = -5246223089013259243
    $$$tc$$$ = class com.ibm.websphere.ras.TraceComponent@3752ce7f
      strings[0] = "TraceComponent[com.ibm.ws.cdi.proxy.ProxyServicesImpl,class com.ibm.ws.cdi.proxy.ProxyServicesImpl,[],null,null]"
  serialVersionUID = 7930911400118500928
  cdiContainer = class com.ibm.ws.cdi.impl.CDIContainerImpl@3083ea16
    tc = class com.ibm.websphere.ras.TraceComponent@19156821
      strings[0] = "TraceComponent[com.ibm.ws.cdi.impl.CDIContainerImpl,class com.ibm.ws.cdi.impl.CDIContainerImpl,[JCDI],com.ibm.ws.cdi.internal.resources.CDI,null]"
    CLASSLOADER = class org.eclipse.osgi.internal.loader.EquinoxClassLoader@130777b3
      EQUINOX_REGISTERED_AS_PARALLEL = true
      configuration = class org.eclipse.osgi.internal.framework.EquinoxConfiguration@46fd5036
      debug = class org.eclipse.osgi.internal.debug.Debug@6f94e894
      delegate = class org.eclipse.osgi.internal.loader.BundleLoader@12d08890
      generation = class org.eclipse.osgi.storage.BundleInfo$Generation@33cb5951
      manager = class org.eclipse.osgi.internal.loader.classpath.ClasspathManager@4e65ced3
      isRegisteredAsParallel = true
      ALLPERMISSIONS = class java.security.AllPermissionCollection@73a6f695
      REGISTERED_AS_PARALLEL = true
      classNameLocks = class java.util.HashMap@50a20432
      pkgLock = class java.lang.Object@2e2ffe40
    EXTENSION_API_CLASSES = "api.classes"
    EXTENSION_BEAN_DEFINING_ANNOTATIONS = "bean.defining.annotations"
    EXTENSION_APP_BDAS_VISIBLE = "application.bdas.visible"
    EXTENSION_CLASSES_ONLY_MODE = "extension.classes.only"
    EXTENSION_API_CLASSES_SEPARATOR = ";"
    runtimeExtensionMap = class java.util.HashMap@6c55ae58
      serialVersionUID = "/* Could not access serialVersionUID */"
      DEFAULT_INITIAL_CAPACITY = "/* Could not access DEFAULT_INITIAL_CAPACITY */"
      MAXIMUM_CAPACITY = "/* Could not access MAXIMUM_CAPACITY */"
      DEFAULT_LOAD_FACTOR = "/* Could not access DEFAULT_LOAD_FACTOR */"
      TREEIFY_THRESHOLD = "/* Could not access TREEIFY_THRESHOLD */"
      UNTREEIFY_THRESHOLD = "/* Could not access UNTREEIFY_THRESHOLD */"
      MIN_TREEIFY_CAPACITY = "/* Could not access MIN_TREEIFY_CAPACITY */"
      table = "/* Could not access table */"
      entrySet = "/* Could not access entrySet */"
      size = "/* Could not access size */"
      modCount = "/* Could not access modCount */"
      threshold = "/* Could not access threshold */"
      loadFactor = "/* Could not access loadFactor */"
      keySet = "/* Could not access keySet */"
      values = "/* Could not access values */"
    probeExtensionArchive = null
    currentDeployment = class java.lang.ThreadLocal@1a9d622b
      threadLocalHashCode = "/* Could not access threadLocalHashCode */"
      nextHashCode = "/* Could not access nextHashCode */"
      HASH_INCREMENT = "/* Could not access HASH_INCREMENT */"
    cdiRuntime = class com.ibm.ws.cdi.liberty.CDIRuntimeImpl@48f6a0a6
    WELD_DISABLE_BEANSXML_VALIDATING = "org.jboss.weld.xml.disableValidating"
    serialVersionUID = 4644788022379001770
  serialVersionUID = 7975911090376029176
  $$$tc$$$ = class com.ibm.websphere.ras.TraceComponent@581003c4
    strings[0] = "TraceComponent[com.ibm.ws.cdi.impl.AbstractCDIRuntime,class com.ibm.ws.cdi.impl.AbstractCDIRuntime,[JCDI],com.ibm.ws.cdi.internal.resources.CDI,null]"

Dump of objectArray[0]
Object type = com.ibm.ws.container.service.app.deploy.internal.ApplicationInfoImpl
  appName = "mp-ecomm-store"
  appMetaData = class com.ibm.ws.container.service.app.deploy.internal.ApplicationMetaDataImpl@155a5572
    j2eeName = class com.ibm.ws.container.service.metadata.internal.J2EENameImpl@5228a4d1
      serialVersionUID = 7488184044073147667
      application = "mp-ecomm-store"
      module = null
      component = null
      string = "mp-ecomm-store"
      j2eeNameBytes = null
      $$$tc$$$ = class com.ibm.websphere.ras.TraceComponent@71d3c31
    serialVersionUID = -7906531148367236579
    $$$tc$$$ = class com.ibm.websphere.ras.TraceComponent@3b8da233
      strings[0] = "TraceComponent[com.ibm.ws.container.service.app.deploy.internal.ApplicationMetaDataImpl,class com.ibm.ws.container.service.app.deploy.internal.ApplicationMetaDataImpl,[container.service],com.ibm.ws.container.service.resources.Messages,null]"
    tc = class com.ibm.websphere.ras.TraceComponent@43cefe33
      strings[0] = "TraceComponent[com.ibm.ws.runtime.metadata.MetaDataImpl,class com.ibm.ws.runtime.metadata.MetaDataImpl,[Runtime],null,null]"
    NUM_STATIC_SLOTS = 4
    ID_UNINITIALIZED = -1
    id = 0
    metaDataInterface = class java.lang.Class@510f6d1a
      ANNOTATION = "/* Could not access ANNOTATION */"
      ENUM = "/* Could not access ENUM */"
      SYNTHETIC = "/* Could not access SYNTHETIC */"
      cachedConstructor = "/* Could not access cachedConstructor */"
      name = "/* Could not access name */"
      module = "/* Could not access module */"
      packageName = "/* Could not access packageName */"
      componentType = "/* Could not access componentType */"
      allPermDomain = "/* Could not access allPermDomain */"
      reflectionData = "/* Could not access reflectionData */"
      classRedefinedCount = "/* Could not access classRedefinedCount */"
      genericInfo = "/* Could not access genericInfo */"
      EMPTY_CLASS_ARRAY = "/* Could not access EMPTY_CLASS_ARRAY */"
      serialVersionUID = "/* Could not access serialVersionUID */"
      serialPersistentFields = "/* Could not access serialPersistentFields */"
      reflectionFactory = "/* Could not access reflectionFactory */"
      enumConstants = "/* Could not access enumConstants */"
      enumConstantDirectory = "/* Could not access enumConstantDirectory */"
      annotationData = "/* Could not access annotationData */"
      annotationType = "/* Could not access annotationType */"
      classValueMap = "/* Could not access classValueMap */"
    staticSlots = class java.lang.Object[4]
      Object[0] = class com.ibm.ws.cdi.impl.weld.WebSphereCDIDeploymentImpl@6bb60b00
      Object[1] = class com.ibm.ws.injectionengine.osgi.internal.OSGiInjectionScopeData@cf18899
      Object[2] = "mp-ecomm-store"
      Object[3] = null
    dynamicSlots = null
  appContainer = class com.ibm.ws.adaptable.module.internal.AdaptableContainerImpl@688a938c
    root = class com.ibm.ws.adaptable.module.internal.AdaptableContainerImpl@688a938c
    rootOverlay = class com.ibm.ws.artifact.overlay.internal.DirectoryBasedOverlayContainerImpl@18bd6a9b
      tc = class com.ibm.websphere.ras.TraceComponent@6f05906b
      base = class com.ibm.ws.artifact.loose.internal.LooseArchive@94aa125
      maskSet = class java.util.HashSet@558fc28d
      cfHolder = class com.ibm.ws.artifact.overlay.internal.OverlayContainerFactoryImpl@3f2bda05
      fileOverlayContainer = class com.ibm.ws.artifact.file.internal.FileContainer@4296fac1
      overlayDirectory = class java.io.File@7488641e
      cacheDirForOverlay = class java.io.File@2897a023
      overlayNotifier = class com.ibm.ws.artifact.overlay.internal.DirectoryBasedOverlayNotifier@3a79416
      enclosingContainer = null
      entryInEnclosingContainer = null
      nestedOverlays = class java.util.concurrent.ConcurrentHashMap@76923651
      cacheStore = class com.ibm.ws.artifact.overlay.internal.OverlayCache@410d1409
      parentOverlay = null
      isPassThroughMode = true
      serialVersionUID = -8445278173803874173
    factoryHolder = class com.ibm.ws.adaptable.module.internal.AdaptableModuleFactoryImpl@6313d9c7
      adapterFactoryService = class com.ibm.ws.adaptable.module.internal.AdapterFactoryServiceImpl@7e1c569b
      containerFactory = class com.ibm.ws.artifact.internal.ArtifactContainerFactoryService@5a59695d
      overlayContainerFactory = class com.ibm.ws.artifact.overlay.internal.OverlayContainerFactoryImpl@3f2bda05
      serialVersionUID = 4200251809856292987
      $$$tc$$$ = class com.ibm.websphere.ras.TraceComponent@693f4e8c
    delegate = class com.ibm.ws.artifact.overlay.internal.DirectoryBasedOverlayContainerImpl@18bd6a9b
    notifier = class com.ibm.ws.adaptable.module.internal.NotifierImpl@6946abfa
      root = class com.ibm.ws.adaptable.module.internal.AdaptableContainerImpl@688a938c
      delegateNotifier = class com.ibm.ws.artifact.overlay.internal.DirectoryBasedOverlayNotifier@3a79416
      delegateRoot = class com.ibm.ws.artifact.overlay.internal.DirectoryBasedOverlayContainerImpl@18bd6a9b
      listenerDelegates = class java.util.HashMap@540e22b3
      serialVersionUID = 6839382523957017880
      $$$tc$$$ = class com.ibm.websphere.ras.TraceComponent@7e4af944
    serialVersionUID = -5950528200509051684
    $$$tc$$$ = class com.ibm.websphere.ras.TraceComponent@6a5cbdab
      strings[0] = "TraceComponent[com.ibm.ws.adaptable.module.internal.AdaptableContainerImpl,class com.ibm.ws.adaptable.module.internal.AdaptableContainerImpl,[archive.adaptable],null,null]"
  configHelper = class com.ibm.ws.app.manager.module.ApplicationNestedConfigHelper@32376533
    appInfo = class com.ibm.ws.app.manager.internal.ApplicationInstallInfo@41011b53
    serialVersionUID = -3174031738676705046
    $$$tc$$$ = class com.ibm.websphere.ras.TraceComponent@49f3e6a0
      strings[0] = "TraceComponent[com.ibm.ws.app.manager.module.ApplicationNestedConfigHelper,class com.ibm.ws.app.manager.module.ApplicationNestedConfigHelper,[applications, app.manager],null,null]"
  applicationInformation = class com.ibm.ws.app.manager.internal.ApplicationInstallInfo@41011b53
    _config = class com.ibm.ws.app.manager.internal.ApplicationConfig@18a42c53
      tc = class com.ibm.websphere.ras.TraceComponent@74449925
      _configPid = "com.ibm.ws.app.manager_0"
      _config = class com.ibm.ws.config.admin.ConfigurationDictionary@2f6eba8f
      _applicationManager = class com.ibm.ws.app.manager.ApplicationManager@14388271
      _location = "mp-ecomm-store.war"
      _type = "war"
      _name = "mp-ecomm-store"
      _notificationBroadcasterSupport = class javax.management.NotificationBroadcasterSupport@df22abb
      ONE_TIME_JANDEX_MSGS_DISPLAYED = true
      serialVersionUID = -2151423388299667431
    _handlerInfo = class java.util.concurrent.atomic.AtomicReference@23ddd708
      serialVersionUID = "/* Could not access serialVersionUID */"
      VALUE = "/* Could not access VALUE */"
      value = "/* Could not access value */"
    _container = class java.util.concurrent.atomic.AtomicReference@64ebe7c4
      serialVersionUID = "/* Could not access serialVersionUID */"
      VALUE = "/* Could not access VALUE */"
      value = "/* Could not access value */"
    _resolvedLocation = class java.util.concurrent.atomic.AtomicReference@6dfc1897
      serialVersionUID = "/* Could not access serialVersionUID */"
      VALUE = "/* Could not access VALUE */"
      value = "/* Could not access value */"
    _handler = class com.ibm.ws.app.manager.war.internal.WARApplicationHandlerImpl@4047ab0a
      futureMonitor = class com.ibm.ws.threading.internal.FutureMonitorImpl@682835f9
      deployedAppFactory = class com.ibm.ws.app.manager.war.internal.WARDeployedAppInfoFactoryImpl@4b5c216f
      serialVersionUID = 4622845147410944782
      $$$tc$$$ = class com.ibm.websphere.ras.TraceComponent@7c298039
    _ami = class java.util.concurrent.atomic.AtomicReference@24ee5df8
      serialVersionUID = "/* Could not access serialVersionUID */"
      VALUE = "/* Could not access VALUE */"
      value = "/* Could not access value */"
    _updateHandler = class com.ibm.ws.app.manager.internal.statemachine.ApplicationStateMachineImpl@3ce2ba0f
      _tc = class com.ibm.websphere.ras.TraceComponent@6a8e6f0
      EMPTY_FUTURE_ARRAY = interface java.util.concurrent.Future[0]
      asmSequenceNumber = class java.util.concurrent.atomic.AtomicLong@3c3fcf93
      _qscaCounter = class java.util.concurrent.atomic.AtomicInteger@603d62a1
      _failedThrowable = class com.ibm.ws.container.service.state.StateChangeException@5a4e864f
      _interruptibleLock = class com.ibm.ws.app.manager.internal.statemachine.ApplicationStateMachineImpl$2@491314a2
      _interruptible = false
      _performingQueuedActions = true
      _queuedActions = class java.util.concurrent.ConcurrentLinkedQueue@636e03b6
      _callbackState = class java.util.concurrent.atomic.AtomicReference@216f0b1f
      blockAppStartingFutures = class java.util.Collections$SetFromMap@2acc5df9
      waitingForAppHandlerFuture = class java.util.concurrent.atomic.AtomicReference@7b2bea06
      waitingForExplicitStartFuture = class java.util.concurrent.atomic.AtomicReference@68cb2566
      startAfterFutures = class java.util.Collections$SetFromMap@3125fc93
      completionListener = class java.util.concurrent.atomic.AtomicReference@794e4cdb
      _notifyAppStopped = class java.util.concurrent.ConcurrentLinkedQueue@5d11e22e
      _notifyAppStarting = class java.util.concurrent.ConcurrentLinkedQueue@6c401cff
      _notifyAppInstallCalled = class java.util.concurrent.ConcurrentLinkedQueue@729fa480
      _notifyAppStarted = class java.util.concurrent.ConcurrentLinkedQueue@79bc069c
      _notifyAppRemoved = class java.util.concurrent.ConcurrentLinkedQueue@2b6e8b17
      _stateLock = class com.ibm.ws.app.manager.internal.statemachine.ApplicationStateMachineImpl$3@4725cd61
      _internalState = class java.util.concurrent.atomic.AtomicReference@4891caa1
      _currentAction = class java.util.concurrent.atomic.AtomicReference@5100bdc9
      _rfa = class java.util.concurrent.atomic.AtomicReference@e69a2cd
      _appInstallInfo = class java.util.concurrent.atomic.AtomicReference@67ce38a4
      _update = class java.util.concurrent.atomic.AtomicBoolean@214c323e
      _appConfig = class java.util.concurrent.atomic.AtomicReference@75762d2b
      _nextAppConfig = class java.util.concurrent.atomic.AtomicReference@36ca8682
      _appContainer = class java.util.concurrent.atomic.AtomicReference@20d793e7
      _resolvedLocation = class java.util.concurrent.atomic.AtomicReference@604a8801
      _handler = class java.util.concurrent.atomic.AtomicReference@2411ee56
      _asmSeqNo = 0
      _ctx = class org.eclipse.osgi.internal.framework.BundleContextImpl@c08a233
      _locAdmin = class com.ibm.ws.kernel.service.location.internal.WsLocationAdminImpl@468d82c0
      _futureMonitor = class com.ibm.ws.threading.internal.FutureMonitorImpl@682835f9
      _artifactFactory = class com.ibm.ws.artifact.internal.ArtifactContainerFactoryService@5a59695d
      _moduleFactory = class com.ibm.ws.adaptable.module.internal.AdaptableModuleFactoryImpl@6313d9c7
      _executorService = class com.ibm.ws.threading.internal.ExecutorServiceImpl@4ecb0a04
      _scheduledExecutorService = class com.ibm.ws.threading.internal.ScheduledExecutorImpl@6e67f897
      _asmHelper = class com.ibm.ws.app.manager.internal.ApplicationConfigurator$NamedApplication@7ce78e7c
      _appMonitor = class com.ibm.ws.app.manager.internal.monitor.ApplicationMonitor@45afd853
      _configurator = class com.ibm.ws.app.manager.internal.ApplicationConfigurator@2b147e1a
      enterStateCalled = class java.util.concurrent.atomic.AtomicBoolean@6f1ec9a4
      serialVersionUID = 4458043999335554711
      serialVersionUID = -8760483717533387753
      $$$tc$$$ = class com.ibm.websphere.ras.TraceComponent@12196dfa
    serialVersionUID = 2630639237123415755
    $$$tc$$$ = class com.ibm.websphere.ras.TraceComponent@f46c8b
      strings[0] = "TraceComponent[com.ibm.ws.app.manager.internal.ApplicationInstallInfo,class com.ibm.ws.app.manager.internal.ApplicationInstallInfo,[applications, app.manager],com.ibm.ws.app.manager.internal.resources.AppManagerMessages,null]"
  serialVersionUID = 5227817860647895780
  $$$tc$$$ = class com.ibm.websphere.ras.TraceComponent@7884fb06
    strings[0] = "TraceComponent[com.ibm.ws.container.service.app.deploy.internal.ApplicationInfoImpl,class com.ibm.ws.container.service.app.deploy.internal.ApplicationInfoImpl,[container.service],com.ibm.ws.container.service.resources.Messages,null]"

