------Start of DE processing------ = [3/3/24, 6:15:43:623 UTC]
Exception = org.jboss.weld.exceptions.WeldException
Source = com.ibm.ws.container.service.state.internal.ApplicationStateManager
probeid = 56
Stack Dump = org.jboss.weld.exceptions.WeldException: WELD-001524: Unable to load proxy class for bean null with class class io.microprofile.tutorial.store.product.resource.ProductResource
	at org.jboss.weld.bean.proxy.ProxyFactory.getProxyClass(ProxyFactory.java:409)
	at org.jboss.weld.injection.producer.SubclassedComponentInstantiator.createEnhancedSubclass(SubclassedComponentInstantiator.java:113)
	at org.jboss.weld.injection.producer.SubclassedComponentInstantiator.initEnhancedSubclass(SubclassedComponentInstantiator.java:86)
	at org.jboss.weld.injection.producer.SubclassedComponentInstantiator.<init>(SubclassedComponentInstantiator.java:79)
	at org.jboss.weld.injection.producer.SubclassedComponentInstantiator.forInterceptedDecoratedBean(SubclassedComponentInstantiator.java:63)
	at org.jboss.weld.injection.producer.BeanInjectionTarget.initializeAfterBeanDiscovery(BeanInjectionTarget.java:121)
	at org.jboss.weld.injection.producer.InjectionTargetInitializationContext.initialize(InjectionTargetInitializationContext.java:42)
	at org.jboss.weld.injection.producer.InjectionTargetService.initialize(InjectionTargetService.java:63)
	at org.jboss.weld.bootstrap.WeldStartup.deployBeans(WeldStartup.java:477)
	at org.jboss.weld.bootstrap.WeldBootstrap.deployBeans(WeldBootstrap.java:87)
	at com.ibm.ws.cdi.impl.CDIContainerImpl.startInitialization(CDIContainerImpl.java:177)
	at com.ibm.ws.cdi.liberty.CDIRuntimeImpl.applicationStarting(CDIRuntimeImpl.java:479)
	at com.ibm.ws.container.service.state.internal.ApplicationStateManager.fireStarting(ApplicationStateManager.java:53)
	at com.ibm.ws.container.service.state.internal.StateChangeServiceImpl.fireApplicationStarting(StateChangeServiceImpl.java:52)
	at com.ibm.ws.app.manager.module.internal.SimpleDeployedAppInfoBase.preDeployApp(SimpleDeployedAppInfoBase.java:550)
	at com.ibm.ws.app.manager.module.internal.SimpleDeployedAppInfoBase.installApp(SimpleDeployedAppInfoBase.java:511)
	at com.ibm.ws.app.manager.module.internal.DeployedAppInfoBase.deployApp(DeployedAppInfoBase.java:351)
	at com.ibm.ws.app.manager.war.internal.WARApplicationHandlerImpl.install(WARApplicationHandlerImpl.java:67)
	at com.ibm.ws.app.manager.internal.statemachine.StartAction.execute(StartAction.java:184)
	at com.ibm.ws.app.manager.internal.statemachine.ApplicationStateMachineImpl.enterState(ApplicationStateMachineImpl.java:1369)
	at com.ibm.ws.app.manager.internal.statemachine.ApplicationStateMachineImpl.performAction(ApplicationStateMachineImpl.java:1245)
	at com.ibm.ws.app.manager.internal.statemachine.ApplicationStateMachineImpl.run(ApplicationStateMachineImpl.java:920)
	at com.ibm.ws.threading.internal.ExecutorServiceImpl$RunnableWrapper.run(ExecutorServiceImpl.java:280)
	at java.base/java.util.concurrent.ThreadPoolExecutor.runWorker(ThreadPoolExecutor.java:1136)
	at java.base/java.util.concurrent.ThreadPoolExecutor$Worker.run(ThreadPoolExecutor.java:635)
	at java.base/java.lang.Thread.run(Thread.java:840)
Caused by: org.jboss.weld.exceptions.WeldException: java.security.PrivilegedActionException: java.lang.reflect.InvocationTargetException
	at org.jboss.weld.bean.proxy.InterceptedSubclassFactory.addMethodsFromClass(InterceptedSubclassFactory.java:312)
	at org.jboss.weld.bean.proxy.InterceptedSubclassFactory.addMethods(InterceptedSubclassFactory.java:137)
	at org.jboss.weld.bean.proxy.ProxyFactory.createProxyClass(ProxyFactory.java:475)
	at org.jboss.weld.bean.proxy.ProxyFactory.getProxyClass(ProxyFactory.java:401)
	... 25 more
Caused by: java.lang.RuntimeException: java.security.PrivilegedActionException: java.lang.reflect.InvocationTargetException
	at org.jboss.classfilewriter.annotations.AnnotationBuilder.createAnnotation(AnnotationBuilder.java:57)
	at org.jboss.classfilewriter.ClassFile.addMethod(ClassFile.java:193)
	at org.jboss.weld.bean.proxy.InterceptedSubclassFactory.addMethodsFromClass(InterceptedSubclassFactory.java:223)
	... 28 more
Caused by: java.security.PrivilegedActionException: java.lang.reflect.InvocationTargetException
	at java.base/java.security.AccessController.doPrivileged(AccessController.java:573)
	at org.jboss.classfilewriter.annotations.AnnotationBuilder.createAnnotation(AnnotationBuilder.java:44)
	... 30 more
Caused by: java.lang.reflect.InvocationTargetException
	at java.base/jdk.internal.reflect.NativeMethodAccessorImpl.invoke0(Native Method)
	at java.base/jdk.internal.reflect.NativeMethodAccessorImpl.invoke(NativeMethodAccessorImpl.java:77)
	at java.base/jdk.internal.reflect.DelegatingMethodAccessorImpl.invoke(DelegatingMethodAccessorImpl.java:43)
	at java.base/java.lang.reflect.Method.invoke(Method.java:568)
	at org.jboss.classfilewriter.annotations.AnnotationBuilder$1.run(AnnotationBuilder.java:48)
	at java.base/java.security.AccessController.doPrivileged(AccessController.java:569)
	... 31 more
Caused by: java.lang.annotation.IncompleteAnnotationException: jakarta.ws.rs.Path missing element value
	at java.base/sun.reflect.annotation.AnnotationInvocationHandler.invoke(AnnotationInvocationHandler.java:86)
	at jdk.proxy8/jdk.proxy8.$Proxy16.value(Unknown Source)
	... 37 more

Dump of callerThis
Object type = com.ibm.ws.container.service.state.internal.ApplicationStateManager
  serialVersionUID = -6685368059484454124
  $$$tc$$$ = class com.ibm.websphere.ras.TraceComponent@20c391a
    strings[0] = "TraceComponent[com.ibm.ws.container.service.state.internal.ApplicationStateManager,class com.ibm.ws.container.service.state.internal.ApplicationStateManager,[Runtime],null,null]"
  listeners = class com.ibm.wsspi.kernel.service.utils.ConcurrentServiceReferenceSet@593a1a89
    referenceName = "applicationStateListeners"
    contextRef = class java.util.concurrent.atomic.AtomicReference@987e5a9
      serialVersionUID = "/* Could not access serialVersionUID */"
      VALUE = "/* Could not access VALUE */"
      value = "/* Could not access value */"
    elementMap = class java.util.LinkedHashMap@605d2b80
      serialVersionUID = "/* Could not access serialVersionUID */"
      head = "/* Could not access head */"
      tail = "/* Could not access tail */"
      accessOrder = "/* Could not access accessOrder */"
      serialVersionUID = "/* Could not access serialVersionUID */"
      DEFAULT_INITIAL_CAPACITY = "/* Could not access DEFAULT_INITIAL_CAPACITY */"
      MAXIMUM_CAPACITY = "/* Could not access MAXIMUM_CAPACITY */"
      DEFAULT_LOAD_FACTOR = "/* Could not access DEFAULT_LOAD_FACTOR */"
      TREEIFY_THRESHOLD = "/* Could not access TREEIFY_THRESHOLD */"
      UNTREEIFY_THRESHOLD = "/* Could not access UNTREEIFY_THRESHOLD */"
      MIN_TREEIFY_CAPACITY = "/* Could not access MIN_TREEIFY_CAPACITY */"
      table = "/* Could not access table */"
      entrySet = "/* Could not access entrySet */"
      size = "/* Could not access size */"
      modCount = "/* Could not access modCount */"
      threshold = "/* Could not access threshold */"
      loadFactor = "/* Could not access loadFactor */"
      keySet = "/* Could not access keySet */"
      values = "/* Could not access values */"
    elementSet = class java.util.concurrent.ConcurrentSkipListSet@5471e886
      serialVersionUID = "/* Could not access serialVersionUID */"
      m = "/* Could not access m */"
    elementSetUnsorted = false
    serialVersionUID = 756240983881166148
    $$$tc$$$ = class com.ibm.websphere.ras.TraceComponent@414f64c4
      strings[0] = "TraceComponent[com.ibm.wsspi.kernel.service.utils.ConcurrentServiceReferenceSet,class com.ibm.wsspi.kernel.service.utils.ConcurrentServiceReferenceSet,[kernelUtils],com.ibm.ws.kernel.service.utils.resources.ServiceMessages,null]"
  serialVersionUID = 2284273176985484160
  $$$tc$$$ = class com.ibm.websphere.ras.TraceComponent@44bf3739
    strings[0] = "TraceComponent[com.ibm.ws.container.service.state.internal.StateChangeManager,class com.ibm.ws.container.service.state.internal.StateChangeManager,[Runtime],null,null]"

Dump of objectArray[0]
Object type = com.ibm.ws.container.service.app.deploy.internal.ApplicationInfoImpl
  appName = "mp-ecomm-store"
  appMetaData = class com.ibm.ws.container.service.app.deploy.internal.ApplicationMetaDataImpl@4b6f2a99
    j2eeName = class com.ibm.ws.container.service.metadata.internal.J2EENameImpl@4b325bd8
      serialVersionUID = 7488184044073147667
      application = "mp-ecomm-store"
      module = null
      component = null
      string = "mp-ecomm-store"
      j2eeNameBytes = null
      $$$tc$$$ = class com.ibm.websphere.ras.TraceComponent@71d3c31
    serialVersionUID = -7906531148367236579
    $$$tc$$$ = class com.ibm.websphere.ras.TraceComponent@3b8da233
      strings[0] = "TraceComponent[com.ibm.ws.container.service.app.deploy.internal.ApplicationMetaDataImpl,class com.ibm.ws.container.service.app.deploy.internal.ApplicationMetaDataImpl,[container.service],com.ibm.ws.container.service.resources.Messages,null]"
    tc = class com.ibm.websphere.ras.TraceComponent@43cefe33
      strings[0] = "TraceComponent[com.ibm.ws.runtime.metadata.MetaDataImpl,class com.ibm.ws.runtime.metadata.MetaDataImpl,[Runtime],null,null]"
    NUM_STATIC_SLOTS = 4
    ID_UNINITIALIZED = -1
    id = 0
    metaDataInterface = class java.lang.Class@510f6d1a
      ANNOTATION = "/* Could not access ANNOTATION */"
      ENUM = "/* Could not access ENUM */"
      SYNTHETIC = "/* Could not access SYNTHETIC */"
      cachedConstructor = "/* Could not access cachedConstructor */"
      name = "/* Could not access name */"
      module = "/* Could not access module */"
      packageName = "/* Could not access packageName */"
      componentType = "/* Could not access componentType */"
      allPermDomain = "/* Could not access allPermDomain */"
      reflectionData = "/* Could not access reflectionData */"
      classRedefinedCount = "/* Could not access classRedefinedCount */"
      genericInfo = "/* Could not access genericInfo */"
      EMPTY_CLASS_ARRAY = "/* Could not access EMPTY_CLASS_ARRAY */"
      serialVersionUID = "/* Could not access serialVersionUID */"
      serialPersistentFields = "/* Could not access serialPersistentFields */"
      reflectionFactory = "/* Could not access reflectionFactory */"
      enumConstants = "/* Could not access enumConstants */"
      enumConstantDirectory = "/* Could not access enumConstantDirectory */"
      annotationData = "/* Could not access annotationData */"
      annotationType = "/* Could not access annotationType */"
      classValueMap = "/* Could not access classValueMap */"
    staticSlots = class java.lang.Object[4]
      Object[0] = class com.ibm.ws.cdi.impl.weld.WebSphereCDIDeploymentImpl@57ace4a6
      Object[1] = class com.ibm.ws.injectionengine.osgi.internal.OSGiInjectionScopeData@e199910
      Object[2] = "mp-ecomm-store"
      Object[3] = null
    dynamicSlots = null
  appContainer = class com.ibm.ws.adaptable.module.internal.AdaptableContainerImpl@63c01703
    root = class com.ibm.ws.adaptable.module.internal.AdaptableContainerImpl@63c01703
    rootOverlay = class com.ibm.ws.artifact.overlay.internal.DirectoryBasedOverlayContainerImpl@57524bcd
      tc = class com.ibm.websphere.ras.TraceComponent@6f05906b
      base = class com.ibm.ws.artifact.loose.internal.LooseArchive@1930120f
      maskSet = class java.util.HashSet@3f0ce2a
      cfHolder = class com.ibm.ws.artifact.overlay.internal.OverlayContainerFactoryImpl@3f2bda05
      fileOverlayContainer = class com.ibm.ws.artifact.file.internal.FileContainer@33498326
      overlayDirectory = class java.io.File@715a5d46
      cacheDirForOverlay = class java.io.File@68639908
      overlayNotifier = class com.ibm.ws.artifact.overlay.internal.DirectoryBasedOverlayNotifier@6de79bb0
      enclosingContainer = null
      entryInEnclosingContainer = null
      nestedOverlays = class java.util.concurrent.ConcurrentHashMap@12486599
      cacheStore = class com.ibm.ws.artifact.overlay.internal.OverlayCache@315bbafb
      parentOverlay = null
      isPassThroughMode = true
      serialVersionUID = -8445278173803874173
    factoryHolder = class com.ibm.ws.adaptable.module.internal.AdaptableModuleFactoryImpl@6313d9c7
      adapterFactoryService = class com.ibm.ws.adaptable.module.internal.AdapterFactoryServiceImpl@7e1c569b
      containerFactory = class com.ibm.ws.artifact.internal.ArtifactContainerFactoryService@5a59695d
      overlayContainerFactory = class com.ibm.ws.artifact.overlay.internal.OverlayContainerFactoryImpl@3f2bda05
      serialVersionUID = 4200251809856292987
      $$$tc$$$ = class com.ibm.websphere.ras.TraceComponent@693f4e8c
    delegate = class com.ibm.ws.artifact.overlay.internal.DirectoryBasedOverlayContainerImpl@57524bcd
    notifier = class com.ibm.ws.adaptable.module.internal.NotifierImpl@419736a8
      root = class com.ibm.ws.adaptable.module.internal.AdaptableContainerImpl@63c01703
      delegateNotifier = class com.ibm.ws.artifact.overlay.internal.DirectoryBasedOverlayNotifier@6de79bb0
      delegateRoot = class com.ibm.ws.artifact.overlay.internal.DirectoryBasedOverlayContainerImpl@57524bcd
      listenerDelegates = class java.util.HashMap@4504de01
      serialVersionUID = 6839382523957017880
      $$$tc$$$ = class com.ibm.websphere.ras.TraceComponent@7e4af944
    serialVersionUID = -5950528200509051684
    $$$tc$$$ = class com.ibm.websphere.ras.TraceComponent@6a5cbdab
      strings[0] = "TraceComponent[com.ibm.ws.adaptable.module.internal.AdaptableContainerImpl,class com.ibm.ws.adaptable.module.internal.AdaptableContainerImpl,[archive.adaptable],null,null]"
  configHelper = class com.ibm.ws.app.manager.module.ApplicationNestedConfigHelper@3aa0b5ee
    appInfo = class com.ibm.ws.app.manager.internal.ApplicationInstallInfo@9fa70fa
    serialVersionUID = -3174031738676705046
    $$$tc$$$ = class com.ibm.websphere.ras.TraceComponent@49f3e6a0
      strings[0] = "TraceComponent[com.ibm.ws.app.manager.module.ApplicationNestedConfigHelper,class com.ibm.ws.app.manager.module.ApplicationNestedConfigHelper,[applications, app.manager],null,null]"
  applicationInformation = class com.ibm.ws.app.manager.internal.ApplicationInstallInfo@9fa70fa
    _config = class com.ibm.ws.app.manager.internal.ApplicationConfig@18a42c53
      tc = class com.ibm.websphere.ras.TraceComponent@74449925
      _configPid = "com.ibm.ws.app.manager_0"
      _config = class com.ibm.ws.config.admin.ConfigurationDictionary@2f6eba8f
      _applicationManager = class com.ibm.ws.app.manager.ApplicationManager@14388271
      _location = "mp-ecomm-store.war"
      _type = "war"
      _name = "mp-ecomm-store"
      _notificationBroadcasterSupport = class javax.management.NotificationBroadcasterSupport@df22abb
      ONE_TIME_JANDEX_MSGS_DISPLAYED = true
      serialVersionUID = -2151423388299667431
    _handlerInfo = class java.util.concurrent.atomic.AtomicReference@6072dfed
      serialVersionUID = "/* Could not access serialVersionUID */"
      VALUE = "/* Could not access VALUE */"
      value = "/* Could not access value */"
    _container = class java.util.concurrent.atomic.AtomicReference@527b1a98
      serialVersionUID = "/* Could not access serialVersionUID */"
      VALUE = "/* Could not access VALUE */"
      value = "/* Could not access value */"
    _resolvedLocation = class java.util.concurrent.atomic.AtomicReference@6dcbcafc
      serialVersionUID = "/* Could not access serialVersionUID */"
      VALUE = "/* Could not access VALUE */"
      value = "/* Could not access value */"
    _handler = class com.ibm.ws.app.manager.war.internal.WARApplicationHandlerImpl@4047ab0a
      futureMonitor = class com.ibm.ws.threading.internal.FutureMonitorImpl@682835f9
      deployedAppFactory = class com.ibm.ws.app.manager.war.internal.WARDeployedAppInfoFactoryImpl@4b5c216f
      serialVersionUID = 4622845147410944782
      $$$tc$$$ = class com.ibm.websphere.ras.TraceComponent@7c298039
    _ami = class java.util.concurrent.atomic.AtomicReference@376c1a1f
      serialVersionUID = "/* Could not access serialVersionUID */"
      VALUE = "/* Could not access VALUE */"
      value = "/* Could not access value */"
    _updateHandler = class com.ibm.ws.app.manager.internal.statemachine.ApplicationStateMachineImpl@3ce2ba0f
      _tc = class com.ibm.websphere.ras.TraceComponent@6a8e6f0
      EMPTY_FUTURE_ARRAY = interface java.util.concurrent.Future[0]
      asmSequenceNumber = class java.util.concurrent.atomic.AtomicLong@3c3fcf93
      _qscaCounter = class java.util.concurrent.atomic.AtomicInteger@603d62a1
      _failedThrowable = class com.ibm.ws.container.service.state.StateChangeException@2ff6b586
      _interruptibleLock = class com.ibm.ws.app.manager.internal.statemachine.ApplicationStateMachineImpl$2@491314a2
      _interruptible = false
      _performingQueuedActions = true
      _queuedActions = class java.util.concurrent.ConcurrentLinkedQueue@636e03b6
      _callbackState = class java.util.concurrent.atomic.AtomicReference@216f0b1f
      blockAppStartingFutures = class java.util.Collections$SetFromMap@2acc5df9
      waitingForAppHandlerFuture = class java.util.concurrent.atomic.AtomicReference@7b2bea06
      waitingForExplicitStartFuture = class java.util.concurrent.atomic.AtomicReference@68cb2566
      startAfterFutures = class java.util.Collections$SetFromMap@3125fc93
      completionListener = class java.util.concurrent.atomic.AtomicReference@794e4cdb
      _notifyAppStopped = class java.util.concurrent.ConcurrentLinkedQueue@5d11e22e
      _notifyAppStarting = class java.util.concurrent.ConcurrentLinkedQueue@6c401cff
      _notifyAppInstallCalled = class java.util.concurrent.ConcurrentLinkedQueue@729fa480
      _notifyAppStarted = class java.util.concurrent.ConcurrentLinkedQueue@79bc069c
      _notifyAppRemoved = class java.util.concurrent.ConcurrentLinkedQueue@2b6e8b17
      _stateLock = class com.ibm.ws.app.manager.internal.statemachine.ApplicationStateMachineImpl$3@4725cd61
      _internalState = class java.util.concurrent.atomic.AtomicReference@4891caa1
      _currentAction = class java.util.concurrent.atomic.AtomicReference@5100bdc9
      _rfa = class java.util.concurrent.atomic.AtomicReference@e69a2cd
      _appInstallInfo = class java.util.concurrent.atomic.AtomicReference@67ce38a4
      _update = class java.util.concurrent.atomic.AtomicBoolean@214c323e
      _appConfig = class java.util.concurrent.atomic.AtomicReference@75762d2b
      _nextAppConfig = class java.util.concurrent.atomic.AtomicReference@36ca8682
      _appContainer = class java.util.concurrent.atomic.AtomicReference@20d793e7
      _resolvedLocation = class java.util.concurrent.atomic.AtomicReference@604a8801
      _handler = class java.util.concurrent.atomic.AtomicReference@2411ee56
      _asmSeqNo = 0
      _ctx = class org.eclipse.osgi.internal.framework.BundleContextImpl@c08a233
      _locAdmin = class com.ibm.ws.kernel.service.location.internal.WsLocationAdminImpl@468d82c0
      _futureMonitor = class com.ibm.ws.threading.internal.FutureMonitorImpl@682835f9
      _artifactFactory = class com.ibm.ws.artifact.internal.ArtifactContainerFactoryService@5a59695d
      _moduleFactory = class com.ibm.ws.adaptable.module.internal.AdaptableModuleFactoryImpl@6313d9c7
      _executorService = class com.ibm.ws.threading.internal.ExecutorServiceImpl@4ecb0a04
      _scheduledExecutorService = class com.ibm.ws.threading.internal.ScheduledExecutorImpl@6e67f897
      _asmHelper = class com.ibm.ws.app.manager.internal.ApplicationConfigurator$NamedApplication@7ce78e7c
      _appMonitor = class com.ibm.ws.app.manager.internal.monitor.ApplicationMonitor@45afd853
      _configurator = class com.ibm.ws.app.manager.internal.ApplicationConfigurator@2b147e1a
      enterStateCalled = class java.util.concurrent.atomic.AtomicBoolean@6f1ec9a4
      serialVersionUID = 4458043999335554711
      serialVersionUID = -8760483717533387753
      $$$tc$$$ = class com.ibm.websphere.ras.TraceComponent@12196dfa
    serialVersionUID = 2630639237123415755
    $$$tc$$$ = class com.ibm.websphere.ras.TraceComponent@f46c8b
      strings[0] = "TraceComponent[com.ibm.ws.app.manager.internal.ApplicationInstallInfo,class com.ibm.ws.app.manager.internal.ApplicationInstallInfo,[applications, app.manager],com.ibm.ws.app.manager.internal.resources.AppManagerMessages,null]"
  serialVersionUID = 5227817860647895780
  $$$tc$$$ = class com.ibm.websphere.ras.TraceComponent@7884fb06
    strings[0] = "TraceComponent[com.ibm.ws.container.service.app.deploy.internal.ApplicationInfoImpl,class com.ibm.ws.container.service.app.deploy.internal.ApplicationInfoImpl,[container.service],com.ibm.ws.container.service.resources.Messages,null]"

