------Start of DE processing------ = [3/3/24, 6:46:48:891 UTC]
Exception = java.security.PrivilegedActionException
Source = com.ibm.ws.cdi.impl.weld.injection.WebSphereInjectionServicesImpl
probeid = 118
Stack Dump = java.security.PrivilegedActionException: com.ibm.wsspi.injectionengine.InjectionException: The java:comp/env/io.microprofile.tutorial.store.product.repository.ProductRepository/em reference of type jakarta.persistence.EntityManager for the null component in the mp-ecomm-store.war module of the mp-ecomm-store application cannot be resolved.
	at java.base/java.security.AccessController.doPrivileged(AccessController.java:573)
	at com.ibm.ws.cdi.impl.weld.injection.WebSphereInjectionServicesImpl.callInject(WebSphereInjectionServicesImpl.java:132)
	at com.ibm.ws.cdi.impl.weld.injection.WebSphereInjectionServicesImpl.injectJavaEEResources(WebSphereInjectionServicesImpl.java:114)
	at com.ibm.ws.cdi.impl.weld.injection.WebSphereInjectionServicesImpl.aroundInject(WebSphereInjectionServicesImpl.java:319)
	at org.jboss.weld.injection.InjectionContextImpl.run(InjectionContextImpl.java:46)
	at org.jboss.weld.injection.producer.ResourceInjector.inject(ResourceInjector.java:71)
	at org.jboss.weld.injection.producer.BasicInjectionTarget.inject(BasicInjectionTarget.java:117)
	at org.jboss.weld.bean.ManagedBean.create(ManagedBean.java:161)
	at org.jboss.weld.contexts.AbstractContext.get(AbstractContext.java:96)
	at org.jboss.weld.bean.ContextualInstanceStrategy$DefaultContextualInstanceStrategy.get(ContextualInstanceStrategy.java:100)
	at org.jboss.weld.bean.ContextualInstanceStrategy$CachingContextualInstanceStrategy.get(ContextualInstanceStrategy.java:177)
	at org.jboss.weld.bean.ContextualInstance.get(ContextualInstance.java:50)
	at org.jboss.weld.bean.proxy.ContextBeanInstance.getInstance(ContextBeanInstance.java:102)
	at org.jboss.weld.bean.proxy.ProxyMethodHandler.getInstance(ProxyMethodHandler.java:131)
	at io.microprofile.tutorial.store.product.repository.ProductRepository$Proxy$_$$_WeldClientProxy.findProductById(Unknown Source)
	at io.microprofile.tutorial.store.product.resource.ProductResource.getProduct(ProductResource.java:35)
	at io.microprofile.tutorial.store.product.resource.ProductResource$Proxy$_$$_WeldSubclass.getProduct$$super(Unknown Source)
	at jdk.internal.reflect.GeneratedMethodAccessor482.invoke(Unknown Source)
	at java.base/java.lang.reflect.Method.invoke(Method.java:568)
	at org.jboss.weld.interceptor.proxy.TerminalAroundInvokeInvocationContext.proceedInternal(TerminalAroundInvokeInvocationContext.java:51)
	at org.jboss.weld.interceptor.proxy.AroundInvokeInvocationContext.proceed(AroundInvokeInvocationContext.java:78)
	at com.ibm.tx.jta.cdi.interceptors.TransactionalInterceptor$2.run(TransactionalInterceptor.java:176)
	at com.ibm.ws.uow.embeddable.EmbeddableUOWManagerImpl.runUnderCurrentUOW(EmbeddableUOWManagerImpl.java:1079)
	at com.ibm.ws.uow.embeddable.EmbeddableUOWManagerImpl.runUnderNewUOW(EmbeddableUOWManagerImpl.java:1042)
	at com.ibm.ws.uow.embeddable.EmbeddableUOWManagerImpl.runUnderUOW(EmbeddableUOWManagerImpl.java:1015)
	at com.ibm.tx.jta.cdi.interceptors.TransactionalInterceptor.runUnderUOWManagingEnablement(TransactionalInterceptor.java:190)
	at com.ibm.tx.jta.cdi.interceptors.Required.required(Required.java:49)
	at jdk.internal.reflect.GeneratedMethodAccessor481.invoke(Unknown Source)
	at java.base/java.lang.reflect.Method.invoke(Method.java:568)
	at org.jboss.weld.interceptor.reader.SimpleInterceptorInvocation$SimpleMethodInvocation.invoke(SimpleInterceptorInvocation.java:73)
	at org.jboss.weld.interceptor.proxy.InterceptorMethodHandler.executeAroundInvoke(InterceptorMethodHandler.java:84)
	at org.jboss.weld.interceptor.proxy.InterceptorMethodHandler.executeInterception(InterceptorMethodHandler.java:72)
	at org.jboss.weld.interceptor.proxy.InterceptorMethodHandler.invoke(InterceptorMethodHandler.java:56)
	at org.jboss.weld.bean.proxy.CombinedInterceptorAndDecoratorStackMethodHandler.invoke(CombinedInterceptorAndDecoratorStackMethodHandler.java:79)
	at org.jboss.weld.bean.proxy.CombinedInterceptorAndDecoratorStackMethodHandler.invoke(CombinedInterceptorAndDecoratorStackMethodHandler.java:68)
	at io.microprofile.tutorial.store.product.resource.ProductResource$Proxy$_$$_WeldSubclass.getProduct(Unknown Source)
	at io.microprofile.tutorial.store.product.resource.ProductResource$Proxy$_$$_WeldClientProxy.getProduct(Unknown Source)
	at jdk.internal.reflect.GeneratedMethodAccessor480.invoke(Unknown Source)
	at java.base/java.lang.reflect.Method.invoke(Method.java:568)
	at org.jboss.resteasy.core.MethodInjectorImpl.invoke(MethodInjectorImpl.java:170)
	at org.jboss.resteasy.core.MethodInjectorImpl.invoke(MethodInjectorImpl.java:130)
	at org.jboss.resteasy.core.ResourceMethodInvoker.internalInvokeOnTarget(ResourceMethodInvoker.java:660)
	at org.jboss.resteasy.core.ResourceMethodInvoker.invokeOnTargetAfterFilter(ResourceMethodInvoker.java:524)
	at org.jboss.resteasy.core.ResourceMethodInvoker.lambda$invokeOnTarget$2(ResourceMethodInvoker.java:474)
	at org.jboss.resteasy.core.interception.jaxrs.PreMatchContainerRequestContext.filter(PreMatchContainerRequestContext.java:434)
	at org.jboss.resteasy.core.ResourceMethodInvoker.invokeOnTarget(ResourceMethodInvoker.java:476)
	at org.jboss.resteasy.core.ResourceMethodInvoker.invoke(ResourceMethodInvoker.java:434)
	at org.jboss.resteasy.core.ResourceMethodInvoker.invoke(ResourceMethodInvoker.java:408)
	at org.jboss.resteasy.core.ResourceMethodInvoker.invoke(ResourceMethodInvoker.java:69)
	at org.jboss.resteasy.core.SynchronousDispatcher.invoke(SynchronousDispatcher.java:492)
	at org.jboss.resteasy.core.SynchronousDispatcher.lambda$invoke$4(SynchronousDispatcher.java:261)
	at org.jboss.resteasy.core.SynchronousDispatcher.lambda$preprocess$0(SynchronousDispatcher.java:161)
	at org.jboss.resteasy.core.interception.jaxrs.PreMatchContainerRequestContext.filter(PreMatchContainerRequestContext.java:434)
	at org.jboss.resteasy.core.SynchronousDispatcher.preprocess(SynchronousDispatcher.java:164)
	at org.jboss.resteasy.core.SynchronousDispatcher.invoke(SynchronousDispatcher.java:247)
	at org.jboss.resteasy.plugins.server.servlet.ServletContainerDispatcher.service(ServletContainerDispatcher.java:255)
	at org.jboss.resteasy.plugins.server.servlet.HttpServletDispatcher.service(HttpServletDispatcher.java:60)
	at org.jboss.resteasy.plugins.server.servlet.HttpServletDispatcher.service(HttpServletDispatcher.java:55)
	at jakarta.servlet.http.HttpServlet.service(HttpServlet.java:614)
	at com.ibm.ws.webcontainer.servlet.ServletWrapper.service(ServletWrapper.java:1260)
	at com.ibm.ws.webcontainer.servlet.ServletWrapper.handleRequest(ServletWrapper.java:748)
	at com.ibm.ws.webcontainer.servlet.ServletWrapper.handleRequest(ServletWrapper.java:445)
	at com.ibm.ws.webcontainer.filter.WebAppFilterManager.invokeFilters(WebAppFilterManager.java:1361)
	at com.ibm.ws.webcontainer.webapp.WebApp.handleRequest(WebApp.java:5076)
	at com.ibm.ws.webcontainer.osgi.DynamicVirtualHost$2.handleRequest(DynamicVirtualHost.java:328)
	at com.ibm.ws.webcontainer.WebContainer.handleRequest(WebContainer.java:1038)
	at com.ibm.ws.webcontainer.osgi.DynamicVirtualHost$2.run(DynamicVirtualHost.java:293)
	at com.ibm.ws.http.dispatcher.internal.channel.HttpDispatcherLink$TaskWrapper.run(HttpDispatcherLink.java:1260)
	at com.ibm.ws.http.dispatcher.internal.channel.HttpDispatcherLink.wrapHandlerAndExecute(HttpDispatcherLink.java:476)
	at com.ibm.ws.http.dispatcher.internal.channel.HttpDispatcherLink.ready(HttpDispatcherLink.java:435)
	at com.ibm.ws.http.channel.internal.inbound.HttpInboundLink.handleDiscrimination(HttpInboundLink.java:569)
	at com.ibm.ws.http.channel.internal.inbound.HttpInboundLink.handleNewRequest(HttpInboundLink.java:503)
	at com.ibm.ws.http.channel.internal.inbound.HttpInboundLink.processRequest(HttpInboundLink.java:363)
	at com.ibm.ws.http.channel.internal.inbound.HttpInboundLink.ready(HttpInboundLink.java:330)
	at com.ibm.ws.tcpchannel.internal.NewConnectionInitialReadCallback.sendToDiscriminators(NewConnectionInitialReadCallback.java:169)
	at com.ibm.ws.tcpchannel.internal.NewConnectionInitialReadCallback.complete(NewConnectionInitialReadCallback.java:77)
	at com.ibm.ws.tcpchannel.internal.WorkQueueManager.requestComplete(WorkQueueManager.java:516)
	at com.ibm.ws.tcpchannel.internal.WorkQueueManager.attemptIO(WorkQueueManager.java:586)
	at com.ibm.ws.tcpchannel.internal.WorkQueueManager.workerRun(WorkQueueManager.java:970)
	at com.ibm.ws.tcpchannel.internal.WorkQueueManager$Worker.run(WorkQueueManager.java:1059)
	at com.ibm.ws.threading.internal.ExecutorServiceImpl$RunnableWrapper.run(ExecutorServiceImpl.java:280)
	at java.base/java.util.concurrent.ThreadPoolExecutor.runWorker(ThreadPoolExecutor.java:1136)
	at java.base/java.util.concurrent.ThreadPoolExecutor$Worker.run(ThreadPoolExecutor.java:635)
	at java.base/java.lang.Thread.run(Thread.java:840)
Caused by: com.ibm.wsspi.injectionengine.InjectionException: The java:comp/env/io.microprofile.tutorial.store.product.repository.ProductRepository/em reference of type jakarta.persistence.EntityManager for the null component in the mp-ecomm-store.war module of the mp-ecomm-store application cannot be resolved.
	at com.ibm.wsspi.injectionengine.InjectionBinding.getInjectionObject(InjectionBinding.java:1497)
	at com.ibm.wsspi.injectionengine.InjectionBinding.getInjectableObject(InjectionBinding.java:1376)
	at com.ibm.wsspi.injectionengine.InjectionTarget.inject(InjectionTarget.java:106)
	at com.ibm.ws.cdi.impl.weld.injection.WebSphereInjectionServicesImpl.inject(WebSphereInjectionServicesImpl.java:200)
	at com.ibm.ws.cdi.impl.weld.injection.WebSphereInjectionServicesImpl.inject(WebSphereInjectionServicesImpl.java:152)
	at com.ibm.ws.cdi.impl.weld.injection.WebSphereInjectionServicesImpl.access$000(WebSphereInjectionServicesImpl.java:76)
	at com.ibm.ws.cdi.impl.weld.injection.WebSphereInjectionServicesImpl$1.run(WebSphereInjectionServicesImpl.java:136)
	at com.ibm.ws.cdi.impl.weld.injection.WebSphereInjectionServicesImpl$1.run(WebSphereInjectionServicesImpl.java:132)
	at java.base/java.security.AccessController.doPrivileged(AccessController.java:569)
	... 83 more

Dump of callerThis
Object type = com.ibm.ws.cdi.impl.weld.injection.WebSphereInjectionServicesImpl
  tc = class com.ibm.websphere.ras.TraceComponent@712ec877
    strings[0] = "TraceComponent[com.ibm.ws.cdi.impl.weld.injection.WebSphereInjectionServicesImpl,class com.ibm.ws.cdi.impl.weld.injection.WebSphereInjectionServicesImpl,[JCDI],com.ibm.ws.cdi.internal.resources.CDI,null]"
  ANNOTATIONS_KNOWN_TO_WELD = class java.util.HashSet@164f47a3
    serialVersionUID = "/* Could not access serialVersionUID */"
    map = "/* Could not access map */"
    PRESENT = "/* Could not access PRESENT */"
  referenceContextMap = class java.util.concurrent.ConcurrentHashMap@9c3fd7e
    serialVersionUID = "/* Could not access serialVersionUID */"
    MAXIMUM_CAPACITY = "/* Could not access MAXIMUM_CAPACITY */"
    DEFAULT_CAPACITY = "/* Could not access DEFAULT_CAPACITY */"
    MAX_ARRAY_SIZE = "/* Could not access MAX_ARRAY_SIZE */"
    DEFAULT_CONCURRENCY_LEVEL = "/* Could not access DEFAULT_CONCURRENCY_LEVEL */"
    LOAD_FACTOR = "/* Could not access LOAD_FACTOR */"
    TREEIFY_THRESHOLD = "/* Could not access TREEIFY_THRESHOLD */"
    UNTREEIFY_THRESHOLD = "/* Could not access UNTREEIFY_THRESHOLD */"
    MIN_TREEIFY_CAPACITY = "/* Could not access MIN_TREEIFY_CAPACITY */"
    MIN_TRANSFER_STRIDE = "/* Could not access MIN_TRANSFER_STRIDE */"
    RESIZE_STAMP_BITS = "/* Could not access RESIZE_STAMP_BITS */"
    MAX_RESIZERS = "/* Could not access MAX_RESIZERS */"
    RESIZE_STAMP_SHIFT = "/* Could not access RESIZE_STAMP_SHIFT */"
    MOVED = "/* Could not access MOVED */"
    TREEBIN = "/* Could not access TREEBIN */"
    RESERVED = "/* Could not access RESERVED */"
    HASH_BITS = "/* Could not access HASH_BITS */"
    NCPU = "/* Could not access NCPU */"
    serialPersistentFields = "/* Could not access serialPersistentFields */"
    table = "/* Could not access table */"
    nextTable = "/* Could not access nextTable */"
    baseCount = "/* Could not access baseCount */"
    sizeCtl = "/* Could not access sizeCtl */"
    transferIndex = "/* Could not access transferIndex */"
    cellsBusy = "/* Could not access cellsBusy */"
    counterCells = "/* Could not access counterCells */"
    keySet = "/* Could not access keySet */"
    values = "/* Could not access values */"
    entrySet = "/* Could not access entrySet */"
    U = "/* Could not access U */"
    SIZECTL = "/* Could not access SIZECTL */"
    TRANSFERINDEX = "/* Could not access TRANSFERINDEX */"
    BASECOUNT = "/* Could not access BASECOUNT */"
    CELLSBUSY = "/* Could not access CELLSBUSY */"
    CELLVALUE = "/* Could not access CELLVALUE */"
    ABASE = "/* Could not access ABASE */"
    ASHIFT = "/* Could not access ASHIFT */"
    keySet = "/* Could not access keySet */"
    values = "/* Could not access values */"
  referenceContexts = class java.util.Collections$SetFromMap@60bafd6d
    m = "/* Could not access m */"
    s = "/* Could not access s */"
    serialVersionUID = "/* Could not access serialVersionUID */"
  injectionTargetListeners = class java.util.concurrent.ConcurrentHashMap@49ccb3cc
    serialVersionUID = "/* Could not access serialVersionUID */"
    MAXIMUM_CAPACITY = "/* Could not access MAXIMUM_CAPACITY */"
    DEFAULT_CAPACITY = "/* Could not access DEFAULT_CAPACITY */"
    MAX_ARRAY_SIZE = "/* Could not access MAX_ARRAY_SIZE */"
    DEFAULT_CONCURRENCY_LEVEL = "/* Could not access DEFAULT_CONCURRENCY_LEVEL */"
    LOAD_FACTOR = "/* Could not access LOAD_FACTOR */"
    TREEIFY_THRESHOLD = "/* Could not access TREEIFY_THRESHOLD */"
    UNTREEIFY_THRESHOLD = "/* Could not access UNTREEIFY_THRESHOLD */"
    MIN_TREEIFY_CAPACITY = "/* Could not access MIN_TREEIFY_CAPACITY */"
    MIN_TRANSFER_STRIDE = "/* Could not access MIN_TRANSFER_STRIDE */"
    RESIZE_STAMP_BITS = "/* Could not access RESIZE_STAMP_BITS */"
    MAX_RESIZERS = "/* Could not access MAX_RESIZERS */"
    RESIZE_STAMP_SHIFT = "/* Could not access RESIZE_STAMP_SHIFT */"
    MOVED = "/* Could not access MOVED */"
    TREEBIN = "/* Could not access TREEBIN */"
    RESERVED = "/* Could not access RESERVED */"
    HASH_BITS = "/* Could not access HASH_BITS */"
    NCPU = "/* Could not access NCPU */"
    serialPersistentFields = "/* Could not access serialPersistentFields */"
    table = "/* Could not access table */"
    nextTable = "/* Could not access nextTable */"
    baseCount = "/* Could not access baseCount */"
    sizeCtl = "/* Could not access sizeCtl */"
    transferIndex = "/* Could not access transferIndex */"
    cellsBusy = "/* Could not access cellsBusy */"
    counterCells = "/* Could not access counterCells */"
    keySet = "/* Could not access keySet */"
    values = "/* Could not access values */"
    entrySet = "/* Could not access entrySet */"
    U = "/* Could not access U */"
    SIZECTL = "/* Could not access SIZECTL */"
    TRANSFERINDEX = "/* Could not access TRANSFERINDEX */"
    BASECOUNT = "/* Could not access BASECOUNT */"
    CELLSBUSY = "/* Could not access CELLSBUSY */"
    CELLVALUE = "/* Could not access CELLVALUE */"
    ABASE = "/* Could not access ABASE */"
    ASHIFT = "/* Could not access ASHIFT */"
    keySet = "/* Could not access keySet */"
    values = "/* Could not access values */"
  deployment = class com.ibm.ws.cdi.impl.weld.WebSphereCDIDeploymentImpl@25d29709
    tc = class com.ibm.websphere.ras.TraceComponent@58a3ff51
      strings[0] = "TraceComponent[com.ibm.ws.cdi.impl.weld.WebSphereCDIDeploymentImpl,class com.ibm.ws.cdi.impl.weld.WebSphereCDIDeploymentImpl,[JCDI],com.ibm.ws.cdi.internal.resources.CDI,null]"
    id = "mp-ecomm-store"
    deploymentDBAs = class java.util.HashMap@2874e5db
      serialVersionUID = "/* Could not access serialVersionUID */"
      DEFAULT_INITIAL_CAPACITY = "/* Could not access DEFAULT_INITIAL_CAPACITY */"
      MAXIMUM_CAPACITY = "/* Could not access MAXIMUM_CAPACITY */"
      DEFAULT_LOAD_FACTOR = "/* Could not access DEFAULT_LOAD_FACTOR */"
      TREEIFY_THRESHOLD = "/* Could not access TREEIFY_THRESHOLD */"
      UNTREEIFY_THRESHOLD = "/* Could not access UNTREEIFY_THRESHOLD */"
      MIN_TREEIFY_CAPACITY = "/* Could not access MIN_TREEIFY_CAPACITY */"
      table = "/* Could not access table */"
      entrySet = "/* Could not access entrySet */"
      size = "/* Could not access size */"
      modCount = "/* Could not access modCount */"
      threshold = "/* Could not access threshold */"
      loadFactor = "/* Could not access loadFactor */"
      keySet = "/* Could not access keySet */"
      values = "/* Could not access values */"
    applicationBDAs = class java.util.HashSet@19af4503
      serialVersionUID = "/* Could not access serialVersionUID */"
      map = "/* Could not access map */"
      PRESENT = "/* Could not access PRESENT */"
    extensionBDAs = class java.util.HashMap@4fa3aa40
      serialVersionUID = "/* Could not access serialVersionUID */"
      DEFAULT_INITIAL_CAPACITY = "/* Could not access DEFAULT_INITIAL_CAPACITY */"
      MAXIMUM_CAPACITY = "/* Could not access MAXIMUM_CAPACITY */"
      DEFAULT_LOAD_FACTOR = "/* Could not access DEFAULT_LOAD_FACTOR */"
      TREEIFY_THRESHOLD = "/* Could not access TREEIFY_THRESHOLD */"
      UNTREEIFY_THRESHOLD = "/* Could not access UNTREEIFY_THRESHOLD */"
      MIN_TREEIFY_CAPACITY = "/* Could not access MIN_TREEIFY_CAPACITY */"
      table = "/* Could not access table */"
      entrySet = "/* Could not access entrySet */"
      size = "/* Could not access size */"
      modCount = "/* Could not access modCount */"
      threshold = "/* Could not access threshold */"
      loadFactor = "/* Could not access loadFactor */"
      keySet = "/* Could not access keySet */"
      values = "/* Could not access values */"
    orderedBDAs = class java.util.ArrayList@18dc57ad
      serialVersionUID = "/* Could not access serialVersionUID */"
      DEFAULT_CAPACITY = "/* Could not access DEFAULT_CAPACITY */"
      EMPTY_ELEMENTDATA = "/* Could not access EMPTY_ELEMENTDATA */"
      DEFAULTCAPACITY_EMPTY_ELEMENTDATA = "/* Could not access DEFAULTCAPACITY_EMPTY_ELEMENTDATA */"
      elementData = "/* Could not access elementData */"
      size = "/* Could not access size */"
      modCount = "/* Could not access modCount */"
    bootstrap = class org.jboss.weld.bootstrap.WeldBootstrap@17892350
      weldStartup = null
      weldRuntime = class org.jboss.weld.bootstrap.WeldRuntime@3d00f619
      beansXmlValidator = null
    classloader = class com.ibm.ws.classloading.internal.AppClassLoader@49f0c170
      tc = class com.ibm.websphere.ras.TraceComponent@211ad77b
      forbiddenClassNames = class java.util.Collections$UnmodifiableSet@1c6ecae2
      FORBIDDEN_PROPERTIES = "forbidden.properties"
      NOTHING_FORBIDDEN_PROPERTY = "io.openliberty.classloading.nothing.forbidden"
      disableSharedClassesCache = false
      PARENT_FIRST_SEARCH_ORDER = class java.util.Collections$UnmodifiableRandomAccessList@3650200d
      packagesDefined = class java.util.Collections$SetFromMap@4c9ec2e5
      CLASS_LOADING_TRACE_PREFIX = "com.ibm.ws.class.load."
      DEFAULT_PACKAGE = "default.package"
      perPackageClassLoadingTraceComponents = class java.util.concurrent.ConcurrentHashMap@264d384e
      config = class com.ibm.ws.classloading.internal.ClassLoaderConfigurationImpl@218039a2
      privateLibraries = null
      delegateLoaders = class com.ibm.ws.classloading.internal.util.CompositeIterable@166725d7
      nativeLibraryFiles = class java.util.ArrayList@2cd45414
      transformers = class java.util.ArrayList@63148688
      systemTransformers = class java.util.concurrent.CopyOnWriteArrayList@4379fe61
      apiAccess = class com.ibm.ws.classloading.internal.GatewayClassLoader@713f3438
      generator = class com.ibm.ws.classloading.internal.ClassGeneratorManager@6c9f3244
      protectionDomains = class java.util.concurrent.ConcurrentHashMap@62e5bf37
      hook = null
      serialVersionUID = 5906478461061001036
      checkpointPhase = class io.openliberty.checkpoint.spi.CheckpointPhase@25825525
      tc = class com.ibm.websphere.ras.TraceComponent@444def1d
      smartClassPath = class com.ibm.ws.classloading.internal.ContainerClassLoader$SmartClassPathImpl@29042d02
      nativeLibraryContainers = class java.util.ArrayList@3c9c3774
      redefiner = class com.ibm.ws.classloading.internal.util.ClassRedefiner@73cf3bd7
      jarProtocol = "wsjar:"
      mapCreationQueue = class java.util.concurrent.Executors$FinalizableDelegatedExecutorService@44d373f6
      serialVersionUID = 251246017270836472
      parent = class com.ibm.ws.classloading.internal.GatewayClassLoader@713f3438
      classNameLockStore = class com.ibm.ws.kernel.boot.utils.KeyBasedLockStore@4cb73a53
      serialVersionUID = -3020377578845918238
      $$$tc$$$ = class com.ibm.websphere.ras.TraceComponent@4af12524
      pdcache = "/* Could not access pdcache */"
    extensionClassLoaders = class java.util.HashSet@746debff
      serialVersionUID = "/* Could not access serialVersionUID */"
      map = "/* Could not access map */"
      PRESENT = "/* Could not access PRESENT */"
    cdiEnabled = true
    cdiStatusMap = class java.util.HashMap@26ceae98
      serialVersionUID = "/* Could not access serialVersionUID */"
      DEFAULT_INITIAL_CAPACITY = "/* Could not access DEFAULT_INITIAL_CAPACITY */"
      MAXIMUM_CAPACITY = "/* Could not access MAXIMUM_CAPACITY */"
      DEFAULT_LOAD_FACTOR = "/* Could not access DEFAULT_LOAD_FACTOR */"
      TREEIFY_THRESHOLD = "/* Could not access TREEIFY_THRESHOLD */"
      UNTREEIFY_THRESHOLD = "/* Could not access UNTREEIFY_THRESHOLD */"
      MIN_TREEIFY_CAPACITY = "/* Could not access MIN_TREEIFY_CAPACITY */"
      table = "/* Could not access table */"
      entrySet = "/* Could not access entrySet */"
      size = "/* Could not access size */"
      modCount = "/* Could not access modCount */"
      threshold = "/* Could not access threshold */"
      loadFactor = "/* Could not access loadFactor */"
      keySet = "/* Could not access keySet */"
      values = "/* Could not access values */"
    classBDAMap = class java.util.concurrent.ConcurrentHashMap@5cd5e4d3
      serialVersionUID = "/* Could not access serialVersionUID */"
      MAXIMUM_CAPACITY = "/* Could not access MAXIMUM_CAPACITY */"
      DEFAULT_CAPACITY = "/* Could not access DEFAULT_CAPACITY */"
      MAX_ARRAY_SIZE = "/* Could not access MAX_ARRAY_SIZE */"
      DEFAULT_CONCURRENCY_LEVEL = "/* Could not access DEFAULT_CONCURRENCY_LEVEL */"
      LOAD_FACTOR = "/* Could not access LOAD_FACTOR */"
      TREEIFY_THRESHOLD = "/* Could not access TREEIFY_THRESHOLD */"
      UNTREEIFY_THRESHOLD = "/* Could not access UNTREEIFY_THRESHOLD */"
      MIN_TREEIFY_CAPACITY = "/* Could not access MIN_TREEIFY_CAPACITY */"
      MIN_TRANSFER_STRIDE = "/* Could not access MIN_TRANSFER_STRIDE */"
      RESIZE_STAMP_BITS = "/* Could not access RESIZE_STAMP_BITS */"
      MAX_RESIZERS = "/* Could not access MAX_RESIZERS */"
      RESIZE_STAMP_SHIFT = "/* Could not access RESIZE_STAMP_SHIFT */"
      MOVED = "/* Could not access MOVED */"
      TREEBIN = "/* Could not access TREEBIN */"
      RESERVED = "/* Could not access RESERVED */"
      HASH_BITS = "/* Could not access HASH_BITS */"
      NCPU = "/* Could not access NCPU */"
      serialPersistentFields = "/* Could not access serialPersistentFields */"
      table = "/* Could not access table */"
      nextTable = "/* Could not access nextTable */"
      baseCount = "/* Could not access baseCount */"
      sizeCtl = "/* Could not access sizeCtl */"
      transferIndex = "/* Could not access transferIndex */"
      cellsBusy = "/* Could not access cellsBusy */"
      counterCells = "/* Could not access counterCells */"
      keySet = "/* Could not access keySet */"
      values = "/* Could not access values */"
      entrySet = "/* Could not access entrySet */"
      U = "/* Could not access U */"
      SIZECTL = "/* Could not access SIZECTL */"
      TRANSFERINDEX = "/* Could not access TRANSFERINDEX */"
      BASECOUNT = "/* Could not access BASECOUNT */"
      CELLSBUSY = "/* Could not access CELLSBUSY */"
      CELLVALUE = "/* Could not access CELLVALUE */"
      ABASE = "/* Could not access ABASE */"
      ASHIFT = "/* Could not access ASHIFT */"
      keySet = "/* Could not access keySet */"
      values = "/* Could not access values */"
    application = class com.ibm.ws.cdi.internal.archive.liberty.ApplicationImpl@298cfba
      tc = class com.ibm.websphere.ras.TraceComponent@1455920e
      applicationInfo = class com.ibm.ws.container.service.app.deploy.internal.ApplicationInfoImpl@3c4f3bef
      earApplicationInfo = null
      factory = class com.ibm.ws.cdi.internal.archive.liberty.RuntimeFactory@11cd9326
      type = class com.ibm.ws.cdi.internal.interfaces.ApplicationType@1b56134b
      moduleArchives = class java.util.HashMap$Values@44459f14
      libraryArchives = class java.util.HashMap$Values@3155506d
      tccl = class com.ibm.ws.classloading.internal.ThreadContextClassLoader@50016bdb
      serialVersionUID = -1774035872069118191
    serviceRegistry = class org.jboss.weld.bootstrap.api.helpers.SimpleServiceRegistry@1931ee05
      services = class java.util.HashMap@973e2a3
    extensions = class java.util.HashSet@4a5829d5
      serialVersionUID = "/* Could not access serialVersionUID */"
      map = "/* Could not access map */"
      PRESENT = "/* Could not access PRESENT */"
    injectionServices = class com.ibm.ws.cdi.impl.weld.injection.WebSphereInjectionServicesImpl@2b175579
    cdiRuntime = class com.ibm.ws.cdi.liberty.CDIRuntimeImpl@39d8af31
      tc = class com.ibm.websphere.ras.TraceComponent@29a806a3
      metaDataSlotServiceSR = class com.ibm.wsspi.kernel.service.utils.AtomicServiceReference@4cfca1c2
      ejbEndpointServiceSR = class com.ibm.wsspi.kernel.service.utils.AtomicServiceReference@679b3f5d
      classLoadingSRRef = class com.ibm.wsspi.kernel.service.utils.AtomicServiceReference@f4eb185
      ejbServices = class com.ibm.wsspi.kernel.service.utils.AtomicServiceReference@14035e39
      transactionService = class com.ibm.wsspi.kernel.service.utils.AtomicServiceReference@3dd80fca
      securityServices = class com.ibm.wsspi.kernel.service.utils.AtomicServiceReference@307aefb
      extensionsSR = class com.ibm.wsspi.kernel.service.utils.ConcurrentServiceReferenceSet@79bff587
      spiExtensionsSR = class com.ibm.wsspi.kernel.service.utils.ConcurrentServiceReferenceSet@77c39e1f
      containerFactorySRRef = class com.ibm.wsspi.kernel.service.utils.AtomicServiceReference@a187972
      adaptableModuleFactorySRRef = class com.ibm.wsspi.kernel.service.utils.AtomicServiceReference@34566ebc
      injectionEngineServiceRef = class com.ibm.wsspi.kernel.service.utils.AtomicServiceReference@32c3a67c
      scheduledExecutorServiceRef = class com.ibm.wsspi.kernel.service.utils.AtomicServiceReference@591bf55d
      executorServiceRef = class com.ibm.wsspi.kernel.service.utils.AtomicServiceReference@1081d4e5
      managedExecutorServiceRef = class com.ibm.wsspi.kernel.service.utils.AtomicServiceReference@17a56bc7
      resourceRefConfigFactoryRef = class com.ibm.wsspi.kernel.service.utils.AtomicServiceReference@387acf09
      deferredMetaDataFactoryRef = class com.ibm.wsspi.kernel.service.utils.AtomicServiceReference@3ecd7446
      beansXmlParser = class io.openliberty.cdi40.internal.weld.CDI40BeansXmlParserImpl@2075b986
      bceFinder = class io.openliberty.cdi40.internal.weld.CDI40BceFinder@1c32151c
      cdiContainerEventManager = class io.openliberty.cdi40.internal.weld.CDI40ContainerEventManagerImpl@725e8314
      weldDevelopmentMode = null
      cdiContainerConfig = class io.openliberty.cdi40.internal.weld.CDI40AggregatedConfigurationImpl@27e4b65d
      extensionArchiveProviders = class java.util.ArrayList@2ad082ae
      extensionArchiveFactories = class java.util.ArrayList@2646f81d
      applicationSlot = class com.ibm.ws.runtime.metadata.MetaDataSlotImpl@200689e2
      isClientProcess = false
      runtimeFactory = class com.ibm.ws.cdi.internal.archive.liberty.RuntimeFactory@11cd9326
      proxyServices = class com.ibm.ws.cdi.proxy.ProxyServicesImpl@cb9b6f7
      serialVersionUID = 7930911400118500928
      cdiContainer = class com.ibm.ws.cdi.impl.CDIContainerImpl@1dae316d
      serialVersionUID = 7975911090376029176
      $$$tc$$$ = class com.ibm.websphere.ras.TraceComponent@20ff72b4
    cdi = class com.ibm.ws.cdi.impl.CDIImpl@7df952af
      cdiService = class com.ibm.ws.cdi.liberty.CDIRuntimeImpl@39d8af31
      serialVersionUID = -7939958868102936626
      $$$tc$$$ = class com.ibm.websphere.ras.TraceComponent@47c25607
      knownClassNames = class org.jboss.weld.util.collections.ImmutableTinySet$Tripleton@3fb893f1
      instanceCache = class org.jboss.weld.util.cache.ReentrantMapBackedComputingCache@7ef784ff
      lock = class java.lang.Object@12bee715
      providerSetManually = true
      discoveredProviders = null
      configuredProvider = class com.ibm.ws.cdi.liberty.CDIRuntimeImpl@39d8af31
    serialVersionUID = 4603914438338371166
  serialVersionUID = 2515575801175940133

Dump of objectArray[0]
Object type = org.jboss.weld.injection.producer.ResourceInjector$1
  val$instance = class io.microprofile.tutorial.store.product.repository.ProductRepository@1fcb6109
    em = null
  val$ctx = class org.jboss.weld.contexts.CreationalContextImpl@32d7a5ac
    serialVersionUID = 7375854583908262422
    SERIALIZATION_PROXY = class org.jboss.weld.contexts.CreationalContextImpl$SerializationProxy@4d95ba7a
      serialVersionUID = 5261112077771498097
    incompleteInstances = class java.util.HashMap@19383718
      serialVersionUID = "/* Could not access serialVersionUID */"
      DEFAULT_INITIAL_CAPACITY = "/* Could not access DEFAULT_INITIAL_CAPACITY */"
      MAXIMUM_CAPACITY = "/* Could not access MAXIMUM_CAPACITY */"
      DEFAULT_LOAD_FACTOR = "/* Could not access DEFAULT_LOAD_FACTOR */"
      TREEIFY_THRESHOLD = "/* Could not access TREEIFY_THRESHOLD */"
      UNTREEIFY_THRESHOLD = "/* Could not access UNTREEIFY_THRESHOLD */"
      MIN_TREEIFY_CAPACITY = "/* Could not access MIN_TREEIFY_CAPACITY */"
      table = "/* Could not access table */"
      entrySet = "/* Could not access entrySet */"
      size = "/* Could not access size */"
      modCount = "/* Could not access modCount */"
      threshold = "/* Could not access threshold */"
      loadFactor = "/* Could not access loadFactor */"
      keySet = "/* Could not access keySet */"
      values = "/* Could not access values */"
    contextual = class org.jboss.weld.bean.ManagedBean@52b8b85
    dependentInstances = class java.util.Collections$SynchronizedRandomAccessList@4740af53
      serialVersionUID = "/* Could not access serialVersionUID */"
      serialVersionUID = "/* Could not access serialVersionUID */"
      list = "/* Could not access list */"
      serialVersionUID = "/* Could not access serialVersionUID */"
      c = "/* Could not access c */"
      mutex = "/* Could not access mutex */"
    parentDependentInstances = class java.util.Collections$SynchronizedRandomAccessList@8524e44
      serialVersionUID = "/* Could not access serialVersionUID */"
      serialVersionUID = "/* Could not access serialVersionUID */"
      list = "/* Could not access list */"
      serialVersionUID = "/* Could not access serialVersionUID */"
      c = "/* Could not access c */"
      mutex = "/* Could not access mutex */"
    parentCreationalContext = null
    destroyed = null
    resourceReferences = null
    constructorInterceptionSuppressed = false
    aroundConstructCallbacks = null
    aroundConstructInterceptionContext = null
  val$manager = class org.jboss.weld.manager.BeanManagerImpl@181b3f55
    serialVersionUID = 3021562879133838561
    CREATIONAL_CONTEXT = "creationalContext"
    services = class org.jboss.weld.bootstrap.api.helpers.SimpleServiceRegistry@68f4735e
      services = class java.util.HashMap@563640fb
    contexts = class java.util.concurrent.ConcurrentHashMap@302c09af
      serialVersionUID = "/* Could not access serialVersionUID */"
      MAXIMUM_CAPACITY = "/* Could not access MAXIMUM_CAPACITY */"
      DEFAULT_CAPACITY = "/* Could not access DEFAULT_CAPACITY */"
      MAX_ARRAY_SIZE = "/* Could not access MAX_ARRAY_SIZE */"
      DEFAULT_CONCURRENCY_LEVEL = "/* Could not access DEFAULT_CONCURRENCY_LEVEL */"
      LOAD_FACTOR = "/* Could not access LOAD_FACTOR */"
      TREEIFY_THRESHOLD = "/* Could not access TREEIFY_THRESHOLD */"
      UNTREEIFY_THRESHOLD = "/* Could not access UNTREEIFY_THRESHOLD */"
      MIN_TREEIFY_CAPACITY = "/* Could not access MIN_TREEIFY_CAPACITY */"
      MIN_TRANSFER_STRIDE = "/* Could not access MIN_TRANSFER_STRIDE */"
      RESIZE_STAMP_BITS = "/* Could not access RESIZE_STAMP_BITS */"
      MAX_RESIZERS = "/* Could not access MAX_RESIZERS */"
      RESIZE_STAMP_SHIFT = "/* Could not access RESIZE_STAMP_SHIFT */"
      MOVED = "/* Could not access MOVED */"
      TREEBIN = "/* Could not access TREEBIN */"
      RESERVED = "/* Could not access RESERVED */"
      HASH_BITS = "/* Could not access HASH_BITS */"
      NCPU = "/* Could not access NCPU */"
      serialPersistentFields = "/* Could not access serialPersistentFields */"
      table = "/* Could not access table */"
      nextTable = "/* Could not access nextTable */"
      baseCount = "/* Could not access baseCount */"
      sizeCtl = "/* Could not access sizeCtl */"
      transferIndex = "/* Could not access transferIndex */"
      cellsBusy = "/* Could not access cellsBusy */"
      counterCells = "/* Could not access counterCells */"
      keySet = "/* Could not access keySet */"
      values = "/* Could not access values */"
      entrySet = "/* Could not access entrySet */"
      U = "/* Could not access U */"
      SIZECTL = "/* Could not access SIZECTL */"
      TRANSFERINDEX = "/* Could not access TRANSFERINDEX */"
      BASECOUNT = "/* Could not access BASECOUNT */"
      CELLSBUSY = "/* Could not access CELLSBUSY */"
      CELLVALUE = "/* Could not access CELLVALUE */"
      ABASE = "/* Could not access ABASE */"
      ASHIFT = "/* Could not access ASHIFT */"
      keySet = "/* Could not access keySet */"
      values = "/* Could not access values */"
    clientProxyProvider = class org.jboss.weld.bean.proxy.ClientProxyProvider@725402ce
      BEAN_NOT_PROXYABLE_MARKER = class java.lang.Object@5274587f
      beanTypeClosureProxyPool = class org.jboss.weld.util.cache.ReentrantMapBackedComputingCache@64a5a2ba
      requestedTypeClosureProxyPool = class org.jboss.weld.util.cache.ReentrantMapBackedComputingCache@1ea623a2
      contextId = "mp-ecomm-store"
      services = class org.jboss.weld.bootstrap.api.helpers.ServiceRegistries$1@305d7bc2
    enterpriseBeans = class java.util.concurrent.ConcurrentHashMap@686e42ae
      serialVersionUID = "/* Could not access serialVersionUID */"
      MAXIMUM_CAPACITY = "/* Could not access MAXIMUM_CAPACITY */"
      DEFAULT_CAPACITY = "/* Could not access DEFAULT_CAPACITY */"
      MAX_ARRAY_SIZE = "/* Could not access MAX_ARRAY_SIZE */"
      DEFAULT_CONCURRENCY_LEVEL = "/* Could not access DEFAULT_CONCURRENCY_LEVEL */"
      LOAD_FACTOR = "/* Could not access LOAD_FACTOR */"
      TREEIFY_THRESHOLD = "/* Could not access TREEIFY_THRESHOLD */"
      UNTREEIFY_THRESHOLD = "/* Could not access UNTREEIFY_THRESHOLD */"
      MIN_TREEIFY_CAPACITY = "/* Could not access MIN_TREEIFY_CAPACITY */"
      MIN_TRANSFER_STRIDE = "/* Could not access MIN_TRANSFER_STRIDE */"
      RESIZE_STAMP_BITS = "/* Could not access RESIZE_STAMP_BITS */"
      MAX_RESIZERS = "/* Could not access MAX_RESIZERS */"
      RESIZE_STAMP_SHIFT = "/* Could not access RESIZE_STAMP_SHIFT */"
      MOVED = "/* Could not access MOVED */"
      TREEBIN = "/* Could not access TREEBIN */"
      RESERVED = "/* Could not access RESERVED */"
      HASH_BITS = "/* Could not access HASH_BITS */"
      NCPU = "/* Could not access NCPU */"
      serialPersistentFields = "/* Could not access serialPersistentFields */"
      table = "/* Could not access table */"
      nextTable = "/* Could not access nextTable */"
      baseCount = "/* Could not access baseCount */"
      sizeCtl = "/* Could not access sizeCtl */"
      transferIndex = "/* Could not access transferIndex */"
      cellsBusy = "/* Could not access cellsBusy */"
      counterCells = "/* Could not access counterCells */"
      keySet = "/* Could not access keySet */"
      values = "/* Could not access values */"
      entrySet = "/* Could not access entrySet */"
      U = "/* Could not access U */"
      SIZECTL = "/* Could not access SIZECTL */"
      TRANSFERINDEX = "/* Could not access TRANSFERINDEX */"
      BASECOUNT = "/* Could not access BASECOUNT */"
      CELLSBUSY = "/* Could not access CELLSBUSY */"
      CELLVALUE = "/* Could not access CELLVALUE */"
      ABASE = "/* Could not access ABASE */"
      ASHIFT = "/* Could not access ASHIFT */"
      keySet = "/* Could not access keySet */"
      values = "/* Could not access values */"
    enabled = class org.jboss.weld.bootstrap.enablement.ModuleEnablement@23cba27e
      EMPTY_ENABLEMENT = class org.jboss.weld.bootstrap.enablement.ModuleEnablement@100c4d03
      interceptors = class org.jboss.weld.util.collections.ImmutableArrayList@7f701e8b
      decorators = class java.util.Collections$EmptyList@20915fc3
      interceptorMap = class java.util.Collections$UnmodifiableMap@ade29cb
      decoratorMap = class java.util.Collections$EmptyMap@45494be8
      globalAlternatives = class java.util.Collections$EmptyMap@45494be8
      localAlternativeClasses = class java.util.Collections$EmptySet@50d0952d
      localAlternativeStereotypes = class java.util.Collections$EmptySet@50d0952d
      decoratorComparator = class org.jboss.weld.bootstrap.enablement.ModuleEnablement$EnablementComparator@37df7217
      interceptorComparator = class org.jboss.weld.bootstrap.enablement.ModuleEnablement$EnablementComparator@4824a621
    beanResolver = class org.jboss.weld.resolution.TypeSafeBeanResolver@73faa6d9
      beanManager = class org.jboss.weld.manager.BeanManagerImpl@181b3f55
      disambiguatedBeans = class org.jboss.weld.util.cache.ReentrantMapBackedComputingCache@3a599562
      store = class org.jboss.weld.metadata.cache.MetaAnnotationStore@7b4a025e
      beansByType = class org.jboss.weld.resolution.AbstractTypeSafeBeanResolver$1@3dadbc1b
      resolved = class org.jboss.weld.util.cache.ReentrantMapBackedComputingCache@5bdcbada
      allBeans = class org.jboss.weld.util.collections.Iterables$$Lambda$213/0x00007fe9a4502008@2dd8c646
      resolverFunction = class org.jboss.weld.resolution.TypeSafeResolver$ResolvableToBeanCollection@6ab7951
    decoratorResolver = class org.jboss.weld.resolution.TypeSafeDecoratorResolver@216a881a
      rules = class org.jboss.weld.resolution.DelegateInjectionPointAssignabilityRules@6fd00590
      beanManager = class org.jboss.weld.manager.BeanManagerImpl@181b3f55
      disambiguatedBeans = class org.jboss.weld.util.cache.ReentrantMapBackedComputingCache@9666383
      store = class org.jboss.weld.metadata.cache.MetaAnnotationStore@7b4a025e
      beansByType = class org.jboss.weld.resolution.AbstractTypeSafeBeanResolver$1@bfd27ca
      resolved = class org.jboss.weld.util.cache.ReentrantMapBackedComputingCache@236e3d8f
      allBeans = class org.jboss.weld.util.collections.Iterables$$Lambda$213/0x00007fe9a4502008@4c7d40f7
      resolverFunction = class org.jboss.weld.resolution.TypeSafeResolver$ResolvableToBeanCollection@76bd5880
    interceptorResolver = class org.jboss.weld.resolution.TypeSafeInterceptorResolver@3b0bc5ab
      manager = class org.jboss.weld.manager.BeanManagerImpl@181b3f55
      resolved = class org.jboss.weld.util.cache.ReentrantMapBackedComputingCache@7dafc507
      allBeans = class org.jboss.weld.util.collections.Iterables$$Lambda$213/0x00007fe9a4502008@6ef64a6e
      resolverFunction = class org.jboss.weld.resolution.TypeSafeResolver$ResolvableToBeanCollection@7a076ab5
    nameBasedResolver = class org.jboss.weld.resolution.NameBasedResolver@452d48e6
      resolvedNames = class org.jboss.weld.util.cache.ReentrantMapBackedComputingCache@7055c742
    weldELResolver = class org.jboss.weld.module.web.el.WeldELResolver@63c7f2f4
      beanManager = class org.jboss.weld.manager.BeanManagerImpl@181b3f55
      rootNamespace = class org.jboss.weld.util.LazyValueHolder$1@7ac6a3c3
      TYPE = "type"
      RESOLVABLE_AT_DESIGN_TIME = "resolvableAtDesignTime"
    accessibleLenientObserverNotifier = class org.jboss.weld.module.jta.TransactionalObserverNotifier@16989cce
      FACTORY = class org.jboss.weld.module.jta.TransactionalObserverNotifier$1@545f7c4b
      transactionServices = class com.ibm.ws.cdi.impl.weld.TransactionServicesImpl@5aaff538
      contextId = "mp-ecomm-store"
      NO_EXCEPTION_MARKER = class java.lang.RuntimeException@41e46f8
      resolver = class org.jboss.weld.resolution.TypeSafeObserverResolver@3e7a40b5
      sharedObjectCache = class org.jboss.weld.resources.SharedObjectCache@3d5344f3
      strict = false
      currentEventMetadata = class org.jboss.weld.event.CurrentEventMetadata@5d41b0c3
      eventTypeCheckCache = null
      asyncEventExecutor = class com.ibm.ws.threading.internal.ExecutorServiceImpl@193d0d3f
      timerExecutor = class com.ibm.ws.threading.internal.ScheduledExecutorImpl@e3d2814
      securityServices = class io.openliberty.cdi40.internal.weld.DefaultCDI40SecurityService@653a52b2
      requestContextHolder = class org.jboss.weld.util.LazyValueHolder$1@9e22a0a
    globalLenientObserverNotifier = class org.jboss.weld.module.jta.TransactionalObserverNotifier@73db352b
      FACTORY = class org.jboss.weld.module.jta.TransactionalObserverNotifier$1@545f7c4b
      transactionServices = class com.ibm.ws.cdi.impl.weld.TransactionServicesImpl@5aaff538
      contextId = "mp-ecomm-store"
      NO_EXCEPTION_MARKER = class java.lang.RuntimeException@41e46f8
      resolver = class org.jboss.weld.resolution.TypeSafeObserverResolver@72d327f6
      sharedObjectCache = class org.jboss.weld.resources.SharedObjectCache@3d5344f3
      strict = false
      currentEventMetadata = class org.jboss.weld.event.CurrentEventMetadata@5d41b0c3
      eventTypeCheckCache = null
      asyncEventExecutor = class com.ibm.ws.threading.internal.ExecutorServiceImpl@193d0d3f
      timerExecutor = class com.ibm.ws.threading.internal.ScheduledExecutorImpl@e3d2814
      securityServices = class io.openliberty.cdi40.internal.weld.DefaultCDI40SecurityService@653a52b2
      requestContextHolder = class org.jboss.weld.util.LazyValueHolder$1@149ce2ea
    globalStrictObserverNotifier = class org.jboss.weld.module.jta.TransactionalObserverNotifier@5c1e39ce
      FACTORY = class org.jboss.weld.module.jta.TransactionalObserverNotifier$1@545f7c4b
      transactionServices = class com.ibm.ws.cdi.impl.weld.TransactionServicesImpl@5aaff538
      contextId = "mp-ecomm-store"
      NO_EXCEPTION_MARKER = class java.lang.RuntimeException@41e46f8
      resolver = class org.jboss.weld.resolution.TypeSafeObserverResolver@72d327f6
      sharedObjectCache = class org.jboss.weld.resources.SharedObjectCache@3d5344f3
      strict = true
      currentEventMetadata = class org.jboss.weld.event.CurrentEventMetadata@5d41b0c3
      eventTypeCheckCache = class org.jboss.weld.util.cache.ReentrantMapBackedComputingCache@78628866
      asyncEventExecutor = class com.ibm.ws.threading.internal.ExecutorServiceImpl@193d0d3f
      timerExecutor = class com.ibm.ws.threading.internal.ScheduledExecutorImpl@e3d2814
      securityServices = class io.openliberty.cdi40.internal.weld.DefaultCDI40SecurityService@653a52b2
      requestContextHolder = class org.jboss.weld.util.LazyValueHolder$1@35ad217e
    enabledBeans = class java.util.concurrent.CopyOnWriteArrayList@9230eb
      serialVersionUID = "/* Could not access serialVersionUID */"
      lock = "/* Could not access lock */"
      array = "/* Could not access array */"
    sharedBeans = class java.util.concurrent.CopyOnWriteArrayList@52beb2db
      serialVersionUID = "/* Could not access serialVersionUID */"
      lock = "/* Could not access lock */"
      array = "/* Could not access array */"
    specializedBeans = class java.util.concurrent.CopyOnWriteArrayList@78e6b7ca
      serialVersionUID = "/* Could not access serialVersionUID */"
      lock = "/* Could not access lock */"
      array = "/* Could not access array */"
    decorators = class java.util.concurrent.CopyOnWriteArrayList@559b3151
      serialVersionUID = "/* Could not access serialVersionUID */"
      lock = "/* Could not access lock */"
      array = "/* Could not access array */"
    interceptors = class java.util.concurrent.CopyOnWriteArrayList@449f4661
      serialVersionUID = "/* Could not access serialVersionUID */"
      lock = "/* Could not access lock */"
      array = "/* Could not access array */"
    namespaces = class java.util.concurrent.CopyOnWriteArrayList@63900c43
      serialVersionUID = "/* Could not access serialVersionUID */"
      lock = "/* Could not access lock */"
      array = "/* Could not access array */"
    observers = class java.util.concurrent.CopyOnWriteArrayList@2e05bf1c
      serialVersionUID = "/* Could not access serialVersionUID */"
      lock = "/* Could not access lock */"
      array = "/* Could not access array */"
    beanSet = null
    managers = class java.util.HashSet@22980234
      serialVersionUID = "/* Could not access serialVersionUID */"
      map = "/* Could not access map */"
      PRESENT = "/* Could not access PRESENT */"
    accessibleManagers = class java.util.HashSet@1c8ae448
      serialVersionUID = "/* Could not access serialVersionUID */"
      map = "/* Could not access map */"
      PRESENT = "/* Could not access PRESENT */"
    id = "mp-ecomm-store#mp-ecomm-store.war"
    contextId = "mp-ecomm-store"
    interceptorModelRegistry = class java.util.concurrent.ConcurrentHashMap@7f9b118e
      serialVersionUID = "/* Could not access serialVersionUID */"
      MAXIMUM_CAPACITY = "/* Could not access MAXIMUM_CAPACITY */"
      DEFAULT_CAPACITY = "/* Could not access DEFAULT_CAPACITY */"
      MAX_ARRAY_SIZE = "/* Could not access MAX_ARRAY_SIZE */"
      DEFAULT_CONCURRENCY_LEVEL = "/* Could not access DEFAULT_CONCURRENCY_LEVEL */"
      LOAD_FACTOR = "/* Could not access LOAD_FACTOR */"
      TREEIFY_THRESHOLD = "/* Could not access TREEIFY_THRESHOLD */"
      UNTREEIFY_THRESHOLD = "/* Could not access UNTREEIFY_THRESHOLD */"
      MIN_TREEIFY_CAPACITY = "/* Could not access MIN_TREEIFY_CAPACITY */"
      MIN_TRANSFER_STRIDE = "/* Could not access MIN_TRANSFER_STRIDE */"
      RESIZE_STAMP_BITS = "/* Could not access RESIZE_STAMP_BITS */"
      MAX_RESIZERS = "/* Could not access MAX_RESIZERS */"
      RESIZE_STAMP_SHIFT = "/* Could not access RESIZE_STAMP_SHIFT */"
      MOVED = "/* Could not access MOVED */"
      TREEBIN = "/* Could not access TREEBIN */"
      RESERVED = "/* Could not access RESERVED */"
      HASH_BITS = "/* Could not access HASH_BITS */"
      NCPU = "/* Could not access NCPU */"
      serialPersistentFields = "/* Could not access serialPersistentFields */"
      table = "/* Could not access table */"
      nextTable = "/* Could not access nextTable */"
      baseCount = "/* Could not access baseCount */"
      sizeCtl = "/* Could not access sizeCtl */"
      transferIndex = "/* Could not access transferIndex */"
      cellsBusy = "/* Could not access cellsBusy */"
      counterCells = "/* Could not access counterCells */"
      keySet = "/* Could not access keySet */"
      values = "/* Could not access values */"
      entrySet = "/* Could not access entrySet */"
      U = "/* Could not access U */"
      SIZECTL = "/* Could not access SIZECTL */"
      TRANSFERINDEX = "/* Could not access TRANSFERINDEX */"
      BASECOUNT = "/* Could not access BASECOUNT */"
      CELLSBUSY = "/* Could not access CELLSBUSY */"
      CELLVALUE = "/* Could not access CELLVALUE */"
      ABASE = "/* Could not access ABASE */"
      ASHIFT = "/* Could not access ASHIFT */"
      keySet = "/* Could not access keySet */"
      values = "/* Could not access values */"
    interceptorMetadataReader = class org.jboss.weld.interceptor.reader.InterceptorMetadataReader@7ce5bc3e
      manager = class org.jboss.weld.manager.BeanManagerImpl@181b3f55
      plainInterceptorMetadataCache = class org.jboss.weld.util.cache.ReentrantMapBackedComputingCache@6547465e
      cdiInterceptorMetadataCache = class org.jboss.weld.util.cache.ReentrantMapBackedComputingCache@7ded9286
      interceptorToInterceptorMetadataFunction = class org.jboss.weld.interceptor.reader.InterceptorMetadataReader$$Lambda$214/0x00007fe9a4503d38@6a866536
    containerLifecycleEvents = class org.jboss.weld.bootstrap.events.ContainerLifecycleEvents@1e8e8834
      everythingObserved = false
      processAnnotatedTypeObserved = true
      processBeanObserved = true
      processBeanAttributesObserved = false
      processInjectionPointObserved = false
      processInjectionTargetObserved = true
      processProducerObserved = false
      processObserverMethodObserved = false
      discovery = class org.jboss.weld.bootstrap.events.RequiredAnnotationDiscovery@334f5e9f
      preloader = class org.jboss.weld.bootstrap.events.ContainerLifecycleEventPreloader@3c564515
    registry = class org.jboss.weld.bootstrap.SpecializationAndEnablementRegistry@55ed8709
      specializedBeanResolvers = class org.jboss.weld.util.cache.ReentrantMapBackedComputingCache@31f1b451
      environmentByManager = class java.util.concurrent.ConcurrentHashMap@130eabd2
      specializedBeans = class org.jboss.weld.util.cache.ReentrantMapBackedComputingCache@42380429
      specializedBeansMap = class java.util.concurrent.ConcurrentHashMap@533f709a
    currentInjectionPoint = class org.jboss.weld.injection.CurrentInjectionPoint@725deb5b
      threadLocalStack = class org.jboss.weld.injection.ThreadLocalStack$1@bde24e8
      NULL_REFERENCE = class org.jboss.weld.injection.ThreadLocalStack$2@28a0deba
    clientProxyOptimization = false
    validationFailureCallbacks = class java.util.concurrent.CopyOnWriteArrayList@2388ad62
      serialVersionUID = "/* Could not access serialVersionUID */"
      lock = "/* Could not access lock */"
      array = "/* Could not access array */"
    requestInitializedEvent = class org.jboss.weld.util.LazyValueHolder$1@492d5e0f
      val$supplier = class org.jboss.weld.manager.BeanManagerImpl$$Lambda$220/0x00007fe9a4507090@65a470bc
      value = class org.jboss.weld.event.FastEvent@662016f2
    requestBeforeDestroyedEvent = class org.jboss.weld.util.LazyValueHolder$1@70415dec
      val$supplier = class org.jboss.weld.manager.BeanManagerImpl$$Lambda$221/0x00007fe9a45072b8@68822a8d
      value = class org.jboss.weld.event.FastEvent@3032b2d
    requestDestroyedEvent = class org.jboss.weld.util.LazyValueHolder$1@6ddb678c
      val$supplier = class org.jboss.weld.manager.BeanManagerImpl$$Lambda$222/0x00007fe9a45074e0@55985c99
      value = class org.jboss.weld.event.FastEvent@9d4d039
  this$0 = class org.jboss.weld.injection.producer.ResourceInjector@646982be
    resourceInjectionsHierarchy = class java.util.Collections$EmptyList@20915fc3
      serialVersionUID = "/* Could not access serialVersionUID */"
      modCount = "/* Could not access modCount */"
    injectableFields = class org.jboss.weld.util.collections.ImmutableTinyList$Singleton@2838f17f
      serialVersionUID = 1
      element = class java.util.Collections$EmptySet@50d0952d
      modCount = "/* Could not access modCount */"
    initializerMethods = class org.jboss.weld.util.collections.ImmutableTinyList$Singleton@63c90ab9
      serialVersionUID = 1
      element = class java.util.Collections$EmptySet@50d0952d
      modCount = "/* Could not access modCount */"
  beanManager = class org.jboss.weld.manager.BeanManagerImpl@181b3f55
  injectionTarget = class org.jboss.weld.injection.producer.BeanInjectionTarget@7d07170e
    bean = class org.jboss.weld.bean.ManagedBean@52b8b85
      proxiable = true
      passivationCapableBean = false
      passivationCapableDependency = true
      hasPostConstructCallback = false
      annotatedType = class org.jboss.weld.annotated.slim.backed.BackedAnnotatedType@727237c7
      enhancedAnnotatedItem = null
      producer = class org.jboss.weld.injection.producer.BeanInjectionTarget@7d07170e
      type = class java.lang.Class@1ffa8c0e
      preInitialized = false
      proxyRequired = true
      producer = null
      ignoreFinalMethods = false
      beanManager = class org.jboss.weld.manager.BeanManagerImpl@181b3f55
      initialized = true
      qualifiers = class org.jboss.weld.util.collections.ImmutableTinySet$Doubleton@5ebfabed
      contextualInstanceStrategy = class org.jboss.weld.bean.ContextualInstanceStrategy$CachingContextualInstanceStrategy@3a6a0959
      attributes = class org.jboss.weld.bean.attributes.ImmutableBeanAttributes@43458adb
      identifier = class org.jboss.weld.bean.StringBeanIdentifier@59859bdd
    beanManager = class org.jboss.weld.manager.BeanManagerImpl@181b3f55
    type = class org.jboss.weld.annotated.slim.backed.BackedAnnotatedType@727237c7
    injectionPoints = class java.util.Collections$EmptySet@50d0952d
      serialVersionUID = "/* Could not access serialVersionUID */"
    instantiator = class org.jboss.weld.injection.producer.DefaultInstantiator@3f8c2541
      constructor = class org.jboss.weld.injection.ConstructorInjectionPoint@1dad72c7
    injector = class org.jboss.weld.injection.producer.ResourceInjector@646982be
    invoker = class org.jboss.weld.injection.producer.DefaultLifecycleCallbackInvoker@14bb6ccb
      accessiblePostConstructMethods = class java.util.Collections$EmptyList@20915fc3
      accessiblePreDestroyMethods = class java.util.Collections$EmptyList@20915fc3
  annotatedType = class org.jboss.weld.annotated.slim.backed.BackedAnnotatedType@727237c7
    javaClass = class java.lang.Class@1ffa8c0e
      ANNOTATION = "/* Could not access ANNOTATION */"
      ENUM = "/* Could not access ENUM */"
      SYNTHETIC = "/* Could not access SYNTHETIC */"
      cachedConstructor = "/* Could not access cachedConstructor */"
      name = "/* Could not access name */"
      module = "/* Could not access module */"
      packageName = "/* Could not access packageName */"
      componentType = "/* Could not access componentType */"
      allPermDomain = "/* Could not access allPermDomain */"
      reflectionData = "/* Could not access reflectionData */"
      classRedefinedCount = "/* Could not access classRedefinedCount */"
      genericInfo = "/* Could not access genericInfo */"
      EMPTY_CLASS_ARRAY = "/* Could not access EMPTY_CLASS_ARRAY */"
      serialVersionUID = "/* Could not access serialVersionUID */"
      serialPersistentFields = "/* Could not access serialPersistentFields */"
      reflectionFactory = "/* Could not access reflectionFactory */"
      enumConstants = "/* Could not access enumConstants */"
      enumConstantDirectory = "/* Could not access enumConstantDirectory */"
      annotationData = "/* Could not access annotationData */"
      annotationType = "/* Could not access annotationType */"
      classValueMap = "/* Could not access classValueMap */"
    constructors = class org.jboss.weld.annotated.slim.backed.BackedAnnotatedType$BackedAnnotatedConstructors@33d24f4b
      this$0 = class org.jboss.weld.annotated.slim.backed.BackedAnnotatedType@727237c7
      this$0 = class org.jboss.weld.annotated.slim.backed.BackedAnnotatedType@727237c7
      value = null
    methods = class org.jboss.weld.annotated.slim.backed.BackedAnnotatedType$BackedAnnotatedMethods@1b0647fd
      this$0 = class org.jboss.weld.annotated.slim.backed.BackedAnnotatedType@727237c7
      this$0 = class org.jboss.weld.annotated.slim.backed.BackedAnnotatedType@727237c7
      value = null
    fields = class org.jboss.weld.annotated.slim.backed.BackedAnnotatedType$BackedAnnotatedFields@5e7c8cf4
      this$0 = class org.jboss.weld.annotated.slim.backed.BackedAnnotatedType@727237c7
      this$0 = class org.jboss.weld.annotated.slim.backed.BackedAnnotatedType@727237c7
      value = null
    sharedObjectCache = class org.jboss.weld.resources.SharedObjectCache@3d5344f3
      sharedSets = class org.jboss.weld.util.cache.ReentrantMapBackedComputingCache@409a7a16
      sharedMaps = class org.jboss.weld.util.cache.ReentrantMapBackedComputingCache@9e3a0cd
      typeClosureHolders = class org.jboss.weld.util.cache.ReentrantMapBackedComputingCache@26772960
    reflectionCache = class org.jboss.weld.resources.HotspotReflectionCache@1c5aec05
      annotationTypeLock = class java.lang.Class@5c5a1b69
      store = class org.jboss.weld.metadata.TypeStore@457c3547
      ANNOTATIONS_FUNCTION = class org.jboss.weld.resources.DefaultReflectionCache$$Lambda$196/0x00007fe9a44e6160@1ad6fe00
      DECLARED_ANNOTATIONS_FUNCTION = class org.jboss.weld.resources.DefaultReflectionCache$$Lambda$197/0x00007fe9a44e63a8@b3e367e
      annotations = class org.jboss.weld.util.cache.ReentrantMapBackedComputingCache@52484dfa
      declaredAnnotations = class org.jboss.weld.util.cache.ReentrantMapBackedComputingCache@763a8cf9
      backedAnnotatedTypeAnnotations = class org.jboss.weld.util.cache.ReentrantMapBackedComputingCache@5b315ac0
      annotationClasses = class org.jboss.weld.util.cache.ReentrantMapBackedComputingCache@21461a1e
    identifier = class org.jboss.weld.annotated.slim.AnnotatedTypeIdentifier@35ca79dc
      NULL_BDA_ID = "org.jboss.weld.annotated.slim.AnnotatedTypeIdentifier.null"
      SYNTHETIC_ANNOTATION_SUFFIX = "syntheticAnnotation"
      serialVersionUID = -264184070652700144
      contextId = "mp-ecomm-store"
      bdaId = "mp-ecomm-store#mp-ecomm-store.war"
      className = "io.microprofile.tutorial.store.product.repository.ProductRepository"
      suffix = null
      modified = false
      hashCode = -1208226974
    typeClosure = class org.jboss.weld.annotated.enhanced.TypeClosureLazyValueHolder@f6b58bd
      type = class java.lang.Class@1ffa8c0e
      value = class org.jboss.weld.util.collections.ImmutableTinySet$Doubleton@59e0ae15
    baseType = class java.lang.Class@1ffa8c0e
  target = class io.microprofile.tutorial.store.product.repository.ProductRepository@1fcb6109

