------Start of DE processing------ = [3/3/24, 6:26:36:031 UTC]
Exception = com.ibm.ws.container.service.state.StateChangeException
Source = com.ibm.ws.app.manager.module.internal.SimpleDeployedAppInfoBase
probeid = 551
Stack Dump = com.ibm.ws.container.service.state.StateChangeException: org.jboss.weld.exceptions.DeploymentException: WELD-001408: Unsatisfied dependencies for type ProductRepository with qualifiers @Default
  at injection point [BackedAnnotatedField] @Inject private io.microprofile.tutorial.store.product.resource.ProductResource.productRepository
  at io.microprofile.tutorial.store.product.resource.ProductResource.productRepository(ProductResource.java:0)

	at com.ibm.ws.container.service.state.internal.ApplicationStateManager.fireStarting(ApplicationStateManager.java:57)
	at com.ibm.ws.container.service.state.internal.StateChangeServiceImpl.fireApplicationStarting(StateChangeServiceImpl.java:52)
	at com.ibm.ws.app.manager.module.internal.SimpleDeployedAppInfoBase.preDeployApp(SimpleDeployedAppInfoBase.java:550)
	at com.ibm.ws.app.manager.module.internal.SimpleDeployedAppInfoBase.installApp(SimpleDeployedAppInfoBase.java:511)
	at com.ibm.ws.app.manager.module.internal.DeployedAppInfoBase.deployApp(DeployedAppInfoBase.java:351)
	at com.ibm.ws.app.manager.war.internal.WARApplicationHandlerImpl.install(WARApplicationHandlerImpl.java:67)
	at com.ibm.ws.app.manager.internal.statemachine.StartAction.execute(StartAction.java:184)
	at com.ibm.ws.app.manager.internal.statemachine.ApplicationStateMachineImpl.enterState(ApplicationStateMachineImpl.java:1369)
	at com.ibm.ws.app.manager.internal.statemachine.ApplicationStateMachineImpl.performAction(ApplicationStateMachineImpl.java:1233)
	at com.ibm.ws.app.manager.internal.statemachine.ApplicationStateMachineImpl.run(ApplicationStateMachineImpl.java:920)
	at com.ibm.ws.threading.internal.ExecutorServiceImpl$RunnableWrapper.run(ExecutorServiceImpl.java:280)
	at java.base/java.util.concurrent.ThreadPoolExecutor.runWorker(ThreadPoolExecutor.java:1136)
	at java.base/java.util.concurrent.ThreadPoolExecutor$Worker.run(ThreadPoolExecutor.java:635)
	at java.base/java.lang.Thread.run(Thread.java:840)
Caused by: org.jboss.weld.exceptions.DeploymentException: WELD-001408: Unsatisfied dependencies for type ProductRepository with qualifiers @Default
  at injection point [BackedAnnotatedField] @Inject private io.microprofile.tutorial.store.product.resource.ProductResource.productRepository
  at io.microprofile.tutorial.store.product.resource.ProductResource.productRepository(ProductResource.java:0)

	at org.jboss.weld.bootstrap.Validator.validateInjectionPointForDeploymentProblems(Validator.java:367)
	at org.jboss.weld.bootstrap.Validator.validateInjectionPoint(Validator.java:285)
	at org.jboss.weld.bootstrap.Validator.validateGeneralBean(Validator.java:141)
	at org.jboss.weld.bootstrap.Validator.validateRIBean(Validator.java:162)
	at org.jboss.weld.bootstrap.Validator.validateBean(Validator.java:515)
	at org.jboss.weld.bootstrap.ConcurrentValidator$1.doWork(ConcurrentValidator.java:64)
	at org.jboss.weld.bootstrap.ConcurrentValidator$1.doWork(ConcurrentValidator.java:62)
	at org.jboss.weld.executor.IterativeWorkerTaskFactory$1.call(IterativeWorkerTaskFactory.java:62)
	at org.jboss.weld.executor.IterativeWorkerTaskFactory$1.call(IterativeWorkerTaskFactory.java:55)
	at java.base/java.util.concurrent.FutureTask.run(FutureTask.java:264)
	... 3 more

Dump of callerThis
Object type = com.ibm.ws.app.manager.war.internal.WARDeployedAppInfo
  CONTEXT_ROOT = "context-root"
  webContainerModuleInfo = class com.ibm.ws.app.manager.module.internal.SimpleDeployedAppInfoBase$WebModuleContainerInfo@3e5ea56f
    contextRoot = "/mp-ecomm-store"
    defaultContextRoot = "mp-ecomm-store"
    serialVersionUID = 4617657913043497664
    $$$tc$$$ = class com.ibm.websphere.ras.TraceComponent@53587f12
      strings[0] = "TraceComponent[com.ibm.ws.app.manager.module.internal.SimpleDeployedAppInfoBase$WebModuleContainerInfo,class com.ibm.ws.app.manager.module.internal.SimpleDeployedAppInfoBase$WebModuleContainerInfo,[applications, app.manager],null,null]"
    moduleHandler = class com.ibm.ws.app.manager.web.internal.WebModuleHandlerImpl@58a7fed9
      serialVersionUID = 4795602325763828210
      $$$tc$$$ = class com.ibm.websphere.ras.TraceComponent@7c302700
      futureMonitor = class com.ibm.ws.threading.internal.FutureMonitorImpl@780f64a1
      metaDataService = class com.ibm.ws.container.service.metadata.internal.MetaDataServiceImpl@656b4f86
      stateChangeService = class com.ibm.ws.container.service.state.internal.StateChangeServiceImpl@4ea0d511
      moduleRuntimeContainer = class com.ibm.ws.webcontainer.osgi.WebContainer@6fdcd84e
      firstFailure = null
      serialVersionUID = -4563697739413190872
      $$$tc$$$ = class com.ibm.websphere.ras.TraceComponent@7816a3de
    moduleMetaDataExtenders = class java.util.Collections$UnmodifiableRandomAccessList@23c537e8
      serialVersionUID = "/* Could not access serialVersionUID */"
      serialVersionUID = "/* Could not access serialVersionUID */"
      list = "/* Could not access list */"
      serialVersionUID = "/* Could not access serialVersionUID */"
      c = "/* Could not access c */"
    nestedModuleMetaDataFactories = class java.util.Collections$UnmodifiableRandomAccessList@518a00a9
      serialVersionUID = "/* Could not access serialVersionUID */"
      serialVersionUID = "/* Could not access serialVersionUID */"
      list = "/* Could not access list */"
      serialVersionUID = "/* Could not access serialVersionUID */"
      c = "/* Could not access c */"
    nestedModules = null
    moduleName = "mp-ecomm-store"
    moduleDD = null
    moduleInfo = class com.ibm.ws.app.manager.module.internal.WebModuleInfoImpl@69e0d48a
      contextRoot = "/mp-ecomm-store"
      isDefaultContextRootUsed = false
      defaultContextRoot = "mp-ecomm-store"
      serialVersionUID = -6699247856069243844
      $$$tc$$$ = class com.ibm.websphere.ras.TraceComponent@5c48ff7a
      tc = class com.ibm.websphere.ras.TraceComponent@40c6a858
      appInfo = class com.ibm.ws.container.service.app.deploy.internal.ApplicationInfoImpl@6c077f8b
      moduleName = "mp-ecomm-store"
      path = "mp-ecomm-store.war"
      moduleContainer = class com.ibm.ws.adaptable.module.internal.AdaptableContainerImpl@78d1f304
      altDDEntry = null
      moduleClassesContainers = class java.util.ArrayList@76ab12e4
      classLoaderFactory = class com.ibm.ws.app.manager.war.internal.WARDeployedAppInfo@62a461e0
      containerInfoType = class com.ibm.ws.container.service.app.deploy.ContainerInfo$Type@540f45d4
      classLoader = class com.ibm.ws.classloading.internal.AppClassLoader@6760f38d
      moduleMetaData = class com.ibm.ws.webcontainer.osgi.metadata.WebModuleMetaDataImpl@325e23e1
      nestedModuleMetaDataTypes = null
      nestedModuleMetaDataValues = null
      serialVersionUID = 3986734351620206554
    serialVersionUID = 5122721995888983779
    $$$tc$$$ = class com.ibm.websphere.ras.TraceComponent@219d6e00
      strings[0] = "TraceComponent[com.ibm.ws.app.manager.module.internal.SimpleDeployedAppInfoBase$ModuleContainerInfoBase,class com.ibm.ws.app.manager.module.internal.SimpleDeployedAppInfoBase$ModuleContainerInfoBase,[applications, app.manager],null,null]"
    type = class com.ibm.ws.container.service.app.deploy.ContainerInfo$Type@540f45d4
      MANIFEST_CLASSPATH = class com.ibm.ws.container.service.app.deploy.ContainerInfo$Type@b5f61fd
      WEB_INF_CLASSES = class com.ibm.ws.container.service.app.deploy.ContainerInfo$Type@6c37773
      WEB_INF_LIB = class com.ibm.ws.container.service.app.deploy.ContainerInfo$Type@3a6d88a
      EAR_LIB = class com.ibm.ws.container.service.app.deploy.ContainerInfo$Type@1a9794fc
      WEB_MODULE = class com.ibm.ws.container.service.app.deploy.ContainerInfo$Type@540f45d4
      EJB_MODULE = class com.ibm.ws.container.service.app.deploy.ContainerInfo$Type@6ab75eda
      CLIENT_MODULE = class com.ibm.ws.container.service.app.deploy.ContainerInfo$Type@7752d410
      RAR_MODULE = class com.ibm.ws.container.service.app.deploy.ContainerInfo$Type@420530f8
      JAR_MODULE = class com.ibm.ws.container.service.app.deploy.ContainerInfo$Type@64137c30
      SHARED_LIB = class com.ibm.ws.container.service.app.deploy.ContainerInfo$Type@3402bfe6
      $VALUES = class com.ibm.ws.container.service.app.deploy.ContainerInfo$Type[10]
      name = "/* Could not access name */"
      ordinal = "/* Could not access ordinal */"
    name = "mp-ecomm-store.war"
    container = class com.ibm.ws.adaptable.module.internal.AdaptableContainerImpl@78d1f304
    moduleClassLoaderFactory = class com.ibm.ws.app.manager.war.internal.WARDeployedAppInfo@62a461e0
    altDDEntry = null
    classesContainerInfo = class java.util.ArrayList@76ab12e4
      serialVersionUID = "/* Could not access serialVersionUID */"
      DEFAULT_CAPACITY = "/* Could not access DEFAULT_CAPACITY */"
      EMPTY_ELEMENTDATA = "/* Could not access EMPTY_ELEMENTDATA */"
      DEFAULTCAPACITY_EMPTY_ELEMENTDATA = "/* Could not access DEFAULTCAPACITY_EMPTY_ELEMENTDATA */"
      elementData = "/* Could not access elementData */"
      size = "/* Could not access size */"
      modCount = "/* Could not access modCount */"
    serialVersionUID = 4636874131959542427
    $$$tc$$$ = class com.ibm.websphere.ras.TraceComponent@7e4fedb3
      strings[0] = "TraceComponent[com.ibm.ws.app.manager.module.internal.SimpleDeployedAppInfoBase$ExtendedContainerInfo,class com.ibm.ws.app.manager.module.internal.SimpleDeployedAppInfoBase$ExtendedContainerInfo,[applications, app.manager],null,null]"
  DYNAMIC_IMPORT_PACKAGE_LIST = class java.util.Collections$UnmodifiableRandomAccessList@3a55ce29
    serialVersionUID = "/* Could not access serialVersionUID */"
    serialVersionUID = "/* Could not access serialVersionUID */"
    list = "/* Could not access list */"
    serialVersionUID = "/* Could not access serialVersionUID */"
    c = "/* Could not access c */"
  serialVersionUID = 6176035338244935179
  $$$tc$$$ = class com.ibm.websphere.ras.TraceComponent@719e0047
    strings[0] = "TraceComponent[com.ibm.ws.app.manager.war.internal.WARDeployedAppInfo,class com.ibm.ws.app.manager.war.internal.WARDeployedAppInfo,[webcontainer, applications, app.manager],com.ibm.ws.app.manager.war.internal.resources.Messages,null]"
  _tc = class com.ibm.websphere.ras.TraceComponent@3fe5aac7
    strings[0] = "TraceComponent[com.ibm.ws.app.manager.module.internal.DeployedAppInfoBase,class com.ibm.ws.app.manager.module.internal.DeployedAppInfoBase,[app.manager],com.ibm.ws.app.manager.module.internal.resources.Messages,null]"
  PERMISSION_XML = "permissions.xml"
  applicationInformation = class com.ibm.ws.app.manager.internal.ApplicationInstallInfo@4dc5142b
    _config = class com.ibm.ws.app.manager.internal.ApplicationConfig@29c875c6
      tc = class com.ibm.websphere.ras.TraceComponent@604d38e7
      _configPid = "com.ibm.ws.app.manager_0"
      _config = class com.ibm.ws.config.admin.ConfigurationDictionary@68c15374
      _applicationManager = class com.ibm.ws.app.manager.ApplicationManager@68c53509
      _location = "mp-ecomm-store.war"
      _type = "war"
      _name = "mp-ecomm-store"
      _notificationBroadcasterSupport = class javax.management.NotificationBroadcasterSupport@550d9698
      ONE_TIME_JANDEX_MSGS_DISPLAYED = true
      serialVersionUID = -2151423388299667431
    _handlerInfo = class java.util.concurrent.atomic.AtomicReference@4cc94898
      serialVersionUID = "/* Could not access serialVersionUID */"
      VALUE = "/* Could not access VALUE */"
      value = "/* Could not access value */"
    _container = class java.util.concurrent.atomic.AtomicReference@323d3266
      serialVersionUID = "/* Could not access serialVersionUID */"
      VALUE = "/* Could not access VALUE */"
      value = "/* Could not access value */"
    _resolvedLocation = class java.util.concurrent.atomic.AtomicReference@5549fa64
      serialVersionUID = "/* Could not access serialVersionUID */"
      VALUE = "/* Could not access VALUE */"
      value = "/* Could not access value */"
    _handler = class com.ibm.ws.app.manager.war.internal.WARApplicationHandlerImpl@3fc5d34e
      futureMonitor = class com.ibm.ws.threading.internal.FutureMonitorImpl@780f64a1
      deployedAppFactory = class com.ibm.ws.app.manager.war.internal.WARDeployedAppInfoFactoryImpl@61fc3f0a
      serialVersionUID = 4622845147410944782
      $$$tc$$$ = class com.ibm.websphere.ras.TraceComponent@1f2ccc7b
    _ami = class java.util.concurrent.atomic.AtomicReference@39cec1a6
      serialVersionUID = "/* Could not access serialVersionUID */"
      VALUE = "/* Could not access VALUE */"
      value = "/* Could not access value */"
    _updateHandler = class com.ibm.ws.app.manager.internal.statemachine.ApplicationStateMachineImpl@623b6afb
      _tc = class com.ibm.websphere.ras.TraceComponent@56c242dc
      EMPTY_FUTURE_ARRAY = interface java.util.concurrent.Future[0]
      asmSequenceNumber = class java.util.concurrent.atomic.AtomicLong@26f9fa81
      _qscaCounter = class java.util.concurrent.atomic.AtomicInteger@1f2c3017
      _failedThrowable = null
      _interruptibleLock = class com.ibm.ws.app.manager.internal.statemachine.ApplicationStateMachineImpl$2@3e068ec6
      _interruptible = false
      _performingQueuedActions = true
      _queuedActions = class java.util.concurrent.ConcurrentLinkedQueue@799b56eb
      _callbackState = class java.util.concurrent.atomic.AtomicReference@10df96ab
      blockAppStartingFutures = class java.util.Collections$SetFromMap@6e0da02f
      waitingForAppHandlerFuture = class java.util.concurrent.atomic.AtomicReference@64f77396
      waitingForExplicitStartFuture = class java.util.concurrent.atomic.AtomicReference@47f85ded
      startAfterFutures = class java.util.Collections$SetFromMap@2bfef177
      completionListener = class java.util.concurrent.atomic.AtomicReference@287120ff
      _notifyAppStopped = class java.util.concurrent.ConcurrentLinkedQueue@77c59da4
      _notifyAppStarting = class java.util.concurrent.ConcurrentLinkedQueue@7257b184
      _notifyAppInstallCalled = class java.util.concurrent.ConcurrentLinkedQueue@2efe93f0
      _notifyAppStarted = class java.util.concurrent.ConcurrentLinkedQueue@fa93808
      _notifyAppRemoved = class java.util.concurrent.ConcurrentLinkedQueue@54daace4
      _stateLock = class com.ibm.ws.app.manager.internal.statemachine.ApplicationStateMachineImpl$3@1b4eec6a
      _internalState = class java.util.concurrent.atomic.AtomicReference@41f59de0
      _currentAction = class java.util.concurrent.atomic.AtomicReference@7da94ae
      _rfa = class java.util.concurrent.atomic.AtomicReference@6e6b53d
      _appInstallInfo = class java.util.concurrent.atomic.AtomicReference@6aa72437
      _update = class java.util.concurrent.atomic.AtomicBoolean@7d0ae1e
      _appConfig = class java.util.concurrent.atomic.AtomicReference@54fc35ae
      _nextAppConfig = class java.util.concurrent.atomic.AtomicReference@67802d51
      _appContainer = class java.util.concurrent.atomic.AtomicReference@34553b0a
      _resolvedLocation = class java.util.concurrent.atomic.AtomicReference@3677c3c0
      _handler = class java.util.concurrent.atomic.AtomicReference@393c1e5
      _asmSeqNo = 0
      _ctx = class org.eclipse.osgi.internal.framework.BundleContextImpl@a3e2cd
      _locAdmin = class com.ibm.ws.kernel.service.location.internal.WsLocationAdminImpl@651f8e63
      _futureMonitor = class com.ibm.ws.threading.internal.FutureMonitorImpl@780f64a1
      _artifactFactory = class com.ibm.ws.artifact.internal.ArtifactContainerFactoryService@706ed1a3
      _moduleFactory = class com.ibm.ws.adaptable.module.internal.AdaptableModuleFactoryImpl@4a46998e
      _executorService = class com.ibm.ws.threading.internal.ExecutorServiceImpl@5374c411
      _scheduledExecutorService = class com.ibm.ws.threading.internal.ScheduledExecutorImpl@30799bca
      _asmHelper = class com.ibm.ws.app.manager.internal.ApplicationConfigurator$NamedApplication@626d1f5b
      _appMonitor = class com.ibm.ws.app.manager.internal.monitor.ApplicationMonitor@6d6fbaa2
      _configurator = class com.ibm.ws.app.manager.internal.ApplicationConfigurator@6cfa2237
      enterStateCalled = class java.util.concurrent.atomic.AtomicBoolean@749a4dfa
      serialVersionUID = 4458043999335554711
      serialVersionUID = -8760483717533387753
      $$$tc$$$ = class com.ibm.websphere.ras.TraceComponent@225e29a8
    serialVersionUID = 2630639237123415755
    $$$tc$$$ = class com.ibm.websphere.ras.TraceComponent@71eb303
      strings[0] = "TraceComponent[com.ibm.ws.app.manager.internal.ApplicationInstallInfo,class com.ibm.ws.app.manager.internal.ApplicationInstallInfo,[applications, app.manager],com.ibm.ws.app.manager.internal.resources.AppManagerMessages,null]"
  location = "/workspaces/codespaces-blank/mp-ecomm-store/target/liberty/wlp/usr/servers/mpServer/apps/mp-ecomm-store.war.xml"
  classLoadingService = class com.ibm.ws.classloading.internal.ClassLoadingServiceImpl@1a482488
    tc = class com.ibm.websphere.ras.TraceComponent@2007d3a0
      strings[0] = "TraceComponent[com.ibm.ws.classloading.internal.ClassLoadingServiceImpl,class com.ibm.ws.classloading.internal.ClassLoadingServiceImpl,[ClassLoadingService],com.ibm.ws.classloading.internal.resources.ClassLoadingServiceMessages,null]"
    leakDetectionMap = class java.util.concurrent.ConcurrentHashMap@4a906cbb
      serialVersionUID = "/* Could not access serialVersionUID */"
      MAXIMUM_CAPACITY = "/* Could not access MAXIMUM_CAPACITY */"
      DEFAULT_CAPACITY = "/* Could not access DEFAULT_CAPACITY */"
      MAX_ARRAY_SIZE = "/* Could not access MAX_ARRAY_SIZE */"
      DEFAULT_CONCURRENCY_LEVEL = "/* Could not access DEFAULT_CONCURRENCY_LEVEL */"
      LOAD_FACTOR = "/* Could not access LOAD_FACTOR */"
      TREEIFY_THRESHOLD = "/* Could not access TREEIFY_THRESHOLD */"
      UNTREEIFY_THRESHOLD = "/* Could not access UNTREEIFY_THRESHOLD */"
      MIN_TREEIFY_CAPACITY = "/* Could not access MIN_TREEIFY_CAPACITY */"
      MIN_TRANSFER_STRIDE = "/* Could not access MIN_TRANSFER_STRIDE */"
      RESIZE_STAMP_BITS = "/* Could not access RESIZE_STAMP_BITS */"
      MAX_RESIZERS = "/* Could not access MAX_RESIZERS */"
      RESIZE_STAMP_SHIFT = "/* Could not access RESIZE_STAMP_SHIFT */"
      MOVED = "/* Could not access MOVED */"
      TREEBIN = "/* Could not access TREEBIN */"
      RESERVED = "/* Could not access RESERVED */"
      HASH_BITS = "/* Could not access HASH_BITS */"
      NCPU = "/* Could not access NCPU */"
      serialPersistentFields = "/* Could not access serialPersistentFields */"
      table = "/* Could not access table */"
      nextTable = "/* Could not access nextTable */"
      baseCount = "/* Could not access baseCount */"
      sizeCtl = "/* Could not access sizeCtl */"
      transferIndex = "/* Could not access transferIndex */"
      cellsBusy = "/* Could not access cellsBusy */"
      counterCells = "/* Could not access counterCells */"
      keySet = "/* Could not access keySet */"
      values = "/* Could not access values */"
      entrySet = "/* Could not access entrySet */"
      U = "/* Could not access U */"
      SIZECTL = "/* Could not access SIZECTL */"
      TRANSFERINDEX = "/* Could not access TRANSFERINDEX */"
      BASECOUNT = "/* Could not access BASECOUNT */"
      CELLSBUSY = "/* Could not access CELLSBUSY */"
      CELLVALUE = "/* Could not access CELLVALUE */"
      ABASE = "/* Could not access ABASE */"
      ASHIFT = "/* Could not access ASHIFT */"
      keySet = "/* Could not access keySet */"
      values = "/* Could not access values */"
    appClassLoaders = class java.util.Collections$SetFromMap@4cb3c940
      m = "/* Could not access m */"
      s = "/* Could not access s */"
      serialVersionUID = "/* Could not access serialVersionUID */"
    TCCL_LOCK_WAIT = 15000
    REFERENCE_GENERATORS = "generators"
    tcclLockStore = class com.ibm.ws.kernel.boot.utils.KeyBasedLockStore@338381b3
      refQueue = class java.lang.ref.ReferenceQueue@31f4bf96
      lockMap = class java.util.concurrent.ConcurrentHashMap@76883e65
      lockCreator = class com.ibm.ws.classloading.internal.ClassLoadingServiceImpl$1@578e5dad
    bundleContext = class org.eclipse.osgi.internal.framework.BundleContextImpl@646b5719
      valid = true
      bundle = class org.eclipse.osgi.internal.framework.EquinoxBundle@4922ff8a
      container = class org.eclipse.osgi.internal.framework.EquinoxContainer@512d54b7
      debug = class org.eclipse.osgi.internal.debug.Debug@375dd13c
      servicesInUse = class java.util.HashMap@1d8edfc2
      activator = null
      contextLock = class java.lang.Object@75d7dfb5
    aclStore = class com.ibm.ws.classloading.internal.util.CanonicalStore@309d5bbf
      map = class java.util.concurrent.ConcurrentHashMap@4f50be10
      q = class com.ibm.ws.classloading.internal.util.RefQueue@1f9e9701
      serialVersionUID = 6715157558227169968
      $$$tc$$$ = class com.ibm.websphere.ras.TraceComponent@4dec8ec2
    tcclStore = class com.ibm.ws.classloading.internal.util.CanonicalStore@79a11ca3
      map = class java.util.concurrent.ConcurrentHashMap@7d55d9d4
      q = class com.ibm.ws.classloading.internal.util.RefQueue@53da024f
      serialVersionUID = 6715157558227169968
      $$$tc$$$ = class com.ibm.websphere.ras.TraceComponent@4dec8ec2
    digraph = class org.eclipse.equinox.internal.region.StandardRegionDigraph@2b0a331e
      EMPTY_EDGE_SET = class java.util.Collections$UnmodifiableSet@7d4806e2
      monitor = class java.lang.Object@59babe94
      regions = class java.util.HashMap@a72470e
      bundleIdToRegionMapping = class org.eclipse.equinox.internal.region.StandardBundleIdToRegionMapping@939e475
      edges = class java.util.HashMap@34fb8ca6
      bundleContext = class org.eclipse.osgi.internal.framework.BundleContextImpl@36a5cabc
      threadLocal = class java.lang.ThreadLocal@38b9cab3
      subgraphTraverser = class org.eclipse.equinox.internal.region.SubgraphTraverser@20eba09d
      bundleCollisionHook = class org.eclipse.equinox.internal.region.hook.RegionBundleCollisionHook@6637e2b9
      bundleEventHook = class org.eclipse.equinox.internal.region.hook.RegionBundleEventHook@ec1cc65
      bundleFindHook = class org.eclipse.equinox.internal.region.hook.RegionBundleFindHook@785b735c
      serviceEventHook = class org.eclipse.equinox.internal.region.hook.RegionServiceEventHook@549db82
      serviceFindHook = class org.eclipse.equinox.internal.region.hook.RegionServiceFindHook@5cb2c3b8
      resolverHookFactory = class org.eclipse.equinox.internal.region.hook.RegionResolverHookFactory@5c108eaf
      origin = null
      originUpdateCount = -1
      updateCount = class java.util.concurrent.atomic.AtomicLong@7f72d7e2
      defaultRegion = null
    redefiner = class com.ibm.ws.classloading.internal.util.ClassRedefiner@3b95506a
      tc = class com.ibm.websphere.ras.TraceComponent@27b54f78
      LS = "
"
      inst = class jdk.proxy2.$Proxy3@42bb602d
      serialVersionUID = 2420101865139508526
    listener = class com.ibm.ws.classloading.internal.ClassLoadingServiceImpl$2@4abb1d5
      this$0 = class com.ibm.ws.classloading.internal.ClassLoadingServiceImpl@1a482488
      serialVersionUID = -5816835778307299777
      $$$tc$$$ = class com.ibm.websphere.ras.TraceComponent@28c6aef6
    classloaders = class java.util.Collections$SynchronizedMap@5e31425c
      serialVersionUID = "/* Could not access serialVersionUID */"
      m = "/* Could not access m */"
      mutex = "/* Could not access mutex */"
      keySet = "/* Could not access keySet */"
      entrySet = "/* Could not access entrySet */"
      values = "/* Could not access values */"
    resourceProviders = class com.ibm.ws.classloading.internal.CompositeResourceProvider@1e478dcf
      lockFactory = class java.util.concurrent.locks.ReentrantReadWriteLock@41b3a8b5
      providerMap = class com.ibm.ws.classloading.internal.util.MultiMap@3f549ec6
      serialVersionUID = -5576435894946156347
      $$$tc$$$ = class com.ibm.websphere.ras.TraceComponent@7044ba4d
    rememberedBundles = class java.util.concurrent.ConcurrentHashMap@2f84093d
      serialVersionUID = "/* Could not access serialVersionUID */"
      MAXIMUM_CAPACITY = "/* Could not access MAXIMUM_CAPACITY */"
      DEFAULT_CAPACITY = "/* Could not access DEFAULT_CAPACITY */"
      MAX_ARRAY_SIZE = "/* Could not access MAX_ARRAY_SIZE */"
      DEFAULT_CONCURRENCY_LEVEL = "/* Could not access DEFAULT_CONCURRENCY_LEVEL */"
      LOAD_FACTOR = "/* Could not access LOAD_FACTOR */"
      TREEIFY_THRESHOLD = "/* Could not access TREEIFY_THRESHOLD */"
      UNTREEIFY_THRESHOLD = "/* Could not access UNTREEIFY_THRESHOLD */"
      MIN_TREEIFY_CAPACITY = "/* Could not access MIN_TREEIFY_CAPACITY */"
      MIN_TRANSFER_STRIDE = "/* Could not access MIN_TRANSFER_STRIDE */"
      RESIZE_STAMP_BITS = "/* Could not access RESIZE_STAMP_BITS */"
      MAX_RESIZERS = "/* Could not access MAX_RESIZERS */"
      RESIZE_STAMP_SHIFT = "/* Could not access RESIZE_STAMP_SHIFT */"
      MOVED = "/* Could not access MOVED */"
      TREEBIN = "/* Could not access TREEBIN */"
      RESERVED = "/* Could not access RESERVED */"
      HASH_BITS = "/* Could not access HASH_BITS */"
      NCPU = "/* Could not access NCPU */"
      serialPersistentFields = "/* Could not access serialPersistentFields */"
      table = "/* Could not access table */"
      nextTable = "/* Could not access nextTable */"
      baseCount = "/* Could not access baseCount */"
      sizeCtl = "/* Could not access sizeCtl */"
      transferIndex = "/* Could not access transferIndex */"
      cellsBusy = "/* Could not access cellsBusy */"
      counterCells = "/* Could not access counterCells */"
      keySet = "/* Could not access keySet */"
      values = "/* Could not access values */"
      entrySet = "/* Could not access entrySet */"
      U = "/* Could not access U */"
      SIZECTL = "/* Could not access SIZECTL */"
      TRANSFERINDEX = "/* Could not access TRANSFERINDEX */"
      BASECOUNT = "/* Could not access BASECOUNT */"
      CELLSBUSY = "/* Could not access CELLSBUSY */"
      CELLVALUE = "/* Could not access CELLVALUE */"
      ABASE = "/* Could not access ABASE */"
      ASHIFT = "/* Could not access ASHIFT */"
      keySet = "/* Could not access keySet */"
      values = "/* Could not access values */"
    collectedBundles = class java.lang.ref.ReferenceQueue@55ec4d10
      NULL = "/* Could not access NULL */"
      ENQUEUED = "/* Could not access ENQUEUED */"
      lock = "/* Could not access lock */"
      head = "/* Could not access head */"
      queueLength = "/* Could not access queueLength */"
      $assertionsDisabled = "/* Could not access $assertionsDisabled */"
    generatorRefs = class com.ibm.wsspi.kernel.service.utils.ConcurrentServiceReferenceSet@5cb010ae
      referenceName = "generators"
      contextRef = class java.util.concurrent.atomic.AtomicReference@342c9645
      elementMap = class java.util.LinkedHashMap@7e493c7b
      elementSet = class java.util.concurrent.ConcurrentSkipListSet@26f4b0eb
      elementSetUnsorted = false
      serialVersionUID = 756240983881166148
      $$$tc$$$ = class com.ibm.websphere.ras.TraceComponent@2d3c3c89
    generatorManager = class com.ibm.ws.classloading.internal.ClassGeneratorManager@75f98c40
      tc = class com.ibm.websphere.ras.TraceComponent@448e6fc6
      generatorRefs = class com.ibm.wsspi.kernel.service.utils.ConcurrentServiceReferenceSet@5cb010ae
      serialVersionUID = 4152663586056483310
    appExtLibs = class java.util.concurrent.CopyOnWriteArrayList@c107b61
      serialVersionUID = "/* Could not access serialVersionUID */"
      lock = "/* Could not access lock */"
      array = "/* Could not access array */"
    globalConfig = class com.ibm.ws.classloading.configuration.GlobalClassloadingConfiguration@58e7eb1d
      properties = class org.apache.felix.scr.impl.helper.ReadOnlyDictionary@2aceb4d1
      serialVersionUID = 452562347104713756
      $$$tc$$$ = class com.ibm.websphere.ras.TraceComponent@348c553c
    systemTransformers = class java.util.concurrent.CopyOnWriteArrayList@71091e8a
      serialVersionUID = "/* Could not access serialVersionUID */"
      lock = "/* Could not access lock */"
      array = "/* Could not access array */"
    metaInfServicesProviders = class java.util.concurrent.ConcurrentHashMap@57a5ccdd
      serialVersionUID = "/* Could not access serialVersionUID */"
      MAXIMUM_CAPACITY = "/* Could not access MAXIMUM_CAPACITY */"
      DEFAULT_CAPACITY = "/* Could not access DEFAULT_CAPACITY */"
      MAX_ARRAY_SIZE = "/* Could not access MAX_ARRAY_SIZE */"
      DEFAULT_CONCURRENCY_LEVEL = "/* Could not access DEFAULT_CONCURRENCY_LEVEL */"
      LOAD_FACTOR = "/* Could not access LOAD_FACTOR */"
      TREEIFY_THRESHOLD = "/* Could not access TREEIFY_THRESHOLD */"
      UNTREEIFY_THRESHOLD = "/* Could not access UNTREEIFY_THRESHOLD */"
      MIN_TREEIFY_CAPACITY = "/* Could not access MIN_TREEIFY_CAPACITY */"
      MIN_TRANSFER_STRIDE = "/* Could not access MIN_TRANSFER_STRIDE */"
      RESIZE_STAMP_BITS = "/* Could not access RESIZE_STAMP_BITS */"
      MAX_RESIZERS = "/* Could not access MAX_RESIZERS */"
      RESIZE_STAMP_SHIFT = "/* Could not access RESIZE_STAMP_SHIFT */"
      MOVED = "/* Could not access MOVED */"
      TREEBIN = "/* Could not access TREEBIN */"
      RESERVED = "/* Could not access RESERVED */"
      HASH_BITS = "/* Could not access HASH_BITS */"
      NCPU = "/* Could not access NCPU */"
      serialPersistentFields = "/* Could not access serialPersistentFields */"
      table = "/* Could not access table */"
      nextTable = "/* Could not access nextTable */"
      baseCount = "/* Could not access baseCount */"
      sizeCtl = "/* Could not access sizeCtl */"
      transferIndex = "/* Could not access transferIndex */"
      cellsBusy = "/* Could not access cellsBusy */"
      counterCells = "/* Could not access counterCells */"
      keySet = "/* Could not access keySet */"
      values = "/* Could not access values */"
      entrySet = "/* Could not access entrySet */"
      U = "/* Could not access U */"
      SIZECTL = "/* Could not access SIZECTL */"
      TRANSFERINDEX = "/* Could not access TRANSFERINDEX */"
      BASECOUNT = "/* Could not access BASECOUNT */"
      CELLSBUSY = "/* Could not access CELLSBUSY */"
      CELLVALUE = "/* Could not access CELLVALUE */"
      ABASE = "/* Could not access ABASE */"
      ASHIFT = "/* Could not access ASHIFT */"
      keySet = "/* Could not access keySet */"
      values = "/* Could not access values */"
    metaInfServicesRefs = class com.ibm.wsspi.kernel.service.utils.ConcurrentServiceReferenceMap@60169ff4
      referenceName = "MetaInfServicesProvider"
      context = class org.apache.felix.scr.impl.manager.ComponentContextImpl@3ef87788
      elementMap = class java.util.concurrent.ConcurrentHashMap@41f56e9b
      serialVersionUID = 6980924785166233786
      $$$tc$$$ = class com.ibm.websphere.ras.TraceComponent@3d15ed54
    protectionDomainMap = class java.util.HashMap@6fd23be4
      serialVersionUID = "/* Could not access serialVersionUID */"
      DEFAULT_INITIAL_CAPACITY = "/* Could not access DEFAULT_INITIAL_CAPACITY */"
      MAXIMUM_CAPACITY = "/* Could not access MAXIMUM_CAPACITY */"
      DEFAULT_LOAD_FACTOR = "/* Could not access DEFAULT_LOAD_FACTOR */"
      TREEIFY_THRESHOLD = "/* Could not access TREEIFY_THRESHOLD */"
      UNTREEIFY_THRESHOLD = "/* Could not access UNTREEIFY_THRESHOLD */"
      MIN_TREEIFY_CAPACITY = "/* Could not access MIN_TREEIFY_CAPACITY */"
      table = "/* Could not access table */"
      entrySet = "/* Could not access entrySet */"
      size = "/* Could not access size */"
      modCount = "/* Could not access modCount */"
      threshold = "/* Could not access threshold */"
      loadFactor = "/* Could not access loadFactor */"
      keySet = "/* Could not access keySet */"
      values = "/* Could not access values */"
    metadataIdentifierService = class com.ibm.ws.container.service.metadata.internal.MetaDataServiceImpl@656b4f86
    globalSharedLibrary = class java.util.concurrent.atomic.AtomicReference@80a9a00
      serialVersionUID = "/* Could not access serialVersionUID */"
      VALUE = "/* Could not access VALUE */"
      value = "/* Could not access value */"
    serialVersionUID = 4413923811772628187
  globalSharedLibrary = class com.ibm.ws.library.internal.SharedLibraryImpl@33550438
    tc = class com.ibm.websphere.ras.TraceComponent@67663034
      strings[0] = "TraceComponent[com.ibm.ws.library.internal.SharedLibraryImpl,class com.ibm.ws.library.internal.SharedLibraryImpl,[SharedLibrary],com.ibm.ws.classloading.internal.resources.ClassLoadingServiceMessages,null]"
    deleted = false
    libraryListenersTracker = class org.osgi.util.tracker.ServiceTracker@538f16fd
      DEBUG = false
      context = class org.eclipse.osgi.internal.framework.BundleContextImpl@646b5719
      filter = class org.eclipse.osgi.internal.framework.FilterImpl$And@c245cbc
      customizer = class org.osgi.util.tracker.ServiceTracker@538f16fd
      listenerFilter = "(&(objectClass=com.ibm.wsspi.library.LibraryChangeListener)(|(library=global)(libraryRef=*com.ibm.ws.classloading.sharedlibrary_0*)))"
      trackClass = null
      trackReference = null
      tracked = class org.osgi.util.tracker.ServiceTracker$Tracked@4fa627f2
      cachedReference = null
      cachedService = null
    libraryReg = class org.eclipse.osgi.internal.serviceregistry.ServiceRegistrationImpl@15a0d7f0
      registry = class org.eclipse.osgi.internal.serviceregistry.ServiceRegistry@c53327f
      context = class org.eclipse.osgi.internal.framework.BundleContextImpl@646b5719
      bundle = class org.eclipse.osgi.internal.framework.EquinoxBundle@4922ff8a
      clazzes = class java.lang.String[1]
      service = class com.ibm.ws.library.internal.SharedLibraryImpl@33550438
      reference = class org.eclipse.osgi.internal.serviceregistry.ServiceReferenceImpl@3af80243
      contextsUsing = class java.util.ArrayList@45c23487
      properties = class java.util.Collections$UnmodifiableMap@2d762f73
      serviceid = 230
      serviceranking = 0
      registrationLock = class java.lang.Object@528017e4
      state = 0
      REGISTERED = 0
      UNREGISTERING = 1
      UNREGISTERED = 2
      FRAMEWORK_SET_SERVICE_PROPERTIES_COUNT = 4
      $assertionsDisabled = true
    ctx = class org.eclipse.osgi.internal.framework.BundleContextImpl@646b5719
    classLoadingService = class com.ibm.ws.classloading.internal.ClassLoadingServiceImpl@1a482488
    configAdmin = class com.ibm.ws.config.admin.internal.ConfigurationAdminImpl@4e7fcf37
      tc = class com.ibm.websphere.ras.TraceComponent@42550d7
      bundle = class org.eclipse.osgi.internal.framework.EquinoxBundle@4922ff8a
      caFactory = class com.ibm.ws.config.admin.internal.ConfigAdminServiceFactory@258db415
      serialVersionUID = -2875522750804142523
    resolvedBasePath = "/workspaces/codespaces-blank/mp-ecomm-store/target/liberty/wlp/usr/servers/mpServer/"
    generationLock = class com.ibm.ws.library.internal.SharedLibraryImpl$1@3276b2ce
      this$0 = class com.ibm.ws.library.internal.SharedLibraryImpl@33550438
      serialVersionUID = 2483639803450672373
      $$$tc$$$ = class com.ibm.websphere.ras.TraceComponent@40c68df5
    currentGeneration = class com.ibm.ws.library.internal.LibraryGeneration@750abb91
      tc = class com.ibm.websphere.ras.TraceComponent@bcf48d2
      nextInt = class java.util.concurrent.atomic.AtomicInteger@489dadc9
      libraryId = "global"
      genId = 0
      libraryProps = class java.util.Hashtable@87b59e6
      filesetRefs = class java.util.Collections$UnmodifiableRandomAccessList@3f5ec062
      apiTypeVisibility = class java.util.RegularEnumSet@27c202de
      files = class java.util.Collections$EmptyList@44376152
      folders = class java.util.ArrayList@294000a
      fileAndFolderContainers = class java.util.Collections$EmptyList@44376152
      filesets = class java.util.concurrent.ArrayBlockingQueue@5072ddd7
      filesetListenerRegs = class java.util.concurrent.ConcurrentLinkedQueue@19e65a6b
      cancelled = false
      library = class com.ibm.ws.library.internal.SharedLibraryImpl@33550438
      serialVersionUID = 6965220007121905717
    nextGeneration = class com.ibm.ws.library.internal.LibraryGeneration@750abb91
    artifactContainerFactory = class com.ibm.ws.library.internal.SharedLibraryFactory$1@5e996333
      this$0 = class com.ibm.ws.library.internal.SharedLibraryFactory@2a0de62f
      serialVersionUID = 7730244564205089330
      $$$tc$$$ = class com.ibm.websphere.ras.TraceComponent@df199ac
    packageExporter = class com.ibm.ws.library.internal.LibraryPackageExporter@6e2f19a0
      EXPORTER_POSTFIX = "_library_exporter"
      REGION_EXPORT_TO_LIBERTY = "liberty.library.export.to.liberty"
      REGION_EXPORT_TO_OSGI_APPS = "liberty.library.export.to.osgi.app"
      REGION_KERNEL = "org.eclipse.equinox.region.kernel"
      counter = class java.util.concurrent.atomic.AtomicLong@77a9f5ee
      context = class org.eclipse.osgi.internal.framework.BundleContextImpl@646b5719
      digraph = class org.eclipse.equinox.internal.region.StandardRegionDigraph@2b0a331e
      bundleToLibrary = class java.util.concurrent.ConcurrentHashMap@7e3e5dfd
      libraryToVisibility = class java.util.concurrent.ConcurrentHashMap@2294a48f
      serialVersionUID = 8074378969667956573
      $$$tc$$$ = class com.ibm.websphere.ras.TraceComponent@c7da749
    serialVersionUID = 5714743499247904517
  sharedLibDeploymentInfo = class com.ibm.ws.app.manager.module.internal.DeployedAppInfoBase$SharedLibDeploymentInfo@71674224
    locAdmin = class com.ibm.ws.kernel.service.location.internal.WsLocationAdminImpl@651f8e63
      tc = class com.ibm.websphere.ras.TraceComponent@ea2985c
      LOC_INTERNAL_LIB_DIR = "wlp.lib.dir"
      LOC_INTERNAL_WORKAREA_DIR = "wlp.workarea.dir"
      LOC_AREA_NAME_APPS = "shared/apps/"
      LOC_AREA_NAME_CONFIG = "shared/config/"
      LOC_AREA_NAME_RESC = "shared/resources/"
      LOC_AREA_NAME_STATE = "logs/state/"
      LOC_AREA_NAME_SERVERS = "servers/"
      LOC_AREA_NAME_CLIENTS = "clients/"
      LOC_AREA_NAME_WORKING = "workarea/"
      LOC_AREA_NAME_LOGS = "logs/"
      LOC_AREA_NAME_EXTENSION = "extension/"
      instance = class com.ibm.ws.kernel.service.location.internal.WsLocationAdminImpl@651f8e63
      installRoot = class com.ibm.ws.kernel.service.location.internal.SymbolicRootResource@2d0bc38
      installParentRoot = class com.ibm.ws.kernel.service.location.internal.SymbolicRootResource@2b156587
      userRoot = class com.ibm.ws.kernel.service.location.internal.SymbolicRootResource@61c9d76f
      usrExtensionRoot = class com.ibm.ws.kernel.service.location.internal.SymbolicRootResource@32471922
      serverConfigDir = class com.ibm.ws.kernel.service.location.internal.SymbolicRootResource@3571422e
      serverOutputDir = class com.ibm.ws.kernel.service.location.internal.SymbolicRootResource@3571422e
      bootstrapLib = class com.ibm.ws.kernel.service.location.internal.LocalFileResource@35c8305a
      serverWorkarea = class com.ibm.ws.kernel.service.location.internal.LocalFileResource@1a15eb23
      serverState = class com.ibm.ws.kernel.service.location.internal.LocalFileResource@10117f4a
      sharedAppsRoot = class com.ibm.ws.kernel.service.location.internal.SymbolicRootResource@2f4e2f54
      sharedConfigRoot = class com.ibm.ws.kernel.service.location.internal.SymbolicRootResource@5b708007
      sharedResourceRoot = class com.ibm.ws.kernel.service.location.internal.SymbolicRootResource@6e0934b9
      tmpRoot = class com.ibm.ws.kernel.service.location.internal.SymbolicRootResource@7579fd1d
      serverName = "mpServer"
      resourcePaths = class java.util.ArrayList@2b135869
      resourceGroups = class java.util.HashMap@74bc85b4
      commonRoot = class com.ibm.ws.kernel.service.location.internal.VirtualRootResource@5337db66
      serverCfgDirStr = "/workspaces/codespaces-blank/mp-ecomm-store/target/liberty/wlp/usr/servers/mpServer/"
      variableSourceDirs = "/workspaces/codespaces-blank/mp-ecomm-store/target/liberty/wlp/usr/servers/mpServer/variables/"
      serialVersionUID = 7963438175177362522
    artifactFactory = class com.ibm.ws.artifact.internal.ArtifactContainerFactoryService@706ed1a3
      CATEGORY_PROP_NAME = "category"
      ENTRY_KEY = "com.ibm.wsspi.artifact.ArtifactEntry"
      helperMap = class com.ibm.wsspi.kernel.service.utils.ConcurrentServiceReferenceSetMap@1dff4b2
      contributorMap = class com.ibm.wsspi.kernel.service.utils.ConcurrentServiceReferenceSetMap@e8f2621
      helperCategoryMap = class com.ibm.wsspi.kernel.service.utils.ConcurrentServiceReferenceSetMap@4a533ad3
      contributorCategoryMap = class com.ibm.wsspi.kernel.service.utils.ConcurrentServiceReferenceSetMap@67c4d6ae
      categories = class java.util.Collections$SynchronizedSet@19c0c480
      baseProperties = class org.apache.felix.scr.impl.helper.ReadOnlyDictionary@6e8957b7
      registration = class com.ibm.ws.kernel.service.util.ServiceRegistrationModifier@3d5f6d17
      serialVersionUID = 6566424214406946230
      $$$tc$$$ = class com.ibm.websphere.ras.TraceComponent@407765f9
    moduleFactory = class com.ibm.ws.adaptable.module.internal.AdaptableModuleFactoryImpl@4a46998e
      adapterFactoryService = class com.ibm.ws.adaptable.module.internal.AdapterFactoryServiceImpl@773315a4
      containerFactory = class com.ibm.ws.artifact.internal.ArtifactContainerFactoryService@706ed1a3
      overlayContainerFactory = class com.ibm.ws.artifact.overlay.internal.OverlayContainerFactoryImpl@71563128
      serialVersionUID = 4200251809856292987
      $$$tc$$$ = class com.ibm.websphere.ras.TraceComponent@10b73076
    classesContainerInfo = class java.util.ArrayList@71306cf8
      serialVersionUID = "/* Could not access serialVersionUID */"
      DEFAULT_CAPACITY = "/* Could not access DEFAULT_CAPACITY */"
      EMPTY_ELEMENTDATA = "/* Could not access EMPTY_ELEMENTDATA */"
      DEFAULTCAPACITY_EMPTY_ELEMENTDATA = "/* Could not access DEFAULTCAPACITY_EMPTY_ELEMENTDATA */"
      elementData = "/* Could not access elementData */"
      size = "/* Could not access size */"
      modCount = "/* Could not access modCount */"
    serialVersionUID = 5154735746662585226
    $$$tc$$$ = class com.ibm.websphere.ras.TraceComponent@1f3946e3
      strings[0] = "TraceComponent[com.ibm.ws.app.manager.module.internal.DeployedAppInfoBase$SharedLibDeploymentInfo,class com.ibm.ws.app.manager.module.internal.DeployedAppInfoBase$SharedLibDeploymentInfo,[applications, app.manager],null,null]"
  configAdmin = class com.ibm.ws.config.admin.internal.ConfigurationAdminImpl@308d9689
    tc = class com.ibm.websphere.ras.TraceComponent@42550d7
      strings[0] = "TraceComponent[com.ibm.ws.config.admin.internal.ConfigurationAdminImpl,class com.ibm.ws.config.admin.internal.ConfigurationAdminImpl,[config],com.ibm.ws.config.internal.resources.ConfigMessages,null]"
    bundle = class org.eclipse.osgi.internal.framework.EquinoxBundle@5d2f08f6
      equinoxContainer = class org.eclipse.osgi.internal.framework.EquinoxContainer@512d54b7
      module = class org.eclipse.osgi.internal.framework.EquinoxBundle$EquinoxModule@589baf7e
      monitor = class java.lang.Object@670fd4e6
      context = class org.eclipse.osgi.internal.framework.BundleContextImpl@1d4d4561
      signedContent = null
      $SWITCH_TABLE$org$eclipse$osgi$container$Module$State = {1,2,3,4,5,6,7} /* array length = 7 */
    caFactory = class com.ibm.ws.config.admin.internal.ConfigAdminServiceFactory@258db415
      tc = class com.ibm.websphere.ras.TraceComponent@64ceb9c1
      configurationPermission = class org.osgi.service.cm.ConfigurationPermission@392dacb5
      INDEX_DICTIONARY = 0
      INDEX_LOCATION = 1
      INDEX_METATYPE_PROCESSED = 2
      INDEX_IN_OVERRIDES_FILE = 3
      INDEX_REFERENCES = 4
      INDEX_UNIQUES = 5
      bundleContext = class org.eclipse.osgi.internal.framework.BundleContextImpl@3354ef26
      msTracker = class com.ibm.ws.config.admin.internal.ManagedServiceTracker@19328fb
      msfTracker = class com.ibm.ws.config.admin.internal.ManagedServiceFactoryTracker@dce5c81
      pluginManager = class com.ibm.ws.config.admin.internal.PluginManager@af9316b
      configurationStore = class com.ibm.ws.config.admin.internal.ConfigurationStore@5ee56c85
      updateQueue = class com.ibm.ws.config.admin.internal.UpdateQueue@46295352
      ced = class com.ibm.ws.config.admin.internal.ConfigEventDispatcher@397c3542
      idMap = class java.util.Collections$SynchronizedMap@7a4d396f
      referenceMap = class java.util.Collections$SynchronizedMap@f39e3e7
      variableRegistryTracker = class org.osgi.util.tracker.ServiceTracker@3069291
      variableRegistry = class com.ibm.ws.kernel.service.location.internal.VariableRegistryHelper@5b887196
      configurationAdminRef = class org.eclipse.osgi.internal.serviceregistry.ServiceRegistrationImpl@40e20f0d
      serialVersionUID = 6695202270027014725
    serialVersionUID = -2875522750804142523
  libraryConfigHelper = class com.ibm.ws.classloading.ClassLoaderConfigHelper@24bd2237
    tc = class com.ibm.websphere.ras.TraceComponent@6058b87d
      strings[0] = "TraceComponent[com.ibm.ws.classloading.ClassLoaderConfigHelper,class com.ibm.ws.classloading.ClassLoaderConfigHelper,[ClassLoadingService],com.ibm.ws.classloading.internal.resources.ClassLoadingServiceMessages,null]"
    DEFAULT_API_TYPES = class java.util.RegularEnumSet@7f8edbe
      serialVersionUID = "/* Could not access serialVersionUID */"
      elements = "/* Could not access elements */"
      serialVersionUID = "/* Could not access serialVersionUID */"
      elementType = "/* Could not access elementType */"
      universe = "/* Could not access universe */"
    sharedLibraries = class java.util.Collections$EmptyList@44376152
      serialVersionUID = "/* Could not access serialVersionUID */"
      modCount = "/* Could not access modCount */"
    commonLibraries = class java.util.Collections$EmptyList@44376152
    classProviders = class java.util.Collections$EmptyList@44376152
    sharedLibrariesPids = null
    commonLibrariesPids = null
    isDelegateLast = false
    apiTypes = class java.util.RegularEnumSet@7f8edbe
    classLoaderConfigProps = null
    serialVersionUID = 7643888529935916418
  isDelegateLast = false
  permissionManager = class com.ibm.ws.classloading.java2sec.PermissionManager@3fd2865c
    tc = class com.ibm.websphere.ras.TraceComponent@2026309
      strings[0] = "TraceComponent[com.ibm.ws.classloading.java2sec.PermissionManager,class com.ibm.ws.classloading.java2sec.PermissionManager,[Java2SecurityUtil],com.ibm.ws.classloading.internal.resources.Java2SecurityUtilMessages,null]"
    bundleContext = class org.eclipse.osgi.internal.framework.BundleContextImpl@646b5719
    classLoadingService = class com.ibm.ws.classloading.internal.ClassLoadingServiceImpl@1a482488
    DEFAULT_SERVER_RESTRICTABLE_PERMISSIONS = class java.security.Permission[4]
      Permission[0] = class java.lang.RuntimePermission@2883da6d
      Permission[1] = class java.lang.RuntimePermission@2b73547e
      Permission[2] = class java.security.SecurityPermission@6119cf3e
      Permission[3] = class javax.security.auth.AuthPermission@ad46a83
    DEFAULT_CLIENT_RESTRICTABLE_PERMISSIONS = class java.security.Permission[3]
      Permission[0] = class java.lang.RuntimePermission@2810eded
      Permission[1] = class java.security.SecurityPermission@7ca28264
      Permission[2] = class javax.security.auth.AuthPermission@60332734
    isServer = true
    wsjarUrlStreamHandlerAvailable = true
    LOGGING_PERMISSION = "java.util.logging.LoggingPermission"
    restrictablePermissions = class java.util.ArrayList@6318641a
      serialVersionUID = "/* Could not access serialVersionUID */"
      DEFAULT_CAPACITY = "/* Could not access DEFAULT_CAPACITY */"
      EMPTY_ELEMENTDATA = "/* Could not access EMPTY_ELEMENTDATA */"
      DEFAULTCAPACITY_EMPTY_ELEMENTDATA = "/* Could not access DEFAULTCAPACITY_EMPTY_ELEMENTDATA */"
      elementData = "/* Could not access elementData */"
      size = "/* Could not access size */"
      modCount = "/* Could not access modCount */"
    javaAllCodeBasePermissions = class java.util.ArrayList@390d58f0
      serialVersionUID = "/* Could not access serialVersionUID */"
      DEFAULT_CAPACITY = "/* Could not access DEFAULT_CAPACITY */"
      EMPTY_ELEMENTDATA = "/* Could not access EMPTY_ELEMENTDATA */"
      DEFAULTCAPACITY_EMPTY_ELEMENTDATA = "/* Could not access DEFAULTCAPACITY_EMPTY_ELEMENTDATA */"
      elementData = "/* Could not access elementData */"
      size = "/* Could not access size */"
      modCount = "/* Could not access modCount */"
    expandProps = true
    grantedPermissions = class java.util.ArrayList@24de9742
      serialVersionUID = "/* Could not access serialVersionUID */"
      DEFAULT_CAPACITY = "/* Could not access DEFAULT_CAPACITY */"
      EMPTY_ELEMENTDATA = "/* Could not access EMPTY_ELEMENTDATA */"
      DEFAULTCAPACITY_EMPTY_ELEMENTDATA = "/* Could not access DEFAULTCAPACITY_EMPTY_ELEMENTDATA */"
      elementData = "/* Could not access elementData */"
      size = "/* Could not access size */"
      modCount = "/* Could not access modCount */"
    KEY_PERMISSION = "permission"
    INCORRECT_PERMISSION_CONFIGURATION = "INCORRECT_PERMISSION_CONFIGURATION"
    PERMISSION_CLASSNOTFOUND = "PERMISSION_CLASSNOTFOUND"
    SERVER_XML = "server.xml"
    CLIENT_XML = "client.xml"
    JAVA_POLICY = "java.policy"
    os_name = "Linux"
    os_version = "6.2.0-1019-azure"
    originationFile = "server.xml"
    permissions = class com.ibm.wsspi.kernel.service.utils.ConcurrentServiceReferenceSet@648d3ca2
      referenceName = "permission"
      contextRef = class java.util.concurrent.atomic.AtomicReference@221cb4f1
      elementMap = class java.util.LinkedHashMap@b354243
      elementSet = class java.util.concurrent.ConcurrentSkipListSet@2367909a
      elementSetUnsorted = false
      serialVersionUID = 756240983881166148
      $$$tc$$$ = class com.ibm.websphere.ras.TraceComponent@2d3c3c89
    codeBasePermissionMap = class java.util.HashMap@4415ac9d
      serialVersionUID = "/* Could not access serialVersionUID */"
      DEFAULT_INITIAL_CAPACITY = "/* Could not access DEFAULT_INITIAL_CAPACITY */"
      MAXIMUM_CAPACITY = "/* Could not access MAXIMUM_CAPACITY */"
      DEFAULT_LOAD_FACTOR = "/* Could not access DEFAULT_LOAD_FACTOR */"
      TREEIFY_THRESHOLD = "/* Could not access TREEIFY_THRESHOLD */"
      UNTREEIFY_THRESHOLD = "/* Could not access UNTREEIFY_THRESHOLD */"
      MIN_TREEIFY_CAPACITY = "/* Could not access MIN_TREEIFY_CAPACITY */"
      table = "/* Could not access table */"
      entrySet = "/* Could not access entrySet */"
      size = "/* Could not access size */"
      modCount = "/* Could not access modCount */"
      threshold = "/* Could not access threshold */"
      loadFactor = "/* Could not access loadFactor */"
      keySet = "/* Could not access keySet */"
      values = "/* Could not access values */"
    permissionXMLPermissionMap = class java.util.HashMap@178cb637
      serialVersionUID = "/* Could not access serialVersionUID */"
      DEFAULT_INITIAL_CAPACITY = "/* Could not access DEFAULT_INITIAL_CAPACITY */"
      MAXIMUM_CAPACITY = "/* Could not access MAXIMUM_CAPACITY */"
      DEFAULT_LOAD_FACTOR = "/* Could not access DEFAULT_LOAD_FACTOR */"
      TREEIFY_THRESHOLD = "/* Could not access TREEIFY_THRESHOLD */"
      UNTREEIFY_THRESHOLD = "/* Could not access UNTREEIFY_THRESHOLD */"
      MIN_TREEIFY_CAPACITY = "/* Could not access MIN_TREEIFY_CAPACITY */"
      table = "/* Could not access table */"
      entrySet = "/* Could not access entrySet */"
      size = "/* Could not access size */"
      modCount = "/* Could not access modCount */"
      threshold = "/* Could not access threshold */"
      loadFactor = "/* Could not access loadFactor */"
      keySet = "/* Could not access keySet */"
      values = "/* Could not access values */"
    serialVersionUID = 8583289148510585888
  permissionsConfig = null
  serialVersionUID = 1131686356392279747
  appInfo = class com.ibm.ws.container.service.app.deploy.internal.ApplicationInfoImpl@6c077f8b
    appName = "mp-ecomm-store"
    appMetaData = class com.ibm.ws.container.service.app.deploy.internal.ApplicationMetaDataImpl@51a48d9b
      j2eeName = class com.ibm.ws.container.service.metadata.internal.J2EENameImpl@78bb2602
      serialVersionUID = -7906531148367236579
      $$$tc$$$ = class com.ibm.websphere.ras.TraceComponent@2b24762c
      tc = class com.ibm.websphere.ras.TraceComponent@267980d8
      NUM_STATIC_SLOTS = 4
      ID_UNINITIALIZED = -1
      id = 0
      metaDataInterface = class java.lang.Class@5d95d9b3
      staticSlots = class java.lang.Object[4]
      dynamicSlots = null
    appContainer = class com.ibm.ws.adaptable.module.internal.AdaptableContainerImpl@78d1f304
      root = class com.ibm.ws.adaptable.module.internal.AdaptableContainerImpl@78d1f304
      rootOverlay = class com.ibm.ws.artifact.overlay.internal.DirectoryBasedOverlayContainerImpl@3f341e4b
      factoryHolder = class com.ibm.ws.adaptable.module.internal.AdaptableModuleFactoryImpl@4a46998e
      delegate = class com.ibm.ws.artifact.overlay.internal.DirectoryBasedOverlayContainerImpl@3f341e4b
      notifier = class com.ibm.ws.adaptable.module.internal.NotifierImpl@3ffb0d08
      serialVersionUID = -5950528200509051684
      $$$tc$$$ = class com.ibm.websphere.ras.TraceComponent@78724124
    configHelper = class com.ibm.ws.app.manager.module.ApplicationNestedConfigHelper@2b282eb
      appInfo = class com.ibm.ws.app.manager.internal.ApplicationInstallInfo@4dc5142b
      serialVersionUID = -3174031738676705046
      $$$tc$$$ = class com.ibm.websphere.ras.TraceComponent@d6ce530
    applicationInformation = class com.ibm.ws.app.manager.internal.ApplicationInstallInfo@4dc5142b
    serialVersionUID = 5227817860647895780
    $$$tc$$$ = class com.ibm.websphere.ras.TraceComponent@6f86f925
      strings[0] = "TraceComponent[com.ibm.ws.container.service.app.deploy.internal.ApplicationInfoImpl,class com.ibm.ws.container.service.app.deploy.internal.ApplicationInfoImpl,[container.service],com.ibm.ws.container.service.resources.Messages,null]"
  appInfoRegistration = null
  modulesDeployed = class java.util.ArrayList@746f85e0
    serialVersionUID = "/* Could not access serialVersionUID */"
    DEFAULT_CAPACITY = "/* Could not access DEFAULT_CAPACITY */"
    EMPTY_ELEMENTDATA = "/* Could not access EMPTY_ELEMENTDATA */"
    DEFAULTCAPACITY_EMPTY_ELEMENTDATA = "/* Could not access DEFAULTCAPACITY_EMPTY_ELEMENTDATA */"
    elementData = "/* Could not access elementData */"
    size = "/* Could not access size */"
    modCount = "/* Could not access modCount */"
  starting = true
  started = false
  deployedAppServices = class com.ibm.ws.app.manager.module.internal.DeployedAppServicesImpl@5460912a
    SERVER_APPS_DIR = "${server.output.dir}/apps/"
    EXPANDED_APPS_DIR = "${server.output.dir}/apps/expanded/"
    bundleContext = class org.eclipse.osgi.internal.framework.BundleContextImpl@1d4d4561
      valid = true
      bundle = class org.eclipse.osgi.internal.framework.EquinoxBundle@5d2f08f6
      container = class org.eclipse.osgi.internal.framework.EquinoxContainer@512d54b7
      debug = class org.eclipse.osgi.internal.debug.Debug@375dd13c
      servicesInUse = class java.util.HashMap@3c328906
      activator = null
      contextLock = class java.lang.Object@d53ea5a
    applicationInfoFactory = class com.ibm.ws.container.service.app.deploy.internal.ApplicationInfoFactoryImpl@288a6c3a
    futureMonitor = class com.ibm.ws.threading.internal.FutureMonitorImpl@780f64a1
    classLoadingService = class com.ibm.ws.classloading.internal.ClassLoadingServiceImpl@1a482488
    globalSharedLibrary = class com.ibm.ws.library.internal.SharedLibraryImpl@33550438
    globalSharedLibraryPid = "com.ibm.ws.classloading.sharedlibrary_0"
    configAdmin = class com.ibm.ws.config.admin.internal.ConfigurationAdminImpl@308d9689
    metaDataService = class com.ibm.ws.container.service.metadata.internal.MetaDataServiceImpl@656b4f86
    stateChangeService = class com.ibm.ws.container.service.state.internal.StateChangeServiceImpl@4ea0d511
    allModuleTypes = class java.lang.String[4]
      String[0] = "ejb"
      String[1] = "web"
      String[2] = "client"
      String[3] = "connector"
    moduleMetaDataExtenders = class java.util.concurrent.ConcurrentHashMap@3d3839b7
      serialVersionUID = "/* Could not access serialVersionUID */"
      MAXIMUM_CAPACITY = "/* Could not access MAXIMUM_CAPACITY */"
      DEFAULT_CAPACITY = "/* Could not access DEFAULT_CAPACITY */"
      MAX_ARRAY_SIZE = "/* Could not access MAX_ARRAY_SIZE */"
      DEFAULT_CONCURRENCY_LEVEL = "/* Could not access DEFAULT_CONCURRENCY_LEVEL */"
      LOAD_FACTOR = "/* Could not access LOAD_FACTOR */"
      TREEIFY_THRESHOLD = "/* Could not access TREEIFY_THRESHOLD */"
      UNTREEIFY_THRESHOLD = "/* Could not access UNTREEIFY_THRESHOLD */"
      MIN_TREEIFY_CAPACITY = "/* Could not access MIN_TREEIFY_CAPACITY */"
      MIN_TRANSFER_STRIDE = "/* Could not access MIN_TRANSFER_STRIDE */"
      RESIZE_STAMP_BITS = "/* Could not access RESIZE_STAMP_BITS */"
      MAX_RESIZERS = "/* Could not access MAX_RESIZERS */"
      RESIZE_STAMP_SHIFT = "/* Could not access RESIZE_STAMP_SHIFT */"
      MOVED = "/* Could not access MOVED */"
      TREEBIN = "/* Could not access TREEBIN */"
      RESERVED = "/* Could not access RESERVED */"
      HASH_BITS = "/* Could not access HASH_BITS */"
      NCPU = "/* Could not access NCPU */"
      serialPersistentFields = "/* Could not access serialPersistentFields */"
      table = "/* Could not access table */"
      nextTable = "/* Could not access nextTable */"
      baseCount = "/* Could not access baseCount */"
      sizeCtl = "/* Could not access sizeCtl */"
      transferIndex = "/* Could not access transferIndex */"
      cellsBusy = "/* Could not access cellsBusy */"
      counterCells = "/* Could not access counterCells */"
      keySet = "/* Could not access keySet */"
      values = "/* Could not access values */"
      entrySet = "/* Could not access entrySet */"
      U = "/* Could not access U */"
      SIZECTL = "/* Could not access SIZECTL */"
      TRANSFERINDEX = "/* Could not access TRANSFERINDEX */"
      BASECOUNT = "/* Could not access BASECOUNT */"
      CELLSBUSY = "/* Could not access CELLSBUSY */"
      CELLVALUE = "/* Could not access CELLVALUE */"
      ABASE = "/* Could not access ABASE */"
      ASHIFT = "/* Could not access ASHIFT */"
      keySet = "/* Could not access keySet */"
      values = "/* Could not access values */"
    nestedModuleMetaDataFactories = class java.util.concurrent.ConcurrentHashMap@135a8c35
      serialVersionUID = "/* Could not access serialVersionUID */"
      MAXIMUM_CAPACITY = "/* Could not access MAXIMUM_CAPACITY */"
      DEFAULT_CAPACITY = "/* Could not access DEFAULT_CAPACITY */"
      MAX_ARRAY_SIZE = "/* Could not access MAX_ARRAY_SIZE */"
      DEFAULT_CONCURRENCY_LEVEL = "/* Could not access DEFAULT_CONCURRENCY_LEVEL */"
      LOAD_FACTOR = "/* Could not access LOAD_FACTOR */"
      TREEIFY_THRESHOLD = "/* Could not access TREEIFY_THRESHOLD */"
      UNTREEIFY_THRESHOLD = "/* Could not access UNTREEIFY_THRESHOLD */"
      MIN_TREEIFY_CAPACITY = "/* Could not access MIN_TREEIFY_CAPACITY */"
      MIN_TRANSFER_STRIDE = "/* Could not access MIN_TRANSFER_STRIDE */"
      RESIZE_STAMP_BITS = "/* Could not access RESIZE_STAMP_BITS */"
      MAX_RESIZERS = "/* Could not access MAX_RESIZERS */"
      RESIZE_STAMP_SHIFT = "/* Could not access RESIZE_STAMP_SHIFT */"
      MOVED = "/* Could not access MOVED */"
      TREEBIN = "/* Could not access TREEBIN */"
      RESERVED = "/* Could not access RESERVED */"
      HASH_BITS = "/* Could not access HASH_BITS */"
      NCPU = "/* Could not access NCPU */"
      serialPersistentFields = "/* Could not access serialPersistentFields */"
      table = "/* Could not access table */"
      nextTable = "/* Could not access nextTable */"
      baseCount = "/* Could not access baseCount */"
      sizeCtl = "/* Could not access sizeCtl */"
      transferIndex = "/* Could not access transferIndex */"
      cellsBusy = "/* Could not access cellsBusy */"
      counterCells = "/* Could not access counterCells */"
      keySet = "/* Could not access keySet */"
      values = "/* Could not access values */"
      entrySet = "/* Could not access entrySet */"
      U = "/* Could not access U */"
      SIZECTL = "/* Could not access SIZECTL */"
      TRANSFERINDEX = "/* Could not access TRANSFERINDEX */"
      BASECOUNT = "/* Could not access BASECOUNT */"
      CELLSBUSY = "/* Could not access CELLSBUSY */"
      CELLVALUE = "/* Could not access CELLVALUE */"
      ABASE = "/* Could not access ABASE */"
      ASHIFT = "/* Could not access ASHIFT */"
      keySet = "/* Could not access keySet */"
      values = "/* Could not access values */"
    permissionManager = class com.ibm.ws.classloading.java2sec.PermissionManager@3fd2865c
    locAdmin = class com.ibm.ws.kernel.service.location.internal.WsLocationAdminImpl@651f8e63
    artifactFactory = class com.ibm.ws.artifact.internal.ArtifactContainerFactoryService@706ed1a3
    moduleFactory = class com.ibm.ws.adaptable.module.internal.AdaptableModuleFactoryImpl@4a46998e
    serialVersionUID = 8537801607979767986
    $$$tc$$$ = class com.ibm.websphere.ras.TraceComponent@7c7c9604
      strings[0] = "TraceComponent[com.ibm.ws.app.manager.module.internal.DeployedAppServicesImpl,class com.ibm.ws.app.manager.module.internal.DeployedAppServicesImpl,[applications, app.manager],null,null]"
  futureMonitor = class com.ibm.ws.threading.internal.FutureMonitorImpl@780f64a1
    _monitor = class java.util.concurrent.ConcurrentLinkedQueue@21f81c76
      serialVersionUID = "/* Could not access serialVersionUID */"
      head = "/* Could not access head */"
      tail = "/* Could not access tail */"
      MAX_HOPS = "/* Could not access MAX_HOPS */"
      HEAD = "/* Could not access HEAD */"
      TAIL = "/* Could not access TAIL */"
      ITEM = "/* Could not access ITEM */"
      NEXT = "/* Could not access NEXT */"
    _executor = class com.ibm.ws.threading.internal.DeferrableScheduledExecutorImpl@396371cd
      PERIOD_MILLISECONDS = 15000
      executor = class com.ibm.ws.threading.internal.ScheduledExecutorImpl@30799bca
      serialVersionUID = 4761900424000004220
      $$$tc$$$ = class com.ibm.websphere.ras.TraceComponent@247a3e1d
    _threadRunning = class java.util.concurrent.atomic.AtomicBoolean@28d47233
      serialVersionUID = "/* Could not access serialVersionUID */"
      VALUE = "/* Could not access VALUE */"
      value = "/* Could not access value */"
    _thread = class com.ibm.ws.threading.internal.FutureMonitorImpl$1@6773bbb0
      this$0 = class com.ibm.ws.threading.internal.FutureMonitorImpl@780f64a1
      serialVersionUID = 2422512430832938099
      $$$tc$$$ = class com.ibm.websphere.ras.TraceComponent@74f2a9e7
    serialVersionUID = 2765238413969174390
    $$$tc$$$ = class com.ibm.websphere.ras.TraceComponent@45dbd42a
      strings[0] = "TraceComponent[com.ibm.ws.threading.internal.FutureMonitorImpl,class com.ibm.ws.threading.internal.FutureMonitorImpl,[Threading],com.ibm.ws.threading.internal.resources.ThreadingMessages,null]"
  appInfoFactory = class com.ibm.ws.container.service.app.deploy.internal.ApplicationInfoFactoryImpl@288a6c3a
    j2eeNameFactory = class com.ibm.wsspi.kernel.service.utils.AtomicServiceReference@47b85703
      referenceName = "j2eeNameFactory"
      tuple = class java.util.concurrent.atomic.AtomicReference@11f5dbd0
      serialVersionUID = 2226592364007985000
      $$$tc$$$ = class com.ibm.websphere.ras.TraceComponent@54403548
    names = class java.util.HashSet@4a5d1b7a
      serialVersionUID = "/* Could not access serialVersionUID */"
      map = "/* Could not access map */"
      PRESENT = "/* Could not access PRESENT */"
    serialVersionUID = 6232436640731165768
    $$$tc$$$ = class com.ibm.websphere.ras.TraceComponent@298893e1
      strings[0] = "TraceComponent[com.ibm.ws.container.service.app.deploy.internal.ApplicationInfoFactoryImpl,class com.ibm.ws.container.service.app.deploy.internal.ApplicationInfoFactoryImpl,[container.service],com.ibm.ws.container.service.resources.Messages,null]"
  metaDataService = class com.ibm.ws.container.service.metadata.internal.MetaDataServiceImpl@656b4f86
    applicationMetaDataManager = class com.ibm.ws.container.service.metadata.internal.ApplicationMetaDataManager@1a752e9
      serialVersionUID = 1843747281024490904
      $$$tc$$$ = class com.ibm.websphere.ras.TraceComponent@22cf203b
      listeners = class com.ibm.wsspi.kernel.service.utils.ConcurrentServiceReferenceSet@14be7170
      metaDataIDs = class com.ibm.ws.container.service.metadata.internal.IndexList@1e9f4be8
      metaDatas = class java.util.ArrayList@4458db66
      slotIDs = class com.ibm.ws.container.service.metadata.internal.IndexList@342bc2a4
      serialVersionUID = 5464421863354792977
      $$$tc$$$ = class com.ibm.websphere.ras.TraceComponent@488b68de
    moduleMetaDataManager = class com.ibm.ws.container.service.metadata.internal.ModuleMetaDataManager@69c82669
      serialVersionUID = 2513574389899327209
      $$$tc$$$ = class com.ibm.websphere.ras.TraceComponent@23ae57bb
      listeners = class com.ibm.wsspi.kernel.service.utils.ConcurrentServiceReferenceSet@2e856f7b
      metaDataIDs = class com.ibm.ws.container.service.metadata.internal.IndexList@cb3aef1
      metaDatas = class java.util.ArrayList@4ae946d5
      slotIDs = class com.ibm.ws.container.service.metadata.internal.IndexList@617778e1
      serialVersionUID = 5464421863354792977
      $$$tc$$$ = class com.ibm.websphere.ras.TraceComponent@488b68de
    componentMetaDataManager = class com.ibm.ws.container.service.metadata.internal.ComponentMetaDataManager@49bedef2
      serialVersionUID = 8629793739641703882
      $$$tc$$$ = class com.ibm.websphere.ras.TraceComponent@517a78c7
      listeners = class com.ibm.wsspi.kernel.service.utils.ConcurrentServiceReferenceSet@48f2e486
      metaDataIDs = class com.ibm.ws.container.service.metadata.internal.IndexList@5c6eea01
      metaDatas = class java.util.ArrayList@6ba29cff
      slotIDs = class com.ibm.ws.container.service.metadata.internal.IndexList@4e64c713
      serialVersionUID = 5464421863354792977
      $$$tc$$$ = class com.ibm.websphere.ras.TraceComponent@488b68de
    methodMetaDataManager = class com.ibm.ws.container.service.metadata.internal.MethodMetaDataManager@5cabac0d
      serialVersionUID = -8002489041502300640
      $$$tc$$$ = class com.ibm.websphere.ras.TraceComponent@6c463325
      listeners = class com.ibm.wsspi.kernel.service.utils.ConcurrentServiceReferenceSet@648c2d03
      metaDataIDs = class com.ibm.ws.container.service.metadata.internal.IndexList@7559d345
      metaDatas = class java.util.ArrayList@7586fcd5
      slotIDs = class com.ibm.ws.container.service.metadata.internal.IndexList@2f6c22f4
      serialVersionUID = 5464421863354792977
      $$$tc$$$ = class com.ibm.websphere.ras.TraceComponent@488b68de
    appModuleNameToModuleContainer = class java.util.concurrent.ConcurrentHashMap@4adf4c21
      serialVersionUID = "/* Could not access serialVersionUID */"
      MAXIMUM_CAPACITY = "/* Could not access MAXIMUM_CAPACITY */"
      DEFAULT_CAPACITY = "/* Could not access DEFAULT_CAPACITY */"
      MAX_ARRAY_SIZE = "/* Could not access MAX_ARRAY_SIZE */"
      DEFAULT_CONCURRENCY_LEVEL = "/* Could not access DEFAULT_CONCURRENCY_LEVEL */"
      LOAD_FACTOR = "/* Could not access LOAD_FACTOR */"
      TREEIFY_THRESHOLD = "/* Could not access TREEIFY_THRESHOLD */"
      UNTREEIFY_THRESHOLD = "/* Could not access UNTREEIFY_THRESHOLD */"
      MIN_TREEIFY_CAPACITY = "/* Could not access MIN_TREEIFY_CAPACITY */"
      MIN_TRANSFER_STRIDE = "/* Could not access MIN_TRANSFER_STRIDE */"
      RESIZE_STAMP_BITS = "/* Could not access RESIZE_STAMP_BITS */"
      MAX_RESIZERS = "/* Could not access MAX_RESIZERS */"
      RESIZE_STAMP_SHIFT = "/* Could not access RESIZE_STAMP_SHIFT */"
      MOVED = "/* Could not access MOVED */"
      TREEBIN = "/* Could not access TREEBIN */"
      RESERVED = "/* Could not access RESERVED */"
      HASH_BITS = "/* Could not access HASH_BITS */"
      NCPU = "/* Could not access NCPU */"
      serialPersistentFields = "/* Could not access serialPersistentFields */"
      table = "/* Could not access table */"
      nextTable = "/* Could not access nextTable */"
      baseCount = "/* Could not access baseCount */"
      sizeCtl = "/* Could not access sizeCtl */"
      transferIndex = "/* Could not access transferIndex */"
      cellsBusy = "/* Could not access cellsBusy */"
      counterCells = "/* Could not access counterCells */"
      keySet = "/* Could not access keySet */"
      values = "/* Could not access values */"
      entrySet = "/* Could not access entrySet */"
      U = "/* Could not access U */"
      SIZECTL = "/* Could not access SIZECTL */"
      TRANSFERINDEX = "/* Could not access TRANSFERINDEX */"
      BASECOUNT = "/* Could not access BASECOUNT */"
      CELLSBUSY = "/* Could not access CELLSBUSY */"
      CELLVALUE = "/* Could not access CELLVALUE */"
      ABASE = "/* Could not access ABASE */"
      ASHIFT = "/* Could not access ASHIFT */"
      keySet = "/* Could not access keySet */"
      values = "/* Could not access values */"
    jeeNameToComponentMetaData = class java.util.concurrent.ConcurrentHashMap@628cd07d
      serialVersionUID = "/* Could not access serialVersionUID */"
      MAXIMUM_CAPACITY = "/* Could not access MAXIMUM_CAPACITY */"
      DEFAULT_CAPACITY = "/* Could not access DEFAULT_CAPACITY */"
      MAX_ARRAY_SIZE = "/* Could not access MAX_ARRAY_SIZE */"
      DEFAULT_CONCURRENCY_LEVEL = "/* Could not access DEFAULT_CONCURRENCY_LEVEL */"
      LOAD_FACTOR = "/* Could not access LOAD_FACTOR */"
      TREEIFY_THRESHOLD = "/* Could not access TREEIFY_THRESHOLD */"
      UNTREEIFY_THRESHOLD = "/* Could not access UNTREEIFY_THRESHOLD */"
      MIN_TREEIFY_CAPACITY = "/* Could not access MIN_TREEIFY_CAPACITY */"
      MIN_TRANSFER_STRIDE = "/* Could not access MIN_TRANSFER_STRIDE */"
      RESIZE_STAMP_BITS = "/* Could not access RESIZE_STAMP_BITS */"
      MAX_RESIZERS = "/* Could not access MAX_RESIZERS */"
      RESIZE_STAMP_SHIFT = "/* Could not access RESIZE_STAMP_SHIFT */"
      MOVED = "/* Could not access MOVED */"
      TREEBIN = "/* Could not access TREEBIN */"
      RESERVED = "/* Could not access RESERVED */"
      HASH_BITS = "/* Could not access HASH_BITS */"
      NCPU = "/* Could not access NCPU */"
      serialPersistentFields = "/* Could not access serialPersistentFields */"
      table = "/* Could not access table */"
      nextTable = "/* Could not access nextTable */"
      baseCount = "/* Could not access baseCount */"
      sizeCtl = "/* Could not access sizeCtl */"
      transferIndex = "/* Could not access transferIndex */"
      cellsBusy = "/* Could not access cellsBusy */"
      counterCells = "/* Could not access counterCells */"
      keySet = "/* Could not access keySet */"
      values = "/* Could not access values */"
      entrySet = "/* Could not access entrySet */"
      U = "/* Could not access U */"
      SIZECTL = "/* Could not access SIZECTL */"
      TRANSFERINDEX = "/* Could not access TRANSFERINDEX */"
      BASECOUNT = "/* Could not access BASECOUNT */"
      CELLSBUSY = "/* Could not access CELLSBUSY */"
      CELLVALUE = "/* Could not access CELLVALUE */"
      ABASE = "/* Could not access ABASE */"
      ASHIFT = "/* Could not access ASHIFT */"
      keySet = "/* Could not access keySet */"
      values = "/* Could not access values */"
    deferredMetaDataFactories = class com.ibm.wsspi.kernel.service.utils.ConcurrentServiceReferenceSet@5d7acb90
      referenceName = "deferredMetaDataFactory"
      contextRef = class java.util.concurrent.atomic.AtomicReference@602914cc
      elementMap = class java.util.LinkedHashMap@3d9cffe4
      elementSet = class java.util.concurrent.ConcurrentSkipListSet@40a58be8
      elementSetUnsorted = false
      serialVersionUID = 756240983881166148
      $$$tc$$$ = class com.ibm.websphere.ras.TraceComponent@2d3c3c89
    deferredMetaDataInitializers = class com.ibm.wsspi.kernel.service.utils.ConcurrentServiceReferenceMap@5c30cff6
      referenceName = "deferredMetaDataFactory"
      context = class org.apache.felix.scr.impl.manager.ComponentContextImpl@5357ed6f
      elementMap = class java.util.concurrent.ConcurrentHashMap@1de20e73
      serialVersionUID = 6980924785166233786
      $$$tc$$$ = class com.ibm.websphere.ras.TraceComponent@3d15ed54
    serialVersionUID = -2494605732980966097
    $$$tc$$$ = class com.ibm.websphere.ras.TraceComponent@472cdade
      strings[0] = "TraceComponent[com.ibm.ws.container.service.metadata.internal.MetaDataServiceImpl,class com.ibm.ws.container.service.metadata.internal.MetaDataServiceImpl,[Runtime],null,null]"
  stateChangeService = class com.ibm.ws.container.service.state.internal.StateChangeServiceImpl@4ea0d511
    applicationStateManager = class com.ibm.ws.container.service.state.internal.ApplicationStateManager@7f216767
      serialVersionUID = -6685368059484454124
      $$$tc$$$ = class com.ibm.websphere.ras.TraceComponent@5f4a5ec9
      listeners = class com.ibm.wsspi.kernel.service.utils.ConcurrentServiceReferenceSet@5fb6417a
      serialVersionUID = 2284273176985484160
      $$$tc$$$ = class com.ibm.websphere.ras.TraceComponent@1e70516c
    moduleStateManager = class com.ibm.ws.container.service.state.internal.ModuleStateManager@7cdb01ae
      serialVersionUID = -5540260902341249963
      $$$tc$$$ = class com.ibm.websphere.ras.TraceComponent@6e012e17
      listeners = class com.ibm.wsspi.kernel.service.utils.ConcurrentServiceReferenceSet@243d910b
      serialVersionUID = 2284273176985484160
      $$$tc$$$ = class com.ibm.websphere.ras.TraceComponent@1e70516c
    serialVersionUID = -537917915330350560
    $$$tc$$$ = class com.ibm.websphere.ras.TraceComponent@2e710f03
      strings[0] = "TraceComponent[com.ibm.ws.container.service.state.internal.StateChangeServiceImpl,class com.ibm.ws.container.service.state.internal.StateChangeServiceImpl,[Runtime],null,null]"
  moduleClassesInfo = class com.ibm.ws.app.manager.module.internal.SimpleDeployedAppInfoBase$ModuleClassesInfoProvider@46e809a0
    entryContainerInfosMap = class java.util.HashMap@5bfea65b
      serialVersionUID = "/* Could not access serialVersionUID */"
      DEFAULT_INITIAL_CAPACITY = "/* Could not access DEFAULT_INITIAL_CAPACITY */"
      MAXIMUM_CAPACITY = "/* Could not access MAXIMUM_CAPACITY */"
      DEFAULT_LOAD_FACTOR = "/* Could not access DEFAULT_LOAD_FACTOR */"
      TREEIFY_THRESHOLD = "/* Could not access TREEIFY_THRESHOLD */"
      UNTREEIFY_THRESHOLD = "/* Could not access UNTREEIFY_THRESHOLD */"
      MIN_TREEIFY_CAPACITY = "/* Could not access MIN_TREEIFY_CAPACITY */"
      table = "/* Could not access table */"
      entrySet = "/* Could not access entrySet */"
      size = "/* Could not access size */"
      modCount = "/* Could not access modCount */"
      threshold = "/* Could not access threshold */"
      loadFactor = "/* Could not access loadFactor */"
      keySet = "/* Could not access keySet */"
      values = "/* Could not access values */"
    serialVersionUID = -70332790531324534
    $$$tc$$$ = class com.ibm.websphere.ras.TraceComponent@2ca35563
      strings[0] = "TraceComponent[com.ibm.ws.app.manager.module.internal.SimpleDeployedAppInfoBase$ModuleClassesInfoProvider,class com.ibm.ws.app.manager.module.internal.SimpleDeployedAppInfoBase$ModuleClassesInfoProvider,[applications, app.manager],null,null]"
  moduleContainerInfos = class java.util.ArrayList@3df846fb
    serialVersionUID = "/* Could not access serialVersionUID */"
    DEFAULT_CAPACITY = "/* Could not access DEFAULT_CAPACITY */"
    EMPTY_ELEMENTDATA = "/* Could not access EMPTY_ELEMENTDATA */"
    DEFAULTCAPACITY_EMPTY_ELEMENTDATA = "/* Could not access DEFAULTCAPACITY_EMPTY_ELEMENTDATA */"
    elementData = "/* Could not access elementData */"
    size = "/* Could not access size */"
    modCount = "/* Could not access modCount */"
  activeModuleHandlers = class java.util.IdentityHashMap@25029bd
    DEFAULT_CAPACITY = "/* Could not access DEFAULT_CAPACITY */"
    MINIMUM_CAPACITY = "/* Could not access MINIMUM_CAPACITY */"
    MAXIMUM_CAPACITY = "/* Could not access MAXIMUM_CAPACITY */"
    table = "/* Could not access table */"
    size = "/* Could not access size */"
    modCount = "/* Could not access modCount */"
    NULL_KEY = "/* Could not access NULL_KEY */"
    entrySet = "/* Could not access entrySet */"
    serialVersionUID = "/* Could not access serialVersionUID */"
    keySet = "/* Could not access keySet */"
    values = "/* Could not access values */"
  serialVersionUID = -2685719801501752993
  $$$tc$$$ = class com.ibm.websphere.ras.TraceComponent@2bfbd546
    strings[0] = "TraceComponent[com.ibm.ws.app.manager.module.internal.SimpleDeployedAppInfoBase,class com.ibm.ws.app.manager.module.internal.SimpleDeployedAppInfoBase,[applications, app.manager],null,null]"

Dump of objectArray[0]
Object type = com.ibm.ws.threading.internal.NonCancelableResultFuture
  _done = false
  _result = null
  _failure = null
  _listeners = class java.util.concurrent.ConcurrentLinkedQueue@6bfdd867
    serialVersionUID = "/* Could not access serialVersionUID */"
    head = "/* Could not access head */"
    tail = "/* Could not access tail */"
    MAX_HOPS = "/* Could not access MAX_HOPS */"
    HEAD = "/* Could not access HEAD */"
    TAIL = "/* Could not access TAIL */"
    ITEM = "/* Could not access ITEM */"
    NEXT = "/* Could not access NEXT */"
  _notifiedListeners = class java.util.concurrent.atomic.AtomicBoolean@70e5f20
    serialVersionUID = "/* Could not access serialVersionUID */"
    VALUE = "/* Could not access VALUE */"
    value = "/* Could not access value */"
  serialVersionUID = -296387658814354272
  $$$tc$$$ = class com.ibm.websphere.ras.TraceComponent@72e5257b
    strings[0] = "TraceComponent[com.ibm.ws.threading.internal.NonCancelableResultFuture,class com.ibm.ws.threading.internal.NonCancelableResultFuture,[Threading],com.ibm.ws.threading.internal.resources.ThreadingMessages,null]"

