------Start of DE processing------ = [3/3/24, 6:51:21:163 UTC]
Exception = java.sql.SQLNonTransientException
Source = com.ibm.ws.jdbc.DataSourceService
probeid = 587
Stack Dump = java.sql.SQLNonTransientException: DSRA4000E: No implementations of org.apache.derby.jdbc.EmbeddedConnectionPoolDataSource40 are found for dataSource[productjpadatasource] with library derbyJDBCLib. The name or location of JDBC driver JAR files might be incorrect or inaccessible. Searched in: []. Searched under packages: [org.apache.derby.jdbc].
	at com.ibm.ws.jdbc.internal.JDBCDriverService.classNotFound(JDBCDriverService.java:247)
	at com.ibm.ws.jdbc.internal.JDBCDriverService.create(JDBCDriverService.java:391)
	at com.ibm.ws.jdbc.internal.JDBCDriverService.createAnyPreferLegacyOrder(JDBCDriverService.java:448)
	at com.ibm.ws.jdbc.DataSourceService.init(DataSourceService.java:610)
	at com.ibm.ws.jca.cm.AbstractConnectionFactoryService$2.run(AbstractConnectionFactoryService.java:524)
	at com.ibm.ws.jca.cm.AbstractConnectionFactoryService$2.run(AbstractConnectionFactoryService.java:521)
	at java.base/java.security.AccessController.doPrivileged(AccessController.java:569)
	at com.ibm.ws.jca.cm.AbstractConnectionFactoryService.initPrivileged(AbstractConnectionFactoryService.java:521)
	at com.ibm.ws.jca.cm.AbstractConnectionFactoryService.createResource(AbstractConnectionFactoryService.java:151)
	at com.ibm.ws.resource.internal.ResourceFactoryTrackerData$1.getService(ResourceFactoryTrackerData.java:122)
	at org.eclipse.osgi.internal.serviceregistry.ServiceFactoryUse$1.run(ServiceFactoryUse.java:218)
	at java.base/java.security.AccessController.doPrivileged(AccessController.java:318)
	at org.eclipse.osgi.internal.serviceregistry.ServiceFactoryUse.factoryGetService(ServiceFactoryUse.java:215)
	at org.eclipse.osgi.internal.serviceregistry.ServiceFactoryUse.getService(ServiceFactoryUse.java:114)
	at org.eclipse.osgi.internal.serviceregistry.ServiceConsumer$2.getService(ServiceConsumer.java:48)
	at org.eclipse.osgi.internal.serviceregistry.ServiceRegistrationImpl.getService(ServiceRegistrationImpl.java:568)
	at org.eclipse.osgi.internal.serviceregistry.ServiceRegistry.getService(ServiceRegistry.java:542)
	at org.eclipse.osgi.internal.framework.BundleContextImpl.getService(BundleContextImpl.java:660)
	at com.ibm.ws.jndi.internal.WSContextFactory.lambda$getService$0(WSContextFactory.java:83)
	at java.base/java.security.AccessController.doPrivileged(AccessController.java:318)
	at com.ibm.ws.jndi.internal.WSContextFactory.lambda$getService$1(WSContextFactory.java:83)
	at java.base/java.util.concurrent.ConcurrentHashMap.computeIfAbsent(ConcurrentHashMap.java:1708)
	at com.ibm.ws.jndi.internal.WSContextFactory.getService(WSContextFactory.java:83)
	at com.ibm.ws.jndi.internal.WSContext.getReference(WSContext.java:522)
	at com.ibm.ws.jndi.internal.WSContext.resolveObject(WSContext.java:141)
	at com.ibm.ws.jndi.internal.WSContext.lookup(WSContext.java:311)
	at com.ibm.ws.jndi.WSContextBase.lookup(WSContextBase.java:63)
	at org.apache.aries.jndi.DelegateContext.lookup(DelegateContext.java:149)
	at java.naming/javax.naming.InitialContext.lookup(InitialContext.java:409)
	at com.ibm.ws.jpa.container.osgi.internal.OSGiJPAPUnitInfo.lookupDataSource(OSGiJPAPUnitInfo.java:319)
	at com.ibm.ws.jpa.management.JPAPUnitInfo.getJPADataSource(JPAPUnitInfo.java:343)
	at com.ibm.ws.jpa.management.JPAPUnitInfo.getJtaDataSource(JPAPUnitInfo.java:386)
	at com.ibm.ws.jpa.management.JPAPUnitInfo.initialize(JPAPUnitInfo.java:756)
	at com.ibm.ws.jpa.management.JPAPxmlInfo.extractPersistenceUnits(JPAPxmlInfo.java:184)
	at com.ibm.ws.jpa.management.JPAScopeInfo.processPersistenceUnit(JPAScopeInfo.java:90)
	at com.ibm.ws.jpa.management.JPAApplInfo.addPersistenceUnits(JPAApplInfo.java:121)
	at com.ibm.ws.jpa.container.osgi.internal.JPAComponentImpl.processWebModulePersistenceXml(JPAComponentImpl.java:595)
	at com.ibm.ws.jpa.container.osgi.internal.JPAComponentImpl.applicationStarting(JPAComponentImpl.java:378)
	at com.ibm.ws.container.service.state.internal.ApplicationStateManager.fireStarting(ApplicationStateManager.java:53)
	at com.ibm.ws.container.service.state.internal.StateChangeServiceImpl.fireApplicationStarting(StateChangeServiceImpl.java:52)
	at com.ibm.ws.app.manager.module.internal.SimpleDeployedAppInfoBase.preDeployApp(SimpleDeployedAppInfoBase.java:550)
	at com.ibm.ws.app.manager.module.internal.SimpleDeployedAppInfoBase.installApp(SimpleDeployedAppInfoBase.java:511)
	at com.ibm.ws.app.manager.module.internal.DeployedAppInfoBase.deployApp(DeployedAppInfoBase.java:351)
	at com.ibm.ws.app.manager.war.internal.WARApplicationHandlerImpl.install(WARApplicationHandlerImpl.java:67)
	at com.ibm.ws.app.manager.internal.statemachine.StartAction.execute(StartAction.java:184)
	at com.ibm.ws.app.manager.internal.statemachine.ApplicationStateMachineImpl.enterState(ApplicationStateMachineImpl.java:1369)
	at com.ibm.ws.app.manager.internal.statemachine.ApplicationStateMachineImpl.performAction(ApplicationStateMachineImpl.java:1233)
	at com.ibm.ws.app.manager.internal.statemachine.ApplicationStateMachineImpl.run(ApplicationStateMachineImpl.java:920)
	at com.ibm.ws.threading.internal.ExecutorServiceImpl$RunnableWrapper.run(ExecutorServiceImpl.java:280)
	at java.base/java.util.concurrent.ThreadPoolExecutor.runWorker(ThreadPoolExecutor.java:1136)
	at java.base/java.util.concurrent.ThreadPoolExecutor$Worker.run(ThreadPoolExecutor.java:635)
	at java.base/java.lang.Thread.run(Thread.java:840)
Caused by: java.lang.ClassNotFoundException: org.apache.derby.jdbc.EmbeddedConnectionPoolDataSource40
	at com.ibm.ws.classloading.internal.AppClassLoader.findClassCommonLibraryClassLoaders(AppClassLoader.java:742)
	at com.ibm.ws.classloading.internal.AppClassLoader.findClass(AppClassLoader.java:327)
	at com.ibm.ws.classloading.internal.AppClassLoader.findOrDelegateLoadClass(AppClassLoader.java:714)
	at com.ibm.ws.classloading.internal.AppClassLoader.loadClass(AppClassLoader.java:586)
	at com.ibm.ws.classloading.internal.AppClassLoader.loadClass(AppClassLoader.java:553)
	at java.base/java.lang.ClassLoader.loadClass(ClassLoader.java:525)
	at com.ibm.ws.jdbc.internal.JDBCDriverService$1.run(JDBCDriverService.java:315)
	at com.ibm.ws.jdbc.internal.JDBCDriverService$1.run(JDBCDriverService.java:305)
	at java.base/java.security.AccessController.doPrivileged(AccessController.java:569)
	at com.ibm.ws.jdbc.internal.JDBCDriverService.create(JDBCDriverService.java:305)
	... 50 more

Dump of callerThis
Object type = com.ibm.ws.jdbc.DataSourceService
  tc = class com.ibm.websphere.ras.TraceComponent@76bbb8c4
    strings[0] = "TraceComponent[com.ibm.ws.jdbc.DataSourceService,class com.ibm.ws.jdbc.DataSourceService,[RRA],com.ibm.ws.rsadapter.resources.IBMDataStoreAdapterNLS,null]"
  priv = class com.ibm.ws.kernel.service.util.SecureAction@4288320d
    controlContext = class java.security.AccessControlContext@1a178435
      context = "/* Could not access context */"
      isPrivileged = "/* Could not access isPrivileged */"
      isAuthorized = "/* Could not access isAuthorized */"
      privilegedContext = "/* Could not access privilegedContext */"
      combiner = "/* Could not access combiner */"
      permissions = "/* Could not access permissions */"
      parent = "/* Could not access parent */"
      isWrapped = "/* Could not access isWrapped */"
      isLimited = "/* Could not access isLimited */"
      limitedContext = "/* Could not access limitedContext */"
      debugInit = "/* Could not access debugInit */"
      debug = "/* Could not access debug */"
    bootClassLoader = class com.ibm.ws.kernel.service.util.SecureAction$1$1@3da82dde
      this$0 = class com.ibm.ws.kernel.service.util.SecureAction$1@82b7eb2
      serialVersionUID = -7098890353587179347
      $$$tc$$$ = class com.ibm.websphere.ras.TraceComponent@290eb4ce
    getContextClassLoaderAction = class com.ibm.ws.kernel.service.util.SecureAction$29@9267647
      serialVersionUID = 1004559485883092134
      $$$tc$$$ = class com.ibm.websphere.ras.TraceComponent@307900c8
    getSystemClassLoaderAction = class com.ibm.ws.kernel.service.util.SecureAction$30@6dd03a62
      serialVersionUID = -1280454777262235986
      $$$tc$$$ = class com.ibm.websphere.ras.TraceComponent@651f018a
  CONNECTION_MANAGER = "connectionManager"
  DATASOURCE = "dataSource"
  FACTORY_PID = "com.ibm.ws.jdbc.dataSource"
  JDBC_DRIVER = "driver"
  SUPPORT_EXTENSIONS = "supportExtensions"
  TARGET_CONNECTION_MANAGER = "connectionManager.target"
  TARGET_CONTAINER_AUTH_DATA = "containerAuthData.target"
  TARGET_JDBC_DRIVER = "driver.target"
  TARGET_RECOVERY_AUTH_DATA = "recoveryAuthData.target"
  UNIQUE_JNDI_NAME = "jndiName.unique"
  DECLARING_APPLICATION = "declaringApplication"
  WPROPS_TO_SKIP = class java.util.HashSet@6ab1c81d
    serialVersionUID = "/* Could not access serialVersionUID */"
    map = "/* Could not access map */"
    PRESENT = "/* Could not access PRESENT */"
  componentContext = class org.apache.felix.scr.impl.manager.ComponentContextImpl@54b037a8
    m_componentManager = class org.apache.felix.scr.impl.manager.SingleComponentManager@2f527853
      m_useCount = class java.util.concurrent.atomic.AtomicInteger@49c7f644
      m_componentContext = class org.apache.felix.scr.impl.manager.ComponentContextImpl@54b037a8
      m_configurationProperties = class java.util.HashMap@1ec071af
      m_factoryProperties = null
      m_properties = class java.util.HashMap@52b8b4f6
      m_serviceProperties = null
      REASONS = class java.lang.String[7]
      m_container = class org.apache.felix.scr.impl.ComponentRegistry$DefaultConfigurableComponentHolder@3766bb43
      m_factoryInstance = false
      m_componentId = 285
      m_componentMethods = class org.apache.felix.scr.impl.inject.internal.ComponentMethodsImpl@3d3ee7bd
      m_dependencyManagers = class java.util.ArrayList@54b57a0f
      m_dependencyManagersInitialized = true
      m_trackingCount = class java.util.concurrent.atomic.AtomicInteger@568b6f79
      m_stateLock = class java.util.concurrent.locks.ReentrantLock@4be8aa00
      m_enabledLatchRef = class java.util.concurrent.atomic.AtomicReference@1a1bfcf
      state = class java.util.concurrent.atomic.AtomicReference@7e3bc8f6
      m_floor = 5
      m_ceiling = 5
      m_missingLock = class java.util.concurrent.locks.ReentrantLock@734690ef
      m_missingCondition = class java.util.concurrent.locks.AbstractQueuedSynchronizer$ConditionObject@7d709c2d
      m_missing = class java.util.TreeSet@71a30b8b
      m_activationLock = class java.util.concurrent.locks.ReentrantReadWriteLock@517f1131
      failureReason = null
      taskCounter = class java.util.concurrent.atomic.AtomicLong@16793219
      registrationManager = class org.apache.felix.scr.impl.manager.AbstractComponentManager$3@6f11450f
    edgeInfos = class org.apache.felix.scr.impl.manager.EdgeInfo[9]
      EdgeInfo[0] = class org.apache.felix.scr.impl.manager.EdgeInfo@4342e1b6
      EdgeInfo[1] = class org.apache.felix.scr.impl.manager.EdgeInfo@5511de6c
      EdgeInfo[2] = class org.apache.felix.scr.impl.manager.EdgeInfo@1bdb0c51
      EdgeInfo[3] = class org.apache.felix.scr.impl.manager.EdgeInfo@6b4ffd2c
      EdgeInfo[4] = class org.apache.felix.scr.impl.manager.EdgeInfo@3fd4eea2
      EdgeInfo[5] = class org.apache.felix.scr.impl.manager.EdgeInfo@646da58a
      EdgeInfo[6] = class org.apache.felix.scr.impl.manager.EdgeInfo@279784d2
      EdgeInfo[7] = class org.apache.felix.scr.impl.manager.EdgeInfo@3325ab91
      EdgeInfo[8] = class org.apache.felix.scr.impl.manager.EdgeInfo@2b9ce2a9
    m_componentInstance = class org.apache.felix.scr.impl.manager.ComponentContextImpl$ComponentInstanceImpl@52e0b60d
      m_componentContext = class org.apache.felix.scr.impl.manager.ComponentContextImpl@54b037a8
    m_usingBundle = class org.eclipse.osgi.internal.framework.EquinoxBundle@31d63b10
      equinoxContainer = class org.eclipse.osgi.internal.framework.EquinoxContainer@70ee8d55
      module = class org.eclipse.osgi.internal.framework.EquinoxBundle$EquinoxModule@1532877a
      monitor = class java.lang.Object@2cadffa5
      context = class org.eclipse.osgi.internal.framework.BundleContextImpl@667516dc
      signedContent = null
      $SWITCH_TABLE$org$eclipse$osgi$container$Module$State = {1,2,3,4,5,6,7} /* array length = 7 */
    m_serviceRegistration = class org.eclipse.osgi.internal.serviceregistry.ServiceRegistrationImpl@1754f9bb
      registry = class org.eclipse.osgi.internal.serviceregistry.ServiceRegistry@6b15b7f1
      context = class org.eclipse.osgi.internal.framework.BundleContextImpl@667516dc
      bundle = class org.eclipse.osgi.internal.framework.EquinoxBundle@31d63b10
      clazzes = class java.lang.String[4]
      service = class org.apache.felix.scr.impl.manager.SingleComponentManager@2f527853
      reference = class org.eclipse.osgi.internal.serviceregistry.ServiceReferenceImpl@4fba908d
      contextsUsing = class java.util.ArrayList@402bbf96
      properties = class java.util.Collections$UnmodifiableMap@647325d
      serviceid = 424
      serviceranking = 0
      registrationLock = class java.lang.Object@48981fa
      state = 0
      REGISTERED = 0
      UNREGISTERING = 1
      UNREGISTERED = 2
      FRAMEWORK_SET_SERVICE_PROPERTIES_COUNT = 4
      $assertionsDisabled = true
    m_implementationObject = class com.ibm.ws.jdbc.DataSourceService@31453b84
    m_implementationAccessible = true
    accessibleLatch = class java.util.concurrent.CountDownLatch@53e3eaf3
      sync = "/* Could not access sync */"
    serviceObjectsHelper = class org.apache.felix.scr.impl.helper.ComponentServiceObjectsHelper@6fcf803c
      bundleContext = class org.eclipse.osgi.internal.framework.BundleContextImpl@667516dc
      services = class java.util.concurrent.ConcurrentHashMap@1fac471e
      closedServices = class java.util.ArrayList@2e69c72
      prototypeInstances = class java.util.concurrent.ConcurrentHashMap@3d0c83a9
    boundValues = null
  connectorSvc = class com.ibm.ejs.j2c.ConnectorServiceImpl@4cb1bfa1
    tc = class com.ibm.websphere.ras.TraceComponent@78615c77
      strings[0] = "TraceComponent[com.ibm.ejs.j2c.ConnectorServiceImpl,class com.ibm.ejs.j2c.ConnectorServiceImpl,[WAS.j2c],com.ibm.ws.jca.cm.internal.resources.J2CAMessages,null]"
    authDataServiceRef = class com.ibm.wsspi.kernel.service.utils.AtomicServiceReference@2ba2ea96
      referenceName = "authDataService"
      tuple = class java.util.concurrent.atomic.AtomicReference@75c243a3
      serialVersionUID = 2226592364007985000
      $$$tc$$$ = class com.ibm.websphere.ras.TraceComponent@2e1b454c
    classLoaderIdentifierService = class com.ibm.ws.classloading.internal.ClassLoadingServiceImpl@2e8ed67
      tc = class com.ibm.websphere.ras.TraceComponent@29024a93
      leakDetectionMap = class java.util.concurrent.ConcurrentHashMap@19a4994d
      appClassLoaders = class java.util.Collections$SetFromMap@fb3e97d
      TCCL_LOCK_WAIT = 15000
      REFERENCE_GENERATORS = "generators"
      tcclLockStore = class com.ibm.ws.kernel.boot.utils.KeyBasedLockStore@40871f4c
      bundleContext = class org.eclipse.osgi.internal.framework.BundleContextImpl@2ae8103a
      aclStore = class com.ibm.ws.classloading.internal.util.CanonicalStore@24199e9c
      tcclStore = class com.ibm.ws.classloading.internal.util.CanonicalStore@194a15a3
      digraph = class org.eclipse.equinox.internal.region.StandardRegionDigraph@922fff6
      redefiner = class com.ibm.ws.classloading.internal.util.ClassRedefiner@73cf3bd7
      listener = class com.ibm.ws.classloading.internal.ClassLoadingServiceImpl$2@71a7fce1
      classloaders = class java.util.Collections$SynchronizedMap@19227137
      resourceProviders = class com.ibm.ws.classloading.internal.CompositeResourceProvider@7b7821c
      rememberedBundles = class java.util.concurrent.ConcurrentHashMap@500c88bd
      collectedBundles = class java.lang.ref.ReferenceQueue@4ecf1005
      generatorRefs = class com.ibm.wsspi.kernel.service.utils.ConcurrentServiceReferenceSet@5c045ed5
      generatorManager = class com.ibm.ws.classloading.internal.ClassGeneratorManager@6c9f3244
      appExtLibs = class java.util.concurrent.CopyOnWriteArrayList@41adc9
      globalConfig = class com.ibm.ws.classloading.configuration.GlobalClassloadingConfiguration@a60df3f
      systemTransformers = class java.util.concurrent.CopyOnWriteArrayList@4379fe61
      metaInfServicesProviders = class java.util.concurrent.ConcurrentHashMap@3e1df7ae
      metaInfServicesRefs = class com.ibm.wsspi.kernel.service.utils.ConcurrentServiceReferenceMap@8648750
      protectionDomainMap = class java.util.HashMap@5c64c70
      metadataIdentifierService = class com.ibm.ws.container.service.metadata.internal.MetaDataServiceImpl@953e2d0
      globalSharedLibrary = class java.util.concurrent.atomic.AtomicReference@5822d4d3
      serialVersionUID = 4413923811772628187
    deferrableSchedXSvcRef = class com.ibm.wsspi.kernel.service.utils.AtomicServiceReference@1fc41933
      referenceName = "deferrableScheduledExecutor"
      tuple = class java.util.concurrent.atomic.AtomicReference@3e9866c9
      serialVersionUID = 2226592364007985000
      $$$tc$$$ = class com.ibm.websphere.ras.TraceComponent@2e1b454c
    execSvcRef = class com.ibm.wsspi.kernel.service.utils.AtomicServiceReference@1e775310
      referenceName = "executor"
      tuple = class java.util.concurrent.atomic.AtomicReference@6bdc8844
      serialVersionUID = 2226592364007985000
      $$$tc$$$ = class com.ibm.websphere.ras.TraceComponent@2e1b454c
    isHeritageEnabled = false
    nonDeferrableSchedXSvcRef = class com.ibm.wsspi.kernel.service.utils.AtomicServiceReference@6145abce
      referenceName = "nonDeferrableScheduledExecutor"
      tuple = class java.util.concurrent.atomic.AtomicReference@47c40b1e
      serialVersionUID = 2226592364007985000
      $$$tc$$$ = class com.ibm.websphere.ras.TraceComponent@2e1b454c
    rrsXAResFactorySvcRef = class com.ibm.wsspi.kernel.service.utils.AtomicServiceReference@5d0f0b2a
      referenceName = "rRSXAResourceFactory"
      tuple = class java.util.concurrent.atomic.AtomicReference@2719bfa4
      serialVersionUID = 2226592364007985000
      $$$tc$$$ = class com.ibm.websphere.ras.TraceComponent@2e1b454c
    transactionManager = class com.ibm.ws.transaction.services.TransactionManagerService@623d9c39
      tc = class com.ibm.websphere.ras.TraceComponent@17c857d9
      isClient = false
      isStarted = class java.util.concurrent.atomic.AtomicBoolean@607e435
      xaFlowCallbacksInitialised = true
      deferRecoveryAtRestore = class java.util.concurrent.atomic.AtomicBoolean@2f589b5d
      serialVersionUID = -9203448868715661657
    variableRegistrySvcRef = class com.ibm.wsspi.kernel.service.utils.AtomicServiceReference@46f6bcbd
      referenceName = "variableRegistry"
      tuple = class java.util.concurrent.atomic.AtomicReference@4344b296
      serialVersionUID = 2226592364007985000
      $$$tc$$$ = class com.ibm.websphere.ras.TraceComponent@2e1b454c
    tc = class com.ibm.websphere.ras.TraceComponent@29782070
      strings[0] = "TraceComponent[com.ibm.ws.jca.cm.ConnectorService,class com.ibm.ws.jca.cm.ConnectorService,[WAS.j2c],com.ibm.ws.jca.cm.internal.resources.J2CAMessages,null]"
    NLS = class com.ibm.ejs.ras.TraceNLS@aa16476
      resolver = class com.ibm.ws.logging.internal.TraceNLSResolver@39fee229
      finder = null
      ivBundleName = "com.ibm.ws.jca.cm.internal.resources.J2CAMessages"
      caller = class java.lang.Class@2ed2284
  dsConfigRef = class java.util.concurrent.atomic.AtomicReference@4f2ae460
    serialVersionUID = "/* Could not access serialVersionUID */"
    VALUE = "/* Could not access VALUE */"
    value = "/* Could not access value */"
  vendorImplClassName = null
  destroyWasDeferred = false
  embDerbyRefCount = class java.util.concurrent.ConcurrentLinkedQueue@2b3f3cb8
    serialVersionUID = "/* Could not access serialVersionUID */"
    head = "/* Could not access head */"
    tail = "/* Could not access tail */"
    MAX_HOPS = "/* Could not access MAX_HOPS */"
    HEAD = "/* Could not access HEAD */"
    TAIL = "/* Could not access TAIL */"
    ITEM = "/* Could not access ITEM */"
    NEXT = "/* Could not access NEXT */"
  id = "dataSource[productjpadatasource]"
  isDerbyEmbedded = false
  isUCP = false
  sentUCPConnMgrPropsIgnoredInfoMessage = false
  sentUCPDataSourcePropsIgnoredInfoMessage = false
  jdbcDriverSvc = class com.ibm.ws.jdbc.internal.JDBCDriverService@7ee75300
    tc = class com.ibm.websphere.ras.TraceComponent@1caf7eb6
      strings[0] = "TraceComponent[com.ibm.ws.jdbc.internal.JDBCDriverService,class com.ibm.ws.jdbc.internal.JDBCDriverService,[RRA],com.ibm.ws.rsadapter.resources.IBMDataStoreAdapterNLS,null]"
    FACTORY_PID = "com.ibm.ws.jdbc.jdbcDriver"
    ID = "id"
    LIBRARY_REF = "libraryRef"
    JDBC_DRIVER = "jdbcDriver"
    TARGET_LIBRARY = "sharedLib.target"
    PROPS_FOR_XA_ONLY = class java.util.Arrays$ArrayList@747b65d4
      serialVersionUID = "/* Could not access serialVersionUID */"
      a = "/* Could not access a */"
      modCount = "/* Could not access modCount */"
    PROPS_NOT_SET_ON_DRIVER = class java.util.Arrays$ArrayList@526b7142
      serialVersionUID = "/* Could not access serialVersionUID */"
      a = "/* Could not access a */"
      modCount = "/* Could not access modCount */"
    FLAG_ORACLE_LOGGING_ACTIVE = class java.util.concurrent.atomic.AtomicBoolean@68c5a106
      serialVersionUID = "/* Could not access serialVersionUID */"
      VALUE = "/* Could not access VALUE */"
      value = "/* Could not access value */"
    FLAG_ORACLE_LOGGING_DEACTIVE = class java.util.concurrent.atomic.AtomicBoolean@42a8556
      serialVersionUID = "/* Could not access serialVersionUID */"
      VALUE = "/* Could not access VALUE */"
      value = "/* Could not access value */"
    ORACLELOG_PARENT_PACKAGENAME = "oracle"
    classloader = class com.ibm.ws.classloading.internal.AppClassLoader@429efd65
      tc = class com.ibm.websphere.ras.TraceComponent@211ad77b
      forbiddenClassNames = class java.util.Collections$UnmodifiableSet@1c6ecae2
      FORBIDDEN_PROPERTIES = "forbidden.properties"
      NOTHING_FORBIDDEN_PROPERTY = "io.openliberty.classloading.nothing.forbidden"
      disableSharedClassesCache = false
      PARENT_FIRST_SEARCH_ORDER = class java.util.Collections$UnmodifiableRandomAccessList@3650200d
      packagesDefined = class java.util.Collections$SetFromMap@6750bb78
      CLASS_LOADING_TRACE_PREFIX = "com.ibm.ws.class.load."
      DEFAULT_PACKAGE = "default.package"
      perPackageClassLoadingTraceComponents = class java.util.concurrent.ConcurrentHashMap@68236a
      config = class com.ibm.ws.classloading.internal.ClassLoaderConfigurationImpl@5365133b
      privateLibraries = null
      delegateLoaders = class com.ibm.ws.classloading.internal.util.CompositeIterable@2e3689b0
      nativeLibraryFiles = class java.util.ArrayList@4cdf7c75
      transformers = class java.util.ArrayList@ded75f7
      systemTransformers = class java.util.concurrent.CopyOnWriteArrayList@4379fe61
      apiAccess = class com.ibm.ws.classloading.internal.GatewayClassLoader@fedea94
      generator = class com.ibm.ws.classloading.internal.ClassGeneratorManager@6c9f3244
      protectionDomains = class java.util.concurrent.ConcurrentHashMap@76ea43ba
      hook = null
      serialVersionUID = 5906478461061001036
      checkpointPhase = class io.openliberty.checkpoint.spi.CheckpointPhase@25825525
      tc = class com.ibm.websphere.ras.TraceComponent@444def1d
      smartClassPath = class com.ibm.ws.classloading.internal.ContainerClassLoader$SmartClassPathImpl@6c0b2fde
      nativeLibraryContainers = class java.util.ArrayList@5b80cafe
      redefiner = class com.ibm.ws.classloading.internal.util.ClassRedefiner@73cf3bd7
      jarProtocol = "wsjar:"
      mapCreationQueue = class java.util.concurrent.Executors$FinalizableDelegatedExecutorService@44d373f6
      serialVersionUID = 251246017270836472
      parent = class com.ibm.ws.classloading.internal.GatewayClassLoader@fedea94
      classNameLockStore = class com.ibm.ws.kernel.boot.utils.KeyBasedLockStore@3da45eb4
      serialVersionUID = -3020377578845918238
      $$$tc$$$ = class com.ibm.websphere.ras.TraceComponent@4af12524
      pdcache = "/* Could not access pdcache */"
    connectorSvc = class com.ibm.ejs.j2c.ConnectorServiceImpl@4cb1bfa1
    embDerbyRefCount = class java.util.concurrent.ConcurrentLinkedQueue@2bd005c2
      serialVersionUID = "/* Could not access serialVersionUID */"
      head = "/* Could not access head */"
      tail = "/* Could not access tail */"
      MAX_HOPS = "/* Could not access MAX_HOPS */"
      HEAD = "/* Could not access HEAD */"
      TAIL = "/* Could not access TAIL */"
      ITEM = "/* Could not access ITEM */"
      NEXT = "/* Could not access NEXT */"
    introspectedClasses = class java.util.HashSet@2238809b
      serialVersionUID = "/* Could not access serialVersionUID */"
      map = "/* Could not access map */"
      PRESENT = "/* Could not access PRESENT */"
    isDerbyEmbedded = class java.util.concurrent.atomic.AtomicBoolean@67b0d84b
      serialVersionUID = "/* Could not access serialVersionUID */"
      VALUE = "/* Could not access VALUE */"
      value = "/* Could not access value */"
    isInitialized = true
    lock = class java.util.concurrent.locks.ReentrantReadWriteLock@3760e1de
      serialVersionUID = "/* Could not access serialVersionUID */"
      readerLock = "/* Could not access readerLock */"
      writerLock = "/* Could not access writerLock */"
      sync = "/* Could not access sync */"
    name = "dataSource[productjpadatasource]/jdbcDriver[default-0]"
    properties = class org.apache.felix.scr.impl.helper.ReadOnlyDictionary@1c351ce5
      m_delegate = class java.util.Hashtable@74508680
      m_serviceReference = null
    sharedLib = class com.ibm.ws.library.internal.SharedLibraryImpl@7aef7ba0
      tc = class com.ibm.websphere.ras.TraceComponent@6ff442cc
      deleted = false
      libraryListenersTracker = class org.osgi.util.tracker.ServiceTracker@424cf4d3
      libraryReg = class org.eclipse.osgi.internal.serviceregistry.ServiceRegistrationImpl@3398ce9e
      ctx = class org.eclipse.osgi.internal.framework.BundleContextImpl@2ae8103a
      classLoadingService = class com.ibm.ws.classloading.internal.ClassLoadingServiceImpl@2e8ed67
      configAdmin = class com.ibm.ws.config.admin.internal.ConfigurationAdminImpl@15f6be8
      resolvedBasePath = "/workspaces/codespaces-blank/mp-ecomm-store/target/liberty/wlp/usr/servers/mpServer/"
      generationLock = class com.ibm.ws.library.internal.SharedLibraryImpl$1@66241c26
      currentGeneration = class com.ibm.ws.library.internal.LibraryGeneration@12c276
      nextGeneration = class com.ibm.ws.library.internal.LibraryGeneration@12c276
      artifactContainerFactory = class com.ibm.ws.library.internal.SharedLibraryFactory$1@255d54cb
      packageExporter = class com.ibm.ws.library.internal.LibraryPackageExporter@5f277ba3
      serialVersionUID = 5714743499247904517
    changed = "/* Could not access changed */"
    obs = "/* Could not access obs */"
  jdbcRuntime = class com.ibm.ws.jdbc.osgi.v42.JDBC42Runtime@3feaa7ca
  mcf = null
  mcfPerClassLoader = null
  properties = class org.apache.felix.scr.impl.helper.ReadOnlyDictionary@27fb4db3
    m_delegate = class java.util.Hashtable@1b7c9636
      table = "/* Could not access table */"
      count = "/* Could not access count */"
      threshold = "/* Could not access threshold */"
      loadFactor = "/* Could not access loadFactor */"
      modCount = "/* Could not access modCount */"
      serialVersionUID = "/* Could not access serialVersionUID */"
      MAX_ARRAY_SIZE = "/* Could not access MAX_ARRAY_SIZE */"
      keySet = "/* Could not access keySet */"
      entrySet = "/* Could not access entrySet */"
      values = "/* Could not access values */"
      KEYS = "/* Could not access KEYS */"
      VALUES = "/* Could not access VALUES */"
      ENTRIES = "/* Could not access ENTRIES */"
    m_serviceReference = null
  tc = class com.ibm.websphere.ras.TraceComponent@334ee5d9
    strings[0] = "TraceComponent[com.ibm.ws.jca.cm.AbstractConnectionFactoryService,class com.ibm.ws.jca.cm.AbstractConnectionFactoryService,[WAS.j2c],com.ibm.ws.jca.cm.internal.resources.J2CAMessages,null]"
  ID = "id"
  DEFAULT_NESTED_PATTERN = class java.util.regex.Pattern@75736f08
    UNIX_LINES = 1
    CASE_INSENSITIVE = 2
    COMMENTS = 4
    MULTILINE = 8
    LITERAL = 16
    DOTALL = 32
    UNICODE_CASE = 64
    CANON_EQ = 128
    UNICODE_CHARACTER_CLASS = 256
    ALL_FLAGS = "/* Could not access ALL_FLAGS */"
    serialVersionUID = "/* Could not access serialVersionUID */"
    pattern = "/* Could not access pattern */"
    flags = "/* Could not access flags */"
    flags0 = "/* Could not access flags0 */"
    compiled = "/* Could not access compiled */"
    normalizedPattern = "/* Could not access normalizedPattern */"
    root = "/* Could not access root */"
    matchRoot = "/* Could not access matchRoot */"
    buffer = "/* Could not access buffer */"
    predicate = "/* Could not access predicate */"
    namedGroups = "/* Could not access namedGroups */"
    groupNodes = "/* Could not access groupNodes */"
    topClosureNodes = "/* Could not access topClosureNodes */"
    localTCNCount = "/* Could not access localTCNCount */"
    hasGroupRef = "/* Could not access hasGroupRef */"
    temp = "/* Could not access temp */"
    capturingGroupCount = "/* Could not access capturingGroupCount */"
    localCount = "/* Could not access localCount */"
    cursor = "/* Could not access cursor */"
    patternLength = "/* Could not access patternLength */"
    hasSupplementary = "/* Could not access hasSupplementary */"
    MAX_REPS = "/* Could not access MAX_REPS */"
    accept = "/* Could not access accept */"
    lastAccept = "/* Could not access lastAccept */"
    $assertionsDisabled = "/* Could not access $assertionsDisabled */"
  DEFAULT_PATTERN = class java.util.regex.Pattern@31484df5
    UNIX_LINES = 1
    CASE_INSENSITIVE = 2
    COMMENTS = 4
    MULTILINE = 8
    LITERAL = 16
    DOTALL = 32
    UNICODE_CASE = 64
    CANON_EQ = 128
    UNICODE_CHARACTER_CLASS = 256
    ALL_FLAGS = "/* Could not access ALL_FLAGS */"
    serialVersionUID = "/* Could not access serialVersionUID */"
    pattern = "/* Could not access pattern */"
    flags = "/* Could not access flags */"
    flags0 = "/* Could not access flags0 */"
    compiled = "/* Could not access compiled */"
    normalizedPattern = "/* Could not access normalizedPattern */"
    root = "/* Could not access root */"
    matchRoot = "/* Could not access matchRoot */"
    buffer = "/* Could not access buffer */"
    predicate = "/* Could not access predicate */"
    namedGroups = "/* Could not access namedGroups */"
    groupNodes = "/* Could not access groupNodes */"
    topClosureNodes = "/* Could not access topClosureNodes */"
    localTCNCount = "/* Could not access localTCNCount */"
    hasGroupRef = "/* Could not access hasGroupRef */"
    temp = "/* Could not access temp */"
    capturingGroupCount = "/* Could not access capturingGroupCount */"
    localCount = "/* Could not access localCount */"
    cursor = "/* Could not access cursor */"
    patternLength = "/* Could not access patternLength */"
    hasSupplementary = "/* Could not access hasSupplementary */"
    MAX_REPS = "/* Could not access MAX_REPS */"
    accept = "/* Could not access accept */"
    lastAccept = "/* Could not access lastAccept */"
    $assertionsDisabled = "/* Could not access $assertionsDisabled */"
  THREAD_IDENTITY_NOT_ALLOWED = 0
  THREAD_IDENTITY_ALLOWED = 1
  THREAD_IDENTITY_REQUIRED = 2
  appsToRecycle = class java.util.Collections$SetFromMap@5bf668e1
    m = "/* Could not access m */"
    s = "/* Could not access s */"
    serialVersionUID = "/* Could not access serialVersionUID */"
  conMgrSvc = class com.ibm.ejs.j2c.ConnectionManagerServiceImpl@269d20f9
    tc = class com.ibm.websphere.ras.TraceComponent@4e5d37ad
      strings[0] = "TraceComponent[com.ibm.ejs.j2c.ConnectionManagerServiceImpl,class com.ibm.ejs.j2c.ConnectionManagerServiceImpl,[WAS.j2c],com.ibm.ws.jca.cm.internal.resources.J2CAMessages,null]"
    priv = class com.ibm.ws.kernel.service.util.SecureAction@489f0ec9
      controlContext = class java.security.AccessControlContext@225443a5
      bootClassLoader = class com.ibm.ws.kernel.service.util.SecureAction$1$1@3da82dde
      getContextClassLoaderAction = class com.ibm.ws.kernel.service.util.SecureAction$29@9267647
      getSystemClassLoaderAction = class com.ibm.ws.kernel.service.util.SecureAction$30@6dd03a62
    cfKeyToCM = class java.util.concurrent.ConcurrentHashMap@3f721ff0
      serialVersionUID = "/* Could not access serialVersionUID */"
      MAXIMUM_CAPACITY = "/* Could not access MAXIMUM_CAPACITY */"
      DEFAULT_CAPACITY = "/* Could not access DEFAULT_CAPACITY */"
      MAX_ARRAY_SIZE = "/* Could not access MAX_ARRAY_SIZE */"
      DEFAULT_CONCURRENCY_LEVEL = "/* Could not access DEFAULT_CONCURRENCY_LEVEL */"
      LOAD_FACTOR = "/* Could not access LOAD_FACTOR */"
      TREEIFY_THRESHOLD = "/* Could not access TREEIFY_THRESHOLD */"
      UNTREEIFY_THRESHOLD = "/* Could not access UNTREEIFY_THRESHOLD */"
      MIN_TREEIFY_CAPACITY = "/* Could not access MIN_TREEIFY_CAPACITY */"
      MIN_TRANSFER_STRIDE = "/* Could not access MIN_TRANSFER_STRIDE */"
      RESIZE_STAMP_BITS = "/* Could not access RESIZE_STAMP_BITS */"
      MAX_RESIZERS = "/* Could not access MAX_RESIZERS */"
      RESIZE_STAMP_SHIFT = "/* Could not access RESIZE_STAMP_SHIFT */"
      MOVED = "/* Could not access MOVED */"
      TREEBIN = "/* Could not access TREEBIN */"
      RESERVED = "/* Could not access RESERVED */"
      HASH_BITS = "/* Could not access HASH_BITS */"
      NCPU = "/* Could not access NCPU */"
      serialPersistentFields = "/* Could not access serialPersistentFields */"
      table = "/* Could not access table */"
      nextTable = "/* Could not access nextTable */"
      baseCount = "/* Could not access baseCount */"
      sizeCtl = "/* Could not access sizeCtl */"
      transferIndex = "/* Could not access transferIndex */"
      cellsBusy = "/* Could not access cellsBusy */"
      counterCells = "/* Could not access counterCells */"
      keySet = "/* Could not access keySet */"
      values = "/* Could not access values */"
      entrySet = "/* Could not access entrySet */"
      U = "/* Could not access U */"
      SIZECTL = "/* Could not access SIZECTL */"
      TRANSFERINDEX = "/* Could not access TRANSFERINDEX */"
      BASECOUNT = "/* Could not access BASECOUNT */"
      CELLSBUSY = "/* Could not access CELLSBUSY */"
      CELLVALUE = "/* Could not access CELLVALUE */"
      ABASE = "/* Could not access ABASE */"
      ASHIFT = "/* Could not access ASHIFT */"
      keySet = "/* Could not access keySet */"
      values = "/* Could not access values */"
    connectorSvc = null
    lock = class java.util.concurrent.locks.ReentrantReadWriteLock@5d79db73
      serialVersionUID = "/* Could not access serialVersionUID */"
      readerLock = "/* Could not access readerLock */"
      writerLock = "/* Could not access writerLock */"
      sync = "/* Could not access sync */"
    name = "dataSource[productjpadatasource]/connectionManager"
    pm = null
    pmMBean = null
    properties = null
    bndCtx = null
    raClassLoader = null
    disableLibertyConnectionPool = false
    AUTO_CLOSE_CONNECTIONS = "autoCloseConnections"
    CONNECTION_MANAGER = "connectionManager"
    FACTORY_PID = "com.ibm.ws.jca.connectionManager"
    ID = "id"
    MAX_CONNECTIONS_PER_THREAD = "maxConnectionsPerThread"
    MAX_IDLE_TIME = "maxIdleTime"
    MAX_POOL_SIZE = "maxPoolSize"
    MIN_POOL_SIZE = "minPoolSize"
    NUM_CONNECTIONS_PER_THREAD_LOCAL = "numConnectionsPerThreadLocal"
    TEMPORARILY_ASSOCIATE_IF_DISSOCIATE_UNAVAILABLE = "temporarilyAssociateIfDissociateUnavailable"
    ENABLE_CONTAINER_AUTH_FOR_DIRECT_LOOKUPS = "enableContainerAuthForDirectLookups"
    CONNECTION_MANAGER_PROPS = class java.util.Collections$UnmodifiableRandomAccessList@5ec2fde
      serialVersionUID = "/* Could not access serialVersionUID */"
      serialVersionUID = "/* Could not access serialVersionUID */"
      list = "/* Could not access list */"
      serialVersionUID = "/* Could not access serialVersionUID */"
      c = "/* Could not access c */"
    CONNECTION_MANAGER_DSD_PROPS = class java.util.Collections$UnmodifiableRandomAccessList@35b580ec
      serialVersionUID = "/* Could not access serialVersionUID */"
      serialVersionUID = "/* Could not access serialVersionUID */"
      list = "/* Could not access list */"
      serialVersionUID = "/* Could not access serialVersionUID */"
      c = "/* Could not access c */"
    changed = "/* Could not access changed */"
    obs = "/* Could not access obs */"
  containerAuthDataRef = null
  jaasLoginContextEntryRef = null
  isInitialized = class java.util.concurrent.atomic.AtomicBoolean@4878100d
    serialVersionUID = "/* Could not access serialVersionUID */"
    VALUE = "/* Could not access VALUE */"
    value = "/* Could not access value */"
  isServerDefined = true
  lock = class java.util.concurrent.locks.ReentrantReadWriteLock@3b2cdb12
    serialVersionUID = "/* Could not access serialVersionUID */"
    readerLock = "/* Could not access readerLock */"
    writerLock = "/* Could not access writerLock */"
    sync = "/* Could not access sync */"
  recoveryAuthDataRef = null

