------Start of DE processing------ = [3/3/24, 6:26:35:951 UTC]
Exception = org.jboss.weld.exceptions.DeploymentException
Source = com.ibm.ws.container.service.state.internal.ApplicationStateManager
probeid = 56
Stack Dump = org.jboss.weld.exceptions.DeploymentException: WELD-001408: Unsatisfied dependencies for type ProductRepository with qualifiers @Default
  at injection point [BackedAnnotatedField] @Inject private io.microprofile.tutorial.store.product.resource.ProductResource.productRepository
  at io.microprofile.tutorial.store.product.resource.ProductResource.productRepository(ProductResource.java:0)

	at org.jboss.weld.bootstrap.Validator.validateInjectionPointForDeploymentProblems(Validator.java:367)
	at org.jboss.weld.bootstrap.Validator.validateInjectionPoint(Validator.java:285)
	at org.jboss.weld.bootstrap.Validator.validateGeneralBean(Validator.java:141)
	at org.jboss.weld.bootstrap.Validator.validateRIBean(Validator.java:162)
	at org.jboss.weld.bootstrap.Validator.validateBean(Validator.java:515)
	at org.jboss.weld.bootstrap.ConcurrentValidator$1.doWork(ConcurrentValidator.java:64)
	at org.jboss.weld.bootstrap.ConcurrentValidator$1.doWork(ConcurrentValidator.java:62)
	at org.jboss.weld.executor.IterativeWorkerTaskFactory$1.call(IterativeWorkerTaskFactory.java:62)
	at org.jboss.weld.executor.IterativeWorkerTaskFactory$1.call(IterativeWorkerTaskFactory.java:55)
	at java.base/java.util.concurrent.FutureTask.run(FutureTask.java:264)
	at java.base/java.util.concurrent.ThreadPoolExecutor.runWorker(ThreadPoolExecutor.java:1136)
	at java.base/java.util.concurrent.ThreadPoolExecutor$Worker.run(ThreadPoolExecutor.java:635)
	at java.base/java.lang.Thread.run(Thread.java:840)

Dump of callerThis
Object type = com.ibm.ws.container.service.state.internal.ApplicationStateManager
  serialVersionUID = -6685368059484454124
  $$$tc$$$ = class com.ibm.websphere.ras.TraceComponent@5f4a5ec9
    strings[0] = "TraceComponent[com.ibm.ws.container.service.state.internal.ApplicationStateManager,class com.ibm.ws.container.service.state.internal.ApplicationStateManager,[Runtime],null,null]"
  listeners = class com.ibm.wsspi.kernel.service.utils.ConcurrentServiceReferenceSet@5fb6417a
    referenceName = "applicationStateListeners"
    contextRef = class java.util.concurrent.atomic.AtomicReference@18cdad92
      serialVersionUID = "/* Could not access serialVersionUID */"
      VALUE = "/* Could not access VALUE */"
      value = "/* Could not access value */"
    elementMap = class java.util.LinkedHashMap@8875549
      serialVersionUID = "/* Could not access serialVersionUID */"
      head = "/* Could not access head */"
      tail = "/* Could not access tail */"
      accessOrder = "/* Could not access accessOrder */"
      serialVersionUID = "/* Could not access serialVersionUID */"
      DEFAULT_INITIAL_CAPACITY = "/* Could not access DEFAULT_INITIAL_CAPACITY */"
      MAXIMUM_CAPACITY = "/* Could not access MAXIMUM_CAPACITY */"
      DEFAULT_LOAD_FACTOR = "/* Could not access DEFAULT_LOAD_FACTOR */"
      TREEIFY_THRESHOLD = "/* Could not access TREEIFY_THRESHOLD */"
      UNTREEIFY_THRESHOLD = "/* Could not access UNTREEIFY_THRESHOLD */"
      MIN_TREEIFY_CAPACITY = "/* Could not access MIN_TREEIFY_CAPACITY */"
      table = "/* Could not access table */"
      entrySet = "/* Could not access entrySet */"
      size = "/* Could not access size */"
      modCount = "/* Could not access modCount */"
      threshold = "/* Could not access threshold */"
      loadFactor = "/* Could not access loadFactor */"
      keySet = "/* Could not access keySet */"
      values = "/* Could not access values */"
    elementSet = class java.util.concurrent.ConcurrentSkipListSet@7ce90161
      serialVersionUID = "/* Could not access serialVersionUID */"
      m = "/* Could not access m */"
    elementSetUnsorted = false
    serialVersionUID = 756240983881166148
    $$$tc$$$ = class com.ibm.websphere.ras.TraceComponent@2d3c3c89
      strings[0] = "TraceComponent[com.ibm.wsspi.kernel.service.utils.ConcurrentServiceReferenceSet,class com.ibm.wsspi.kernel.service.utils.ConcurrentServiceReferenceSet,[kernelUtils],com.ibm.ws.kernel.service.utils.resources.ServiceMessages,null]"
  serialVersionUID = 2284273176985484160
  $$$tc$$$ = class com.ibm.websphere.ras.TraceComponent@1e70516c
    strings[0] = "TraceComponent[com.ibm.ws.container.service.state.internal.StateChangeManager,class com.ibm.ws.container.service.state.internal.StateChangeManager,[Runtime],null,null]"

Dump of objectArray[0]
Object type = com.ibm.ws.container.service.app.deploy.internal.ApplicationInfoImpl
  appName = "mp-ecomm-store"
  appMetaData = class com.ibm.ws.container.service.app.deploy.internal.ApplicationMetaDataImpl@51a48d9b
    j2eeName = class com.ibm.ws.container.service.metadata.internal.J2EENameImpl@78bb2602
      serialVersionUID = 7488184044073147667
      application = "mp-ecomm-store"
      module = null
      component = null
      string = "mp-ecomm-store"
      j2eeNameBytes = null
      $$$tc$$$ = class com.ibm.websphere.ras.TraceComponent@57425658
    serialVersionUID = -7906531148367236579
    $$$tc$$$ = class com.ibm.websphere.ras.TraceComponent@2b24762c
      strings[0] = "TraceComponent[com.ibm.ws.container.service.app.deploy.internal.ApplicationMetaDataImpl,class com.ibm.ws.container.service.app.deploy.internal.ApplicationMetaDataImpl,[container.service],com.ibm.ws.container.service.resources.Messages,null]"
    tc = class com.ibm.websphere.ras.TraceComponent@267980d8
      strings[0] = "TraceComponent[com.ibm.ws.runtime.metadata.MetaDataImpl,class com.ibm.ws.runtime.metadata.MetaDataImpl,[Runtime],null,null]"
    NUM_STATIC_SLOTS = 4
    ID_UNINITIALIZED = -1
    id = 0
    metaDataInterface = class java.lang.Class@5d95d9b3
      ANNOTATION = "/* Could not access ANNOTATION */"
      ENUM = "/* Could not access ENUM */"
      SYNTHETIC = "/* Could not access SYNTHETIC */"
      cachedConstructor = "/* Could not access cachedConstructor */"
      name = "/* Could not access name */"
      module = "/* Could not access module */"
      packageName = "/* Could not access packageName */"
      componentType = "/* Could not access componentType */"
      allPermDomain = "/* Could not access allPermDomain */"
      reflectionData = "/* Could not access reflectionData */"
      classRedefinedCount = "/* Could not access classRedefinedCount */"
      genericInfo = "/* Could not access genericInfo */"
      EMPTY_CLASS_ARRAY = "/* Could not access EMPTY_CLASS_ARRAY */"
      serialVersionUID = "/* Could not access serialVersionUID */"
      serialPersistentFields = "/* Could not access serialPersistentFields */"
      reflectionFactory = "/* Could not access reflectionFactory */"
      enumConstants = "/* Could not access enumConstants */"
      enumConstantDirectory = "/* Could not access enumConstantDirectory */"
      annotationData = "/* Could not access annotationData */"
      annotationType = "/* Could not access annotationType */"
      classValueMap = "/* Could not access classValueMap */"
    staticSlots = class java.lang.Object[4]
      Object[0] = class com.ibm.ws.cdi.impl.weld.WebSphereCDIDeploymentImpl@472f4b52
      Object[1] = class com.ibm.ws.injectionengine.osgi.internal.OSGiInjectionScopeData@285ef826
      Object[2] = "mp-ecomm-store"
      Object[3] = null
    dynamicSlots = null
  appContainer = class com.ibm.ws.adaptable.module.internal.AdaptableContainerImpl@78d1f304
    root = class com.ibm.ws.adaptable.module.internal.AdaptableContainerImpl@78d1f304
    rootOverlay = class com.ibm.ws.artifact.overlay.internal.DirectoryBasedOverlayContainerImpl@3f341e4b
      tc = class com.ibm.websphere.ras.TraceComponent@15245b27
      base = class com.ibm.ws.artifact.loose.internal.LooseArchive@29596e63
      maskSet = class java.util.HashSet@10598486
      cfHolder = class com.ibm.ws.artifact.overlay.internal.OverlayContainerFactoryImpl@71563128
      fileOverlayContainer = class com.ibm.ws.artifact.file.internal.FileContainer@74ae6639
      overlayDirectory = class java.io.File@37802e0e
      cacheDirForOverlay = class java.io.File@554874eb
      overlayNotifier = class com.ibm.ws.artifact.overlay.internal.DirectoryBasedOverlayNotifier@a4ddbd7
      enclosingContainer = null
      entryInEnclosingContainer = null
      nestedOverlays = class java.util.concurrent.ConcurrentHashMap@969a770
      cacheStore = class com.ibm.ws.artifact.overlay.internal.OverlayCache@e7187ca
      parentOverlay = null
      isPassThroughMode = true
      serialVersionUID = -8445278173803874173
    factoryHolder = class com.ibm.ws.adaptable.module.internal.AdaptableModuleFactoryImpl@4a46998e
      adapterFactoryService = class com.ibm.ws.adaptable.module.internal.AdapterFactoryServiceImpl@773315a4
      containerFactory = class com.ibm.ws.artifact.internal.ArtifactContainerFactoryService@706ed1a3
      overlayContainerFactory = class com.ibm.ws.artifact.overlay.internal.OverlayContainerFactoryImpl@71563128
      serialVersionUID = 4200251809856292987
      $$$tc$$$ = class com.ibm.websphere.ras.TraceComponent@10b73076
    delegate = class com.ibm.ws.artifact.overlay.internal.DirectoryBasedOverlayContainerImpl@3f341e4b
    notifier = class com.ibm.ws.adaptable.module.internal.NotifierImpl@3ffb0d08
      root = class com.ibm.ws.adaptable.module.internal.AdaptableContainerImpl@78d1f304
      delegateNotifier = class com.ibm.ws.artifact.overlay.internal.DirectoryBasedOverlayNotifier@a4ddbd7
      delegateRoot = class com.ibm.ws.artifact.overlay.internal.DirectoryBasedOverlayContainerImpl@3f341e4b
      listenerDelegates = class java.util.HashMap@68757319
      serialVersionUID = 6839382523957017880
      $$$tc$$$ = class com.ibm.websphere.ras.TraceComponent@30480393
    serialVersionUID = -5950528200509051684
    $$$tc$$$ = class com.ibm.websphere.ras.TraceComponent@78724124
      strings[0] = "TraceComponent[com.ibm.ws.adaptable.module.internal.AdaptableContainerImpl,class com.ibm.ws.adaptable.module.internal.AdaptableContainerImpl,[archive.adaptable],null,null]"
  configHelper = class com.ibm.ws.app.manager.module.ApplicationNestedConfigHelper@2b282eb
    appInfo = class com.ibm.ws.app.manager.internal.ApplicationInstallInfo@4dc5142b
    serialVersionUID = -3174031738676705046
    $$$tc$$$ = class com.ibm.websphere.ras.TraceComponent@d6ce530
      strings[0] = "TraceComponent[com.ibm.ws.app.manager.module.ApplicationNestedConfigHelper,class com.ibm.ws.app.manager.module.ApplicationNestedConfigHelper,[applications, app.manager],null,null]"
  applicationInformation = class com.ibm.ws.app.manager.internal.ApplicationInstallInfo@4dc5142b
    _config = class com.ibm.ws.app.manager.internal.ApplicationConfig@29c875c6
      tc = class com.ibm.websphere.ras.TraceComponent@604d38e7
      _configPid = "com.ibm.ws.app.manager_0"
      _config = class com.ibm.ws.config.admin.ConfigurationDictionary@68c15374
      _applicationManager = class com.ibm.ws.app.manager.ApplicationManager@68c53509
      _location = "mp-ecomm-store.war"
      _type = "war"
      _name = "mp-ecomm-store"
      _notificationBroadcasterSupport = class javax.management.NotificationBroadcasterSupport@550d9698
      ONE_TIME_JANDEX_MSGS_DISPLAYED = true
      serialVersionUID = -2151423388299667431
    _handlerInfo = class java.util.concurrent.atomic.AtomicReference@4cc94898
      serialVersionUID = "/* Could not access serialVersionUID */"
      VALUE = "/* Could not access VALUE */"
      value = "/* Could not access value */"
    _container = class java.util.concurrent.atomic.AtomicReference@323d3266
      serialVersionUID = "/* Could not access serialVersionUID */"
      VALUE = "/* Could not access VALUE */"
      value = "/* Could not access value */"
    _resolvedLocation = class java.util.concurrent.atomic.AtomicReference@5549fa64
      serialVersionUID = "/* Could not access serialVersionUID */"
      VALUE = "/* Could not access VALUE */"
      value = "/* Could not access value */"
    _handler = class com.ibm.ws.app.manager.war.internal.WARApplicationHandlerImpl@3fc5d34e
      futureMonitor = class com.ibm.ws.threading.internal.FutureMonitorImpl@780f64a1
      deployedAppFactory = class com.ibm.ws.app.manager.war.internal.WARDeployedAppInfoFactoryImpl@61fc3f0a
      serialVersionUID = 4622845147410944782
      $$$tc$$$ = class com.ibm.websphere.ras.TraceComponent@1f2ccc7b
    _ami = class java.util.concurrent.atomic.AtomicReference@39cec1a6
      serialVersionUID = "/* Could not access serialVersionUID */"
      VALUE = "/* Could not access VALUE */"
      value = "/* Could not access value */"
    _updateHandler = class com.ibm.ws.app.manager.internal.statemachine.ApplicationStateMachineImpl@623b6afb
      _tc = class com.ibm.websphere.ras.TraceComponent@56c242dc
      EMPTY_FUTURE_ARRAY = interface java.util.concurrent.Future[0]
      asmSequenceNumber = class java.util.concurrent.atomic.AtomicLong@26f9fa81
      _qscaCounter = class java.util.concurrent.atomic.AtomicInteger@1f2c3017
      _failedThrowable = null
      _interruptibleLock = class com.ibm.ws.app.manager.internal.statemachine.ApplicationStateMachineImpl$2@3e068ec6
      _interruptible = false
      _performingQueuedActions = true
      _queuedActions = class java.util.concurrent.ConcurrentLinkedQueue@799b56eb
      _callbackState = class java.util.concurrent.atomic.AtomicReference@10df96ab
      blockAppStartingFutures = class java.util.Collections$SetFromMap@6e0da02f
      waitingForAppHandlerFuture = class java.util.concurrent.atomic.AtomicReference@64f77396
      waitingForExplicitStartFuture = class java.util.concurrent.atomic.AtomicReference@47f85ded
      startAfterFutures = class java.util.Collections$SetFromMap@2bfef177
      completionListener = class java.util.concurrent.atomic.AtomicReference@287120ff
      _notifyAppStopped = class java.util.concurrent.ConcurrentLinkedQueue@77c59da4
      _notifyAppStarting = class java.util.concurrent.ConcurrentLinkedQueue@7257b184
      _notifyAppInstallCalled = class java.util.concurrent.ConcurrentLinkedQueue@2efe93f0
      _notifyAppStarted = class java.util.concurrent.ConcurrentLinkedQueue@fa93808
      _notifyAppRemoved = class java.util.concurrent.ConcurrentLinkedQueue@54daace4
      _stateLock = class com.ibm.ws.app.manager.internal.statemachine.ApplicationStateMachineImpl$3@1b4eec6a
      _internalState = class java.util.concurrent.atomic.AtomicReference@41f59de0
      _currentAction = class java.util.concurrent.atomic.AtomicReference@7da94ae
      _rfa = class java.util.concurrent.atomic.AtomicReference@6e6b53d
      _appInstallInfo = class java.util.concurrent.atomic.AtomicReference@6aa72437
      _update = class java.util.concurrent.atomic.AtomicBoolean@7d0ae1e
      _appConfig = class java.util.concurrent.atomic.AtomicReference@54fc35ae
      _nextAppConfig = class java.util.concurrent.atomic.AtomicReference@67802d51
      _appContainer = class java.util.concurrent.atomic.AtomicReference@34553b0a
      _resolvedLocation = class java.util.concurrent.atomic.AtomicReference@3677c3c0
      _handler = class java.util.concurrent.atomic.AtomicReference@393c1e5
      _asmSeqNo = 0
      _ctx = class org.eclipse.osgi.internal.framework.BundleContextImpl@a3e2cd
      _locAdmin = class com.ibm.ws.kernel.service.location.internal.WsLocationAdminImpl@651f8e63
      _futureMonitor = class com.ibm.ws.threading.internal.FutureMonitorImpl@780f64a1
      _artifactFactory = class com.ibm.ws.artifact.internal.ArtifactContainerFactoryService@706ed1a3
      _moduleFactory = class com.ibm.ws.adaptable.module.internal.AdaptableModuleFactoryImpl@4a46998e
      _executorService = class com.ibm.ws.threading.internal.ExecutorServiceImpl@5374c411
      _scheduledExecutorService = class com.ibm.ws.threading.internal.ScheduledExecutorImpl@30799bca
      _asmHelper = class com.ibm.ws.app.manager.internal.ApplicationConfigurator$NamedApplication@626d1f5b
      _appMonitor = class com.ibm.ws.app.manager.internal.monitor.ApplicationMonitor@6d6fbaa2
      _configurator = class com.ibm.ws.app.manager.internal.ApplicationConfigurator@6cfa2237
      enterStateCalled = class java.util.concurrent.atomic.AtomicBoolean@749a4dfa
      serialVersionUID = 4458043999335554711
      serialVersionUID = -8760483717533387753
      $$$tc$$$ = class com.ibm.websphere.ras.TraceComponent@225e29a8
    serialVersionUID = 2630639237123415755
    $$$tc$$$ = class com.ibm.websphere.ras.TraceComponent@71eb303
      strings[0] = "TraceComponent[com.ibm.ws.app.manager.internal.ApplicationInstallInfo,class com.ibm.ws.app.manager.internal.ApplicationInstallInfo,[applications, app.manager],com.ibm.ws.app.manager.internal.resources.AppManagerMessages,null]"
  serialVersionUID = 5227817860647895780
  $$$tc$$$ = class com.ibm.websphere.ras.TraceComponent@6f86f925
    strings[0] = "TraceComponent[com.ibm.ws.container.service.app.deploy.internal.ApplicationInfoImpl,class com.ibm.ws.container.service.app.deploy.internal.ApplicationInfoImpl,[container.service],com.ibm.ws.container.service.resources.Messages,null]"

