------Start of DE processing------ = [3/3/24, 6:26:35:672 UTC]
Exception = org.jboss.weld.exceptions.DeploymentException
Source = com.ibm.ws.cdi.liberty.CDIRuntimeImpl
probeid = 478
Stack Dump = org.jboss.weld.exceptions.DeploymentException: WELD-001408: Unsatisfied dependencies for type ProductRepository with qualifiers @Default
  at injection point [BackedAnnotatedField] @Inject private io.microprofile.tutorial.store.product.resource.ProductResource.productRepository
  at io.microprofile.tutorial.store.product.resource.ProductResource.productRepository(ProductResource.java:0)

	at org.jboss.weld.bootstrap.Validator.validateInjectionPointForDeploymentProblems(Validator.java:367)
	at org.jboss.weld.bootstrap.Validator.validateInjectionPoint(Validator.java:285)
	at org.jboss.weld.bootstrap.Validator.validateGeneralBean(Validator.java:141)
	at org.jboss.weld.bootstrap.Validator.validateRIBean(Validator.java:162)
	at org.jboss.weld.bootstrap.Validator.validateBean(Validator.java:515)
	at org.jboss.weld.bootstrap.ConcurrentValidator$1.doWork(ConcurrentValidator.java:64)
	at org.jboss.weld.bootstrap.ConcurrentValidator$1.doWork(ConcurrentValidator.java:62)
	at org.jboss.weld.executor.IterativeWorkerTaskFactory$1.call(IterativeWorkerTaskFactory.java:62)
	at org.jboss.weld.executor.IterativeWorkerTaskFactory$1.call(IterativeWorkerTaskFactory.java:55)
	at java.base/java.util.concurrent.FutureTask.run(FutureTask.java:264)
	at java.base/java.util.concurrent.ThreadPoolExecutor.runWorker(ThreadPoolExecutor.java:1136)
	at java.base/java.util.concurrent.ThreadPoolExecutor$Worker.run(ThreadPoolExecutor.java:635)
	at java.base/java.lang.Thread.run(Thread.java:840)

Dump of callerThis
Object type = com.ibm.ws.cdi.liberty.CDIRuntimeImpl
  tc = class com.ibm.websphere.ras.TraceComponent@58a06d47
    strings[0] = "TraceComponent[com.ibm.ws.cdi.liberty.CDIRuntimeImpl,class com.ibm.ws.cdi.liberty.CDIRuntimeImpl,[JCDI],com.ibm.ws.cdi.internal.resources.CDI,null]"
  metaDataSlotServiceSR = class com.ibm.wsspi.kernel.service.utils.AtomicServiceReference@6038506c
    referenceName = "metaDataSlotService"
    tuple = class java.util.concurrent.atomic.AtomicReference@16f60919
      serialVersionUID = "/* Could not access serialVersionUID */"
      VALUE = "/* Could not access VALUE */"
      value = "/* Could not access value */"
    serialVersionUID = 2226592364007985000
    $$$tc$$$ = class com.ibm.websphere.ras.TraceComponent@54403548
  ejbEndpointServiceSR = class com.ibm.wsspi.kernel.service.utils.AtomicServiceReference@be1d9a5
    referenceName = "ejbEndpointService"
    tuple = class java.util.concurrent.atomic.AtomicReference@688b5e74
      serialVersionUID = "/* Could not access serialVersionUID */"
      VALUE = "/* Could not access VALUE */"
      value = "/* Could not access value */"
    serialVersionUID = 2226592364007985000
    $$$tc$$$ = class com.ibm.websphere.ras.TraceComponent@54403548
  classLoadingSRRef = class com.ibm.wsspi.kernel.service.utils.AtomicServiceReference@14cbfdfb
    referenceName = "classLoadingService"
    tuple = class java.util.concurrent.atomic.AtomicReference@197f1baa
      serialVersionUID = "/* Could not access serialVersionUID */"
      VALUE = "/* Could not access VALUE */"
      value = "/* Could not access value */"
    serialVersionUID = 2226592364007985000
    $$$tc$$$ = class com.ibm.websphere.ras.TraceComponent@54403548
  ejbServices = class com.ibm.wsspi.kernel.service.utils.AtomicServiceReference@6a0d3ddf
    referenceName = "ejbServices"
    tuple = class java.util.concurrent.atomic.AtomicReference@3171aa30
      serialVersionUID = "/* Could not access serialVersionUID */"
      VALUE = "/* Could not access VALUE */"
      value = "/* Could not access value */"
    serialVersionUID = 2226592364007985000
    $$$tc$$$ = class com.ibm.websphere.ras.TraceComponent@54403548
  transactionService = class com.ibm.wsspi.kernel.service.utils.AtomicServiceReference@4894abc2
    referenceName = "transactionService"
    tuple = class java.util.concurrent.atomic.AtomicReference@24bc8d4d
      serialVersionUID = "/* Could not access serialVersionUID */"
      VALUE = "/* Could not access VALUE */"
      value = "/* Could not access value */"
    serialVersionUID = 2226592364007985000
    $$$tc$$$ = class com.ibm.websphere.ras.TraceComponent@54403548
  securityServices = class com.ibm.wsspi.kernel.service.utils.AtomicServiceReference@4d3d6f84
    referenceName = "securityServices"
    tuple = class java.util.concurrent.atomic.AtomicReference@2b6a60ae
      serialVersionUID = "/* Could not access serialVersionUID */"
      VALUE = "/* Could not access VALUE */"
      value = "/* Could not access value */"
    serialVersionUID = 2226592364007985000
    $$$tc$$$ = class com.ibm.websphere.ras.TraceComponent@54403548
  extensionsSR = class com.ibm.wsspi.kernel.service.utils.ConcurrentServiceReferenceSet@65267fd
    referenceName = "extensionService"
    contextRef = class java.util.concurrent.atomic.AtomicReference@2020ef1e
      serialVersionUID = "/* Could not access serialVersionUID */"
      VALUE = "/* Could not access VALUE */"
      value = "/* Could not access value */"
    elementMap = class java.util.LinkedHashMap@28510d25
      serialVersionUID = "/* Could not access serialVersionUID */"
      head = "/* Could not access head */"
      tail = "/* Could not access tail */"
      accessOrder = "/* Could not access accessOrder */"
      serialVersionUID = "/* Could not access serialVersionUID */"
      DEFAULT_INITIAL_CAPACITY = "/* Could not access DEFAULT_INITIAL_CAPACITY */"
      MAXIMUM_CAPACITY = "/* Could not access MAXIMUM_CAPACITY */"
      DEFAULT_LOAD_FACTOR = "/* Could not access DEFAULT_LOAD_FACTOR */"
      TREEIFY_THRESHOLD = "/* Could not access TREEIFY_THRESHOLD */"
      UNTREEIFY_THRESHOLD = "/* Could not access UNTREEIFY_THRESHOLD */"
      MIN_TREEIFY_CAPACITY = "/* Could not access MIN_TREEIFY_CAPACITY */"
      table = "/* Could not access table */"
      entrySet = "/* Could not access entrySet */"
      size = "/* Could not access size */"
      modCount = "/* Could not access modCount */"
      threshold = "/* Could not access threshold */"
      loadFactor = "/* Could not access loadFactor */"
      keySet = "/* Could not access keySet */"
      values = "/* Could not access values */"
    elementSet = class java.util.concurrent.ConcurrentSkipListSet@40422e69
      serialVersionUID = "/* Could not access serialVersionUID */"
      m = "/* Could not access m */"
    elementSetUnsorted = false
    serialVersionUID = 756240983881166148
    $$$tc$$$ = class com.ibm.websphere.ras.TraceComponent@2d3c3c89
  spiExtensionsSR = class com.ibm.wsspi.kernel.service.utils.ConcurrentServiceReferenceSet@532412d
    referenceName = "spiExtensionService"
    contextRef = class java.util.concurrent.atomic.AtomicReference@248e4532
      serialVersionUID = "/* Could not access serialVersionUID */"
      VALUE = "/* Could not access VALUE */"
      value = "/* Could not access value */"
    elementMap = class java.util.LinkedHashMap@1409e0b5
      serialVersionUID = "/* Could not access serialVersionUID */"
      head = "/* Could not access head */"
      tail = "/* Could not access tail */"
      accessOrder = "/* Could not access accessOrder */"
      serialVersionUID = "/* Could not access serialVersionUID */"
      DEFAULT_INITIAL_CAPACITY = "/* Could not access DEFAULT_INITIAL_CAPACITY */"
      MAXIMUM_CAPACITY = "/* Could not access MAXIMUM_CAPACITY */"
      DEFAULT_LOAD_FACTOR = "/* Could not access DEFAULT_LOAD_FACTOR */"
      TREEIFY_THRESHOLD = "/* Could not access TREEIFY_THRESHOLD */"
      UNTREEIFY_THRESHOLD = "/* Could not access UNTREEIFY_THRESHOLD */"
      MIN_TREEIFY_CAPACITY = "/* Could not access MIN_TREEIFY_CAPACITY */"
      table = "/* Could not access table */"
      entrySet = "/* Could not access entrySet */"
      size = "/* Could not access size */"
      modCount = "/* Could not access modCount */"
      threshold = "/* Could not access threshold */"
      loadFactor = "/* Could not access loadFactor */"
      keySet = "/* Could not access keySet */"
      values = "/* Could not access values */"
    elementSet = class java.util.concurrent.ConcurrentSkipListSet@3de80891
      serialVersionUID = "/* Could not access serialVersionUID */"
      m = "/* Could not access m */"
    elementSetUnsorted = false
    serialVersionUID = 756240983881166148
    $$$tc$$$ = class com.ibm.websphere.ras.TraceComponent@2d3c3c89
      strings[0] = "TraceComponent[com.ibm.wsspi.kernel.service.utils.ConcurrentServiceReferenceSet,class com.ibm.wsspi.kernel.service.utils.ConcurrentServiceReferenceSet,[kernelUtils],com.ibm.ws.kernel.service.utils.resources.ServiceMessages,null]"
  containerFactorySRRef = class com.ibm.wsspi.kernel.service.utils.AtomicServiceReference@689520f2
    referenceName = "containerFactory"
    tuple = class java.util.concurrent.atomic.AtomicReference@500f6fd
      serialVersionUID = "/* Could not access serialVersionUID */"
      VALUE = "/* Could not access VALUE */"
      value = "/* Could not access value */"
    serialVersionUID = 2226592364007985000
    $$$tc$$$ = class com.ibm.websphere.ras.TraceComponent@54403548
  adaptableModuleFactorySRRef = class com.ibm.wsspi.kernel.service.utils.AtomicServiceReference@4e72332b
    referenceName = "adaptableModuleFactory"
    tuple = class java.util.concurrent.atomic.AtomicReference@3d3b58c7
      serialVersionUID = "/* Could not access serialVersionUID */"
      VALUE = "/* Could not access VALUE */"
      value = "/* Could not access value */"
    serialVersionUID = 2226592364007985000
    $$$tc$$$ = class com.ibm.websphere.ras.TraceComponent@54403548
  injectionEngineServiceRef = class com.ibm.wsspi.kernel.service.utils.AtomicServiceReference@5b8ad897
    referenceName = "injectionEngine"
    tuple = class java.util.concurrent.atomic.AtomicReference@54781cee
      serialVersionUID = "/* Could not access serialVersionUID */"
      VALUE = "/* Could not access VALUE */"
      value = "/* Could not access value */"
    serialVersionUID = 2226592364007985000
    $$$tc$$$ = class com.ibm.websphere.ras.TraceComponent@54403548
  scheduledExecutorServiceRef = class com.ibm.wsspi.kernel.service.utils.AtomicServiceReference@4ca6d1e2
    referenceName = "scheduledExecutorService"
    tuple = class java.util.concurrent.atomic.AtomicReference@279055d6
      serialVersionUID = "/* Could not access serialVersionUID */"
      VALUE = "/* Could not access VALUE */"
      value = "/* Could not access value */"
    serialVersionUID = 2226592364007985000
    $$$tc$$$ = class com.ibm.websphere.ras.TraceComponent@54403548
  executorServiceRef = class com.ibm.wsspi.kernel.service.utils.AtomicServiceReference@d75ea34
    referenceName = "executorService"
    tuple = class java.util.concurrent.atomic.AtomicReference@67081502
      serialVersionUID = "/* Could not access serialVersionUID */"
      VALUE = "/* Could not access VALUE */"
      value = "/* Could not access value */"
    serialVersionUID = 2226592364007985000
    $$$tc$$$ = class com.ibm.websphere.ras.TraceComponent@54403548
      strings[0] = "TraceComponent[com.ibm.wsspi.kernel.service.utils.AtomicServiceReference,class com.ibm.wsspi.kernel.service.utils.AtomicServiceReference,[kernelUtils],com.ibm.ws.kernel.service.utils.resources.ServiceMessages,null]"
  managedExecutorServiceRef = class com.ibm.wsspi.kernel.service.utils.AtomicServiceReference@52417bda
    referenceName = "managedExecutorService"
    tuple = class java.util.concurrent.atomic.AtomicReference@c878610
      serialVersionUID = "/* Could not access serialVersionUID */"
      VALUE = "/* Could not access VALUE */"
      value = "/* Could not access value */"
    serialVersionUID = 2226592364007985000
    $$$tc$$$ = class com.ibm.websphere.ras.TraceComponent@54403548
  resourceRefConfigFactoryRef = class com.ibm.wsspi.kernel.service.utils.AtomicServiceReference@5f825f65
    referenceName = "resourceRefConfigFactory"
    tuple = class java.util.concurrent.atomic.AtomicReference@76457089
      serialVersionUID = "/* Could not access serialVersionUID */"
      VALUE = "/* Could not access VALUE */"
      value = "/* Could not access value */"
    serialVersionUID = 2226592364007985000
    $$$tc$$$ = class com.ibm.websphere.ras.TraceComponent@54403548
  deferredMetaDataFactoryRef = class com.ibm.wsspi.kernel.service.utils.AtomicServiceReference@2551acb6
    referenceName = "cdiDeferredMetaDataFactoryImpl"
    tuple = class java.util.concurrent.atomic.AtomicReference@67e5e699
      serialVersionUID = "/* Could not access serialVersionUID */"
      VALUE = "/* Could not access VALUE */"
      value = "/* Could not access value */"
    serialVersionUID = 2226592364007985000
    $$$tc$$$ = class com.ibm.websphere.ras.TraceComponent@54403548
  beansXmlParser = class io.openliberty.cdi40.internal.weld.CDI40BeansXmlParserImpl@757c662
    tc = class com.ibm.websphere.ras.TraceComponent@3a9580ad
      strings[0] = "TraceComponent[io.openliberty.cdi40.internal.weld.CDI40BeansXmlParserImpl,class io.openliberty.cdi40.internal.weld.CDI40BeansXmlParserImpl,[JCDI],com.ibm.ws.cdi.internal.resources.CDI,null]"
    cdiContainerConfig = class io.openliberty.cdi40.internal.weld.CDI40AggregatedConfigurationImpl@3bb9cdf7
    serialVersionUID = 1591115226053693575
  bceFinder = class io.openliberty.cdi40.internal.weld.CDI40BceFinder@5e91f2f9
    BCE_EXTENSION = "jakarta.enterprise.inject.build.compatible.spi.BuildCompatibleExtension"
    META_INF_SERVICES_BCE_EXTENSION = "META-INF/services/jakarta.enterprise.inject.build.compatible.spi.BuildCompatibleExtension"
    WEB_INF_CLASSES_META_INF_SERVICES_BCE_EXTENSION = "WEB-INF/classes/META-INF/services/jakarta.enterprise.inject.build.compatible.spi.BuildCompatibleExtension"
    serialVersionUID = 8570119591201212767
    $$$tc$$$ = class com.ibm.websphere.ras.TraceComponent@73490feb
      strings[0] = "TraceComponent[io.openliberty.cdi40.internal.weld.CDI40BceFinder,class io.openliberty.cdi40.internal.weld.CDI40BceFinder,[JCDI],com.ibm.ws.cdi.internal.resources.CDI,null]"
  cdiContainerEventManager = class io.openliberty.cdi40.internal.weld.CDI40ContainerEventManagerImpl@1325f739
    tc = class com.ibm.websphere.ras.TraceComponent@202786cd
      strings[0] = "TraceComponent[io.openliberty.cdi40.internal.weld.CDI40ContainerEventManagerImpl,class io.openliberty.cdi40.internal.weld.CDI40ContainerEventManagerImpl,[JCDI],com.ibm.ws.cdi.internal.resources.CDI,null]"
    LIBERTY_EE_ENVIRONMENT = class io.openliberty.cdi40.internal.weld.CDI40ContainerEventManagerImpl$LibertyEEEnvironment@4d9c8a97
      requiredBeanDeploymentArchiveServices = class java.util.HashSet@22af0643
      requiredDeploymentServices = class java.util.HashSet@5e55dacb
      serialVersionUID = -3640258028692295283
      $$$tc$$$ = class com.ibm.websphere.ras.TraceComponent@78570e40
    serialVersionUID = -4728261810637111019
  weldDevelopmentMode = null
  cdiContainerConfig = class io.openliberty.cdi40.internal.weld.CDI40AggregatedConfigurationImpl@3bb9cdf7
    serialVersionUID = 2467610951074149464
    $$$tc$$$ = class com.ibm.websphere.ras.TraceComponent@3eccf7f3
      strings[0] = "TraceComponent[io.openliberty.cdi40.internal.weld.CDI40AggregatedConfigurationImpl,class io.openliberty.cdi40.internal.weld.CDI40AggregatedConfigurationImpl,[JCDI],com.ibm.ws.cdi.internal.resources.CDI,null]"
    tc = class com.ibm.websphere.ras.TraceComponent@7b1b26e5
      strings[0] = "TraceComponent[com.ibm.ws.cdi.internal.config.AggregatedConfiguration,class com.ibm.ws.cdi.internal.config.AggregatedConfiguration,[JCDI],com.ibm.ws.cdi.internal.resources.CDI,null]"
    ENABLE_IMPLICIT_BEAN_ARCHIVES = "enableImplicitBeanArchives"
    EMPTY_BEANS_XML_CDI3_COMPATIBILITY = "emptyBeansXmlCDI3Compatibility"
    ENABLE_IMPLICIT_BEAN_ARCHIVES_DEFAULT = true
    EMPTY_BEANS_XML_CDI3_COMPATIBILITY_DEFAULT = false
    cdi12EnableImplicitBeanArchives = null
    cdiEnableImplicitBeanArchives = null
    cdiEmptyBeansXmlCDI3Compatibility = null
    enableImplicitBeanArchives = true
    emptyBeansXmlCDI3Compatibility = false
    serialVersionUID = 2383387866469920840
  extensionArchiveProviders = class java.util.ArrayList@2647834
    serialVersionUID = "/* Could not access serialVersionUID */"
    DEFAULT_CAPACITY = "/* Could not access DEFAULT_CAPACITY */"
    EMPTY_ELEMENTDATA = "/* Could not access EMPTY_ELEMENTDATA */"
    DEFAULTCAPACITY_EMPTY_ELEMENTDATA = "/* Could not access DEFAULTCAPACITY_EMPTY_ELEMENTDATA */"
    elementData = "/* Could not access elementData */"
    size = "/* Could not access size */"
    modCount = "/* Could not access modCount */"
  extensionArchiveFactories = class java.util.ArrayList@53b354bb
    serialVersionUID = "/* Could not access serialVersionUID */"
    DEFAULT_CAPACITY = "/* Could not access DEFAULT_CAPACITY */"
    EMPTY_ELEMENTDATA = "/* Could not access EMPTY_ELEMENTDATA */"
    DEFAULTCAPACITY_EMPTY_ELEMENTDATA = "/* Could not access DEFAULTCAPACITY_EMPTY_ELEMENTDATA */"
    elementData = "/* Could not access elementData */"
    size = "/* Could not access size */"
    modCount = "/* Could not access modCount */"
  applicationSlot = class com.ibm.ws.runtime.metadata.MetaDataSlotImpl@6f93fdcb
    id = 0
    destroyed = false
    metadataIntf = class java.lang.Class@5d95d9b3
      ANNOTATION = "/* Could not access ANNOTATION */"
      ENUM = "/* Could not access ENUM */"
      SYNTHETIC = "/* Could not access SYNTHETIC */"
      cachedConstructor = "/* Could not access cachedConstructor */"
      name = "/* Could not access name */"
      module = "/* Could not access module */"
      packageName = "/* Could not access packageName */"
      componentType = "/* Could not access componentType */"
      allPermDomain = "/* Could not access allPermDomain */"
      reflectionData = "/* Could not access reflectionData */"
      classRedefinedCount = "/* Could not access classRedefinedCount */"
      genericInfo = "/* Could not access genericInfo */"
      EMPTY_CLASS_ARRAY = "/* Could not access EMPTY_CLASS_ARRAY */"
      serialVersionUID = "/* Could not access serialVersionUID */"
      serialPersistentFields = "/* Could not access serialPersistentFields */"
      reflectionFactory = "/* Could not access reflectionFactory */"
      enumConstants = "/* Could not access enumConstants */"
      enumConstantDirectory = "/* Could not access enumConstantDirectory */"
      annotationData = "/* Could not access annotationData */"
      annotationType = "/* Could not access annotationType */"
      classValueMap = "/* Could not access classValueMap */"
    manager = class com.ibm.ws.container.service.metadata.internal.ApplicationMetaDataManager@1a752e9
      serialVersionUID = 1843747281024490904
      $$$tc$$$ = class com.ibm.websphere.ras.TraceComponent@22cf203b
      listeners = class com.ibm.wsspi.kernel.service.utils.ConcurrentServiceReferenceSet@14be7170
      metaDataIDs = class com.ibm.ws.container.service.metadata.internal.IndexList@1e9f4be8
      metaDatas = class java.util.ArrayList@4458db66
      slotIDs = class com.ibm.ws.container.service.metadata.internal.IndexList@342bc2a4
      serialVersionUID = 5464421863354792977
      $$$tc$$$ = class com.ibm.websphere.ras.TraceComponent@488b68de
    bundle = class org.eclipse.osgi.internal.framework.EquinoxBundle@644518a7
      equinoxContainer = class org.eclipse.osgi.internal.framework.EquinoxContainer@512d54b7
      module = class org.eclipse.osgi.internal.framework.EquinoxBundle$EquinoxModule@69ed1456
      monitor = class java.lang.Object@677adfd2
      context = class org.eclipse.osgi.internal.framework.BundleContextImpl@5c21f252
      signedContent = null
      $SWITCH_TABLE$org$eclipse$osgi$container$Module$State = {1,2,3,4,5,6,7} /* array length = 7 */
  isClientProcess = false
  runtimeFactory = class com.ibm.ws.cdi.internal.archive.liberty.RuntimeFactory@627545f3
    services = class com.ibm.ws.cdi.liberty.CDIRuntimeImpl@6c260db3
    applications = class java.util.concurrent.ConcurrentHashMap@232a7596
      serialVersionUID = "/* Could not access serialVersionUID */"
      MAXIMUM_CAPACITY = "/* Could not access MAXIMUM_CAPACITY */"
      DEFAULT_CAPACITY = "/* Could not access DEFAULT_CAPACITY */"
      MAX_ARRAY_SIZE = "/* Could not access MAX_ARRAY_SIZE */"
      DEFAULT_CONCURRENCY_LEVEL = "/* Could not access DEFAULT_CONCURRENCY_LEVEL */"
      LOAD_FACTOR = "/* Could not access LOAD_FACTOR */"
      TREEIFY_THRESHOLD = "/* Could not access TREEIFY_THRESHOLD */"
      UNTREEIFY_THRESHOLD = "/* Could not access UNTREEIFY_THRESHOLD */"
      MIN_TREEIFY_CAPACITY = "/* Could not access MIN_TREEIFY_CAPACITY */"
      MIN_TRANSFER_STRIDE = "/* Could not access MIN_TRANSFER_STRIDE */"
      RESIZE_STAMP_BITS = "/* Could not access RESIZE_STAMP_BITS */"
      MAX_RESIZERS = "/* Could not access MAX_RESIZERS */"
      RESIZE_STAMP_SHIFT = "/* Could not access RESIZE_STAMP_SHIFT */"
      MOVED = "/* Could not access MOVED */"
      TREEBIN = "/* Could not access TREEBIN */"
      RESERVED = "/* Could not access RESERVED */"
      HASH_BITS = "/* Could not access HASH_BITS */"
      NCPU = "/* Could not access NCPU */"
      serialPersistentFields = "/* Could not access serialPersistentFields */"
      table = "/* Could not access table */"
      nextTable = "/* Could not access nextTable */"
      baseCount = "/* Could not access baseCount */"
      sizeCtl = "/* Could not access sizeCtl */"
      transferIndex = "/* Could not access transferIndex */"
      cellsBusy = "/* Could not access cellsBusy */"
      counterCells = "/* Could not access counterCells */"
      keySet = "/* Could not access keySet */"
      values = "/* Could not access values */"
      entrySet = "/* Could not access entrySet */"
      U = "/* Could not access U */"
      SIZECTL = "/* Could not access SIZECTL */"
      TRANSFERINDEX = "/* Could not access TRANSFERINDEX */"
      BASECOUNT = "/* Could not access BASECOUNT */"
      CELLSBUSY = "/* Could not access CELLSBUSY */"
      CELLVALUE = "/* Could not access CELLVALUE */"
      ABASE = "/* Could not access ABASE */"
      ASHIFT = "/* Could not access ASHIFT */"
      keySet = "/* Could not access keySet */"
      values = "/* Could not access values */"
    serialVersionUID = -4454616462077940377
    $$$tc$$$ = class com.ibm.websphere.ras.TraceComponent@52db0cb0
      strings[0] = "TraceComponent[com.ibm.ws.cdi.internal.archive.liberty.RuntimeFactory,class com.ibm.ws.cdi.internal.archive.liberty.RuntimeFactory,[JCDI],com.ibm.ws.cdi.internal.resources.CDI,null]"
  proxyServices = class com.ibm.ws.cdi.proxy.ProxyServicesImpl@3bb43d01
    SUPPRESS_ACCESS_CHECKS_PERMISSION = class java.lang.reflect.ReflectPermission@3e804f84
      serialVersionUID = "/* Could not access serialVersionUID */"
      serialVersionUID = "/* Could not access serialVersionUID */"
      wildcard = "/* Could not access wildcard */"
      path = "/* Could not access path */"
      exitVM = "/* Could not access exitVM */"
      serialVersionUID = "/* Could not access serialVersionUID */"
      name = "/* Could not access name */"
    DECLARED_MEMBERS_PERMISSION = class java.lang.RuntimePermission@1e185554
      serialVersionUID = "/* Could not access serialVersionUID */"
      serialVersionUID = "/* Could not access serialVersionUID */"
      wildcard = "/* Could not access wildcard */"
      path = "/* Could not access path */"
      exitVM = "/* Could not access exitVM */"
      serialVersionUID = "/* Could not access serialVersionUID */"
      name = "/* Could not access name */"
    GET_CLASS_LOADER_PERMISSION = class java.lang.RuntimePermission@4ff81198
      serialVersionUID = "/* Could not access serialVersionUID */"
      serialVersionUID = "/* Could not access serialVersionUID */"
      wildcard = "/* Could not access wildcard */"
      path = "/* Could not access path */"
      exitVM = "/* Could not access exitVM */"
      serialVersionUID = "/* Could not access serialVersionUID */"
      name = "/* Could not access name */"
    WELD_PACKAGES = class org.eclipse.osgi.util.ManifestElement[1]
      ManifestElement[0] = class org.eclipse.osgi.util.ManifestElement@46222c39
    CLASS_LOADER_FOR_SYSTEM_CLASSES = class org.eclipse.osgi.internal.loader.EquinoxClassLoader@75e5bbb5
      EQUINOX_REGISTERED_AS_PARALLEL = true
      configuration = class org.eclipse.osgi.internal.framework.EquinoxConfiguration@53f900a0
      debug = class org.eclipse.osgi.internal.debug.Debug@375dd13c
      delegate = class org.eclipse.osgi.internal.loader.BundleLoader@35dcaf5a
      generation = class org.eclipse.osgi.storage.BundleInfo$Generation@4206a205
      manager = class org.eclipse.osgi.internal.loader.classpath.ClasspathManager@5f8865a7
      isRegisteredAsParallel = true
      ALLPERMISSIONS = class java.security.AllPermissionCollection@446f82f6
      REGISTERED_AS_PARALLEL = true
      classNameLocks = class java.util.HashMap@1de27f76
      pkgLock = class java.lang.Object@4d14b5ef
    loaderMap = class com.ibm.ws.cdi.proxy.ProxyServicesImpl$1@12fb67aa
      this$0 = class com.ibm.ws.cdi.proxy.ProxyServicesImpl@3bb43d01
      serialVersionUID = 7414824288598027114
      $$$tc$$$ = class com.ibm.websphere.ras.TraceComponent@2586db97
      EMPTY_CACHE = "/* Could not access EMPTY_CACHE */"
      hashCodeForCache = "/* Could not access hashCodeForCache */"
      nextHashCode = "/* Could not access nextHashCode */"
      HASH_INCREMENT = "/* Could not access HASH_INCREMENT */"
      HASH_MASK = "/* Could not access HASH_MASK */"
      identity = "/* Could not access identity */"
      version = "/* Could not access version */"
      CRITICAL_SECTION = "/* Could not access CRITICAL_SECTION */"
      UNSAFE = "/* Could not access UNSAFE */"
    serialVersionUID = -5246223089013259243
    $$$tc$$$ = class com.ibm.websphere.ras.TraceComponent@248cb872
      strings[0] = "TraceComponent[com.ibm.ws.cdi.proxy.ProxyServicesImpl,class com.ibm.ws.cdi.proxy.ProxyServicesImpl,[],null,null]"
  serialVersionUID = 7930911400118500928
  cdiContainer = class com.ibm.ws.cdi.impl.CDIContainerImpl@726bb040
    tc = class com.ibm.websphere.ras.TraceComponent@33918a27
      strings[0] = "TraceComponent[com.ibm.ws.cdi.impl.CDIContainerImpl,class com.ibm.ws.cdi.impl.CDIContainerImpl,[JCDI],com.ibm.ws.cdi.internal.resources.CDI,null]"
    CLASSLOADER = class org.eclipse.osgi.internal.loader.EquinoxClassLoader@1617c92a
      EQUINOX_REGISTERED_AS_PARALLEL = true
      configuration = class org.eclipse.osgi.internal.framework.EquinoxConfiguration@53f900a0
      debug = class org.eclipse.osgi.internal.debug.Debug@375dd13c
      delegate = class org.eclipse.osgi.internal.loader.BundleLoader@fa9a51f
      generation = class org.eclipse.osgi.storage.BundleInfo$Generation@1a052a00
      manager = class org.eclipse.osgi.internal.loader.classpath.ClasspathManager@341ac0b1
      isRegisteredAsParallel = true
      ALLPERMISSIONS = class java.security.AllPermissionCollection@446f82f6
      REGISTERED_AS_PARALLEL = true
      classNameLocks = class java.util.HashMap@35d42dc0
      pkgLock = class java.lang.Object@4e1f0e7
    EXTENSION_API_CLASSES = "api.classes"
    EXTENSION_BEAN_DEFINING_ANNOTATIONS = "bean.defining.annotations"
    EXTENSION_APP_BDAS_VISIBLE = "application.bdas.visible"
    EXTENSION_CLASSES_ONLY_MODE = "extension.classes.only"
    EXTENSION_API_CLASSES_SEPARATOR = ";"
    runtimeExtensionMap = class java.util.HashMap@3cc0fe6f
      serialVersionUID = "/* Could not access serialVersionUID */"
      DEFAULT_INITIAL_CAPACITY = "/* Could not access DEFAULT_INITIAL_CAPACITY */"
      MAXIMUM_CAPACITY = "/* Could not access MAXIMUM_CAPACITY */"
      DEFAULT_LOAD_FACTOR = "/* Could not access DEFAULT_LOAD_FACTOR */"
      TREEIFY_THRESHOLD = "/* Could not access TREEIFY_THRESHOLD */"
      UNTREEIFY_THRESHOLD = "/* Could not access UNTREEIFY_THRESHOLD */"
      MIN_TREEIFY_CAPACITY = "/* Could not access MIN_TREEIFY_CAPACITY */"
      table = "/* Could not access table */"
      entrySet = "/* Could not access entrySet */"
      size = "/* Could not access size */"
      modCount = "/* Could not access modCount */"
      threshold = "/* Could not access threshold */"
      loadFactor = "/* Could not access loadFactor */"
      keySet = "/* Could not access keySet */"
      values = "/* Could not access values */"
    probeExtensionArchive = null
    currentDeployment = class java.lang.ThreadLocal@c808f30
      threadLocalHashCode = "/* Could not access threadLocalHashCode */"
      nextHashCode = "/* Could not access nextHashCode */"
      HASH_INCREMENT = "/* Could not access HASH_INCREMENT */"
    cdiRuntime = class com.ibm.ws.cdi.liberty.CDIRuntimeImpl@6c260db3
    WELD_DISABLE_BEANSXML_VALIDATING = "org.jboss.weld.xml.disableValidating"
    serialVersionUID = 4644788022379001770
  serialVersionUID = 7975911090376029176
  $$$tc$$$ = class com.ibm.websphere.ras.TraceComponent@2bcc1370
    strings[0] = "TraceComponent[com.ibm.ws.cdi.impl.AbstractCDIRuntime,class com.ibm.ws.cdi.impl.AbstractCDIRuntime,[JCDI],com.ibm.ws.cdi.internal.resources.CDI,null]"

Dump of objectArray[0]
Object type = com.ibm.ws.container.service.app.deploy.internal.ApplicationInfoImpl
  appName = "mp-ecomm-store"
  appMetaData = class com.ibm.ws.container.service.app.deploy.internal.ApplicationMetaDataImpl@51a48d9b
    j2eeName = class com.ibm.ws.container.service.metadata.internal.J2EENameImpl@78bb2602
      serialVersionUID = 7488184044073147667
      application = "mp-ecomm-store"
      module = null
      component = null
      string = "mp-ecomm-store"
      j2eeNameBytes = null
      $$$tc$$$ = class com.ibm.websphere.ras.TraceComponent@57425658
    serialVersionUID = -7906531148367236579
    $$$tc$$$ = class com.ibm.websphere.ras.TraceComponent@2b24762c
      strings[0] = "TraceComponent[com.ibm.ws.container.service.app.deploy.internal.ApplicationMetaDataImpl,class com.ibm.ws.container.service.app.deploy.internal.ApplicationMetaDataImpl,[container.service],com.ibm.ws.container.service.resources.Messages,null]"
    tc = class com.ibm.websphere.ras.TraceComponent@267980d8
      strings[0] = "TraceComponent[com.ibm.ws.runtime.metadata.MetaDataImpl,class com.ibm.ws.runtime.metadata.MetaDataImpl,[Runtime],null,null]"
    NUM_STATIC_SLOTS = 4
    ID_UNINITIALIZED = -1
    id = 0
    metaDataInterface = class java.lang.Class@5d95d9b3
      ANNOTATION = "/* Could not access ANNOTATION */"
      ENUM = "/* Could not access ENUM */"
      SYNTHETIC = "/* Could not access SYNTHETIC */"
      cachedConstructor = "/* Could not access cachedConstructor */"
      name = "/* Could not access name */"
      module = "/* Could not access module */"
      packageName = "/* Could not access packageName */"
      componentType = "/* Could not access componentType */"
      allPermDomain = "/* Could not access allPermDomain */"
      reflectionData = "/* Could not access reflectionData */"
      classRedefinedCount = "/* Could not access classRedefinedCount */"
      genericInfo = "/* Could not access genericInfo */"
      EMPTY_CLASS_ARRAY = "/* Could not access EMPTY_CLASS_ARRAY */"
      serialVersionUID = "/* Could not access serialVersionUID */"
      serialPersistentFields = "/* Could not access serialPersistentFields */"
      reflectionFactory = "/* Could not access reflectionFactory */"
      enumConstants = "/* Could not access enumConstants */"
      enumConstantDirectory = "/* Could not access enumConstantDirectory */"
      annotationData = "/* Could not access annotationData */"
      annotationType = "/* Could not access annotationType */"
      classValueMap = "/* Could not access classValueMap */"
    staticSlots = class java.lang.Object[4]
      Object[0] = class com.ibm.ws.cdi.impl.weld.WebSphereCDIDeploymentImpl@472f4b52
      Object[1] = class com.ibm.ws.injectionengine.osgi.internal.OSGiInjectionScopeData@285ef826
      Object[2] = "mp-ecomm-store"
      Object[3] = null
    dynamicSlots = null
  appContainer = class com.ibm.ws.adaptable.module.internal.AdaptableContainerImpl@78d1f304
    root = class com.ibm.ws.adaptable.module.internal.AdaptableContainerImpl@78d1f304
    rootOverlay = class com.ibm.ws.artifact.overlay.internal.DirectoryBasedOverlayContainerImpl@3f341e4b
      tc = class com.ibm.websphere.ras.TraceComponent@15245b27
      base = class com.ibm.ws.artifact.loose.internal.LooseArchive@29596e63
      maskSet = class java.util.HashSet@10598486
      cfHolder = class com.ibm.ws.artifact.overlay.internal.OverlayContainerFactoryImpl@71563128
      fileOverlayContainer = class com.ibm.ws.artifact.file.internal.FileContainer@74ae6639
      overlayDirectory = class java.io.File@37802e0e
      cacheDirForOverlay = class java.io.File@554874eb
      overlayNotifier = class com.ibm.ws.artifact.overlay.internal.DirectoryBasedOverlayNotifier@a4ddbd7
      enclosingContainer = null
      entryInEnclosingContainer = null
      nestedOverlays = class java.util.concurrent.ConcurrentHashMap@969a770
      cacheStore = class com.ibm.ws.artifact.overlay.internal.OverlayCache@e7187ca
      parentOverlay = null
      isPassThroughMode = true
      serialVersionUID = -8445278173803874173
    factoryHolder = class com.ibm.ws.adaptable.module.internal.AdaptableModuleFactoryImpl@4a46998e
      adapterFactoryService = class com.ibm.ws.adaptable.module.internal.AdapterFactoryServiceImpl@773315a4
      containerFactory = class com.ibm.ws.artifact.internal.ArtifactContainerFactoryService@706ed1a3
      overlayContainerFactory = class com.ibm.ws.artifact.overlay.internal.OverlayContainerFactoryImpl@71563128
      serialVersionUID = 4200251809856292987
      $$$tc$$$ = class com.ibm.websphere.ras.TraceComponent@10b73076
    delegate = class com.ibm.ws.artifact.overlay.internal.DirectoryBasedOverlayContainerImpl@3f341e4b
    notifier = class com.ibm.ws.adaptable.module.internal.NotifierImpl@3ffb0d08
      root = class com.ibm.ws.adaptable.module.internal.AdaptableContainerImpl@78d1f304
      delegateNotifier = class com.ibm.ws.artifact.overlay.internal.DirectoryBasedOverlayNotifier@a4ddbd7
      delegateRoot = class com.ibm.ws.artifact.overlay.internal.DirectoryBasedOverlayContainerImpl@3f341e4b
      listenerDelegates = class java.util.HashMap@68757319
      serialVersionUID = 6839382523957017880
      $$$tc$$$ = class com.ibm.websphere.ras.TraceComponent@30480393
    serialVersionUID = -5950528200509051684
    $$$tc$$$ = class com.ibm.websphere.ras.TraceComponent@78724124
      strings[0] = "TraceComponent[com.ibm.ws.adaptable.module.internal.AdaptableContainerImpl,class com.ibm.ws.adaptable.module.internal.AdaptableContainerImpl,[archive.adaptable],null,null]"
  configHelper = class com.ibm.ws.app.manager.module.ApplicationNestedConfigHelper@2b282eb
    appInfo = class com.ibm.ws.app.manager.internal.ApplicationInstallInfo@4dc5142b
    serialVersionUID = -3174031738676705046
    $$$tc$$$ = class com.ibm.websphere.ras.TraceComponent@d6ce530
      strings[0] = "TraceComponent[com.ibm.ws.app.manager.module.ApplicationNestedConfigHelper,class com.ibm.ws.app.manager.module.ApplicationNestedConfigHelper,[applications, app.manager],null,null]"
  applicationInformation = class com.ibm.ws.app.manager.internal.ApplicationInstallInfo@4dc5142b
    _config = class com.ibm.ws.app.manager.internal.ApplicationConfig@29c875c6
      tc = class com.ibm.websphere.ras.TraceComponent@604d38e7
      _configPid = "com.ibm.ws.app.manager_0"
      _config = class com.ibm.ws.config.admin.ConfigurationDictionary@68c15374
      _applicationManager = class com.ibm.ws.app.manager.ApplicationManager@68c53509
      _location = "mp-ecomm-store.war"
      _type = "war"
      _name = "mp-ecomm-store"
      _notificationBroadcasterSupport = class javax.management.NotificationBroadcasterSupport@550d9698
      ONE_TIME_JANDEX_MSGS_DISPLAYED = true
      serialVersionUID = -2151423388299667431
    _handlerInfo = class java.util.concurrent.atomic.AtomicReference@4cc94898
      serialVersionUID = "/* Could not access serialVersionUID */"
      VALUE = "/* Could not access VALUE */"
      value = "/* Could not access value */"
    _container = class java.util.concurrent.atomic.AtomicReference@323d3266
      serialVersionUID = "/* Could not access serialVersionUID */"
      VALUE = "/* Could not access VALUE */"
      value = "/* Could not access value */"
    _resolvedLocation = class java.util.concurrent.atomic.AtomicReference@5549fa64
      serialVersionUID = "/* Could not access serialVersionUID */"
      VALUE = "/* Could not access VALUE */"
      value = "/* Could not access value */"
    _handler = class com.ibm.ws.app.manager.war.internal.WARApplicationHandlerImpl@3fc5d34e
      futureMonitor = class com.ibm.ws.threading.internal.FutureMonitorImpl@780f64a1
      deployedAppFactory = class com.ibm.ws.app.manager.war.internal.WARDeployedAppInfoFactoryImpl@61fc3f0a
      serialVersionUID = 4622845147410944782
      $$$tc$$$ = class com.ibm.websphere.ras.TraceComponent@1f2ccc7b
    _ami = class java.util.concurrent.atomic.AtomicReference@39cec1a6
      serialVersionUID = "/* Could not access serialVersionUID */"
      VALUE = "/* Could not access VALUE */"
      value = "/* Could not access value */"
    _updateHandler = class com.ibm.ws.app.manager.internal.statemachine.ApplicationStateMachineImpl@623b6afb
      _tc = class com.ibm.websphere.ras.TraceComponent@56c242dc
      EMPTY_FUTURE_ARRAY = interface java.util.concurrent.Future[0]
      asmSequenceNumber = class java.util.concurrent.atomic.AtomicLong@26f9fa81
      _qscaCounter = class java.util.concurrent.atomic.AtomicInteger@1f2c3017
      _failedThrowable = null
      _interruptibleLock = class com.ibm.ws.app.manager.internal.statemachine.ApplicationStateMachineImpl$2@3e068ec6
      _interruptible = false
      _performingQueuedActions = true
      _queuedActions = class java.util.concurrent.ConcurrentLinkedQueue@799b56eb
      _callbackState = class java.util.concurrent.atomic.AtomicReference@10df96ab
      blockAppStartingFutures = class java.util.Collections$SetFromMap@6e0da02f
      waitingForAppHandlerFuture = class java.util.concurrent.atomic.AtomicReference@64f77396
      waitingForExplicitStartFuture = class java.util.concurrent.atomic.AtomicReference@47f85ded
      startAfterFutures = class java.util.Collections$SetFromMap@2bfef177
      completionListener = class java.util.concurrent.atomic.AtomicReference@287120ff
      _notifyAppStopped = class java.util.concurrent.ConcurrentLinkedQueue@77c59da4
      _notifyAppStarting = class java.util.concurrent.ConcurrentLinkedQueue@7257b184
      _notifyAppInstallCalled = class java.util.concurrent.ConcurrentLinkedQueue@2efe93f0
      _notifyAppStarted = class java.util.concurrent.ConcurrentLinkedQueue@fa93808
      _notifyAppRemoved = class java.util.concurrent.ConcurrentLinkedQueue@54daace4
      _stateLock = class com.ibm.ws.app.manager.internal.statemachine.ApplicationStateMachineImpl$3@1b4eec6a
      _internalState = class java.util.concurrent.atomic.AtomicReference@41f59de0
      _currentAction = class java.util.concurrent.atomic.AtomicReference@7da94ae
      _rfa = class java.util.concurrent.atomic.AtomicReference@6e6b53d
      _appInstallInfo = class java.util.concurrent.atomic.AtomicReference@6aa72437
      _update = class java.util.concurrent.atomic.AtomicBoolean@7d0ae1e
      _appConfig = class java.util.concurrent.atomic.AtomicReference@54fc35ae
      _nextAppConfig = class java.util.concurrent.atomic.AtomicReference@67802d51
      _appContainer = class java.util.concurrent.atomic.AtomicReference@34553b0a
      _resolvedLocation = class java.util.concurrent.atomic.AtomicReference@3677c3c0
      _handler = class java.util.concurrent.atomic.AtomicReference@393c1e5
      _asmSeqNo = 0
      _ctx = class org.eclipse.osgi.internal.framework.BundleContextImpl@a3e2cd
      _locAdmin = class com.ibm.ws.kernel.service.location.internal.WsLocationAdminImpl@651f8e63
      _futureMonitor = class com.ibm.ws.threading.internal.FutureMonitorImpl@780f64a1
      _artifactFactory = class com.ibm.ws.artifact.internal.ArtifactContainerFactoryService@706ed1a3
      _moduleFactory = class com.ibm.ws.adaptable.module.internal.AdaptableModuleFactoryImpl@4a46998e
      _executorService = class com.ibm.ws.threading.internal.ExecutorServiceImpl@5374c411
      _scheduledExecutorService = class com.ibm.ws.threading.internal.ScheduledExecutorImpl@30799bca
      _asmHelper = class com.ibm.ws.app.manager.internal.ApplicationConfigurator$NamedApplication@626d1f5b
      _appMonitor = class com.ibm.ws.app.manager.internal.monitor.ApplicationMonitor@6d6fbaa2
      _configurator = class com.ibm.ws.app.manager.internal.ApplicationConfigurator@6cfa2237
      enterStateCalled = class java.util.concurrent.atomic.AtomicBoolean@749a4dfa
      serialVersionUID = 4458043999335554711
      serialVersionUID = -8760483717533387753
      $$$tc$$$ = class com.ibm.websphere.ras.TraceComponent@225e29a8
    serialVersionUID = 2630639237123415755
    $$$tc$$$ = class com.ibm.websphere.ras.TraceComponent@71eb303
      strings[0] = "TraceComponent[com.ibm.ws.app.manager.internal.ApplicationInstallInfo,class com.ibm.ws.app.manager.internal.ApplicationInstallInfo,[applications, app.manager],com.ibm.ws.app.manager.internal.resources.AppManagerMessages,null]"
  serialVersionUID = 5227817860647895780
  $$$tc$$$ = class com.ibm.websphere.ras.TraceComponent@6f86f925
    strings[0] = "TraceComponent[com.ibm.ws.container.service.app.deploy.internal.ApplicationInfoImpl,class com.ibm.ws.container.service.app.deploy.internal.ApplicationInfoImpl,[container.service],com.ibm.ws.container.service.resources.Messages,null]"

